[0.016s] Invoking command in '/home/ats/rv2/build/rm_buff_bringup': AMENT_PREFIX_PATH=/home/ats/rv2/install/rm_serial_driver:/home/ats/rv2/install/buff_tracker:/home/ats/rv2/install/buff_detector:/home/ats/rv2/install/rm_gimbal_description:/home/ats/rv2/install/buff_interfaces:/home/ats/rv2/install/auto_aim_interfaces:${AMENT_PREFIX_PATH} CMAKE_PREFIX_PATH=/home/ats/rv2/install/rm_serial_driver:/home/ats/rv2/install/buff_tracker:/home/ats/rv2/install/buff_detector:/home/ats/rv2/install/rm_gimbal_description:/home/ats/rv2/install/buff_interfaces:/home/ats/rv2/install/auto_aim_interfaces:/opt/ros/humble LD_LIBRARY_PATH=/home/ats/rv2/install/rm_serial_driver/lib:/home/ats/rv2/install/buff_tracker/lib:/home/ats/rv2/install/buff_detector/lib:/home/ats/rv2/install/buff_interfaces/lib:/home/ats/rv2/install/auto_aim_interfaces/lib:${LD_LIBRARY_PATH} PYTHONPATH=/home/ats/rv2/install/buff_interfaces/local/lib/python3.10/dist-packages:/home/ats/rv2/install/auto_aim_interfaces/local/lib/python3.10/dist-packages:${PYTHONPATH} /usr/bin/cmake /home/ats/rv2/src/rm_buff/rm_buff_bringup -DAMENT_CMAKE_SYMLINK_INSTALL=1 -DCMAKE_INSTALL_PREFIX=/home/ats/rv2/install/rm_buff_bringup
[0.050s] -- The C compiler identification is GNU 11.4.0
[0.084s] -- The CXX compiler identification is GNU 11.4.0
[0.088s] -- Detecting C compiler ABI info
[0.137s] -- Detecting C compiler ABI info - done
[0.143s] -- Check for working C compiler: /usr/bin/cc - skipped
[0.143s] -- Detecting C compile features
[0.144s] -- Detecting C compile features - done
[0.147s] -- Detecting CXX compiler ABI info
[0.197s] -- Detecting CXX compiler ABI info - done
[0.202s] -- Check for working CXX compiler: /usr/bin/c++ - skipped
[0.202s] -- Detecting CXX compile features
[0.203s] -- Detecting CXX compile features - done
[0.204s] -- Found ament_cmake_auto: 1.3.10 (/opt/ros/humble/share/ament_cmake_auto/cmake)
[0.302s] -- Found Python3: /usr/bin/python3 (found version "3.10.12") found components: Interpreter 
[0.340s] -- Override CMake install command with custom implementation using symlinks instead of copying resources
[0.357s] -- Found ament_lint_auto: 0.12.11 (/opt/ros/humble/share/ament_lint_auto/cmake)
[0.410s] -- Added test 'flake8' to check Python code syntax and style conventions
[0.410s] -- Added test 'lint_cmake' to check CMake code style
[0.410s] -- Added test 'pep257' to check Python code against some of the docstring style conventions in PEP 257
[0.411s] -- Added test 'xmllint' to check XML markup files
[0.411s] -- Configuring done
[0.413s] -- Generating done
[0.413s] -- Build files have been written to: /home/ats/rv2/build/rm_buff_bringup
[0.417s] Invoked command in '/home/ats/rv2/build/rm_buff_bringup' returned '0': AMENT_PREFIX_PATH=/home/ats/rv2/install/rm_serial_driver:/home/ats/rv2/install/buff_tracker:/home/ats/rv2/install/buff_detector:/home/ats/rv2/install/rm_gimbal_description:/home/ats/rv2/install/buff_interfaces:/home/ats/rv2/install/auto_aim_interfaces:${AMENT_PREFIX_PATH} CMAKE_PREFIX_PATH=/home/ats/rv2/install/rm_serial_driver:/home/ats/rv2/install/buff_tracker:/home/ats/rv2/install/buff_detector:/home/ats/rv2/install/rm_gimbal_description:/home/ats/rv2/install/buff_interfaces:/home/ats/rv2/install/auto_aim_interfaces:/opt/ros/humble LD_LIBRARY_PATH=/home/ats/rv2/install/rm_serial_driver/lib:/home/ats/rv2/install/buff_tracker/lib:/home/ats/rv2/install/buff_detector/lib:/home/ats/rv2/install/buff_interfaces/lib:/home/ats/rv2/install/auto_aim_interfaces/lib:${LD_LIBRARY_PATH} PYTHONPATH=/home/ats/rv2/install/buff_interfaces/local/lib/python3.10/dist-packages:/home/ats/rv2/install/auto_aim_interfaces/local/lib/python3.10/dist-packages:${PYTHONPATH} /usr/bin/cmake /home/ats/rv2/src/rm_buff/rm_buff_bringup -DAMENT_CMAKE_SYMLINK_INSTALL=1 -DCMAKE_INSTALL_PREFIX=/home/ats/rv2/install/rm_buff_bringup
[0.417s] Invoking command in '/home/ats/rv2/build/rm_buff_bringup': AMENT_PREFIX_PATH=/home/ats/rv2/install/rm_serial_driver:/home/ats/rv2/install/buff_tracker:/home/ats/rv2/install/buff_detector:/home/ats/rv2/install/rm_gimbal_description:/home/ats/rv2/install/buff_interfaces:/home/ats/rv2/install/auto_aim_interfaces:${AMENT_PREFIX_PATH} CMAKE_PREFIX_PATH=/home/ats/rv2/install/rm_serial_driver:/home/ats/rv2/install/buff_tracker:/home/ats/rv2/install/buff_detector:/home/ats/rv2/install/rm_gimbal_description:/home/ats/rv2/install/buff_interfaces:/home/ats/rv2/install/auto_aim_interfaces:/opt/ros/humble LD_LIBRARY_PATH=/home/ats/rv2/install/rm_serial_driver/lib:/home/ats/rv2/install/buff_tracker/lib:/home/ats/rv2/install/buff_detector/lib:/home/ats/rv2/install/buff_interfaces/lib:/home/ats/rv2/install/auto_aim_interfaces/lib:${LD_LIBRARY_PATH} PYTHONPATH=/home/ats/rv2/install/buff_interfaces/local/lib/python3.10/dist-packages:/home/ats/rv2/install/auto_aim_interfaces/local/lib/python3.10/dist-packages:${PYTHONPATH} /usr/bin/cmake --build /home/ats/rv2/build/rm_buff_bringup -- -j32 -l32
[0.440s] Invoked command in '/home/ats/rv2/build/rm_buff_bringup' returned '0': AMENT_PREFIX_PATH=/home/ats/rv2/install/rm_serial_driver:/home/ats/rv2/install/buff_tracker:/home/ats/rv2/install/buff_detector:/home/ats/rv2/install/rm_gimbal_description:/home/ats/rv2/install/buff_interfaces:/home/ats/rv2/install/auto_aim_interfaces:${AMENT_PREFIX_PATH} CMAKE_PREFIX_PATH=/home/ats/rv2/install/rm_serial_driver:/home/ats/rv2/install/buff_tracker:/home/ats/rv2/install/buff_detector:/home/ats/rv2/install/rm_gimbal_description:/home/ats/rv2/install/buff_interfaces:/home/ats/rv2/install/auto_aim_interfaces:/opt/ros/humble LD_LIBRARY_PATH=/home/ats/rv2/install/rm_serial_driver/lib:/home/ats/rv2/install/buff_tracker/lib:/home/ats/rv2/install/buff_detector/lib:/home/ats/rv2/install/buff_interfaces/lib:/home/ats/rv2/install/auto_aim_interfaces/lib:${LD_LIBRARY_PATH} PYTHONPATH=/home/ats/rv2/install/buff_interfaces/local/lib/python3.10/dist-packages:/home/ats/rv2/install/auto_aim_interfaces/local/lib/python3.10/dist-packages:${PYTHONPATH} /usr/bin/cmake --build /home/ats/rv2/build/rm_buff_bringup -- -j32 -l32
[0.454s] Invoking command in '/home/ats/rv2/build/rm_buff_bringup': AMENT_PREFIX_PATH=/home/ats/rv2/install/rm_serial_driver:/home/ats/rv2/install/buff_tracker:/home/ats/rv2/install/buff_detector:/home/ats/rv2/install/rm_gimbal_description:/home/ats/rv2/install/buff_interfaces:/home/ats/rv2/install/auto_aim_interfaces:${AMENT_PREFIX_PATH} CMAKE_PREFIX_PATH=/home/ats/rv2/install/rm_serial_driver:/home/ats/rv2/install/buff_tracker:/home/ats/rv2/install/buff_detector:/home/ats/rv2/install/rm_gimbal_description:/home/ats/rv2/install/buff_interfaces:/home/ats/rv2/install/auto_aim_interfaces:/opt/ros/humble LD_LIBRARY_PATH=/home/ats/rv2/install/rm_serial_driver/lib:/home/ats/rv2/install/buff_tracker/lib:/home/ats/rv2/install/buff_detector/lib:/home/ats/rv2/install/buff_interfaces/lib:/home/ats/rv2/install/auto_aim_interfaces/lib:${LD_LIBRARY_PATH} PYTHONPATH=/home/ats/rv2/install/buff_interfaces/local/lib/python3.10/dist-packages:/home/ats/rv2/install/auto_aim_interfaces/local/lib/python3.10/dist-packages:${PYTHONPATH} /usr/bin/cmake --install /home/ats/rv2/build/rm_buff_bringup
[0.458s] -- Install configuration: ""
[0.458s] -- Execute custom install script
[0.459s] -- Symlinking: /home/ats/rv2/install/rm_buff_bringup/share/rm_buff_bringup/launch/rm_buff_bringup.launch.py
[0.464s] -- Symlinking: /home/ats/rv2/install/rm_buff_bringup/share/rm_buff_bringup/config/launch_params.yaml
[0.470s] -- Symlinking: /home/ats/rv2/install/rm_buff_bringup/share/ament_index/resource_index/package_run_dependencies/rm_buff_bringup
[0.475s] -- Symlinking: /home/ats/rv2/install/rm_buff_bringup/share/ament_index/resource_index/parent_prefix_path/rm_buff_bringup
[0.480s] -- Symlinking: /home/ats/rv2/install/rm_buff_bringup/share/rm_buff_bringup/environment/ament_prefix_path.sh
[0.485s] -- Symlinking: /home/ats/rv2/install/rm_buff_bringup/share/rm_buff_bringup/environment/ament_prefix_path.dsv
[0.490s] -- Symlinking: /home/ats/rv2/install/rm_buff_bringup/share/rm_buff_bringup/environment/path.sh
[0.496s] -- Symlinking: /home/ats/rv2/install/rm_buff_bringup/share/rm_buff_bringup/environment/path.dsv
[0.501s] -- Symlinking: /home/ats/rv2/install/rm_buff_bringup/share/rm_buff_bringup/local_setup.bash
[0.506s] -- Symlinking: /home/ats/rv2/install/rm_buff_bringup/share/rm_buff_bringup/local_setup.sh
[0.511s] -- Symlinking: /home/ats/rv2/install/rm_buff_bringup/share/rm_buff_bringup/local_setup.zsh
[0.516s] -- Symlinking: /home/ats/rv2/install/rm_buff_bringup/share/rm_buff_bringup/local_setup.dsv
[0.522s] -- Symlinking: /home/ats/rv2/install/rm_buff_bringup/share/rm_buff_bringup/package.dsv
[0.527s] -- Symlinking: /home/ats/rv2/install/rm_buff_bringup/share/ament_index/resource_index/packages/rm_buff_bringup
[0.532s] -- Symlinking: /home/ats/rv2/install/rm_buff_bringup/share/rm_buff_bringup/cmake/rm_buff_bringupConfig.cmake
[0.537s] -- Symlinking: /home/ats/rv2/install/rm_buff_bringup/share/rm_buff_bringup/cmake/rm_buff_bringupConfig-version.cmake
[0.542s] -- Symlinking: /home/ats/rv2/install/rm_buff_bringup/share/rm_buff_bringup/package.xml
[0.551s] Invoked command in '/home/ats/rv2/build/rm_buff_bringup' returned '0': AMENT_PREFIX_PATH=/home/ats/rv2/install/rm_serial_driver:/home/ats/rv2/install/buff_tracker:/home/ats/rv2/install/buff_detector:/home/ats/rv2/install/rm_gimbal_description:/home/ats/rv2/install/buff_interfaces:/home/ats/rv2/install/auto_aim_interfaces:${AMENT_PREFIX_PATH} CMAKE_PREFIX_PATH=/home/ats/rv2/install/rm_serial_driver:/home/ats/rv2/install/buff_tracker:/home/ats/rv2/install/buff_detector:/home/ats/rv2/install/rm_gimbal_description:/home/ats/rv2/install/buff_interfaces:/home/ats/rv2/install/auto_aim_interfaces:/opt/ros/humble LD_LIBRARY_PATH=/home/ats/rv2/install/rm_serial_driver/lib:/home/ats/rv2/install/buff_tracker/lib:/home/ats/rv2/install/buff_detector/lib:/home/ats/rv2/install/buff_interfaces/lib:/home/ats/rv2/install/auto_aim_interfaces/lib:${LD_LIBRARY_PATH} PYTHONPATH=/home/ats/rv2/install/buff_interfaces/local/lib/python3.10/dist-packages:/home/ats/rv2/install/auto_aim_interfaces/local/lib/python3.10/dist-packages:${PYTHONPATH} /usr/bin/cmake --install /home/ats/rv2/build/rm_buff_bringup
