[0.016s] Invoking command in '/home/ats/rv2/build/rm_buff': AMENT_PREFIX_PATH=/home/ats/rv2/install/buff_tracker:/home/ats/rv2/install/buff_detector:/home/ats/rv2/install/buff_interfaces:${AMENT_PREFIX_PATH} CMAKE_PREFIX_PATH=/home/ats/rv2/install/buff_tracker:/home/ats/rv2/install/buff_detector:/home/ats/rv2/install/buff_interfaces:/opt/ros/humble LD_LIBRARY_PATH=/home/ats/rv2/install/buff_tracker/lib:/home/ats/rv2/install/buff_detector/lib:/home/ats/rv2/install/buff_interfaces/lib:/opt/ros/humble/opt/rviz_ogre_vendor/lib:/opt/ros/humble/lib/x86_64-linux-gnu:/opt/ros/humble/lib:/opt/MVS/lib/64:/opt/MVS/lib/32:/opt/MVS/lib/64:/opt/MVS/lib/32:/opt/MVS/lib/64:/opt/MVS/lib/32 PYTHONPATH=/home/ats/rv2/install/buff_interfaces/local/lib/python3.10/dist-packages:${PYTHONPATH} /usr/bin/cmake --build /home/ats/rv2/build/rm_buff -- -j32 -l32
[0.054s] Invoked command in '/home/ats/rv2/build/rm_buff' returned '0': AMENT_PREFIX_PATH=/home/ats/rv2/install/buff_tracker:/home/ats/rv2/install/buff_detector:/home/ats/rv2/install/buff_interfaces:${AMENT_PREFIX_PATH} CMAKE_PREFIX_PATH=/home/ats/rv2/install/buff_tracker:/home/ats/rv2/install/buff_detector:/home/ats/rv2/install/buff_interfaces:/opt/ros/humble LD_LIBRARY_PATH=/home/ats/rv2/install/buff_tracker/lib:/home/ats/rv2/install/buff_detector/lib:/home/ats/rv2/install/buff_interfaces/lib:/opt/ros/humble/opt/rviz_ogre_vendor/lib:/opt/ros/humble/lib/x86_64-linux-gnu:/opt/ros/humble/lib:/opt/MVS/lib/64:/opt/MVS/lib/32:/opt/MVS/lib/64:/opt/MVS/lib/32:/opt/MVS/lib/64:/opt/MVS/lib/32 PYTHONPATH=/home/ats/rv2/install/buff_interfaces/local/lib/python3.10/dist-packages:${PYTHONPATH} /usr/bin/cmake --build /home/ats/rv2/build/rm_buff -- -j32 -l32
[0.077s] Invoking command in '/home/ats/rv2/build/rm_buff': AMENT_PREFIX_PATH=/home/ats/rv2/install/buff_tracker:/home/ats/rv2/install/buff_detector:/home/ats/rv2/install/buff_interfaces:${AMENT_PREFIX_PATH} CMAKE_PREFIX_PATH=/home/ats/rv2/install/buff_tracker:/home/ats/rv2/install/buff_detector:/home/ats/rv2/install/buff_interfaces:/opt/ros/humble LD_LIBRARY_PATH=/home/ats/rv2/install/buff_tracker/lib:/home/ats/rv2/install/buff_detector/lib:/home/ats/rv2/install/buff_interfaces/lib:/opt/ros/humble/opt/rviz_ogre_vendor/lib:/opt/ros/humble/lib/x86_64-linux-gnu:/opt/ros/humble/lib:/opt/MVS/lib/64:/opt/MVS/lib/32:/opt/MVS/lib/64:/opt/MVS/lib/32:/opt/MVS/lib/64:/opt/MVS/lib/32 PYTHONPATH=/home/ats/rv2/install/buff_interfaces/local/lib/python3.10/dist-packages:${PYTHONPATH} /usr/bin/cmake --install /home/ats/rv2/build/rm_buff
[0.084s] -- Install configuration: ""
[0.084s] -- Execute custom install script
[0.084s] -- Up-to-date symlink: /home/ats/rv2/install/rm_buff/share/ament_index/resource_index/package_run_dependencies/rm_buff
[0.085s] -- Up-to-date symlink: /home/ats/rv2/install/rm_buff/share/ament_index/resource_index/parent_prefix_path/rm_buff
[0.085s] -- Up-to-date symlink: /home/ats/rv2/install/rm_buff/share/rm_buff/environment/ament_prefix_path.sh
[0.085s] -- Up-to-date symlink: /home/ats/rv2/install/rm_buff/share/rm_buff/environment/ament_prefix_path.dsv
[0.085s] -- Up-to-date symlink: /home/ats/rv2/install/rm_buff/share/rm_buff/environment/path.sh
[0.085s] -- Up-to-date symlink: /home/ats/rv2/install/rm_buff/share/rm_buff/environment/path.dsv
[0.085s] -- Up-to-date symlink: /home/ats/rv2/install/rm_buff/share/rm_buff/local_setup.bash
[0.085s] -- Up-to-date symlink: /home/ats/rv2/install/rm_buff/share/rm_buff/local_setup.sh
[0.085s] -- Up-to-date symlink: /home/ats/rv2/install/rm_buff/share/rm_buff/local_setup.zsh
[0.086s] -- Up-to-date symlink: /home/ats/rv2/install/rm_buff/share/rm_buff/local_setup.dsv
[0.086s] -- Symlinking: /home/ats/rv2/install/rm_buff/share/rm_buff/package.dsv
[0.097s] -- Up-to-date symlink: /home/ats/rv2/install/rm_buff/share/ament_index/resource_index/packages/rm_buff
[0.097s] -- Up-to-date symlink: /home/ats/rv2/install/rm_buff/share/rm_buff/cmake/rm_buffConfig.cmake
[0.097s] -- Up-to-date symlink: /home/ats/rv2/install/rm_buff/share/rm_buff/cmake/rm_buffConfig-version.cmake
[0.097s] -- Up-to-date symlink: /home/ats/rv2/install/rm_buff/share/rm_buff/package.xml
[0.098s] Invoked command in '/home/ats/rv2/build/rm_buff' returned '0': AMENT_PREFIX_PATH=/home/ats/rv2/install/buff_tracker:/home/ats/rv2/install/buff_detector:/home/ats/rv2/install/buff_interfaces:${AMENT_PREFIX_PATH} CMAKE_PREFIX_PATH=/home/ats/rv2/install/buff_tracker:/home/ats/rv2/install/buff_detector:/home/ats/rv2/install/buff_interfaces:/opt/ros/humble LD_LIBRARY_PATH=/home/ats/rv2/install/buff_tracker/lib:/home/ats/rv2/install/buff_detector/lib:/home/ats/rv2/install/buff_interfaces/lib:/opt/ros/humble/opt/rviz_ogre_vendor/lib:/opt/ros/humble/lib/x86_64-linux-gnu:/opt/ros/humble/lib:/opt/MVS/lib/64:/opt/MVS/lib/32:/opt/MVS/lib/64:/opt/MVS/lib/32:/opt/MVS/lib/64:/opt/MVS/lib/32 PYTHONPATH=/home/ats/rv2/install/buff_interfaces/local/lib/python3.10/dist-packages:${PYTHONPATH} /usr/bin/cmake --install /home/ats/rv2/build/rm_buff
