[  1%] Built target buff_interfaces__cpp
[ 12%] Built target buff_interfaces__rosidl_generator_c
[ 12%] Built target ament_cmake_python_symlink_buff_interfaces
[ 13%] [32mBuilding CXX object CMakeFiles/buff_interfaces__rosidl_typesupport_cpp.dir/rosidl_typesupport_cpp/buff_interfaces/msg/blade__type_support.cpp.o[0m
[ 15%] [32mBuilding CXX object CMakeFiles/buff_interfaces__rosidl_typesupport_cpp.dir/rosidl_typesupport_cpp/buff_interfaces/msg/blade_array__type_support.cpp.o[0m
[ 16%] [32mBuilding CXX object CMakeFiles/buff_interfaces__rosidl_typesupport_cpp.dir/rosidl_typesupport_cpp/buff_interfaces/msg/debug_blade_array__type_support.cpp.o[0m
[ 17%] [32mBuilding CXX object CMakeFiles/buff_interfaces__rosidl_typesupport_introspection_cpp.dir/rosidl_typesupport_introspection_cpp/buff_interfaces/msg/detail/blade__type_support.cpp.o[0m
[ 29%] Built target buff_interfaces__rosidl_typesupport_c
[ 30%] [32mBuilding CXX object CMakeFiles/buff_interfaces__rosidl_typesupport_cpp.dir/rosidl_typesupport_cpp/buff_interfaces/msg/debug_blade__type_support.cpp.o[0m
[ 31%] [32mBuilding CXX object CMakeFiles/buff_interfaces__rosidl_typesupport_introspection_cpp.dir/rosidl_typesupport_introspection_cpp/buff_interfaces/msg/detail/blade_array__type_support.cpp.o[0m
[ 34%] [32mBuilding CXX object CMakeFiles/buff_interfaces__rosidl_typesupport_cpp.dir/rosidl_typesupport_cpp/buff_interfaces/msg/time_info__type_support.cpp.o[0m
[ 34%] [32mBuilding CXX object CMakeFiles/buff_interfaces__rosidl_typesupport_introspection_cpp.dir/rosidl_typesupport_introspection_cpp/buff_interfaces/msg/detail/debug_blade_array__type_support.cpp.o[0m
[ 36%] [32mBuilding CXX object CMakeFiles/buff_interfaces__rosidl_typesupport_fastrtps_cpp.dir/rosidl_typesupport_fastrtps_cpp/buff_interfaces/msg/detail/dds_fastrtps/blade__type_support.cpp.o[0m
[ 36%] [32mBuilding CXX object CMakeFiles/buff_interfaces__rosidl_typesupport_cpp.dir/rosidl_typesupport_cpp/buff_interfaces/msg/rune_info__type_support.cpp.o[0m
[ 37%] [32mBuilding CXX object CMakeFiles/buff_interfaces__rosidl_typesupport_fastrtps_cpp.dir/rosidl_typesupport_fastrtps_cpp/buff_interfaces/msg/detail/dds_fastrtps/rune_info__type_support.cpp.o[0m
[ 39%] [32mBuilding CXX object CMakeFiles/buff_interfaces__rosidl_typesupport_fastrtps_cpp.dir/rosidl_typesupport_fastrtps_cpp/buff_interfaces/msg/detail/dds_fastrtps/blade_array__type_support.cpp.o[0m
[ 43%] [32mBuilding CXX object CMakeFiles/buff_interfaces__rosidl_typesupport_fastrtps_cpp.dir/rosidl_typesupport_fastrtps_cpp/buff_interfaces/msg/detail/dds_fastrtps/debug_blade__type_support.cpp.o[0m
[ 43%] [32mBuilding CXX object CMakeFiles/buff_interfaces__rosidl_typesupport_introspection_cpp.dir/rosidl_typesupport_introspection_cpp/buff_interfaces/msg/detail/debug_blade__type_support.cpp.o[0m
[ 44%] [32mBuilding CXX object CMakeFiles/buff_interfaces__rosidl_typesupport_fastrtps_cpp.dir/rosidl_typesupport_fastrtps_cpp/buff_interfaces/msg/detail/dds_fastrtps/rune__type_support.cpp.o[0m
[ 45%] [32mBuilding CXX object CMakeFiles/buff_interfaces__rosidl_typesupport_introspection_cpp.dir/rosidl_typesupport_introspection_cpp/buff_interfaces/msg/detail/rune_info__type_support.cpp.o[0m
[ 46%] [32mBuilding CXX object CMakeFiles/buff_interfaces__rosidl_typesupport_introspection_cpp.dir/rosidl_typesupport_introspection_cpp/buff_interfaces/msg/detail/time_info__type_support.cpp.o[0m
[ 48%] [32mBuilding CXX object CMakeFiles/buff_interfaces__rosidl_typesupport_fastrtps_cpp.dir/rosidl_typesupport_fastrtps_cpp/buff_interfaces/msg/detail/dds_fastrtps/time_info__type_support.cpp.o[0m
[ 49%] [32mBuilding CXX object CMakeFiles/buff_interfaces__rosidl_typesupport_cpp.dir/rosidl_typesupport_cpp/buff_interfaces/msg/rune__type_support.cpp.o[0m
[ 50%] [32mBuilding CXX object CMakeFiles/buff_interfaces__rosidl_typesupport_fastrtps_cpp.dir/rosidl_typesupport_fastrtps_cpp/buff_interfaces/msg/detail/dds_fastrtps/debug_blade_array__type_support.cpp.o[0m
[ 44%] [32mBuilding CXX object CMakeFiles/buff_interfaces__rosidl_typesupport_introspection_cpp.dir/rosidl_typesupport_introspection_cpp/buff_interfaces/msg/detail/rune__type_support.cpp.o[0m
[ 53%] [32mBuilding CXX object CMakeFiles/buff_interfaces__rosidl_typesupport_fastrtps_c.dir/rosidl_typesupport_fastrtps_c/buff_interfaces/msg/detail/debug_blade__type_support_c.cpp.o[0m
[ 53%] [32mBuilding CXX object CMakeFiles/buff_interfaces__rosidl_typesupport_fastrtps_c.dir/rosidl_typesupport_fastrtps_c/buff_interfaces/msg/detail/blade_array__type_support_c.cpp.o[0m
[ 54%] [32mBuilding CXX object CMakeFiles/buff_interfaces__rosidl_typesupport_fastrtps_c.dir/rosidl_typesupport_fastrtps_c/buff_interfaces/msg/detail/blade__type_support_c.cpp.o[0m
[ 65%] Built target buff_interfaces__rosidl_typesupport_introspection_c
[ 67%] [32mBuilding CXX object CMakeFiles/buff_interfaces__rosidl_typesupport_fastrtps_c.dir/rosidl_typesupport_fastrtps_c/buff_interfaces/msg/detail/debug_blade_array__type_support_c.cpp.o[0m
[ 68%] [32mBuilding CXX object CMakeFiles/buff_interfaces__rosidl_typesupport_fastrtps_c.dir/rosidl_typesupport_fastrtps_c/buff_interfaces/msg/detail/rune__type_support_c.cpp.o[0m
[ 69%] [32mBuilding CXX object CMakeFiles/buff_interfaces__rosidl_typesupport_fastrtps_c.dir/rosidl_typesupport_fastrtps_c/buff_interfaces/msg/detail/time_info__type_support_c.cpp.o[0m
[ 70%] [32mBuilding CXX object CMakeFiles/buff_interfaces__rosidl_typesupport_fastrtps_c.dir/rosidl_typesupport_fastrtps_c/buff_interfaces/msg/detail/rune_info__type_support_c.cpp.o[0m
[ 72%] [32m[1mLinking CXX shared library libbuff_interfaces__rosidl_typesupport_cpp.so[0m
running egg_info
writing buff_interfaces.egg-info/PKG-INFO
writing dependency_links to buff_interfaces.egg-info/dependency_links.txt
writing top-level names to buff_interfaces.egg-info/top_level.txt
reading manifest file 'buff_interfaces.egg-info/SOURCES.txt'
writing manifest file 'buff_interfaces.egg-info/SOURCES.txt'
[ 73%] Built target buff_interfaces__rosidl_typesupport_cpp
[ 73%] Built target ament_cmake_python_build_buff_interfaces_egg
[ 74%] [32m[1mLinking CXX shared library libbuff_interfaces__rosidl_typesupport_fastrtps_c.so[0m
[ 75%] [32m[1mLinking CXX shared library libbuff_interfaces__rosidl_typesupport_introspection_cpp.so[0m
[ 77%] Built target buff_interfaces__rosidl_typesupport_fastrtps_c
[ 78%] Built target buff_interfaces__rosidl_typesupport_introspection_cpp
[ 79%] [32m[1mLinking CXX shared library libbuff_interfaces__rosidl_typesupport_fastrtps_cpp.so[0m
[ 81%] Built target buff_interfaces__rosidl_typesupport_fastrtps_cpp
[ 81%] Built target buff_interfaces
[ 82%] Built target buff_interfaces__py
[ 83%] [32mBuilding C object CMakeFiles/buff_interfaces__rosidl_generator_py.dir/rosidl_generator_py/buff_interfaces/msg/_blade_array_s.c.o[0m
[ 84%] [32mBuilding C object CMakeFiles/buff_interfaces__rosidl_generator_py.dir/rosidl_generator_py/buff_interfaces/msg/_blade_s.c.o[0m
[ 86%] [32mBuilding C object CMakeFiles/buff_interfaces__rosidl_generator_py.dir/rosidl_generator_py/buff_interfaces/msg/_debug_blade_s.c.o[0m
[ 87%] [32mBuilding C object CMakeFiles/buff_interfaces__rosidl_generator_py.dir/rosidl_generator_py/buff_interfaces/msg/_debug_blade_array_s.c.o[0m
[ 89%] [32mBuilding C object CMakeFiles/buff_interfaces__rosidl_generator_py.dir/rosidl_generator_py/buff_interfaces/msg/_rune_info_s.c.o[0m
[ 89%] [32mBuilding C object CMakeFiles/buff_interfaces__rosidl_generator_py.dir/rosidl_generator_py/buff_interfaces/msg/_rune_s.c.o[0m
[ 91%] [32mBuilding C object CMakeFiles/buff_interfaces__rosidl_generator_py.dir/rosidl_generator_py/buff_interfaces/msg/_time_info_s.c.o[0m
[ 92%] [32m[1mLinking C shared library rosidl_generator_py/buff_interfaces/libbuff_interfaces__rosidl_generator_py.so[0m
[ 92%] Built target buff_interfaces__rosidl_generator_py
[ 96%] [32mBuilding C object CMakeFiles/buff_interfaces__rosidl_typesupport_fastrtps_c__pyext.dir/rosidl_generator_py/buff_interfaces/_buff_interfaces_s.ep.rosidl_typesupport_fastrtps_c.c.o[0m
[ 96%] [32mBuilding C object CMakeFiles/buff_interfaces__rosidl_typesupport_c__pyext.dir/rosidl_generator_py/buff_interfaces/_buff_interfaces_s.ep.rosidl_typesupport_c.c.o[0m
[ 96%] [32mBuilding C object CMakeFiles/buff_interfaces__rosidl_typesupport_introspection_c__pyext.dir/rosidl_generator_py/buff_interfaces/_buff_interfaces_s.ep.rosidl_typesupport_introspection_c.c.o[0m
[ 98%] [32m[1mLinking C shared library rosidl_generator_py/buff_interfaces/buff_interfaces_s__rosidl_typesupport_introspection_c.cpython-310-x86_64-linux-gnu.so[0m
[ 98%] [32m[1mLinking C shared library rosidl_generator_py/buff_interfaces/buff_interfaces_s__rosidl_typesupport_c.cpython-310-x86_64-linux-gnu.so[0m
[ 98%] Built target buff_interfaces__rosidl_typesupport_c__pyext
[100%] [32m[1mLinking C shared library rosidl_generator_py/buff_interfaces/buff_interfaces_s__rosidl_typesupport_fastrtps_c.cpython-310-x86_64-linux-gnu.so[0m
[100%] Built target buff_interfaces__rosidl_typesupport_introspection_c__pyext
[100%] Built target buff_interfaces__rosidl_typesupport_fastrtps_c__pyext
-- Install configuration: ""
-- Execute custom install script
-- Up-to-date symlink: /home/ats/rv2/install/buff_interfaces/share/ament_index/resource_index/rosidl_interfaces/buff_interfaces
-- Up-to-date symlink: /home/ats/rv2/install/buff_interfaces/include/buff_interfaces/buff_interfaces/msg/blade.h
-- Up-to-date symlink: /home/ats/rv2/install/buff_interfaces/include/buff_interfaces/buff_interfaces/msg/blade_array.h
-- Up-to-date symlink: /home/ats/rv2/install/buff_interfaces/include/buff_interfaces/buff_interfaces/msg/debug_blade.h
-- Up-to-date symlink: /home/ats/rv2/install/buff_interfaces/include/buff_interfaces/buff_interfaces/msg/debug_blade_array.h
-- Up-to-date symlink: /home/ats/rv2/install/buff_interfaces/include/buff_interfaces/buff_interfaces/msg/detail/blade__functions.h
-- Up-to-date symlink: /home/ats/rv2/install/buff_interfaces/include/buff_interfaces/buff_interfaces/msg/detail/blade__struct.h
-- Up-to-date symlink: /home/ats/rv2/install/buff_interfaces/include/buff_interfaces/buff_interfaces/msg/detail/blade__type_support.h
-- Up-to-date symlink: /home/ats/rv2/install/buff_interfaces/include/buff_interfaces/buff_interfaces/msg/detail/blade_array__functions.h
-- Up-to-date symlink: /home/ats/rv2/install/buff_interfaces/include/buff_interfaces/buff_interfaces/msg/detail/blade_array__struct.h
-- Up-to-date symlink: /home/ats/rv2/install/buff_interfaces/include/buff_interfaces/buff_interfaces/msg/detail/blade_array__type_support.h
-- Up-to-date symlink: /home/ats/rv2/install/buff_interfaces/include/buff_interfaces/buff_interfaces/msg/detail/debug_blade__functions.h
-- Up-to-date symlink: /home/ats/rv2/install/buff_interfaces/include/buff_interfaces/buff_interfaces/msg/detail/debug_blade__struct.h
-- Up-to-date symlink: /home/ats/rv2/install/buff_interfaces/include/buff_interfaces/buff_interfaces/msg/detail/debug_blade__type_support.h
-- Up-to-date symlink: /home/ats/rv2/install/buff_interfaces/include/buff_interfaces/buff_interfaces/msg/detail/debug_blade_array__functions.h
-- Up-to-date symlink: /home/ats/rv2/install/buff_interfaces/include/buff_interfaces/buff_interfaces/msg/detail/debug_blade_array__struct.h
-- Up-to-date symlink: /home/ats/rv2/install/buff_interfaces/include/buff_interfaces/buff_interfaces/msg/detail/debug_blade_array__type_support.h
-- Up-to-date symlink: /home/ats/rv2/install/buff_interfaces/include/buff_interfaces/buff_interfaces/msg/detail/rune__functions.h
-- Up-to-date symlink: /home/ats/rv2/install/buff_interfaces/include/buff_interfaces/buff_interfaces/msg/detail/rune__struct.h
-- Up-to-date symlink: /home/ats/rv2/install/buff_interfaces/include/buff_interfaces/buff_interfaces/msg/detail/rune__type_support.h
-- Up-to-date symlink: /home/ats/rv2/install/buff_interfaces/include/buff_interfaces/buff_interfaces/msg/detail/rune_info__functions.h
-- Up-to-date symlink: /home/ats/rv2/install/buff_interfaces/include/buff_interfaces/buff_interfaces/msg/detail/rune_info__struct.h
-- Up-to-date symlink: /home/ats/rv2/install/buff_interfaces/include/buff_interfaces/buff_interfaces/msg/detail/rune_info__type_support.h
-- Up-to-date symlink: /home/ats/rv2/install/buff_interfaces/include/buff_interfaces/buff_interfaces/msg/detail/time_info__functions.h
-- Up-to-date symlink: /home/ats/rv2/install/buff_interfaces/include/buff_interfaces/buff_interfaces/msg/detail/time_info__struct.h
-- Up-to-date symlink: /home/ats/rv2/install/buff_interfaces/include/buff_interfaces/buff_interfaces/msg/detail/time_info__type_support.h
-- Up-to-date symlink: /home/ats/rv2/install/buff_interfaces/include/buff_interfaces/buff_interfaces/msg/rosidl_generator_c__visibility_control.h
-- Up-to-date symlink: /home/ats/rv2/install/buff_interfaces/include/buff_interfaces/buff_interfaces/msg/rune.h
-- Up-to-date symlink: /home/ats/rv2/install/buff_interfaces/include/buff_interfaces/buff_interfaces/msg/rune_info.h
-- Up-to-date symlink: /home/ats/rv2/install/buff_interfaces/include/buff_interfaces/buff_interfaces/msg/time_info.h
-- Up-to-date symlink: /home/ats/rv2/install/buff_interfaces/share/buff_interfaces/environment/library_path.sh
-- Up-to-date symlink: /home/ats/rv2/install/buff_interfaces/share/buff_interfaces/environment/library_path.dsv
-- Up-to-date symlink: /home/ats/rv2/install/buff_interfaces/include/buff_interfaces/buff_interfaces/msg/detail/blade__rosidl_typesupport_fastrtps_c.h
-- Up-to-date symlink: /home/ats/rv2/install/buff_interfaces/include/buff_interfaces/buff_interfaces/msg/detail/blade_array__rosidl_typesupport_fastrtps_c.h
-- Up-to-date symlink: /home/ats/rv2/install/buff_interfaces/include/buff_interfaces/buff_interfaces/msg/detail/debug_blade__rosidl_typesupport_fastrtps_c.h
-- Up-to-date symlink: /home/ats/rv2/install/buff_interfaces/include/buff_interfaces/buff_interfaces/msg/detail/debug_blade_array__rosidl_typesupport_fastrtps_c.h
-- Up-to-date symlink: /home/ats/rv2/install/buff_interfaces/include/buff_interfaces/buff_interfaces/msg/detail/rune__rosidl_typesupport_fastrtps_c.h
-- Up-to-date symlink: /home/ats/rv2/install/buff_interfaces/include/buff_interfaces/buff_interfaces/msg/detail/rune_info__rosidl_typesupport_fastrtps_c.h
-- Up-to-date symlink: /home/ats/rv2/install/buff_interfaces/include/buff_interfaces/buff_interfaces/msg/detail/time_info__rosidl_typesupport_fastrtps_c.h
-- Up-to-date symlink: /home/ats/rv2/install/buff_interfaces/include/buff_interfaces/buff_interfaces/msg/rosidl_typesupport_fastrtps_c__visibility_control.h
-- Up-to-date symlink: /home/ats/rv2/install/buff_interfaces/include/buff_interfaces/buff_interfaces/msg/detail/blade__rosidl_typesupport_introspection_c.h
-- Up-to-date symlink: /home/ats/rv2/install/buff_interfaces/include/buff_interfaces/buff_interfaces/msg/detail/blade_array__rosidl_typesupport_introspection_c.h
-- Up-to-date symlink: /home/ats/rv2/install/buff_interfaces/include/buff_interfaces/buff_interfaces/msg/detail/debug_blade__rosidl_typesupport_introspection_c.h
-- Up-to-date symlink: /home/ats/rv2/install/buff_interfaces/include/buff_interfaces/buff_interfaces/msg/detail/debug_blade_array__rosidl_typesupport_introspection_c.h
-- Up-to-date symlink: /home/ats/rv2/install/buff_interfaces/include/buff_interfaces/buff_interfaces/msg/detail/rune__rosidl_typesupport_introspection_c.h
-- Up-to-date symlink: /home/ats/rv2/install/buff_interfaces/include/buff_interfaces/buff_interfaces/msg/detail/rune_info__rosidl_typesupport_introspection_c.h
-- Up-to-date symlink: /home/ats/rv2/install/buff_interfaces/include/buff_interfaces/buff_interfaces/msg/detail/time_info__rosidl_typesupport_introspection_c.h
-- Up-to-date symlink: /home/ats/rv2/install/buff_interfaces/include/buff_interfaces/buff_interfaces/msg/rosidl_typesupport_introspection_c__visibility_control.h
-- Up-to-date symlink: /home/ats/rv2/install/buff_interfaces/include/buff_interfaces/buff_interfaces/msg/blade.hpp
-- Up-to-date symlink: /home/ats/rv2/install/buff_interfaces/include/buff_interfaces/buff_interfaces/msg/blade_array.hpp
-- Up-to-date symlink: /home/ats/rv2/install/buff_interfaces/include/buff_interfaces/buff_interfaces/msg/debug_blade.hpp
-- Up-to-date symlink: /home/ats/rv2/install/buff_interfaces/include/buff_interfaces/buff_interfaces/msg/debug_blade_array.hpp
-- Up-to-date symlink: /home/ats/rv2/install/buff_interfaces/include/buff_interfaces/buff_interfaces/msg/detail/blade__builder.hpp
-- Up-to-date symlink: /home/ats/rv2/install/buff_interfaces/include/buff_interfaces/buff_interfaces/msg/detail/blade__struct.hpp
-- Up-to-date symlink: /home/ats/rv2/install/buff_interfaces/include/buff_interfaces/buff_interfaces/msg/detail/blade__traits.hpp
-- Up-to-date symlink: /home/ats/rv2/install/buff_interfaces/include/buff_interfaces/buff_interfaces/msg/detail/blade_array__builder.hpp
-- Up-to-date symlink: /home/ats/rv2/install/buff_interfaces/include/buff_interfaces/buff_interfaces/msg/detail/blade_array__struct.hpp
-- Up-to-date symlink: /home/ats/rv2/install/buff_interfaces/include/buff_interfaces/buff_interfaces/msg/detail/blade_array__traits.hpp
-- Up-to-date symlink: /home/ats/rv2/install/buff_interfaces/include/buff_interfaces/buff_interfaces/msg/detail/debug_blade__builder.hpp
-- Up-to-date symlink: /home/ats/rv2/install/buff_interfaces/include/buff_interfaces/buff_interfaces/msg/detail/debug_blade__struct.hpp
-- Up-to-date symlink: /home/ats/rv2/install/buff_interfaces/include/buff_interfaces/buff_interfaces/msg/detail/debug_blade__traits.hpp
-- Up-to-date symlink: /home/ats/rv2/install/buff_interfaces/include/buff_interfaces/buff_interfaces/msg/detail/debug_blade_array__builder.hpp
-- Up-to-date symlink: /home/ats/rv2/install/buff_interfaces/include/buff_interfaces/buff_interfaces/msg/detail/debug_blade_array__struct.hpp
-- Up-to-date symlink: /home/ats/rv2/install/buff_interfaces/include/buff_interfaces/buff_interfaces/msg/detail/debug_blade_array__traits.hpp
-- Up-to-date symlink: /home/ats/rv2/install/buff_interfaces/include/buff_interfaces/buff_interfaces/msg/detail/rune__builder.hpp
-- Up-to-date symlink: /home/ats/rv2/install/buff_interfaces/include/buff_interfaces/buff_interfaces/msg/detail/rune__struct.hpp
-- Up-to-date symlink: /home/ats/rv2/install/buff_interfaces/include/buff_interfaces/buff_interfaces/msg/detail/rune__traits.hpp
-- Up-to-date symlink: /home/ats/rv2/install/buff_interfaces/include/buff_interfaces/buff_interfaces/msg/detail/rune_info__builder.hpp
-- Up-to-date symlink: /home/ats/rv2/install/buff_interfaces/include/buff_interfaces/buff_interfaces/msg/detail/rune_info__struct.hpp
-- Up-to-date symlink: /home/ats/rv2/install/buff_interfaces/include/buff_interfaces/buff_interfaces/msg/detail/rune_info__traits.hpp
-- Up-to-date symlink: /home/ats/rv2/install/buff_interfaces/include/buff_interfaces/buff_interfaces/msg/detail/time_info__builder.hpp
-- Up-to-date symlink: /home/ats/rv2/install/buff_interfaces/include/buff_interfaces/buff_interfaces/msg/detail/time_info__struct.hpp
-- Up-to-date symlink: /home/ats/rv2/install/buff_interfaces/include/buff_interfaces/buff_interfaces/msg/detail/time_info__traits.hpp
-- Up-to-date symlink: /home/ats/rv2/install/buff_interfaces/include/buff_interfaces/buff_interfaces/msg/rune.hpp
-- Up-to-date symlink: /home/ats/rv2/install/buff_interfaces/include/buff_interfaces/buff_interfaces/msg/rune_info.hpp
-- Up-to-date symlink: /home/ats/rv2/install/buff_interfaces/include/buff_interfaces/buff_interfaces/msg/time_info.hpp
-- Up-to-date symlink: /home/ats/rv2/install/buff_interfaces/include/buff_interfaces/buff_interfaces/msg/detail/blade__rosidl_typesupport_fastrtps_cpp.hpp
-- Up-to-date symlink: /home/ats/rv2/install/buff_interfaces/include/buff_interfaces/buff_interfaces/msg/detail/blade_array__rosidl_typesupport_fastrtps_cpp.hpp
-- Up-to-date symlink: /home/ats/rv2/install/buff_interfaces/include/buff_interfaces/buff_interfaces/msg/detail/debug_blade__rosidl_typesupport_fastrtps_cpp.hpp
-- Up-to-date symlink: /home/ats/rv2/install/buff_interfaces/include/buff_interfaces/buff_interfaces/msg/detail/debug_blade_array__rosidl_typesupport_fastrtps_cpp.hpp
-- Up-to-date symlink: /home/ats/rv2/install/buff_interfaces/include/buff_interfaces/buff_interfaces/msg/detail/rune__rosidl_typesupport_fastrtps_cpp.hpp
-- Up-to-date symlink: /home/ats/rv2/install/buff_interfaces/include/buff_interfaces/buff_interfaces/msg/detail/rune_info__rosidl_typesupport_fastrtps_cpp.hpp
-- Up-to-date symlink: /home/ats/rv2/install/buff_interfaces/include/buff_interfaces/buff_interfaces/msg/detail/time_info__rosidl_typesupport_fastrtps_cpp.hpp
-- Up-to-date symlink: /home/ats/rv2/install/buff_interfaces/include/buff_interfaces/buff_interfaces/msg/rosidl_typesupport_fastrtps_cpp__visibility_control.h
-- Up-to-date symlink: /home/ats/rv2/install/buff_interfaces/include/buff_interfaces/buff_interfaces/msg/detail/blade__rosidl_typesupport_introspection_cpp.hpp
-- Up-to-date symlink: /home/ats/rv2/install/buff_interfaces/include/buff_interfaces/buff_interfaces/msg/detail/blade_array__rosidl_typesupport_introspection_cpp.hpp
-- Up-to-date symlink: /home/ats/rv2/install/buff_interfaces/include/buff_interfaces/buff_interfaces/msg/detail/debug_blade__rosidl_typesupport_introspection_cpp.hpp
-- Up-to-date symlink: /home/ats/rv2/install/buff_interfaces/include/buff_interfaces/buff_interfaces/msg/detail/debug_blade_array__rosidl_typesupport_introspection_cpp.hpp
-- Up-to-date symlink: /home/ats/rv2/install/buff_interfaces/include/buff_interfaces/buff_interfaces/msg/detail/rune__rosidl_typesupport_introspection_cpp.hpp
-- Up-to-date symlink: /home/ats/rv2/install/buff_interfaces/include/buff_interfaces/buff_interfaces/msg/detail/rune_info__rosidl_typesupport_introspection_cpp.hpp
-- Up-to-date symlink: /home/ats/rv2/install/buff_interfaces/include/buff_interfaces/buff_interfaces/msg/detail/time_info__rosidl_typesupport_introspection_cpp.hpp
-- Up-to-date symlink: /home/ats/rv2/install/buff_interfaces/share/buff_interfaces/environment/pythonpath.sh
-- Up-to-date symlink: /home/ats/rv2/install/buff_interfaces/share/buff_interfaces/environment/pythonpath.dsv
-- Up-to-date symlink: /home/ats/rv2/install/buff_interfaces/local/lib/python3.10/dist-packages/buff_interfaces-1.0.0-py3.10.egg-info/PKG-INFO
-- Up-to-date symlink: /home/ats/rv2/install/buff_interfaces/local/lib/python3.10/dist-packages/buff_interfaces-1.0.0-py3.10.egg-info/SOURCES.txt
-- Up-to-date symlink: /home/ats/rv2/install/buff_interfaces/local/lib/python3.10/dist-packages/buff_interfaces-1.0.0-py3.10.egg-info/dependency_links.txt
-- Up-to-date symlink: /home/ats/rv2/install/buff_interfaces/local/lib/python3.10/dist-packages/buff_interfaces-1.0.0-py3.10.egg-info/top_level.txt
-- Up-to-date symlink: /home/ats/rv2/install/buff_interfaces/local/lib/python3.10/dist-packages/buff_interfaces/__init__.py
-- Up-to-date symlink: /home/ats/rv2/install/buff_interfaces/local/lib/python3.10/dist-packages/buff_interfaces/_buff_interfaces_s.ep.rosidl_typesupport_c.c
-- Up-to-date symlink: /home/ats/rv2/install/buff_interfaces/local/lib/python3.10/dist-packages/buff_interfaces/_buff_interfaces_s.ep.rosidl_typesupport_fastrtps_c.c
-- Up-to-date symlink: /home/ats/rv2/install/buff_interfaces/local/lib/python3.10/dist-packages/buff_interfaces/_buff_interfaces_s.ep.rosidl_typesupport_introspection_c.c
-- Up-to-date symlink: /home/ats/rv2/install/buff_interfaces/local/lib/python3.10/dist-packages/buff_interfaces/buff_interfaces_s__rosidl_typesupport_c.cpython-310-x86_64-linux-gnu.so
-- Up-to-date symlink: /home/ats/rv2/install/buff_interfaces/local/lib/python3.10/dist-packages/buff_interfaces/buff_interfaces_s__rosidl_typesupport_fastrtps_c.cpython-310-x86_64-linux-gnu.so
-- Up-to-date symlink: /home/ats/rv2/install/buff_interfaces/local/lib/python3.10/dist-packages/buff_interfaces/buff_interfaces_s__rosidl_typesupport_introspection_c.cpython-310-x86_64-linux-gnu.so
-- Up-to-date symlink: /home/ats/rv2/install/buff_interfaces/local/lib/python3.10/dist-packages/buff_interfaces/libbuff_interfaces__rosidl_generator_py.so
-- Up-to-date symlink: /home/ats/rv2/install/buff_interfaces/local/lib/python3.10/dist-packages/buff_interfaces/msg/__init__.py
-- Up-to-date symlink: /home/ats/rv2/install/buff_interfaces/local/lib/python3.10/dist-packages/buff_interfaces/msg/_blade.py
-- Up-to-date symlink: /home/ats/rv2/install/buff_interfaces/local/lib/python3.10/dist-packages/buff_interfaces/msg/_blade_array.py
-- Up-to-date symlink: /home/ats/rv2/install/buff_interfaces/local/lib/python3.10/dist-packages/buff_interfaces/msg/_blade_array_s.c
-- Up-to-date symlink: /home/ats/rv2/install/buff_interfaces/local/lib/python3.10/dist-packages/buff_interfaces/msg/_blade_s.c
-- Up-to-date symlink: /home/ats/rv2/install/buff_interfaces/local/lib/python3.10/dist-packages/buff_interfaces/msg/_debug_blade.py
-- Up-to-date symlink: /home/ats/rv2/install/buff_interfaces/local/lib/python3.10/dist-packages/buff_interfaces/msg/_debug_blade_array.py
-- Up-to-date symlink: /home/ats/rv2/install/buff_interfaces/local/lib/python3.10/dist-packages/buff_interfaces/msg/_debug_blade_array_s.c
-- Up-to-date symlink: /home/ats/rv2/install/buff_interfaces/local/lib/python3.10/dist-packages/buff_interfaces/msg/_debug_blade_s.c
-- Up-to-date symlink: /home/ats/rv2/install/buff_interfaces/local/lib/python3.10/dist-packages/buff_interfaces/msg/_rune.py
-- Up-to-date symlink: /home/ats/rv2/install/buff_interfaces/local/lib/python3.10/dist-packages/buff_interfaces/msg/_rune_info.py
-- Up-to-date symlink: /home/ats/rv2/install/buff_interfaces/local/lib/python3.10/dist-packages/buff_interfaces/msg/_rune_info_s.c
-- Up-to-date symlink: /home/ats/rv2/install/buff_interfaces/local/lib/python3.10/dist-packages/buff_interfaces/msg/_rune_s.c
-- Up-to-date symlink: /home/ats/rv2/install/buff_interfaces/local/lib/python3.10/dist-packages/buff_interfaces/msg/_time_info.py
-- Up-to-date symlink: /home/ats/rv2/install/buff_interfaces/local/lib/python3.10/dist-packages/buff_interfaces/msg/_time_info_s.c
-- Up-to-date symlink: /home/ats/rv2/install/buff_interfaces/local/lib/python3.10/dist-packages/buff_interfaces/buff_interfaces_s__rosidl_typesupport_fastrtps_c.cpython-310-x86_64-linux-gnu.so
-- Up-to-date symlink: /home/ats/rv2/install/buff_interfaces/local/lib/python3.10/dist-packages/buff_interfaces/buff_interfaces_s__rosidl_typesupport_introspection_c.cpython-310-x86_64-linux-gnu.so
-- Up-to-date symlink: /home/ats/rv2/install/buff_interfaces/local/lib/python3.10/dist-packages/buff_interfaces/buff_interfaces_s__rosidl_typesupport_c.cpython-310-x86_64-linux-gnu.so
-- Up-to-date symlink: /home/ats/rv2/install/buff_interfaces/share/buff_interfaces/msg/Blade.idl
-- Up-to-date symlink: /home/ats/rv2/install/buff_interfaces/share/buff_interfaces/msg/BladeArray.idl
-- Up-to-date symlink: /home/ats/rv2/install/buff_interfaces/share/buff_interfaces/msg/DebugBlade.idl
-- Up-to-date symlink: /home/ats/rv2/install/buff_interfaces/share/buff_interfaces/msg/DebugBladeArray.idl
-- Up-to-date symlink: /home/ats/rv2/install/buff_interfaces/share/buff_interfaces/msg/Rune.idl
-- Up-to-date symlink: /home/ats/rv2/install/buff_interfaces/share/buff_interfaces/msg/RuneInfo.idl
-- Up-to-date symlink: /home/ats/rv2/install/buff_interfaces/share/buff_interfaces/msg/TimeInfo.idl
-- Up-to-date symlink: /home/ats/rv2/install/buff_interfaces/share/buff_interfaces/msg/Blade.msg
-- Up-to-date symlink: /home/ats/rv2/install/buff_interfaces/share/buff_interfaces/msg/BladeArray.msg
-- Up-to-date symlink: /home/ats/rv2/install/buff_interfaces/share/buff_interfaces/msg/DebugBlade.msg
-- Up-to-date symlink: /home/ats/rv2/install/buff_interfaces/share/buff_interfaces/msg/DebugBladeArray.msg
-- Up-to-date symlink: /home/ats/rv2/install/buff_interfaces/share/buff_interfaces/msg/Rune.msg
-- Up-to-date symlink: /home/ats/rv2/install/buff_interfaces/share/buff_interfaces/msg/RuneInfo.msg
-- Up-to-date symlink: /home/ats/rv2/install/buff_interfaces/share/buff_interfaces/msg/TimeInfo.msg
-- Up-to-date symlink: /home/ats/rv2/install/buff_interfaces/share/ament_index/resource_index/package_run_dependencies/buff_interfaces
-- Up-to-date symlink: /home/ats/rv2/install/buff_interfaces/share/ament_index/resource_index/parent_prefix_path/buff_interfaces
-- Up-to-date symlink: /home/ats/rv2/install/buff_interfaces/share/buff_interfaces/environment/ament_prefix_path.sh
-- Up-to-date symlink: /home/ats/rv2/install/buff_interfaces/share/buff_interfaces/environment/ament_prefix_path.dsv
-- Up-to-date symlink: /home/ats/rv2/install/buff_interfaces/share/buff_interfaces/environment/path.sh
-- Up-to-date symlink: /home/ats/rv2/install/buff_interfaces/share/buff_interfaces/environment/path.dsv
-- Up-to-date symlink: /home/ats/rv2/install/buff_interfaces/share/buff_interfaces/local_setup.bash
-- Up-to-date symlink: /home/ats/rv2/install/buff_interfaces/share/buff_interfaces/local_setup.sh
-- Up-to-date symlink: /home/ats/rv2/install/buff_interfaces/share/buff_interfaces/local_setup.zsh
-- Up-to-date symlink: /home/ats/rv2/install/buff_interfaces/share/buff_interfaces/local_setup.dsv
-- Symlinking: /home/ats/rv2/install/buff_interfaces/share/buff_interfaces/package.dsv
-- Up-to-date symlink: /home/ats/rv2/install/buff_interfaces/share/ament_index/resource_index/packages/buff_interfaces
-- Up-to-date symlink: /home/ats/rv2/install/buff_interfaces/share/buff_interfaces/cmake/rosidl_cmake-extras.cmake
-- Up-to-date symlink: /home/ats/rv2/install/buff_interfaces/share/buff_interfaces/cmake/ament_cmake_export_dependencies-extras.cmake
-- Up-to-date symlink: /home/ats/rv2/install/buff_interfaces/share/buff_interfaces/cmake/ament_cmake_export_include_directories-extras.cmake
-- Up-to-date symlink: /home/ats/rv2/install/buff_interfaces/share/buff_interfaces/cmake/ament_cmake_export_libraries-extras.cmake
-- Up-to-date symlink: /home/ats/rv2/install/buff_interfaces/share/buff_interfaces/cmake/ament_cmake_export_targets-extras.cmake
-- Up-to-date symlink: /home/ats/rv2/install/buff_interfaces/share/buff_interfaces/cmake/rosidl_cmake_export_typesupport_targets-extras.cmake
-- Up-to-date symlink: /home/ats/rv2/install/buff_interfaces/share/buff_interfaces/cmake/rosidl_cmake_export_typesupport_libraries-extras.cmake
-- Up-to-date symlink: /home/ats/rv2/install/buff_interfaces/share/buff_interfaces/cmake/buff_interfacesConfig.cmake
-- Up-to-date symlink: /home/ats/rv2/install/buff_interfaces/share/buff_interfaces/cmake/buff_interfacesConfig-version.cmake
-- Up-to-date symlink: /home/ats/rv2/install/buff_interfaces/share/buff_interfaces/package.xml
-- Up-to-date: /home/ats/rv2/install/buff_interfaces/lib/libbuff_interfaces__rosidl_generator_c.so
-- Installing: /home/ats/rv2/install/buff_interfaces/lib/libbuff_interfaces__rosidl_typesupport_fastrtps_c.so
-- Set runtime path of "/home/ats/rv2/install/buff_interfaces/lib/libbuff_interfaces__rosidl_typesupport_fastrtps_c.so" to ""
-- Up-to-date: /home/ats/rv2/install/buff_interfaces/lib/libbuff_interfaces__rosidl_typesupport_introspection_c.so
-- Up-to-date: /home/ats/rv2/install/buff_interfaces/lib/libbuff_interfaces__rosidl_typesupport_c.so
-- Installing: /home/ats/rv2/install/buff_interfaces/lib/libbuff_interfaces__rosidl_typesupport_fastrtps_cpp.so
-- Set runtime path of "/home/ats/rv2/install/buff_interfaces/lib/libbuff_interfaces__rosidl_typesupport_fastrtps_cpp.so" to ""
-- Installing: /home/ats/rv2/install/buff_interfaces/lib/libbuff_interfaces__rosidl_typesupport_introspection_cpp.so
-- Set runtime path of "/home/ats/rv2/install/buff_interfaces/lib/libbuff_interfaces__rosidl_typesupport_introspection_cpp.so" to ""
-- Installing: /home/ats/rv2/install/buff_interfaces/lib/libbuff_interfaces__rosidl_typesupport_cpp.so
-- Set runtime path of "/home/ats/rv2/install/buff_interfaces/lib/libbuff_interfaces__rosidl_typesupport_cpp.so" to ""
Listing '/home/ats/rv2/install/buff_interfaces/local/lib/python3.10/dist-packages/buff_interfaces'...
Listing '/home/ats/rv2/install/buff_interfaces/local/lib/python3.10/dist-packages/buff_interfaces/msg'...
-- Installing: /home/ats/rv2/install/buff_interfaces/lib/libbuff_interfaces__rosidl_generator_py.so
-- Set runtime path of "/home/ats/rv2/install/buff_interfaces/lib/libbuff_interfaces__rosidl_generator_py.so" to ""
-- Up-to-date: /home/ats/rv2/install/buff_interfaces/share/buff_interfaces/cmake/export_buff_interfaces__rosidl_generator_cExport.cmake
-- Up-to-date: /home/ats/rv2/install/buff_interfaces/share/buff_interfaces/cmake/export_buff_interfaces__rosidl_generator_cExport-noconfig.cmake
-- Up-to-date: /home/ats/rv2/install/buff_interfaces/share/buff_interfaces/cmake/export_buff_interfaces__rosidl_typesupport_fastrtps_cExport.cmake
-- Up-to-date: /home/ats/rv2/install/buff_interfaces/share/buff_interfaces/cmake/export_buff_interfaces__rosidl_typesupport_fastrtps_cExport-noconfig.cmake
-- Up-to-date: /home/ats/rv2/install/buff_interfaces/share/buff_interfaces/cmake/buff_interfaces__rosidl_typesupport_introspection_cExport.cmake
-- Up-to-date: /home/ats/rv2/install/buff_interfaces/share/buff_interfaces/cmake/buff_interfaces__rosidl_typesupport_introspection_cExport-noconfig.cmake
-- Up-to-date: /home/ats/rv2/install/buff_interfaces/share/buff_interfaces/cmake/buff_interfaces__rosidl_typesupport_cExport.cmake
-- Up-to-date: /home/ats/rv2/install/buff_interfaces/share/buff_interfaces/cmake/buff_interfaces__rosidl_typesupport_cExport-noconfig.cmake
-- Up-to-date: /home/ats/rv2/install/buff_interfaces/share/buff_interfaces/cmake/export_buff_interfaces__rosidl_generator_cppExport.cmake
-- Up-to-date: /home/ats/rv2/install/buff_interfaces/share/buff_interfaces/cmake/export_buff_interfaces__rosidl_typesupport_fastrtps_cppExport.cmake
-- Up-to-date: /home/ats/rv2/install/buff_interfaces/share/buff_interfaces/cmake/export_buff_interfaces__rosidl_typesupport_fastrtps_cppExport-noconfig.cmake
-- Up-to-date: /home/ats/rv2/install/buff_interfaces/share/buff_interfaces/cmake/buff_interfaces__rosidl_typesupport_introspection_cppExport.cmake
-- Up-to-date: /home/ats/rv2/install/buff_interfaces/share/buff_interfaces/cmake/buff_interfaces__rosidl_typesupport_introspection_cppExport-noconfig.cmake
-- Up-to-date: /home/ats/rv2/install/buff_interfaces/share/buff_interfaces/cmake/buff_interfaces__rosidl_typesupport_cppExport.cmake
-- Up-to-date: /home/ats/rv2/install/buff_interfaces/share/buff_interfaces/cmake/buff_interfaces__rosidl_typesupport_cppExport-noconfig.cmake
-- Up-to-date: /home/ats/rv2/install/buff_interfaces/share/buff_interfaces/cmake/export_buff_interfaces__rosidl_generator_pyExport.cmake
-- Up-to-date: /home/ats/rv2/install/buff_interfaces/share/buff_interfaces/cmake/export_buff_interfaces__rosidl_generator_pyExport-noconfig.cmake
