[0.013s] Invoking command in '/home/ats/rv2/build/buff_interfaces': CMAKE_PREFIX_PATH=${CMAKE_PREFIX_PATH}:/opt/ros/humble /usr/bin/cmake --build /home/ats/rv2/build/buff_interfaces -- -j32 -l32
[0.061s] [  1%] Built target buff_interfaces__cpp
[0.067s] [ 12%] Built target buff_interfaces__rosidl_generator_c
[0.067s] [ 12%] Built target ament_cmake_python_symlink_buff_interfaces
[0.099s] [ 13%] [32mBuilding CXX object CMakeFiles/buff_interfaces__rosidl_typesupport_cpp.dir/rosidl_typesupport_cpp/buff_interfaces/msg/blade__type_support.cpp.o[0m
[0.099s] [ 15%] [32mBuilding CXX object CMakeFiles/buff_interfaces__rosidl_typesupport_cpp.dir/rosidl_typesupport_cpp/buff_interfaces/msg/blade_array__type_support.cpp.o[0m
[0.099s] [ 16%] [32mBuilding CXX object CMakeFiles/buff_interfaces__rosidl_typesupport_cpp.dir/rosidl_typesupport_cpp/buff_interfaces/msg/debug_blade_array__type_support.cpp.o[0m
[0.100s] [ 17%] [32mBuilding CXX object CMakeFiles/buff_interfaces__rosidl_typesupport_introspection_cpp.dir/rosidl_typesupport_introspection_cpp/buff_interfaces/msg/detail/blade__type_support.cpp.o[0m
[0.100s] [ 29%] Built target buff_interfaces__rosidl_typesupport_c
[0.100s] [ 30%] [32mBuilding CXX object CMakeFiles/buff_interfaces__rosidl_typesupport_cpp.dir/rosidl_typesupport_cpp/buff_interfaces/msg/debug_blade__type_support.cpp.o[0m
[0.100s] [ 31%] [32mBuilding CXX object CMakeFiles/buff_interfaces__rosidl_typesupport_introspection_cpp.dir/rosidl_typesupport_introspection_cpp/buff_interfaces/msg/detail/blade_array__type_support.cpp.o[0m
[0.100s] [ 34%] [32mBuilding CXX object CMakeFiles/buff_interfaces__rosidl_typesupport_cpp.dir/rosidl_typesupport_cpp/buff_interfaces/msg/time_info__type_support.cpp.o[0m
[0.100s] [ 34%] [32mBuilding CXX object CMakeFiles/buff_interfaces__rosidl_typesupport_introspection_cpp.dir/rosidl_typesupport_introspection_cpp/buff_interfaces/msg/detail/debug_blade_array__type_support.cpp.o[0m
[0.100s] [ 36%] [32mBuilding CXX object CMakeFiles/buff_interfaces__rosidl_typesupport_fastrtps_cpp.dir/rosidl_typesupport_fastrtps_cpp/buff_interfaces/msg/detail/dds_fastrtps/blade__type_support.cpp.o[0m
[0.100s] [ 36%] [32mBuilding CXX object CMakeFiles/buff_interfaces__rosidl_typesupport_cpp.dir/rosidl_typesupport_cpp/buff_interfaces/msg/rune_info__type_support.cpp.o[0m
[0.101s] [ 37%] [32mBuilding CXX object CMakeFiles/buff_interfaces__rosidl_typesupport_fastrtps_cpp.dir/rosidl_typesupport_fastrtps_cpp/buff_interfaces/msg/detail/dds_fastrtps/rune_info__type_support.cpp.o[0m
[0.101s] [ 39%] [32mBuilding CXX object CMakeFiles/buff_interfaces__rosidl_typesupport_fastrtps_cpp.dir/rosidl_typesupport_fastrtps_cpp/buff_interfaces/msg/detail/dds_fastrtps/blade_array__type_support.cpp.o[0m
[0.101s] [ 43%] [32mBuilding CXX object CMakeFiles/buff_interfaces__rosidl_typesupport_fastrtps_cpp.dir/rosidl_typesupport_fastrtps_cpp/buff_interfaces/msg/detail/dds_fastrtps/debug_blade__type_support.cpp.o[0m
[0.101s] [ 43%] [32mBuilding CXX object CMakeFiles/buff_interfaces__rosidl_typesupport_introspection_cpp.dir/rosidl_typesupport_introspection_cpp/buff_interfaces/msg/detail/debug_blade__type_support.cpp.o[0m
[0.101s] [ 44%] [32mBuilding CXX object CMakeFiles/buff_interfaces__rosidl_typesupport_fastrtps_cpp.dir/rosidl_typesupport_fastrtps_cpp/buff_interfaces/msg/detail/dds_fastrtps/rune__type_support.cpp.o[0m
[0.101s] [ 45%] [32mBuilding CXX object CMakeFiles/buff_interfaces__rosidl_typesupport_introspection_cpp.dir/rosidl_typesupport_introspection_cpp/buff_interfaces/msg/detail/rune_info__type_support.cpp.o[0m
[0.101s] [ 46%] [32mBuilding CXX object CMakeFiles/buff_interfaces__rosidl_typesupport_introspection_cpp.dir/rosidl_typesupport_introspection_cpp/buff_interfaces/msg/detail/time_info__type_support.cpp.o[0m
[0.101s] [ 48%] [32mBuilding CXX object CMakeFiles/buff_interfaces__rosidl_typesupport_fastrtps_cpp.dir/rosidl_typesupport_fastrtps_cpp/buff_interfaces/msg/detail/dds_fastrtps/time_info__type_support.cpp.o[0m
[0.101s] [ 49%] [32mBuilding CXX object CMakeFiles/buff_interfaces__rosidl_typesupport_cpp.dir/rosidl_typesupport_cpp/buff_interfaces/msg/rune__type_support.cpp.o[0m
[0.101s] [ 50%] [32mBuilding CXX object CMakeFiles/buff_interfaces__rosidl_typesupport_fastrtps_cpp.dir/rosidl_typesupport_fastrtps_cpp/buff_interfaces/msg/detail/dds_fastrtps/debug_blade_array__type_support.cpp.o[0m
[0.101s] [ 44%] [32mBuilding CXX object CMakeFiles/buff_interfaces__rosidl_typesupport_introspection_cpp.dir/rosidl_typesupport_introspection_cpp/buff_interfaces/msg/detail/rune__type_support.cpp.o[0m
[0.102s] [ 53%] [32mBuilding CXX object CMakeFiles/buff_interfaces__rosidl_typesupport_fastrtps_c.dir/rosidl_typesupport_fastrtps_c/buff_interfaces/msg/detail/debug_blade__type_support_c.cpp.o[0m
[0.102s] [ 53%] [32mBuilding CXX object CMakeFiles/buff_interfaces__rosidl_typesupport_fastrtps_c.dir/rosidl_typesupport_fastrtps_c/buff_interfaces/msg/detail/blade_array__type_support_c.cpp.o[0m
[0.104s] [ 54%] [32mBuilding CXX object CMakeFiles/buff_interfaces__rosidl_typesupport_fastrtps_c.dir/rosidl_typesupport_fastrtps_c/buff_interfaces/msg/detail/blade__type_support_c.cpp.o[0m
[0.106s] [ 65%] Built target buff_interfaces__rosidl_typesupport_introspection_c
[0.107s] [ 67%] [32mBuilding CXX object CMakeFiles/buff_interfaces__rosidl_typesupport_fastrtps_c.dir/rosidl_typesupport_fastrtps_c/buff_interfaces/msg/detail/debug_blade_array__type_support_c.cpp.o[0m
[0.107s] [ 68%] [32mBuilding CXX object CMakeFiles/buff_interfaces__rosidl_typesupport_fastrtps_c.dir/rosidl_typesupport_fastrtps_c/buff_interfaces/msg/detail/rune__type_support_c.cpp.o[0m
[0.108s] [ 69%] [32mBuilding CXX object CMakeFiles/buff_interfaces__rosidl_typesupport_fastrtps_c.dir/rosidl_typesupport_fastrtps_c/buff_interfaces/msg/detail/time_info__type_support_c.cpp.o[0m
[0.110s] [ 70%] [32mBuilding CXX object CMakeFiles/buff_interfaces__rosidl_typesupport_fastrtps_c.dir/rosidl_typesupport_fastrtps_c/buff_interfaces/msg/detail/rune_info__type_support_c.cpp.o[0m
[1.047s] [ 72%] [32m[1mLinking CXX shared library libbuff_interfaces__rosidl_typesupport_cpp.so[0m
[1.049s] running egg_info
[1.051s] writing buff_interfaces.egg-info/PKG-INFO
[1.051s] writing dependency_links to buff_interfaces.egg-info/dependency_links.txt
[1.051s] writing top-level names to buff_interfaces.egg-info/top_level.txt
[1.067s] reading manifest file 'buff_interfaces.egg-info/SOURCES.txt'
[1.070s] writing manifest file 'buff_interfaces.egg-info/SOURCES.txt'
[1.126s] [ 73%] Built target buff_interfaces__rosidl_typesupport_cpp
[1.129s] [ 73%] Built target ament_cmake_python_build_buff_interfaces_egg
[1.260s] [ 74%] [32m[1mLinking CXX shared library libbuff_interfaces__rosidl_typesupport_fastrtps_c.so[0m
[1.271s] [ 75%] [32m[1mLinking CXX shared library libbuff_interfaces__rosidl_typesupport_introspection_cpp.so[0m
[1.336s] [ 77%] Built target buff_interfaces__rosidl_typesupport_fastrtps_c
[1.344s] [ 78%] Built target buff_interfaces__rosidl_typesupport_introspection_cpp
[1.357s] [ 79%] [32m[1mLinking CXX shared library libbuff_interfaces__rosidl_typesupport_fastrtps_cpp.so[0m
[1.427s] [ 81%] Built target buff_interfaces__rosidl_typesupport_fastrtps_cpp
[1.449s] [ 81%] Built target buff_interfaces
[1.469s] [ 82%] Built target buff_interfaces__py
[1.494s] [ 83%] [32mBuilding C object CMakeFiles/buff_interfaces__rosidl_generator_py.dir/rosidl_generator_py/buff_interfaces/msg/_blade_array_s.c.o[0m
[1.495s] [ 84%] [32mBuilding C object CMakeFiles/buff_interfaces__rosidl_generator_py.dir/rosidl_generator_py/buff_interfaces/msg/_blade_s.c.o[0m
[1.496s] [ 86%] [32mBuilding C object CMakeFiles/buff_interfaces__rosidl_generator_py.dir/rosidl_generator_py/buff_interfaces/msg/_debug_blade_s.c.o[0m
[1.496s] [ 87%] [32mBuilding C object CMakeFiles/buff_interfaces__rosidl_generator_py.dir/rosidl_generator_py/buff_interfaces/msg/_debug_blade_array_s.c.o[0m
[1.497s] [ 89%] [32mBuilding C object CMakeFiles/buff_interfaces__rosidl_generator_py.dir/rosidl_generator_py/buff_interfaces/msg/_rune_info_s.c.o[0m
[1.497s] [ 89%] [32mBuilding C object CMakeFiles/buff_interfaces__rosidl_generator_py.dir/rosidl_generator_py/buff_interfaces/msg/_rune_s.c.o[0m
[1.498s] [ 91%] [32mBuilding C object CMakeFiles/buff_interfaces__rosidl_generator_py.dir/rosidl_generator_py/buff_interfaces/msg/_time_info_s.c.o[0m
[1.639s] [ 92%] [32m[1mLinking C shared library rosidl_generator_py/buff_interfaces/libbuff_interfaces__rosidl_generator_py.so[0m
[1.687s] [ 92%] Built target buff_interfaces__rosidl_generator_py
[1.713s] [ 96%] [32mBuilding C object CMakeFiles/buff_interfaces__rosidl_typesupport_fastrtps_c__pyext.dir/rosidl_generator_py/buff_interfaces/_buff_interfaces_s.ep.rosidl_typesupport_fastrtps_c.c.o[0m
[1.714s] [ 96%] [32mBuilding C object CMakeFiles/buff_interfaces__rosidl_typesupport_c__pyext.dir/rosidl_generator_py/buff_interfaces/_buff_interfaces_s.ep.rosidl_typesupport_c.c.o[0m
[1.714s] [ 96%] [32mBuilding C object CMakeFiles/buff_interfaces__rosidl_typesupport_introspection_c__pyext.dir/rosidl_generator_py/buff_interfaces/_buff_interfaces_s.ep.rosidl_typesupport_introspection_c.c.o[0m
[1.802s] [ 98%] [32m[1mLinking C shared library rosidl_generator_py/buff_interfaces/buff_interfaces_s__rosidl_typesupport_introspection_c.cpython-310-x86_64-linux-gnu.so[0m
[1.802s] [ 98%] [32m[1mLinking C shared library rosidl_generator_py/buff_interfaces/buff_interfaces_s__rosidl_typesupport_c.cpython-310-x86_64-linux-gnu.so[0m
[1.844s] [ 98%] Built target buff_interfaces__rosidl_typesupport_c__pyext
[1.846s] [100%] [32m[1mLinking C shared library rosidl_generator_py/buff_interfaces/buff_interfaces_s__rosidl_typesupport_fastrtps_c.cpython-310-x86_64-linux-gnu.so[0m
[1.851s] [100%] Built target buff_interfaces__rosidl_typesupport_introspection_c__pyext
[1.884s] [100%] Built target buff_interfaces__rosidl_typesupport_fastrtps_c__pyext
[1.895s] Invoked command in '/home/ats/rv2/build/buff_interfaces' returned '0': CMAKE_PREFIX_PATH=${CMAKE_PREFIX_PATH}:/opt/ros/humble /usr/bin/cmake --build /home/ats/rv2/build/buff_interfaces -- -j32 -l32
[2.081s] Invoking command in '/home/ats/rv2/build/buff_interfaces': CMAKE_PREFIX_PATH=${CMAKE_PREFIX_PATH}:/opt/ros/humble /usr/bin/cmake --install /home/ats/rv2/build/buff_interfaces
[2.099s] -- Install configuration: ""
[2.100s] -- Execute custom install script
[2.100s] -- Up-to-date symlink: /home/ats/rv2/install/buff_interfaces/share/ament_index/resource_index/rosidl_interfaces/buff_interfaces
[2.101s] -- Up-to-date symlink: /home/ats/rv2/install/buff_interfaces/include/buff_interfaces/buff_interfaces/msg/blade.h
[2.101s] -- Up-to-date symlink: /home/ats/rv2/install/buff_interfaces/include/buff_interfaces/buff_interfaces/msg/blade_array.h
[2.101s] -- Up-to-date symlink: /home/ats/rv2/install/buff_interfaces/include/buff_interfaces/buff_interfaces/msg/debug_blade.h
[2.102s] -- Up-to-date symlink: /home/ats/rv2/install/buff_interfaces/include/buff_interfaces/buff_interfaces/msg/debug_blade_array.h
[2.102s] -- Up-to-date symlink: /home/ats/rv2/install/buff_interfaces/include/buff_interfaces/buff_interfaces/msg/detail/blade__functions.h
[2.102s] -- Up-to-date symlink: /home/ats/rv2/install/buff_interfaces/include/buff_interfaces/buff_interfaces/msg/detail/blade__struct.h
[2.102s] -- Up-to-date symlink: /home/ats/rv2/install/buff_interfaces/include/buff_interfaces/buff_interfaces/msg/detail/blade__type_support.h
[2.102s] -- Up-to-date symlink: /home/ats/rv2/install/buff_interfaces/include/buff_interfaces/buff_interfaces/msg/detail/blade_array__functions.h
[2.103s] -- Up-to-date symlink: /home/ats/rv2/install/buff_interfaces/include/buff_interfaces/buff_interfaces/msg/detail/blade_array__struct.h
[2.103s] -- Up-to-date symlink: /home/ats/rv2/install/buff_interfaces/include/buff_interfaces/buff_interfaces/msg/detail/blade_array__type_support.h
[2.103s] -- Up-to-date symlink: /home/ats/rv2/install/buff_interfaces/include/buff_interfaces/buff_interfaces/msg/detail/debug_blade__functions.h
[2.103s] -- Up-to-date symlink: /home/ats/rv2/install/buff_interfaces/include/buff_interfaces/buff_interfaces/msg/detail/debug_blade__struct.h
[2.103s] -- Up-to-date symlink: /home/ats/rv2/install/buff_interfaces/include/buff_interfaces/buff_interfaces/msg/detail/debug_blade__type_support.h
[2.103s] -- Up-to-date symlink: /home/ats/rv2/install/buff_interfaces/include/buff_interfaces/buff_interfaces/msg/detail/debug_blade_array__functions.h
[2.104s] -- Up-to-date symlink: /home/ats/rv2/install/buff_interfaces/include/buff_interfaces/buff_interfaces/msg/detail/debug_blade_array__struct.h
[2.104s] -- Up-to-date symlink: /home/ats/rv2/install/buff_interfaces/include/buff_interfaces/buff_interfaces/msg/detail/debug_blade_array__type_support.h
[2.104s] -- Up-to-date symlink: /home/ats/rv2/install/buff_interfaces/include/buff_interfaces/buff_interfaces/msg/detail/rune__functions.h
[2.104s] -- Up-to-date symlink: /home/ats/rv2/install/buff_interfaces/include/buff_interfaces/buff_interfaces/msg/detail/rune__struct.h
[2.105s] -- Up-to-date symlink: /home/ats/rv2/install/buff_interfaces/include/buff_interfaces/buff_interfaces/msg/detail/rune__type_support.h
[2.105s] -- Up-to-date symlink: /home/ats/rv2/install/buff_interfaces/include/buff_interfaces/buff_interfaces/msg/detail/rune_info__functions.h
[2.105s] -- Up-to-date symlink: /home/ats/rv2/install/buff_interfaces/include/buff_interfaces/buff_interfaces/msg/detail/rune_info__struct.h
[2.106s] -- Up-to-date symlink: /home/ats/rv2/install/buff_interfaces/include/buff_interfaces/buff_interfaces/msg/detail/rune_info__type_support.h
[2.106s] -- Up-to-date symlink: /home/ats/rv2/install/buff_interfaces/include/buff_interfaces/buff_interfaces/msg/detail/time_info__functions.h
[2.106s] -- Up-to-date symlink: /home/ats/rv2/install/buff_interfaces/include/buff_interfaces/buff_interfaces/msg/detail/time_info__struct.h
[2.106s] -- Up-to-date symlink: /home/ats/rv2/install/buff_interfaces/include/buff_interfaces/buff_interfaces/msg/detail/time_info__type_support.h
[2.106s] -- Up-to-date symlink: /home/ats/rv2/install/buff_interfaces/include/buff_interfaces/buff_interfaces/msg/rosidl_generator_c__visibility_control.h
[2.106s] -- Up-to-date symlink: /home/ats/rv2/install/buff_interfaces/include/buff_interfaces/buff_interfaces/msg/rune.h
[2.107s] -- Up-to-date symlink: /home/ats/rv2/install/buff_interfaces/include/buff_interfaces/buff_interfaces/msg/rune_info.h
[2.107s] -- Up-to-date symlink: /home/ats/rv2/install/buff_interfaces/include/buff_interfaces/buff_interfaces/msg/time_info.h
[2.107s] -- Up-to-date symlink: /home/ats/rv2/install/buff_interfaces/share/buff_interfaces/environment/library_path.sh
[2.107s] -- Up-to-date symlink: /home/ats/rv2/install/buff_interfaces/share/buff_interfaces/environment/library_path.dsv
[2.108s] -- Up-to-date symlink: /home/ats/rv2/install/buff_interfaces/include/buff_interfaces/buff_interfaces/msg/detail/blade__rosidl_typesupport_fastrtps_c.h
[2.108s] -- Up-to-date symlink: /home/ats/rv2/install/buff_interfaces/include/buff_interfaces/buff_interfaces/msg/detail/blade_array__rosidl_typesupport_fastrtps_c.h
[2.108s] -- Up-to-date symlink: /home/ats/rv2/install/buff_interfaces/include/buff_interfaces/buff_interfaces/msg/detail/debug_blade__rosidl_typesupport_fastrtps_c.h
[2.108s] -- Up-to-date symlink: /home/ats/rv2/install/buff_interfaces/include/buff_interfaces/buff_interfaces/msg/detail/debug_blade_array__rosidl_typesupport_fastrtps_c.h
[2.109s] -- Up-to-date symlink: /home/ats/rv2/install/buff_interfaces/include/buff_interfaces/buff_interfaces/msg/detail/rune__rosidl_typesupport_fastrtps_c.h
[2.109s] -- Up-to-date symlink: /home/ats/rv2/install/buff_interfaces/include/buff_interfaces/buff_interfaces/msg/detail/rune_info__rosidl_typesupport_fastrtps_c.h
[2.109s] -- Up-to-date symlink: /home/ats/rv2/install/buff_interfaces/include/buff_interfaces/buff_interfaces/msg/detail/time_info__rosidl_typesupport_fastrtps_c.h
[2.109s] -- Up-to-date symlink: /home/ats/rv2/install/buff_interfaces/include/buff_interfaces/buff_interfaces/msg/rosidl_typesupport_fastrtps_c__visibility_control.h
[2.110s] -- Up-to-date symlink: /home/ats/rv2/install/buff_interfaces/include/buff_interfaces/buff_interfaces/msg/detail/blade__rosidl_typesupport_introspection_c.h
[2.110s] -- Up-to-date symlink: /home/ats/rv2/install/buff_interfaces/include/buff_interfaces/buff_interfaces/msg/detail/blade_array__rosidl_typesupport_introspection_c.h
[2.110s] -- Up-to-date symlink: /home/ats/rv2/install/buff_interfaces/include/buff_interfaces/buff_interfaces/msg/detail/debug_blade__rosidl_typesupport_introspection_c.h
[2.111s] -- Up-to-date symlink: /home/ats/rv2/install/buff_interfaces/include/buff_interfaces/buff_interfaces/msg/detail/debug_blade_array__rosidl_typesupport_introspection_c.h
[2.111s] -- Up-to-date symlink: /home/ats/rv2/install/buff_interfaces/include/buff_interfaces/buff_interfaces/msg/detail/rune__rosidl_typesupport_introspection_c.h
[2.111s] -- Up-to-date symlink: /home/ats/rv2/install/buff_interfaces/include/buff_interfaces/buff_interfaces/msg/detail/rune_info__rosidl_typesupport_introspection_c.h
[2.111s] -- Up-to-date symlink: /home/ats/rv2/install/buff_interfaces/include/buff_interfaces/buff_interfaces/msg/detail/time_info__rosidl_typesupport_introspection_c.h
[2.112s] -- Up-to-date symlink: /home/ats/rv2/install/buff_interfaces/include/buff_interfaces/buff_interfaces/msg/rosidl_typesupport_introspection_c__visibility_control.h
[2.112s] -- Up-to-date symlink: /home/ats/rv2/install/buff_interfaces/include/buff_interfaces/buff_interfaces/msg/blade.hpp
[2.112s] -- Up-to-date symlink: /home/ats/rv2/install/buff_interfaces/include/buff_interfaces/buff_interfaces/msg/blade_array.hpp
[2.113s] -- Up-to-date symlink: /home/ats/rv2/install/buff_interfaces/include/buff_interfaces/buff_interfaces/msg/debug_blade.hpp
[2.113s] -- Up-to-date symlink: /home/ats/rv2/install/buff_interfaces/include/buff_interfaces/buff_interfaces/msg/debug_blade_array.hpp
[2.113s] -- Up-to-date symlink: /home/ats/rv2/install/buff_interfaces/include/buff_interfaces/buff_interfaces/msg/detail/blade__builder.hpp
[2.113s] -- Up-to-date symlink: /home/ats/rv2/install/buff_interfaces/include/buff_interfaces/buff_interfaces/msg/detail/blade__struct.hpp
[2.114s] -- Up-to-date symlink: /home/ats/rv2/install/buff_interfaces/include/buff_interfaces/buff_interfaces/msg/detail/blade__traits.hpp
[2.114s] -- Up-to-date symlink: /home/ats/rv2/install/buff_interfaces/include/buff_interfaces/buff_interfaces/msg/detail/blade_array__builder.hpp
[2.114s] -- Up-to-date symlink: /home/ats/rv2/install/buff_interfaces/include/buff_interfaces/buff_interfaces/msg/detail/blade_array__struct.hpp
[2.114s] -- Up-to-date symlink: /home/ats/rv2/install/buff_interfaces/include/buff_interfaces/buff_interfaces/msg/detail/blade_array__traits.hpp
[2.114s] -- Up-to-date symlink: /home/ats/rv2/install/buff_interfaces/include/buff_interfaces/buff_interfaces/msg/detail/debug_blade__builder.hpp
[2.115s] -- Up-to-date symlink: /home/ats/rv2/install/buff_interfaces/include/buff_interfaces/buff_interfaces/msg/detail/debug_blade__struct.hpp
[2.115s] -- Up-to-date symlink: /home/ats/rv2/install/buff_interfaces/include/buff_interfaces/buff_interfaces/msg/detail/debug_blade__traits.hpp
[2.115s] -- Up-to-date symlink: /home/ats/rv2/install/buff_interfaces/include/buff_interfaces/buff_interfaces/msg/detail/debug_blade_array__builder.hpp
[2.115s] -- Up-to-date symlink: /home/ats/rv2/install/buff_interfaces/include/buff_interfaces/buff_interfaces/msg/detail/debug_blade_array__struct.hpp
[2.115s] -- Up-to-date symlink: /home/ats/rv2/install/buff_interfaces/include/buff_interfaces/buff_interfaces/msg/detail/debug_blade_array__traits.hpp
[2.116s] -- Up-to-date symlink: /home/ats/rv2/install/buff_interfaces/include/buff_interfaces/buff_interfaces/msg/detail/rune__builder.hpp
[2.116s] -- Up-to-date symlink: /home/ats/rv2/install/buff_interfaces/include/buff_interfaces/buff_interfaces/msg/detail/rune__struct.hpp
[2.116s] -- Up-to-date symlink: /home/ats/rv2/install/buff_interfaces/include/buff_interfaces/buff_interfaces/msg/detail/rune__traits.hpp
[2.116s] -- Up-to-date symlink: /home/ats/rv2/install/buff_interfaces/include/buff_interfaces/buff_interfaces/msg/detail/rune_info__builder.hpp
[2.117s] -- Up-to-date symlink: /home/ats/rv2/install/buff_interfaces/include/buff_interfaces/buff_interfaces/msg/detail/rune_info__struct.hpp
[2.117s] -- Up-to-date symlink: /home/ats/rv2/install/buff_interfaces/include/buff_interfaces/buff_interfaces/msg/detail/rune_info__traits.hpp
[2.117s] -- Up-to-date symlink: /home/ats/rv2/install/buff_interfaces/include/buff_interfaces/buff_interfaces/msg/detail/time_info__builder.hpp
[2.117s] -- Up-to-date symlink: /home/ats/rv2/install/buff_interfaces/include/buff_interfaces/buff_interfaces/msg/detail/time_info__struct.hpp
[2.117s] -- Up-to-date symlink: /home/ats/rv2/install/buff_interfaces/include/buff_interfaces/buff_interfaces/msg/detail/time_info__traits.hpp
[2.118s] -- Up-to-date symlink: /home/ats/rv2/install/buff_interfaces/include/buff_interfaces/buff_interfaces/msg/rune.hpp
[2.118s] -- Up-to-date symlink: /home/ats/rv2/install/buff_interfaces/include/buff_interfaces/buff_interfaces/msg/rune_info.hpp
[2.118s] -- Up-to-date symlink: /home/ats/rv2/install/buff_interfaces/include/buff_interfaces/buff_interfaces/msg/time_info.hpp
[2.119s] -- Up-to-date symlink: /home/ats/rv2/install/buff_interfaces/include/buff_interfaces/buff_interfaces/msg/detail/blade__rosidl_typesupport_fastrtps_cpp.hpp
[2.119s] -- Up-to-date symlink: /home/ats/rv2/install/buff_interfaces/include/buff_interfaces/buff_interfaces/msg/detail/blade_array__rosidl_typesupport_fastrtps_cpp.hpp
[2.119s] -- Up-to-date symlink: /home/ats/rv2/install/buff_interfaces/include/buff_interfaces/buff_interfaces/msg/detail/debug_blade__rosidl_typesupport_fastrtps_cpp.hpp
[2.120s] -- Up-to-date symlink: /home/ats/rv2/install/buff_interfaces/include/buff_interfaces/buff_interfaces/msg/detail/debug_blade_array__rosidl_typesupport_fastrtps_cpp.hpp
[2.120s] -- Up-to-date symlink: /home/ats/rv2/install/buff_interfaces/include/buff_interfaces/buff_interfaces/msg/detail/rune__rosidl_typesupport_fastrtps_cpp.hpp
[2.120s] -- Up-to-date symlink: /home/ats/rv2/install/buff_interfaces/include/buff_interfaces/buff_interfaces/msg/detail/rune_info__rosidl_typesupport_fastrtps_cpp.hpp
[2.120s] -- Up-to-date symlink: /home/ats/rv2/install/buff_interfaces/include/buff_interfaces/buff_interfaces/msg/detail/time_info__rosidl_typesupport_fastrtps_cpp.hpp
[2.120s] -- Up-to-date symlink: /home/ats/rv2/install/buff_interfaces/include/buff_interfaces/buff_interfaces/msg/rosidl_typesupport_fastrtps_cpp__visibility_control.h
[2.121s] -- Up-to-date symlink: /home/ats/rv2/install/buff_interfaces/include/buff_interfaces/buff_interfaces/msg/detail/blade__rosidl_typesupport_introspection_cpp.hpp
[2.121s] -- Up-to-date symlink: /home/ats/rv2/install/buff_interfaces/include/buff_interfaces/buff_interfaces/msg/detail/blade_array__rosidl_typesupport_introspection_cpp.hpp
[2.121s] -- Up-to-date symlink: /home/ats/rv2/install/buff_interfaces/include/buff_interfaces/buff_interfaces/msg/detail/debug_blade__rosidl_typesupport_introspection_cpp.hpp
[2.122s] -- Up-to-date symlink: /home/ats/rv2/install/buff_interfaces/include/buff_interfaces/buff_interfaces/msg/detail/debug_blade_array__rosidl_typesupport_introspection_cpp.hpp
[2.122s] -- Up-to-date symlink: /home/ats/rv2/install/buff_interfaces/include/buff_interfaces/buff_interfaces/msg/detail/rune__rosidl_typesupport_introspection_cpp.hpp
[2.122s] -- Up-to-date symlink: /home/ats/rv2/install/buff_interfaces/include/buff_interfaces/buff_interfaces/msg/detail/rune_info__rosidl_typesupport_introspection_cpp.hpp
[2.122s] -- Up-to-date symlink: /home/ats/rv2/install/buff_interfaces/include/buff_interfaces/buff_interfaces/msg/detail/time_info__rosidl_typesupport_introspection_cpp.hpp
[2.123s] -- Up-to-date symlink: /home/ats/rv2/install/buff_interfaces/share/buff_interfaces/environment/pythonpath.sh
[2.123s] -- Up-to-date symlink: /home/ats/rv2/install/buff_interfaces/share/buff_interfaces/environment/pythonpath.dsv
[2.123s] -- Up-to-date symlink: /home/ats/rv2/install/buff_interfaces/local/lib/python3.10/dist-packages/buff_interfaces-1.0.0-py3.10.egg-info/PKG-INFO
[2.123s] -- Up-to-date symlink: /home/ats/rv2/install/buff_interfaces/local/lib/python3.10/dist-packages/buff_interfaces-1.0.0-py3.10.egg-info/SOURCES.txt
[2.123s] -- Up-to-date symlink: /home/ats/rv2/install/buff_interfaces/local/lib/python3.10/dist-packages/buff_interfaces-1.0.0-py3.10.egg-info/dependency_links.txt
[2.124s] -- Up-to-date symlink: /home/ats/rv2/install/buff_interfaces/local/lib/python3.10/dist-packages/buff_interfaces-1.0.0-py3.10.egg-info/top_level.txt
[2.124s] -- Up-to-date symlink: /home/ats/rv2/install/buff_interfaces/local/lib/python3.10/dist-packages/buff_interfaces/__init__.py
[2.124s] -- Up-to-date symlink: /home/ats/rv2/install/buff_interfaces/local/lib/python3.10/dist-packages/buff_interfaces/_buff_interfaces_s.ep.rosidl_typesupport_c.c
[2.125s] -- Up-to-date symlink: /home/ats/rv2/install/buff_interfaces/local/lib/python3.10/dist-packages/buff_interfaces/_buff_interfaces_s.ep.rosidl_typesupport_fastrtps_c.c
[2.125s] -- Up-to-date symlink: /home/ats/rv2/install/buff_interfaces/local/lib/python3.10/dist-packages/buff_interfaces/_buff_interfaces_s.ep.rosidl_typesupport_introspection_c.c
[2.125s] -- Up-to-date symlink: /home/ats/rv2/install/buff_interfaces/local/lib/python3.10/dist-packages/buff_interfaces/buff_interfaces_s__rosidl_typesupport_c.cpython-310-x86_64-linux-gnu.so
[2.125s] -- Up-to-date symlink: /home/ats/rv2/install/buff_interfaces/local/lib/python3.10/dist-packages/buff_interfaces/buff_interfaces_s__rosidl_typesupport_fastrtps_c.cpython-310-x86_64-linux-gnu.so
[2.125s] -- Up-to-date symlink: /home/ats/rv2/install/buff_interfaces/local/lib/python3.10/dist-packages/buff_interfaces/buff_interfaces_s__rosidl_typesupport_introspection_c.cpython-310-x86_64-linux-gnu.so
[2.125s] -- Up-to-date symlink: /home/ats/rv2/install/buff_interfaces/local/lib/python3.10/dist-packages/buff_interfaces/libbuff_interfaces__rosidl_generator_py.so
[2.126s] -- Up-to-date symlink: /home/ats/rv2/install/buff_interfaces/local/lib/python3.10/dist-packages/buff_interfaces/msg/__init__.py
[2.126s] -- Up-to-date symlink: /home/ats/rv2/install/buff_interfaces/local/lib/python3.10/dist-packages/buff_interfaces/msg/_blade.py
[2.126s] -- Up-to-date symlink: /home/ats/rv2/install/buff_interfaces/local/lib/python3.10/dist-packages/buff_interfaces/msg/_blade_array.py
[2.126s] -- Up-to-date symlink: /home/ats/rv2/install/buff_interfaces/local/lib/python3.10/dist-packages/buff_interfaces/msg/_blade_array_s.c
[2.126s] -- Up-to-date symlink: /home/ats/rv2/install/buff_interfaces/local/lib/python3.10/dist-packages/buff_interfaces/msg/_blade_s.c
[2.126s] -- Up-to-date symlink: /home/ats/rv2/install/buff_interfaces/local/lib/python3.10/dist-packages/buff_interfaces/msg/_debug_blade.py
[2.126s] -- Up-to-date symlink: /home/ats/rv2/install/buff_interfaces/local/lib/python3.10/dist-packages/buff_interfaces/msg/_debug_blade_array.py
[2.127s] -- Up-to-date symlink: /home/ats/rv2/install/buff_interfaces/local/lib/python3.10/dist-packages/buff_interfaces/msg/_debug_blade_array_s.c
[2.127s] -- Up-to-date symlink: /home/ats/rv2/install/buff_interfaces/local/lib/python3.10/dist-packages/buff_interfaces/msg/_debug_blade_s.c
[2.127s] -- Up-to-date symlink: /home/ats/rv2/install/buff_interfaces/local/lib/python3.10/dist-packages/buff_interfaces/msg/_rune.py
[2.127s] -- Up-to-date symlink: /home/ats/rv2/install/buff_interfaces/local/lib/python3.10/dist-packages/buff_interfaces/msg/_rune_info.py
[2.127s] -- Up-to-date symlink: /home/ats/rv2/install/buff_interfaces/local/lib/python3.10/dist-packages/buff_interfaces/msg/_rune_info_s.c
[2.127s] -- Up-to-date symlink: /home/ats/rv2/install/buff_interfaces/local/lib/python3.10/dist-packages/buff_interfaces/msg/_rune_s.c
[2.127s] -- Up-to-date symlink: /home/ats/rv2/install/buff_interfaces/local/lib/python3.10/dist-packages/buff_interfaces/msg/_time_info.py
[2.127s] -- Up-to-date symlink: /home/ats/rv2/install/buff_interfaces/local/lib/python3.10/dist-packages/buff_interfaces/msg/_time_info_s.c
[2.128s] -- Up-to-date symlink: /home/ats/rv2/install/buff_interfaces/local/lib/python3.10/dist-packages/buff_interfaces/buff_interfaces_s__rosidl_typesupport_fastrtps_c.cpython-310-x86_64-linux-gnu.so
[2.128s] -- Up-to-date symlink: /home/ats/rv2/install/buff_interfaces/local/lib/python3.10/dist-packages/buff_interfaces/buff_interfaces_s__rosidl_typesupport_introspection_c.cpython-310-x86_64-linux-gnu.so
[2.129s] -- Up-to-date symlink: /home/ats/rv2/install/buff_interfaces/local/lib/python3.10/dist-packages/buff_interfaces/buff_interfaces_s__rosidl_typesupport_c.cpython-310-x86_64-linux-gnu.so
[2.129s] -- Up-to-date symlink: /home/ats/rv2/install/buff_interfaces/share/buff_interfaces/msg/Blade.idl
[2.129s] -- Up-to-date symlink: /home/ats/rv2/install/buff_interfaces/share/buff_interfaces/msg/BladeArray.idl
[2.129s] -- Up-to-date symlink: /home/ats/rv2/install/buff_interfaces/share/buff_interfaces/msg/DebugBlade.idl
[2.129s] -- Up-to-date symlink: /home/ats/rv2/install/buff_interfaces/share/buff_interfaces/msg/DebugBladeArray.idl
[2.130s] -- Up-to-date symlink: /home/ats/rv2/install/buff_interfaces/share/buff_interfaces/msg/Rune.idl
[2.130s] -- Up-to-date symlink: /home/ats/rv2/install/buff_interfaces/share/buff_interfaces/msg/RuneInfo.idl
[2.130s] -- Up-to-date symlink: /home/ats/rv2/install/buff_interfaces/share/buff_interfaces/msg/TimeInfo.idl
[2.130s] -- Up-to-date symlink: /home/ats/rv2/install/buff_interfaces/share/buff_interfaces/msg/Blade.msg
[2.130s] -- Up-to-date symlink: /home/ats/rv2/install/buff_interfaces/share/buff_interfaces/msg/BladeArray.msg
[2.130s] -- Up-to-date symlink: /home/ats/rv2/install/buff_interfaces/share/buff_interfaces/msg/DebugBlade.msg
[2.131s] -- Up-to-date symlink: /home/ats/rv2/install/buff_interfaces/share/buff_interfaces/msg/DebugBladeArray.msg
[2.131s] -- Up-to-date symlink: /home/ats/rv2/install/buff_interfaces/share/buff_interfaces/msg/Rune.msg
[2.131s] -- Up-to-date symlink: /home/ats/rv2/install/buff_interfaces/share/buff_interfaces/msg/RuneInfo.msg
[2.131s] -- Up-to-date symlink: /home/ats/rv2/install/buff_interfaces/share/buff_interfaces/msg/TimeInfo.msg
[2.131s] -- Up-to-date symlink: /home/ats/rv2/install/buff_interfaces/share/ament_index/resource_index/package_run_dependencies/buff_interfaces
[2.131s] -- Up-to-date symlink: /home/ats/rv2/install/buff_interfaces/share/ament_index/resource_index/parent_prefix_path/buff_interfaces
[2.132s] -- Up-to-date symlink: /home/ats/rv2/install/buff_interfaces/share/buff_interfaces/environment/ament_prefix_path.sh
[2.132s] -- Up-to-date symlink: /home/ats/rv2/install/buff_interfaces/share/buff_interfaces/environment/ament_prefix_path.dsv
[2.132s] -- Up-to-date symlink: /home/ats/rv2/install/buff_interfaces/share/buff_interfaces/environment/path.sh
[2.132s] -- Up-to-date symlink: /home/ats/rv2/install/buff_interfaces/share/buff_interfaces/environment/path.dsv
[2.132s] -- Up-to-date symlink: /home/ats/rv2/install/buff_interfaces/share/buff_interfaces/local_setup.bash
[2.132s] -- Up-to-date symlink: /home/ats/rv2/install/buff_interfaces/share/buff_interfaces/local_setup.sh
[2.133s] -- Up-to-date symlink: /home/ats/rv2/install/buff_interfaces/share/buff_interfaces/local_setup.zsh
[2.133s] -- Up-to-date symlink: /home/ats/rv2/install/buff_interfaces/share/buff_interfaces/local_setup.dsv
[2.133s] -- Symlinking: /home/ats/rv2/install/buff_interfaces/share/buff_interfaces/package.dsv
[2.145s] -- Up-to-date symlink: /home/ats/rv2/install/buff_interfaces/share/ament_index/resource_index/packages/buff_interfaces
[2.145s] -- Up-to-date symlink: /home/ats/rv2/install/buff_interfaces/share/buff_interfaces/cmake/rosidl_cmake-extras.cmake
[2.145s] -- Up-to-date symlink: /home/ats/rv2/install/buff_interfaces/share/buff_interfaces/cmake/ament_cmake_export_dependencies-extras.cmake
[2.145s] -- Up-to-date symlink: /home/ats/rv2/install/buff_interfaces/share/buff_interfaces/cmake/ament_cmake_export_include_directories-extras.cmake
[2.145s] -- Up-to-date symlink: /home/ats/rv2/install/buff_interfaces/share/buff_interfaces/cmake/ament_cmake_export_libraries-extras.cmake
[2.145s] -- Up-to-date symlink: /home/ats/rv2/install/buff_interfaces/share/buff_interfaces/cmake/ament_cmake_export_targets-extras.cmake
[2.145s] -- Up-to-date symlink: /home/ats/rv2/install/buff_interfaces/share/buff_interfaces/cmake/rosidl_cmake_export_typesupport_targets-extras.cmake
[2.146s] -- Up-to-date symlink: /home/ats/rv2/install/buff_interfaces/share/buff_interfaces/cmake/rosidl_cmake_export_typesupport_libraries-extras.cmake
[2.146s] -- Up-to-date symlink: /home/ats/rv2/install/buff_interfaces/share/buff_interfaces/cmake/buff_interfacesConfig.cmake
[2.146s] -- Up-to-date symlink: /home/ats/rv2/install/buff_interfaces/share/buff_interfaces/cmake/buff_interfacesConfig-version.cmake
[2.146s] -- Up-to-date symlink: /home/ats/rv2/install/buff_interfaces/share/buff_interfaces/package.xml
[2.146s] -- Up-to-date: /home/ats/rv2/install/buff_interfaces/lib/libbuff_interfaces__rosidl_generator_c.so
[2.147s] -- Installing: /home/ats/rv2/install/buff_interfaces/lib/libbuff_interfaces__rosidl_typesupport_fastrtps_c.so
[2.147s] -- Set runtime path of "/home/ats/rv2/install/buff_interfaces/lib/libbuff_interfaces__rosidl_typesupport_fastrtps_c.so" to ""
[2.147s] -- Up-to-date: /home/ats/rv2/install/buff_interfaces/lib/libbuff_interfaces__rosidl_typesupport_introspection_c.so
[2.148s] -- Up-to-date: /home/ats/rv2/install/buff_interfaces/lib/libbuff_interfaces__rosidl_typesupport_c.so
[2.148s] -- Installing: /home/ats/rv2/install/buff_interfaces/lib/libbuff_interfaces__rosidl_typesupport_fastrtps_cpp.so
[2.148s] -- Set runtime path of "/home/ats/rv2/install/buff_interfaces/lib/libbuff_interfaces__rosidl_typesupport_fastrtps_cpp.so" to ""
[2.148s] -- Installing: /home/ats/rv2/install/buff_interfaces/lib/libbuff_interfaces__rosidl_typesupport_introspection_cpp.so
[2.148s] -- Set runtime path of "/home/ats/rv2/install/buff_interfaces/lib/libbuff_interfaces__rosidl_typesupport_introspection_cpp.so" to ""
[2.148s] -- Installing: /home/ats/rv2/install/buff_interfaces/lib/libbuff_interfaces__rosidl_typesupport_cpp.so
[2.148s] -- Set runtime path of "/home/ats/rv2/install/buff_interfaces/lib/libbuff_interfaces__rosidl_typesupport_cpp.so" to ""
[2.174s] Listing '/home/ats/rv2/install/buff_interfaces/local/lib/python3.10/dist-packages/buff_interfaces'...
[2.174s] Listing '/home/ats/rv2/install/buff_interfaces/local/lib/python3.10/dist-packages/buff_interfaces/msg'...
[2.177s] -- Installing: /home/ats/rv2/install/buff_interfaces/lib/libbuff_interfaces__rosidl_generator_py.so
[2.177s] -- Set runtime path of "/home/ats/rv2/install/buff_interfaces/lib/libbuff_interfaces__rosidl_generator_py.so" to ""
[2.178s] -- Up-to-date: /home/ats/rv2/install/buff_interfaces/share/buff_interfaces/cmake/export_buff_interfaces__rosidl_generator_cExport.cmake
[2.178s] -- Up-to-date: /home/ats/rv2/install/buff_interfaces/share/buff_interfaces/cmake/export_buff_interfaces__rosidl_generator_cExport-noconfig.cmake
[2.178s] -- Up-to-date: /home/ats/rv2/install/buff_interfaces/share/buff_interfaces/cmake/export_buff_interfaces__rosidl_typesupport_fastrtps_cExport.cmake
[2.178s] -- Up-to-date: /home/ats/rv2/install/buff_interfaces/share/buff_interfaces/cmake/export_buff_interfaces__rosidl_typesupport_fastrtps_cExport-noconfig.cmake
[2.178s] -- Up-to-date: /home/ats/rv2/install/buff_interfaces/share/buff_interfaces/cmake/buff_interfaces__rosidl_typesupport_introspection_cExport.cmake
[2.178s] -- Up-to-date: /home/ats/rv2/install/buff_interfaces/share/buff_interfaces/cmake/buff_interfaces__rosidl_typesupport_introspection_cExport-noconfig.cmake
[2.179s] -- Up-to-date: /home/ats/rv2/install/buff_interfaces/share/buff_interfaces/cmake/buff_interfaces__rosidl_typesupport_cExport.cmake
[2.179s] -- Up-to-date: /home/ats/rv2/install/buff_interfaces/share/buff_interfaces/cmake/buff_interfaces__rosidl_typesupport_cExport-noconfig.cmake
[2.179s] -- Up-to-date: /home/ats/rv2/install/buff_interfaces/share/buff_interfaces/cmake/export_buff_interfaces__rosidl_generator_cppExport.cmake
[2.179s] -- Up-to-date: /home/ats/rv2/install/buff_interfaces/share/buff_interfaces/cmake/export_buff_interfaces__rosidl_typesupport_fastrtps_cppExport.cmake
[2.179s] -- Up-to-date: /home/ats/rv2/install/buff_interfaces/share/buff_interfaces/cmake/export_buff_interfaces__rosidl_typesupport_fastrtps_cppExport-noconfig.cmake
[2.179s] -- Up-to-date: /home/ats/rv2/install/buff_interfaces/share/buff_interfaces/cmake/buff_interfaces__rosidl_typesupport_introspection_cppExport.cmake
[2.179s] -- Up-to-date: /home/ats/rv2/install/buff_interfaces/share/buff_interfaces/cmake/buff_interfaces__rosidl_typesupport_introspection_cppExport-noconfig.cmake
[2.179s] -- Up-to-date: /home/ats/rv2/install/buff_interfaces/share/buff_interfaces/cmake/buff_interfaces__rosidl_typesupport_cppExport.cmake
[2.180s] -- Up-to-date: /home/ats/rv2/install/buff_interfaces/share/buff_interfaces/cmake/buff_interfaces__rosidl_typesupport_cppExport-noconfig.cmake
[2.180s] -- Up-to-date: /home/ats/rv2/install/buff_interfaces/share/buff_interfaces/cmake/export_buff_interfaces__rosidl_generator_pyExport.cmake
[2.180s] -- Up-to-date: /home/ats/rv2/install/buff_interfaces/share/buff_interfaces/cmake/export_buff_interfaces__rosidl_generator_pyExport-noconfig.cmake
[2.182s] Invoked command in '/home/ats/rv2/build/buff_interfaces' returned '0': CMAKE_PREFIX_PATH=${CMAKE_PREFIX_PATH}:/opt/ros/humble /usr/bin/cmake --install /home/ats/rv2/build/buff_interfaces
