[0.007s] Invoking command in '/home/ats/rv2/build/buff_tracker': AMENT_PREFIX_PATH=/home/ats/rv2/install/buff_interfaces:${AMENT_PREFIX_PATH} CMAKE_PREFIX_PATH=/home/ats/rv2/install/buff_interfaces:/opt/ros/humble LD_LIBRARY_PATH=/home/ats/rv2/install/buff_interfaces/lib:${LD_LIBRARY_PATH} PYTHONPATH=/home/ats/rv2/install/buff_interfaces/local/lib/python3.10/dist-packages:${PYTHONPATH} /usr/bin/cmake /home/ats/rv2/src/rm_buff/buff_tracker -DAMENT_CMAKE_SYMLINK_INSTALL=1 -DCMAKE_INSTALL_PREFIX=/home/ats/rv2/install/buff_tracker
[0.039s] -- The C compiler identification is GNU 11.4.0
[0.073s] -- The CXX compiler identification is GNU 11.4.0
[0.078s] -- Detecting C compiler ABI info
[0.119s] -- Detecting C compiler ABI info - done
[0.124s] -- Check for working C compiler: /usr/bin/cc - skipped
[0.124s] -- Detecting C compile features
[0.124s] -- Detecting C compile features - done
[0.126s] -- Detecting CXX compiler ABI info
[0.174s] -- Detecting CXX compiler ABI info - done
[0.179s] -- Check for working CXX compiler: /usr/bin/c++ - skipped
[0.179s] -- Detecting CXX compile features
[0.179s] -- Detecting CXX compile features - done
[0.180s] -- Found ament_cmake_auto: 1.3.10 (/opt/ros/humble/share/ament_cmake_auto/cmake)
[0.278s] -- Found Python3: /usr/bin/python3 (found version "3.10.12") found components: Interpreter 
[0.317s] -- Override CMake install command with custom implementation using symlinks instead of copying resources
[0.335s] -- Found OpenCV: /usr (found version "4.5.4") 
[0.402s] -- Found rosidl_generator_c: 3.1.5 (/opt/ros/humble/share/rosidl_generator_c/cmake)
[0.405s] -- Found rosidl_adapter: 3.1.5 (/opt/ros/humble/share/rosidl_adapter/cmake)
[0.410s] -- Found rosidl_generator_cpp: 3.1.5 (/opt/ros/humble/share/rosidl_generator_cpp/cmake)
[0.418s] -- Using all available rosidl_typesupport_c: rosidl_typesupport_fastrtps_c;rosidl_typesupport_introspection_c
[0.428s] -- Using all available rosidl_typesupport_cpp: rosidl_typesupport_fastrtps_cpp;rosidl_typesupport_introspection_cpp
[0.454s] -- Found rmw_implementation_cmake: 6.1.2 (/opt/ros/humble/share/rmw_implementation_cmake/cmake)
[0.455s] -- Found rmw_fastrtps_cpp: 6.2.7 (/opt/ros/humble/share/rmw_fastrtps_cpp/cmake)
[0.510s] -- Found OpenSSL: /usr/lib/x86_64-linux-gnu/libcrypto.so (found version "3.0.2")  
[0.527s] -- Found FastRTPS: /opt/ros/humble/include  
[0.554s] -- Using RMW implementation 'rmw_fastrtps_cpp' as default
[0.559s] -- Looking for pthread.h
[0.606s] -- Looking for pthread.h - found
[0.606s] -- Performing Test CMAKE_HAVE_LIBC_PTHREAD
[0.656s] -- Performing Test CMAKE_HAVE_LIBC_PTHREAD - Success
[0.657s] -- Found Threads: TRUE  
[0.777s] -- Found eigen3_cmake_module: 0.1.1 (/opt/ros/humble/share/eigen3_cmake_module/cmake)
[0.778s] -- Found Eigen3: TRUE (found version "3.4.0") 
[0.778s] -- Ensuring Eigen3 include directory is part of orocos-kdl CMake target
[0.839s] -- Found ament_lint_auto: 0.12.11 (/opt/ros/humble/share/ament_lint_auto/cmake)
[0.852s] -- Added test 'cppcheck' to perform static code analysis on C / C++ code
[0.853s] -- Configured cppcheck include dirs: /home/ats/rv2/src/rm_buff/buff_tracker/include
[0.853s] -- Configured cppcheck exclude dirs and/or files: 
[0.853s] -- Added test 'lint_cmake' to check CMake code style
[0.853s] -- Added test 'xmllint' to check XML markup files
[0.855s] -- Configuring done
[0.867s] -- Generating done
[0.869s] -- Build files have been written to: /home/ats/rv2/build/buff_tracker
[0.878s] Invoked command in '/home/ats/rv2/build/buff_tracker' returned '0': AMENT_PREFIX_PATH=/home/ats/rv2/install/buff_interfaces:${AMENT_PREFIX_PATH} CMAKE_PREFIX_PATH=/home/ats/rv2/install/buff_interfaces:/opt/ros/humble LD_LIBRARY_PATH=/home/ats/rv2/install/buff_interfaces/lib:${LD_LIBRARY_PATH} PYTHONPATH=/home/ats/rv2/install/buff_interfaces/local/lib/python3.10/dist-packages:${PYTHONPATH} /usr/bin/cmake /home/ats/rv2/src/rm_buff/buff_tracker -DAMENT_CMAKE_SYMLINK_INSTALL=1 -DCMAKE_INSTALL_PREFIX=/home/ats/rv2/install/buff_tracker
[0.879s] Invoking command in '/home/ats/rv2/build/buff_tracker': AMENT_PREFIX_PATH=/home/ats/rv2/install/buff_interfaces:${AMENT_PREFIX_PATH} CMAKE_PREFIX_PATH=/home/ats/rv2/install/buff_interfaces:/opt/ros/humble LD_LIBRARY_PATH=/home/ats/rv2/install/buff_interfaces/lib:${LD_LIBRARY_PATH} PYTHONPATH=/home/ats/rv2/install/buff_interfaces/local/lib/python3.10/dist-packages:${PYTHONPATH} /usr/bin/cmake --build /home/ats/rv2/build/buff_tracker -- -j32 -l32
[0.913s] [ 14%] [32mBuilding CXX object CMakeFiles/buff_tracker.dir/src/extended_kalman_filter.cpp.o[0m
[0.916s] [ 28%] [32mBuilding CXX object CMakeFiles/buff_tracker.dir/src/gauss_newton_solver.cpp.o[0m
[0.916s] [ 42%] [32mBuilding CXX object CMakeFiles/buff_tracker.dir/src/tracker.cpp.o[0m
[0.917s] [ 57%] [32mBuilding CXX object CMakeFiles/buff_tracker.dir/src/tracker_node.cpp.o[0m
[0.920s] [ 71%] [32mBuilding CXX object CMakeFiles/buff_tracker_node.dir/rclcpp_components/node_main_buff_tracker_node.cpp.o[0m
[3.152s] [ 85%] [32m[1mLinking CXX executable buff_tracker_node[0m
[3.237s] [ 85%] Built target buff_tracker_node
[10.803s] [100%] [32m[1mLinking CXX shared library libbuff_tracker.so[0m
[11.585s] [100%] Built target buff_tracker
