[0.020s] Invoking command in '/home/ats/rv2/build/rm_vision_bringup': AMENT_PREFIX_PATH=/home/ats/rv2/install/rm_auto_aim:/home/ats/rv2/install/rm_serial_driver:/home/ats/rv2/install/armor_tracker:/home/ats/rv2/install/armor_detector:/home/ats/rv2/install/buff_interfaces:/home/ats/rv2/install/auto_aim_interfaces:${AMENT_PREFIX_PATH} CMAKE_PREFIX_PATH=/home/ats/rv2/install/rm_auto_aim:/home/ats/rv2/install/rm_serial_driver:/home/ats/rv2/install/armor_tracker:/home/ats/rv2/install/armor_detector:/home/ats/rv2/install/buff_interfaces:/home/ats/rv2/install/auto_aim_interfaces:/opt/ros/humble LD_LIBRARY_PATH=/home/ats/rv2/install/rm_serial_driver/lib:/home/ats/rv2/install/armor_tracker/lib:/home/ats/rv2/install/armor_detector/lib:/home/ats/rv2/install/buff_interfaces/lib:/home/ats/rv2/install/auto_aim_interfaces/lib:/opt/ros/humble/opt/rviz_ogre_vendor/lib:/opt/ros/humble/lib/x86_64-linux-gnu:/opt/ros/humble/lib:/opt/MVS/lib/64:/opt/MVS/lib/32:/opt/MVS/lib/64:/opt/MVS/lib/32:/opt/MVS/lib/64:/opt/MVS/lib/32 PYTHONPATH=/home/ats/rv2/install/buff_interfaces/local/lib/python3.10/dist-packages:/home/ats/rv2/install/auto_aim_interfaces/local/lib/python3.10/dist-packages:${PYTHONPATH} /usr/bin/cmake --build /home/ats/rv2/build/rm_vision_bringup -- -j32 -l32
[0.052s] Invoked command in '/home/ats/rv2/build/rm_vision_bringup' returned '0': AMENT_PREFIX_PATH=/home/ats/rv2/install/rm_auto_aim:/home/ats/rv2/install/rm_serial_driver:/home/ats/rv2/install/armor_tracker:/home/ats/rv2/install/armor_detector:/home/ats/rv2/install/buff_interfaces:/home/ats/rv2/install/auto_aim_interfaces:${AMENT_PREFIX_PATH} CMAKE_PREFIX_PATH=/home/ats/rv2/install/rm_auto_aim:/home/ats/rv2/install/rm_serial_driver:/home/ats/rv2/install/armor_tracker:/home/ats/rv2/install/armor_detector:/home/ats/rv2/install/buff_interfaces:/home/ats/rv2/install/auto_aim_interfaces:/opt/ros/humble LD_LIBRARY_PATH=/home/ats/rv2/install/rm_serial_driver/lib:/home/ats/rv2/install/armor_tracker/lib:/home/ats/rv2/install/armor_detector/lib:/home/ats/rv2/install/buff_interfaces/lib:/home/ats/rv2/install/auto_aim_interfaces/lib:/opt/ros/humble/opt/rviz_ogre_vendor/lib:/opt/ros/humble/lib/x86_64-linux-gnu:/opt/ros/humble/lib:/opt/MVS/lib/64:/opt/MVS/lib/32:/opt/MVS/lib/64:/opt/MVS/lib/32:/opt/MVS/lib/64:/opt/MVS/lib/32 PYTHONPATH=/home/ats/rv2/install/buff_interfaces/local/lib/python3.10/dist-packages:/home/ats/rv2/install/auto_aim_interfaces/local/lib/python3.10/dist-packages:${PYTHONPATH} /usr/bin/cmake --build /home/ats/rv2/build/rm_vision_bringup -- -j32 -l32
[0.073s] Invoking command in '/home/ats/rv2/build/rm_vision_bringup': AMENT_PREFIX_PATH=/home/ats/rv2/install/rm_auto_aim:/home/ats/rv2/install/rm_serial_driver:/home/ats/rv2/install/armor_tracker:/home/ats/rv2/install/armor_detector:/home/ats/rv2/install/buff_interfaces:/home/ats/rv2/install/auto_aim_interfaces:${AMENT_PREFIX_PATH} CMAKE_PREFIX_PATH=/home/ats/rv2/install/rm_auto_aim:/home/ats/rv2/install/rm_serial_driver:/home/ats/rv2/install/armor_tracker:/home/ats/rv2/install/armor_detector:/home/ats/rv2/install/buff_interfaces:/home/ats/rv2/install/auto_aim_interfaces:/opt/ros/humble LD_LIBRARY_PATH=/home/ats/rv2/install/rm_serial_driver/lib:/home/ats/rv2/install/armor_tracker/lib:/home/ats/rv2/install/armor_detector/lib:/home/ats/rv2/install/buff_interfaces/lib:/home/ats/rv2/install/auto_aim_interfaces/lib:/opt/ros/humble/opt/rviz_ogre_vendor/lib:/opt/ros/humble/lib/x86_64-linux-gnu:/opt/ros/humble/lib:/opt/MVS/lib/64:/opt/MVS/lib/32:/opt/MVS/lib/64:/opt/MVS/lib/32:/opt/MVS/lib/64:/opt/MVS/lib/32 PYTHONPATH=/home/ats/rv2/install/buff_interfaces/local/lib/python3.10/dist-packages:/home/ats/rv2/install/auto_aim_interfaces/local/lib/python3.10/dist-packages:${PYTHONPATH} /usr/bin/cmake --install /home/ats/rv2/build/rm_vision_bringup
[0.081s] -- Install configuration: ""
[0.081s] -- Execute custom install script
[0.082s] -- Up-to-date symlink: /home/ats/rv2/install/rm_vision_bringup/share/rm_vision_bringup/launch/common.py
[0.082s] -- Up-to-date symlink: /home/ats/rv2/install/rm_vision_bringup/share/rm_vision_bringup/launch/no_hardware.launch.py
[0.082s] -- Up-to-date symlink: /home/ats/rv2/install/rm_vision_bringup/share/rm_vision_bringup/launch/vision_bringup.launch.py
[0.082s] -- Up-to-date symlink: /home/ats/rv2/install/rm_vision_bringup/share/rm_vision_bringup/config/camera_info.yaml
[0.083s] -- Up-to-date symlink: /home/ats/rv2/install/rm_vision_bringup/share/rm_vision_bringup/config/launch_params.yaml
[0.083s] -- Up-to-date symlink: /home/ats/rv2/install/rm_vision_bringup/share/rm_vision_bringup/config/node_params.yaml
[0.083s] -- Up-to-date symlink: /home/ats/rv2/install/rm_vision_bringup/share/ament_index/resource_index/package_run_dependencies/rm_vision_bringup
[0.083s] -- Up-to-date symlink: /home/ats/rv2/install/rm_vision_bringup/share/ament_index/resource_index/parent_prefix_path/rm_vision_bringup
[0.084s] -- Up-to-date symlink: /home/ats/rv2/install/rm_vision_bringup/share/rm_vision_bringup/environment/ament_prefix_path.sh
[0.084s] -- Up-to-date symlink: /home/ats/rv2/install/rm_vision_bringup/share/rm_vision_bringup/environment/ament_prefix_path.dsv
[0.084s] -- Up-to-date symlink: /home/ats/rv2/install/rm_vision_bringup/share/rm_vision_bringup/environment/path.sh
[0.084s] -- Up-to-date symlink: /home/ats/rv2/install/rm_vision_bringup/share/rm_vision_bringup/environment/path.dsv
[0.084s] -- Up-to-date symlink: /home/ats/rv2/install/rm_vision_bringup/share/rm_vision_bringup/local_setup.bash
[0.084s] -- Up-to-date symlink: /home/ats/rv2/install/rm_vision_bringup/share/rm_vision_bringup/local_setup.sh
[0.084s] -- Up-to-date symlink: /home/ats/rv2/install/rm_vision_bringup/share/rm_vision_bringup/local_setup.zsh
[0.084s] -- Up-to-date symlink: /home/ats/rv2/install/rm_vision_bringup/share/rm_vision_bringup/local_setup.dsv
[0.084s] -- Symlinking: /home/ats/rv2/install/rm_vision_bringup/share/rm_vision_bringup/package.dsv
[0.090s] -- Up-to-date symlink: /home/ats/rv2/install/rm_vision_bringup/share/ament_index/resource_index/packages/rm_vision_bringup
[0.091s] -- Up-to-date symlink: /home/ats/rv2/install/rm_vision_bringup/share/rm_vision_bringup/cmake/rm_vision_bringupConfig.cmake
[0.091s] -- Up-to-date symlink: /home/ats/rv2/install/rm_vision_bringup/share/rm_vision_bringup/cmake/rm_vision_bringupConfig-version.cmake
[0.091s] -- Up-to-date symlink: /home/ats/rv2/install/rm_vision_bringup/share/rm_vision_bringup/package.xml
[0.092s] Invoked command in '/home/ats/rv2/build/rm_vision_bringup' returned '0': AMENT_PREFIX_PATH=/home/ats/rv2/install/rm_auto_aim:/home/ats/rv2/install/rm_serial_driver:/home/ats/rv2/install/armor_tracker:/home/ats/rv2/install/armor_detector:/home/ats/rv2/install/buff_interfaces:/home/ats/rv2/install/auto_aim_interfaces:${AMENT_PREFIX_PATH} CMAKE_PREFIX_PATH=/home/ats/rv2/install/rm_auto_aim:/home/ats/rv2/install/rm_serial_driver:/home/ats/rv2/install/armor_tracker:/home/ats/rv2/install/armor_detector:/home/ats/rv2/install/buff_interfaces:/home/ats/rv2/install/auto_aim_interfaces:/opt/ros/humble LD_LIBRARY_PATH=/home/ats/rv2/install/rm_serial_driver/lib:/home/ats/rv2/install/armor_tracker/lib:/home/ats/rv2/install/armor_detector/lib:/home/ats/rv2/install/buff_interfaces/lib:/home/ats/rv2/install/auto_aim_interfaces/lib:/opt/ros/humble/opt/rviz_ogre_vendor/lib:/opt/ros/humble/lib/x86_64-linux-gnu:/opt/ros/humble/lib:/opt/MVS/lib/64:/opt/MVS/lib/32:/opt/MVS/lib/64:/opt/MVS/lib/32:/opt/MVS/lib/64:/opt/MVS/lib/32 PYTHONPATH=/home/ats/rv2/install/buff_interfaces/local/lib/python3.10/dist-packages:/home/ats/rv2/install/auto_aim_interfaces/local/lib/python3.10/dist-packages:${PYTHONPATH} /usr/bin/cmake --install /home/ats/rv2/build/rm_vision_bringup
