[0.011s] Invoking command in '/home/ats/rv2/build/buff_detector': AMENT_PREFIX_PATH=/home/ats/rv2/install/buff_interfaces:${AMENT_PREFIX_PATH} CMAKE_PREFIX_PATH=/home/ats/rv2/install/buff_interfaces:/home/ats/ws_livox/install/livox_ros_driver2:/opt/ros/humble LD_LIBRARY_PATH=/home/ats/rv2/install/buff_interfaces/lib:/home/ats/ws_livox/install/livox_ros_driver2/lib:/opt/ros/humble/opt/rviz_ogre_vendor/lib:/opt/ros/humble/lib/x86_64-linux-gnu:/opt/ros/humble/opt/openvdb_vendor/lib:/opt/ros/humble/lib:/opt/MVS/lib/64:/opt/MVS/lib/32:/opt/MVS/lib/64:/opt/MVS/lib/32:/opt/MVS/lib/64:/opt/MVS/lib/32 PYTHONPATH=/home/ats/rv2/install/buff_interfaces/local/lib/python3.10/dist-packages:${PYTHONPATH} /usr/bin/cmake --build /home/ats/rv2/build/buff_detector -- -j32 -l32
[0.074s] [ 16%] [32mBuilding CXX object CMakeFiles/buff_detector_node.dir/rclcpp_components/node_main_buff_detector_node.cpp.o[0m
[0.084s] [ 33%] [32mBuilding CXX object CMakeFiles/buff_detector.dir/src/pnp_solver.cpp.o[0m
[0.085s] [ 50%] [32mBuilding CXX object CMakeFiles/buff_detector.dir/src/detector.cpp.o[0m
[0.087s] [ 66%] [32mBuilding CXX object CMakeFiles/buff_detector.dir/src/detector_node.cpp.o[0m
[4.313s] [ 83%] [32m[1mLinking CXX executable buff_detector_node[0m
[4.456s] [ 83%] Built target buff_detector_node
[13.105s] [100%] [32m[1mLinking CXX shared library libbuff_detector.so[0m
[13.885s] [100%] Built target buff_detector
[13.896s] Invoked command in '/home/ats/rv2/build/buff_detector' returned '0': AMENT_PREFIX_PATH=/home/ats/rv2/install/buff_interfaces:${AMENT_PREFIX_PATH} CMAKE_PREFIX_PATH=/home/ats/rv2/install/buff_interfaces:/home/ats/ws_livox/install/livox_ros_driver2:/opt/ros/humble LD_LIBRARY_PATH=/home/ats/rv2/install/buff_interfaces/lib:/home/ats/ws_livox/install/livox_ros_driver2/lib:/opt/ros/humble/opt/rviz_ogre_vendor/lib:/opt/ros/humble/lib/x86_64-linux-gnu:/opt/ros/humble/opt/openvdb_vendor/lib:/opt/ros/humble/lib:/opt/MVS/lib/64:/opt/MVS/lib/32:/opt/MVS/lib/64:/opt/MVS/lib/32:/opt/MVS/lib/64:/opt/MVS/lib/32 PYTHONPATH=/home/ats/rv2/install/buff_interfaces/local/lib/python3.10/dist-packages:${PYTHONPATH} /usr/bin/cmake --build /home/ats/rv2/build/buff_detector -- -j32 -l32
[13.933s] Invoking command in '/home/ats/rv2/build/buff_detector': AMENT_PREFIX_PATH=/home/ats/rv2/install/buff_interfaces:${AMENT_PREFIX_PATH} CMAKE_PREFIX_PATH=/home/ats/rv2/install/buff_interfaces:/home/ats/ws_livox/install/livox_ros_driver2:/opt/ros/humble LD_LIBRARY_PATH=/home/ats/rv2/install/buff_interfaces/lib:/home/ats/ws_livox/install/livox_ros_driver2/lib:/opt/ros/humble/opt/rviz_ogre_vendor/lib:/opt/ros/humble/lib/x86_64-linux-gnu:/opt/ros/humble/opt/openvdb_vendor/lib:/opt/ros/humble/lib:/opt/MVS/lib/64:/opt/MVS/lib/32:/opt/MVS/lib/64:/opt/MVS/lib/32:/opt/MVS/lib/64:/opt/MVS/lib/32 PYTHONPATH=/home/ats/rv2/install/buff_interfaces/local/lib/python3.10/dist-packages:${PYTHONPATH} /usr/bin/cmake --install /home/ats/rv2/build/buff_detector
[13.940s] -- Install configuration: ""
[13.941s] -- Execute custom install script
[13.941s] -- Up-to-date symlink: /home/ats/rv2/install/buff_detector/lib/buff_detector/buff_detector_node
[13.942s] -- Up-to-date symlink: /home/ats/rv2/install/buff_detector/include/buff_detector/blade.hpp
[13.942s] -- Up-to-date symlink: /home/ats/rv2/install/buff_detector/include/buff_detector/detector.hpp
[13.942s] -- Up-to-date symlink: /home/ats/rv2/install/buff_detector/include/buff_detector/detector_node.hpp
[13.942s] -- Up-to-date symlink: /home/ats/rv2/install/buff_detector/include/buff_detector/pnp_solver.hpp
[13.942s] -- Up-to-date symlink: /home/ats/rv2/install/buff_detector/share/buff_detector/environment/library_path.sh
[13.943s] -- Up-to-date symlink: /home/ats/rv2/install/buff_detector/share/buff_detector/environment/library_path.dsv
[13.943s] -- Up-to-date symlink: /home/ats/rv2/install/buff_detector/lib/libbuff_detector.so
[13.943s] -- Up-to-date symlink: /home/ats/rv2/install/buff_detector/share/buff_detector/models/buff_quantized.bin
[13.943s] -- Up-to-date symlink: /home/ats/rv2/install/buff_detector/share/buff_detector/models/buff_quantized.xml
[13.944s] -- Up-to-date symlink: /home/ats/rv2/install/buff_detector/share/buff_detector/launch/buff_detector.launch.py
[13.944s] -- Up-to-date symlink: /home/ats/rv2/install/buff_detector/share/ament_index/resource_index/package_run_dependencies/buff_detector
[13.944s] -- Up-to-date symlink: /home/ats/rv2/install/buff_detector/share/ament_index/resource_index/parent_prefix_path/buff_detector
[13.945s] -- Up-to-date symlink: /home/ats/rv2/install/buff_detector/share/buff_detector/environment/ament_prefix_path.sh
[13.945s] -- Up-to-date symlink: /home/ats/rv2/install/buff_detector/share/buff_detector/environment/ament_prefix_path.dsv
[13.945s] -- Up-to-date symlink: /home/ats/rv2/install/buff_detector/share/buff_detector/environment/path.sh
[13.945s] -- Up-to-date symlink: /home/ats/rv2/install/buff_detector/share/buff_detector/environment/path.dsv
[13.945s] -- Up-to-date symlink: /home/ats/rv2/install/buff_detector/share/buff_detector/local_setup.bash
[13.945s] -- Up-to-date symlink: /home/ats/rv2/install/buff_detector/share/buff_detector/local_setup.sh
[13.945s] -- Up-to-date symlink: /home/ats/rv2/install/buff_detector/share/buff_detector/local_setup.zsh
[13.945s] -- Up-to-date symlink: /home/ats/rv2/install/buff_detector/share/buff_detector/local_setup.dsv
[13.945s] -- Symlinking: /home/ats/rv2/install/buff_detector/share/buff_detector/package.dsv
[13.955s] -- Up-to-date symlink: /home/ats/rv2/install/buff_detector/share/ament_index/resource_index/packages/buff_detector
[13.955s] -- Up-to-date symlink: /home/ats/rv2/install/buff_detector/share/ament_index/resource_index/rclcpp_components/buff_detector
[13.955s] -- Up-to-date symlink: /home/ats/rv2/install/buff_detector/share/buff_detector/cmake/ament_cmake_export_dependencies-extras.cmake
[13.955s] -- Up-to-date symlink: /home/ats/rv2/install/buff_detector/share/buff_detector/cmake/ament_cmake_export_include_directories-extras.cmake
[13.955s] -- Up-to-date symlink: /home/ats/rv2/install/buff_detector/share/buff_detector/cmake/ament_cmake_export_libraries-extras.cmake
[13.955s] -- Up-to-date symlink: /home/ats/rv2/install/buff_detector/share/buff_detector/cmake/buff_detectorConfig.cmake
[13.956s] -- Up-to-date symlink: /home/ats/rv2/install/buff_detector/share/buff_detector/cmake/buff_detectorConfig-version.cmake
[13.956s] -- Up-to-date symlink: /home/ats/rv2/install/buff_detector/share/buff_detector/package.xml
[13.957s] Invoked command in '/home/ats/rv2/build/buff_detector' returned '0': AMENT_PREFIX_PATH=/home/ats/rv2/install/buff_interfaces:${AMENT_PREFIX_PATH} CMAKE_PREFIX_PATH=/home/ats/rv2/install/buff_interfaces:/home/ats/ws_livox/install/livox_ros_driver2:/opt/ros/humble LD_LIBRARY_PATH=/home/ats/rv2/install/buff_interfaces/lib:/home/ats/ws_livox/install/livox_ros_driver2/lib:/opt/ros/humble/opt/rviz_ogre_vendor/lib:/opt/ros/humble/lib/x86_64-linux-gnu:/opt/ros/humble/opt/openvdb_vendor/lib:/opt/ros/humble/lib:/opt/MVS/lib/64:/opt/MVS/lib/32:/opt/MVS/lib/64:/opt/MVS/lib/32:/opt/MVS/lib/64:/opt/MVS/lib/32 PYTHONPATH=/home/ats/rv2/install/buff_interfaces/local/lib/python3.10/dist-packages:${PYTHONPATH} /usr/bin/cmake --install /home/ats/rv2/build/buff_detector
