[0.016s] Invoking command in '/home/ats/rv2/build/rm_auto_aim': AMENT_PREFIX_PATH=/home/ats/rv2/install/armor_tracker:/home/ats/rv2/install/armor_detector:/home/ats/rv2/install/auto_aim_interfaces:${AMENT_PREFIX_PATH} CMAKE_PREFIX_PATH=/home/ats/rv2/install/armor_tracker:/home/ats/rv2/install/armor_detector:/home/ats/rv2/install/auto_aim_interfaces:/home/ats/ws_livox/install/livox_ros_driver2:/opt/ros/humble LD_LIBRARY_PATH=/home/ats/rv2/install/armor_tracker/lib:/home/ats/rv2/install/armor_detector/lib:/home/ats/rv2/install/auto_aim_interfaces/lib:/home/ats/ws_livox/install/livox_ros_driver2/lib:/usr/lib/x86_64-linux-gnu/gazebo-11/plugins:/opt/ros/humble/opt/rviz_ogre_vendor/lib:/opt/ros/humble/lib/x86_64-linux-gnu:/opt/ros/humble/opt/openvdb_vendor/lib:/opt/ros/humble/lib:/usr/lib/x86_64-linux-gnu:/opt/MVS/lib/64:/opt/MVS/lib/32:/opt/MVS/lib/64:/opt/MVS/lib/32 PYTHONPATH=/home/ats/rv2/install/auto_aim_interfaces/local/lib/python3.10/dist-packages:${PYTHONPATH} /usr/bin/cmake --build /home/ats/rv2/build/rm_auto_aim -- -j32 -l32
[0.045s] Invoked command in '/home/ats/rv2/build/rm_auto_aim' returned '0': AMENT_PREFIX_PATH=/home/ats/rv2/install/armor_tracker:/home/ats/rv2/install/armor_detector:/home/ats/rv2/install/auto_aim_interfaces:${AMENT_PREFIX_PATH} CMAKE_PREFIX_PATH=/home/ats/rv2/install/armor_tracker:/home/ats/rv2/install/armor_detector:/home/ats/rv2/install/auto_aim_interfaces:/home/ats/ws_livox/install/livox_ros_driver2:/opt/ros/humble LD_LIBRARY_PATH=/home/ats/rv2/install/armor_tracker/lib:/home/ats/rv2/install/armor_detector/lib:/home/ats/rv2/install/auto_aim_interfaces/lib:/home/ats/ws_livox/install/livox_ros_driver2/lib:/usr/lib/x86_64-linux-gnu/gazebo-11/plugins:/opt/ros/humble/opt/rviz_ogre_vendor/lib:/opt/ros/humble/lib/x86_64-linux-gnu:/opt/ros/humble/opt/openvdb_vendor/lib:/opt/ros/humble/lib:/usr/lib/x86_64-linux-gnu:/opt/MVS/lib/64:/opt/MVS/lib/32:/opt/MVS/lib/64:/opt/MVS/lib/32 PYTHONPATH=/home/ats/rv2/install/auto_aim_interfaces/local/lib/python3.10/dist-packages:${PYTHONPATH} /usr/bin/cmake --build /home/ats/rv2/build/rm_auto_aim -- -j32 -l32
[0.066s] Invoking command in '/home/ats/rv2/build/rm_auto_aim': AMENT_PREFIX_PATH=/home/ats/rv2/install/armor_tracker:/home/ats/rv2/install/armor_detector:/home/ats/rv2/install/auto_aim_interfaces:${AMENT_PREFIX_PATH} CMAKE_PREFIX_PATH=/home/ats/rv2/install/armor_tracker:/home/ats/rv2/install/armor_detector:/home/ats/rv2/install/auto_aim_interfaces:/home/ats/ws_livox/install/livox_ros_driver2:/opt/ros/humble LD_LIBRARY_PATH=/home/ats/rv2/install/armor_tracker/lib:/home/ats/rv2/install/armor_detector/lib:/home/ats/rv2/install/auto_aim_interfaces/lib:/home/ats/ws_livox/install/livox_ros_driver2/lib:/usr/lib/x86_64-linux-gnu/gazebo-11/plugins:/opt/ros/humble/opt/rviz_ogre_vendor/lib:/opt/ros/humble/lib/x86_64-linux-gnu:/opt/ros/humble/opt/openvdb_vendor/lib:/opt/ros/humble/lib:/usr/lib/x86_64-linux-gnu:/opt/MVS/lib/64:/opt/MVS/lib/32:/opt/MVS/lib/64:/opt/MVS/lib/32 PYTHONPATH=/home/ats/rv2/install/auto_aim_interfaces/local/lib/python3.10/dist-packages:${PYTHONPATH} /usr/bin/cmake --install /home/ats/rv2/build/rm_auto_aim
[0.071s] -- Install configuration: ""
[0.071s] -- Execute custom install script
[0.072s] -- Up-to-date symlink: /home/ats/rv2/install/rm_auto_aim/share/ament_index/resource_index/package_run_dependencies/rm_auto_aim
[0.072s] -- Up-to-date symlink: /home/ats/rv2/install/rm_auto_aim/share/ament_index/resource_index/parent_prefix_path/rm_auto_aim
[0.073s] -- Up-to-date symlink: /home/ats/rv2/install/rm_auto_aim/share/rm_auto_aim/environment/ament_prefix_path.sh
[0.073s] -- Up-to-date symlink: /home/ats/rv2/install/rm_auto_aim/share/rm_auto_aim/environment/ament_prefix_path.dsv
[0.073s] -- Up-to-date symlink: /home/ats/rv2/install/rm_auto_aim/share/rm_auto_aim/environment/path.sh
[0.073s] -- Up-to-date symlink: /home/ats/rv2/install/rm_auto_aim/share/rm_auto_aim/environment/path.dsv
[0.073s] -- Up-to-date symlink: /home/ats/rv2/install/rm_auto_aim/share/rm_auto_aim/local_setup.bash
[0.073s] -- Up-to-date symlink: /home/ats/rv2/install/rm_auto_aim/share/rm_auto_aim/local_setup.sh
[0.074s] -- Up-to-date symlink: /home/ats/rv2/install/rm_auto_aim/share/rm_auto_aim/local_setup.zsh
[0.074s] -- Up-to-date symlink: /home/ats/rv2/install/rm_auto_aim/share/rm_auto_aim/local_setup.dsv
[0.074s] -- Symlinking: /home/ats/rv2/install/rm_auto_aim/share/rm_auto_aim/package.dsv
[0.079s] -- Up-to-date symlink: /home/ats/rv2/install/rm_auto_aim/share/ament_index/resource_index/packages/rm_auto_aim
[0.080s] -- Up-to-date symlink: /home/ats/rv2/install/rm_auto_aim/share/rm_auto_aim/cmake/rm_auto_aimConfig.cmake
[0.080s] -- Up-to-date symlink: /home/ats/rv2/install/rm_auto_aim/share/rm_auto_aim/cmake/rm_auto_aimConfig-version.cmake
[0.080s] -- Up-to-date symlink: /home/ats/rv2/install/rm_auto_aim/share/rm_auto_aim/package.xml
[0.082s] Invoked command in '/home/ats/rv2/build/rm_auto_aim' returned '0': AMENT_PREFIX_PATH=/home/ats/rv2/install/armor_tracker:/home/ats/rv2/install/armor_detector:/home/ats/rv2/install/auto_aim_interfaces:${AMENT_PREFIX_PATH} CMAKE_PREFIX_PATH=/home/ats/rv2/install/armor_tracker:/home/ats/rv2/install/armor_detector:/home/ats/rv2/install/auto_aim_interfaces:/home/ats/ws_livox/install/livox_ros_driver2:/opt/ros/humble LD_LIBRARY_PATH=/home/ats/rv2/install/armor_tracker/lib:/home/ats/rv2/install/armor_detector/lib:/home/ats/rv2/install/auto_aim_interfaces/lib:/home/ats/ws_livox/install/livox_ros_driver2/lib:/usr/lib/x86_64-linux-gnu/gazebo-11/plugins:/opt/ros/humble/opt/rviz_ogre_vendor/lib:/opt/ros/humble/lib/x86_64-linux-gnu:/opt/ros/humble/opt/openvdb_vendor/lib:/opt/ros/humble/lib:/usr/lib/x86_64-linux-gnu:/opt/MVS/lib/64:/opt/MVS/lib/32:/opt/MVS/lib/64:/opt/MVS/lib/32 PYTHONPATH=/home/ats/rv2/install/auto_aim_interfaces/local/lib/python3.10/dist-packages:${PYTHONPATH} /usr/bin/cmake --install /home/ats/rv2/build/rm_auto_aim
