[0.013s] Invoking command in '/home/ats/rv2/build/rm_serial_driver': AMENT_PREFIX_PATH=/home/ats/rv2/install/buff_interfaces:/home/ats/rv2/install/auto_aim_interfaces:${AMENT_PREFIX_PATH} CMAKE_PREFIX_PATH=/home/ats/rv2/install/buff_interfaces:/home/ats/rv2/install/auto_aim_interfaces:/opt/ros/humble LD_LIBRARY_PATH=/home/ats/rv2/install/buff_interfaces/lib:/home/ats/rv2/install/auto_aim_interfaces/lib:/opt/ros/humble/opt/rviz_ogre_vendor/lib:/opt/ros/humble/lib/x86_64-linux-gnu:/opt/ros/humble/lib:/opt/MVS/lib/64:/opt/MVS/lib/32:/opt/MVS/lib/64:/opt/MVS/lib/32:/opt/MVS/lib/64:/opt/MVS/lib/32 PYTHONPATH=/home/ats/rv2/install/buff_interfaces/local/lib/python3.10/dist-packages:/home/ats/rv2/install/auto_aim_interfaces/local/lib/python3.10/dist-packages:${PYTHONPATH} /usr/bin/cmake --build /home/ats/rv2/build/rm_serial_driver -- -j32 -l32
[0.036s] -- Found ament_cmake_auto: 1.3.10 (/opt/ros/humble/share/ament_cmake_auto/cmake)
[0.149s] -- Override CMake install command with custom implementation using symlinks instead of copying resources
[0.219s] -- Found rosidl_generator_c: 3.1.5 (/opt/ros/humble/share/rosidl_generator_c/cmake)
[0.221s] -- Found rosidl_adapter: 3.1.5 (/opt/ros/humble/share/rosidl_adapter/cmake)
[0.225s] -- Found rosidl_generator_cpp: 3.1.5 (/opt/ros/humble/share/rosidl_generator_cpp/cmake)
[0.231s] -- Using all available rosidl_typesupport_c: rosidl_typesupport_fastrtps_c;rosidl_typesupport_introspection_c
[0.239s] -- Using all available rosidl_typesupport_cpp: rosidl_typesupport_fastrtps_cpp;rosidl_typesupport_introspection_cpp
[0.260s] -- Found rmw_implementation_cmake: 6.1.2 (/opt/ros/humble/share/rmw_implementation_cmake/cmake)
[0.261s] -- Found rmw_fastrtps_cpp: 6.2.7 (/opt/ros/humble/share/rmw_fastrtps_cpp/cmake)
[0.334s] -- Using RMW implementation 'rmw_fastrtps_cpp' as default
[0.379s] -- Found asio_cmake_module: 1.2.0 (/opt/ros/humble/share/asio_cmake_module/cmake)
[0.429s] -- Found eigen3_cmake_module: 0.1.1 (/opt/ros/humble/share/eigen3_cmake_module/cmake)
[0.429s] -- Ensuring Eigen3 include directory is part of orocos-kdl CMake target
[0.475s] -- Found ament_lint_auto: 0.12.11 (/opt/ros/humble/share/ament_lint_auto/cmake)
[0.484s] -- Added test 'cppcheck' to perform static code analysis on C / C++ code
[0.484s] -- Configured cppcheck include dirs: /home/ats/rv2/src/rm_serial_driver/include
[0.484s] -- Configured cppcheck exclude dirs and/or files: 
[0.485s] -- Added test 'cpplint' to check C / C++ code against the Google style
[0.485s] -- Configured cpplint exclude dirs and/or files: 
[0.486s] -- Added test 'flake8' to check Python code syntax and style conventions
[0.486s] -- Added test 'lint_cmake' to check CMake code style
[0.486s] -- Added test 'pep257' to check Python code against some of the docstring style conventions in PEP 257
[0.487s] -- Added test 'xmllint' to check XML markup files
[0.488s] -- Added test 'clang_format' to check C / C++ code style
[0.490s] -- Configuring done
[0.504s] -- Generating done
[0.505s] -- Build files have been written to: /home/ats/rv2/build/rm_serial_driver
[0.529s] [35m[1mConsolidate compiler generated dependencies of target rm_serial_driver_node[0m
[0.530s] [35m[1mConsolidate compiler generated dependencies of target rm_serial_driver[0m
[0.540s] [ 40%] Built target rm_serial_driver_node
[0.546s] [100%] Built target rm_serial_driver
[0.555s] Invoked command in '/home/ats/rv2/build/rm_serial_driver' returned '0': AMENT_PREFIX_PATH=/home/ats/rv2/install/buff_interfaces:/home/ats/rv2/install/auto_aim_interfaces:${AMENT_PREFIX_PATH} CMAKE_PREFIX_PATH=/home/ats/rv2/install/buff_interfaces:/home/ats/rv2/install/auto_aim_interfaces:/opt/ros/humble LD_LIBRARY_PATH=/home/ats/rv2/install/buff_interfaces/lib:/home/ats/rv2/install/auto_aim_interfaces/lib:/opt/ros/humble/opt/rviz_ogre_vendor/lib:/opt/ros/humble/lib/x86_64-linux-gnu:/opt/ros/humble/lib:/opt/MVS/lib/64:/opt/MVS/lib/32:/opt/MVS/lib/64:/opt/MVS/lib/32:/opt/MVS/lib/64:/opt/MVS/lib/32 PYTHONPATH=/home/ats/rv2/install/buff_interfaces/local/lib/python3.10/dist-packages:/home/ats/rv2/install/auto_aim_interfaces/local/lib/python3.10/dist-packages:${PYTHONPATH} /usr/bin/cmake --build /home/ats/rv2/build/rm_serial_driver -- -j32 -l32
[0.583s] Invoking command in '/home/ats/rv2/build/rm_serial_driver': AMENT_PREFIX_PATH=/home/ats/rv2/install/buff_interfaces:/home/ats/rv2/install/auto_aim_interfaces:${AMENT_PREFIX_PATH} CMAKE_PREFIX_PATH=/home/ats/rv2/install/buff_interfaces:/home/ats/rv2/install/auto_aim_interfaces:/opt/ros/humble LD_LIBRARY_PATH=/home/ats/rv2/install/buff_interfaces/lib:/home/ats/rv2/install/auto_aim_interfaces/lib:/opt/ros/humble/opt/rviz_ogre_vendor/lib:/opt/ros/humble/lib/x86_64-linux-gnu:/opt/ros/humble/lib:/opt/MVS/lib/64:/opt/MVS/lib/32:/opt/MVS/lib/64:/opt/MVS/lib/32:/opt/MVS/lib/64:/opt/MVS/lib/32 PYTHONPATH=/home/ats/rv2/install/buff_interfaces/local/lib/python3.10/dist-packages:/home/ats/rv2/install/auto_aim_interfaces/local/lib/python3.10/dist-packages:${PYTHONPATH} /usr/bin/cmake --install /home/ats/rv2/build/rm_serial_driver
[0.586s] -- Install configuration: ""
[0.587s] -- Execute custom install script
[0.587s] -- Up-to-date symlink: /home/ats/rv2/install/rm_serial_driver/lib/rm_serial_driver/rm_serial_driver_node
[0.587s] -- Up-to-date symlink: /home/ats/rv2/install/rm_serial_driver/include/rm_serial_driver/crc.hpp
[0.588s] -- Up-to-date symlink: /home/ats/rv2/install/rm_serial_driver/include/rm_serial_driver/packet.hpp
[0.588s] -- Up-to-date symlink: /home/ats/rv2/install/rm_serial_driver/include/rm_serial_driver/rm_serial_driver.hpp
[0.588s] -- Up-to-date symlink: /home/ats/rv2/install/rm_serial_driver/share/rm_serial_driver/environment/library_path.sh
[0.588s] -- Up-to-date symlink: /home/ats/rv2/install/rm_serial_driver/share/rm_serial_driver/environment/library_path.dsv
[0.588s] -- Up-to-date symlink: /home/ats/rv2/install/rm_serial_driver/lib/librm_serial_driver.so
[0.588s] -- Up-to-date symlink: /home/ats/rv2/install/rm_serial_driver/share/rm_serial_driver/config/serial_driver.yaml
[0.588s] -- Up-to-date symlink: /home/ats/rv2/install/rm_serial_driver/share/rm_serial_driver/launch/serial_driver.launch.py
[0.588s] -- Up-to-date symlink: /home/ats/rv2/install/rm_serial_driver/share/ament_index/resource_index/package_run_dependencies/rm_serial_driver
[0.588s] -- Up-to-date symlink: /home/ats/rv2/install/rm_serial_driver/share/ament_index/resource_index/parent_prefix_path/rm_serial_driver
[0.588s] -- Up-to-date symlink: /home/ats/rv2/install/rm_serial_driver/share/rm_serial_driver/environment/ament_prefix_path.sh
[0.588s] -- Up-to-date symlink: /home/ats/rv2/install/rm_serial_driver/share/rm_serial_driver/environment/ament_prefix_path.dsv
[0.588s] -- Up-to-date symlink: /home/ats/rv2/install/rm_serial_driver/share/rm_serial_driver/environment/path.sh
[0.588s] -- Up-to-date symlink: /home/ats/rv2/install/rm_serial_driver/share/rm_serial_driver/environment/path.dsv
[0.588s] -- Up-to-date symlink: /home/ats/rv2/install/rm_serial_driver/share/rm_serial_driver/local_setup.bash
[0.588s] -- Up-to-date symlink: /home/ats/rv2/install/rm_serial_driver/share/rm_serial_driver/local_setup.sh
[0.588s] -- Up-to-date symlink: /home/ats/rv2/install/rm_serial_driver/share/rm_serial_driver/local_setup.zsh
[0.588s] -- Up-to-date symlink: /home/ats/rv2/install/rm_serial_driver/share/rm_serial_driver/local_setup.dsv
[0.588s] -- Symlinking: /home/ats/rv2/install/rm_serial_driver/share/rm_serial_driver/package.dsv
[0.594s] -- Up-to-date symlink: /home/ats/rv2/install/rm_serial_driver/share/ament_index/resource_index/packages/rm_serial_driver
[0.594s] -- Up-to-date symlink: /home/ats/rv2/install/rm_serial_driver/share/ament_index/resource_index/rclcpp_components/rm_serial_driver
[0.594s] -- Up-to-date symlink: /home/ats/rv2/install/rm_serial_driver/share/rm_serial_driver/cmake/ament_cmake_export_dependencies-extras.cmake
[0.595s] -- Up-to-date symlink: /home/ats/rv2/install/rm_serial_driver/share/rm_serial_driver/cmake/ament_cmake_export_include_directories-extras.cmake
[0.595s] -- Up-to-date symlink: /home/ats/rv2/install/rm_serial_driver/share/rm_serial_driver/cmake/ament_cmake_export_libraries-extras.cmake
[0.595s] -- Up-to-date symlink: /home/ats/rv2/install/rm_serial_driver/share/rm_serial_driver/cmake/rm_serial_driverConfig.cmake
[0.595s] -- Up-to-date symlink: /home/ats/rv2/install/rm_serial_driver/share/rm_serial_driver/cmake/rm_serial_driverConfig-version.cmake
[0.595s] -- Up-to-date symlink: /home/ats/rv2/install/rm_serial_driver/share/rm_serial_driver/package.xml
[0.597s] Invoked command in '/home/ats/rv2/build/rm_serial_driver' returned '0': AMENT_PREFIX_PATH=/home/ats/rv2/install/buff_interfaces:/home/ats/rv2/install/auto_aim_interfaces:${AMENT_PREFIX_PATH} CMAKE_PREFIX_PATH=/home/ats/rv2/install/buff_interfaces:/home/ats/rv2/install/auto_aim_interfaces:/opt/ros/humble LD_LIBRARY_PATH=/home/ats/rv2/install/buff_interfaces/lib:/home/ats/rv2/install/auto_aim_interfaces/lib:/opt/ros/humble/opt/rviz_ogre_vendor/lib:/opt/ros/humble/lib/x86_64-linux-gnu:/opt/ros/humble/lib:/opt/MVS/lib/64:/opt/MVS/lib/32:/opt/MVS/lib/64:/opt/MVS/lib/32:/opt/MVS/lib/64:/opt/MVS/lib/32 PYTHONPATH=/home/ats/rv2/install/buff_interfaces/local/lib/python3.10/dist-packages:/home/ats/rv2/install/auto_aim_interfaces/local/lib/python3.10/dist-packages:${PYTHONPATH} /usr/bin/cmake --install /home/ats/rv2/build/rm_serial_driver
