[0.014s] Invoking command in '/home/ats/rv2/build/rm_gimbal_description': CMAKE_PREFIX_PATH=/opt/ros/humble /usr/bin/cmake --build /home/ats/rv2/build/rm_gimbal_description -- -j32 -l32
[0.051s] Invoked command in '/home/ats/rv2/build/rm_gimbal_description' returned '0': CMAKE_PREFIX_PATH=/opt/ros/humble /usr/bin/cmake --build /home/ats/rv2/build/rm_gimbal_description -- -j32 -l32
[0.081s] Invoking command in '/home/ats/rv2/build/rm_gimbal_description': CMAKE_PREFIX_PATH=/opt/ros/humble /usr/bin/cmake --install /home/ats/rv2/build/rm_gimbal_description
[0.087s] -- Install configuration: ""
[0.088s] -- Execute custom install script
[0.088s] -- Up-to-date symlink: /home/ats/rv2/install/rm_gimbal_description/share/rm_gimbal_description/urdf/rm_gimbal.urdf.xacro
[0.088s] -- Up-to-date symlink: /home/ats/rv2/install/rm_gimbal_description/share/ament_index/resource_index/package_run_dependencies/rm_gimbal_description
[0.088s] -- Up-to-date symlink: /home/ats/rv2/install/rm_gimbal_description/share/ament_index/resource_index/parent_prefix_path/rm_gimbal_description
[0.090s] -- Up-to-date symlink: /home/ats/rv2/install/rm_gimbal_description/share/rm_gimbal_description/environment/ament_prefix_path.sh
[0.091s] -- Up-to-date symlink: /home/ats/rv2/install/rm_gimbal_description/share/rm_gimbal_description/environment/ament_prefix_path.dsv
[0.091s] -- Up-to-date symlink: /home/ats/rv2/install/rm_gimbal_description/share/rm_gimbal_description/environment/path.sh
[0.091s] -- Up-to-date symlink: /home/ats/rv2/install/rm_gimbal_description/share/rm_gimbal_description/environment/path.dsv
[0.091s] -- Up-to-date symlink: /home/ats/rv2/install/rm_gimbal_description/share/rm_gimbal_description/local_setup.bash
[0.091s] -- Up-to-date symlink: /home/ats/rv2/install/rm_gimbal_description/share/rm_gimbal_description/local_setup.sh
[0.091s] -- Up-to-date symlink: /home/ats/rv2/install/rm_gimbal_description/share/rm_gimbal_description/local_setup.zsh
[0.091s] -- Up-to-date symlink: /home/ats/rv2/install/rm_gimbal_description/share/rm_gimbal_description/local_setup.dsv
[0.091s] -- Symlinking: /home/ats/rv2/install/rm_gimbal_description/share/rm_gimbal_description/package.dsv
[0.096s] -- Up-to-date symlink: /home/ats/rv2/install/rm_gimbal_description/share/ament_index/resource_index/packages/rm_gimbal_description
[0.097s] -- Up-to-date symlink: /home/ats/rv2/install/rm_gimbal_description/share/rm_gimbal_description/cmake/rm_gimbal_descriptionConfig.cmake
[0.097s] -- Up-to-date symlink: /home/ats/rv2/install/rm_gimbal_description/share/rm_gimbal_description/cmake/rm_gimbal_descriptionConfig-version.cmake
[0.097s] -- Up-to-date symlink: /home/ats/rv2/install/rm_gimbal_description/share/rm_gimbal_description/package.xml
[0.101s] Invoked command in '/home/ats/rv2/build/rm_gimbal_description' returned '0': CMAKE_PREFIX_PATH=/opt/ros/humble /usr/bin/cmake --install /home/ats/rv2/build/rm_gimbal_description
