[0.025s] Invoking command in '/home/ats/rv2/build/auto_aim_interfaces': CMAKE_PREFIX_PATH=${CMAKE_PREFIX_PATH}:/opt/ros/humble /usr/bin/cmake --build /home/ats/rv2/build/auto_aim_interfaces -- -j32 -l32
[0.114s] [  1%] Built target auto_aim_interfaces__cpp
[0.127s] [ 12%] Built target auto_aim_interfaces__rosidl_generator_c
[0.134s] [ 12%] Built target ament_cmake_python_symlink_auto_aim_interfaces
[0.171s] [ 24%] Built target auto_aim_interfaces__rosidl_typesupport_fastrtps_cpp
[0.175s] [ 35%] Built target auto_aim_interfaces__rosidl_typesupport_cpp
[0.180s] [ 47%] Built target auto_aim_interfaces__rosidl_typesupport_introspection_cpp
[0.181s] [ 58%] Built target auto_aim_interfaces__rosidl_typesupport_c
[0.184s] [ 70%] Built target auto_aim_interfaces__rosidl_typesupport_introspection_c
[0.186s] [ 82%] Built target auto_aim_interfaces__rosidl_typesupport_fastrtps_c
[0.227s] [ 82%] Built target auto_aim_interfaces
[0.269s] [ 83%] Built target auto_aim_interfaces__py
[0.320s] [ 93%] Built target auto_aim_interfaces__rosidl_generator_py
[0.364s] [ 95%] Built target auto_aim_interfaces__rosidl_typesupport_introspection_c__pyext
[0.365s] [ 98%] Built target auto_aim_interfaces__rosidl_typesupport_c__pyext
[0.366s] [100%] Built target auto_aim_interfaces__rosidl_typesupport_fastrtps_c__pyext
[0.522s] running egg_info
[0.536s] writing manifest file 'auto_aim_interfaces.egg-info/SOURCES.txt'
[0.571s] [100%] Built target ament_cmake_python_build_auto_aim_interfaces_egg
[0.586s] Invoked command in '/home/ats/rv2/build/auto_aim_interfaces' returned '0': CMAKE_PREFIX_PATH=${CMAKE_PREFIX_PATH}:/opt/ros/humble /usr/bin/cmake --build /home/ats/rv2/build/auto_aim_interfaces -- -j32 -l32
[0.956s] Invoking command in '/home/ats/rv2/build/auto_aim_interfaces': CMAKE_PREFIX_PATH=${CMAKE_PREFIX_PATH}:/opt/ros/humble /usr/bin/cmake --install /home/ats/rv2/build/auto_aim_interfaces
[0.965s] -- Install configuration: ""
[0.967s] -- Execute custom install script
[0.967s] -- Up-to-date symlink: /home/ats/rv2/install/auto_aim_interfaces/share/ament_index/resource_index/rosidl_interfaces/auto_aim_interfaces
[0.969s] -- Up-to-date symlink: /home/ats/rv2/install/auto_aim_interfaces/include/auto_aim_interfaces/auto_aim_interfaces/msg/armor.h
[0.969s] -- Up-to-date symlink: /home/ats/rv2/install/auto_aim_interfaces/include/auto_aim_interfaces/auto_aim_interfaces/msg/armors.h
[0.969s] -- Up-to-date symlink: /home/ats/rv2/install/auto_aim_interfaces/include/auto_aim_interfaces/auto_aim_interfaces/msg/debug_armor.h
[0.969s] -- Up-to-date symlink: /home/ats/rv2/install/auto_aim_interfaces/include/auto_aim_interfaces/auto_aim_interfaces/msg/debug_armors.h
[0.970s] -- Up-to-date symlink: /home/ats/rv2/install/auto_aim_interfaces/include/auto_aim_interfaces/auto_aim_interfaces/msg/debug_light.h
[0.970s] -- Up-to-date symlink: /home/ats/rv2/install/auto_aim_interfaces/include/auto_aim_interfaces/auto_aim_interfaces/msg/debug_lights.h
[0.970s] -- Up-to-date symlink: /home/ats/rv2/install/auto_aim_interfaces/include/auto_aim_interfaces/auto_aim_interfaces/msg/detail/armor__functions.h
[0.970s] -- Up-to-date symlink: /home/ats/rv2/install/auto_aim_interfaces/include/auto_aim_interfaces/auto_aim_interfaces/msg/detail/armor__struct.h
[0.970s] -- Up-to-date symlink: /home/ats/rv2/install/auto_aim_interfaces/include/auto_aim_interfaces/auto_aim_interfaces/msg/detail/armor__type_support.h
[0.971s] -- Up-to-date symlink: /home/ats/rv2/install/auto_aim_interfaces/include/auto_aim_interfaces/auto_aim_interfaces/msg/detail/armors__functions.h
[0.971s] -- Up-to-date symlink: /home/ats/rv2/install/auto_aim_interfaces/include/auto_aim_interfaces/auto_aim_interfaces/msg/detail/armors__struct.h
[0.971s] -- Up-to-date symlink: /home/ats/rv2/install/auto_aim_interfaces/include/auto_aim_interfaces/auto_aim_interfaces/msg/detail/armors__type_support.h
[0.971s] -- Up-to-date symlink: /home/ats/rv2/install/auto_aim_interfaces/include/auto_aim_interfaces/auto_aim_interfaces/msg/detail/debug_armor__functions.h
[0.972s] -- Up-to-date symlink: /home/ats/rv2/install/auto_aim_interfaces/include/auto_aim_interfaces/auto_aim_interfaces/msg/detail/debug_armor__struct.h
[0.972s] -- Up-to-date symlink: /home/ats/rv2/install/auto_aim_interfaces/include/auto_aim_interfaces/auto_aim_interfaces/msg/detail/debug_armor__type_support.h
[0.972s] -- Up-to-date symlink: /home/ats/rv2/install/auto_aim_interfaces/include/auto_aim_interfaces/auto_aim_interfaces/msg/detail/debug_armors__functions.h
[0.972s] -- Up-to-date symlink: /home/ats/rv2/install/auto_aim_interfaces/include/auto_aim_interfaces/auto_aim_interfaces/msg/detail/debug_armors__struct.h
[0.972s] -- Up-to-date symlink: /home/ats/rv2/install/auto_aim_interfaces/include/auto_aim_interfaces/auto_aim_interfaces/msg/detail/debug_armors__type_support.h
[0.973s] -- Up-to-date symlink: /home/ats/rv2/install/auto_aim_interfaces/include/auto_aim_interfaces/auto_aim_interfaces/msg/detail/debug_light__functions.h
[0.973s] -- Up-to-date symlink: /home/ats/rv2/install/auto_aim_interfaces/include/auto_aim_interfaces/auto_aim_interfaces/msg/detail/debug_light__struct.h
[0.973s] -- Up-to-date symlink: /home/ats/rv2/install/auto_aim_interfaces/include/auto_aim_interfaces/auto_aim_interfaces/msg/detail/debug_light__type_support.h
[0.973s] -- Up-to-date symlink: /home/ats/rv2/install/auto_aim_interfaces/include/auto_aim_interfaces/auto_aim_interfaces/msg/detail/debug_lights__functions.h
[0.973s] -- Up-to-date symlink: /home/ats/rv2/install/auto_aim_interfaces/include/auto_aim_interfaces/auto_aim_interfaces/msg/detail/debug_lights__struct.h
[0.974s] -- Up-to-date symlink: /home/ats/rv2/install/auto_aim_interfaces/include/auto_aim_interfaces/auto_aim_interfaces/msg/detail/debug_lights__type_support.h
[0.974s] -- Up-to-date symlink: /home/ats/rv2/install/auto_aim_interfaces/include/auto_aim_interfaces/auto_aim_interfaces/msg/detail/target__functions.h
[0.974s] -- Up-to-date symlink: /home/ats/rv2/install/auto_aim_interfaces/include/auto_aim_interfaces/auto_aim_interfaces/msg/detail/target__struct.h
[0.974s] -- Up-to-date symlink: /home/ats/rv2/install/auto_aim_interfaces/include/auto_aim_interfaces/auto_aim_interfaces/msg/detail/target__type_support.h
[0.975s] -- Up-to-date symlink: /home/ats/rv2/install/auto_aim_interfaces/include/auto_aim_interfaces/auto_aim_interfaces/msg/detail/time_info__functions.h
[0.975s] -- Up-to-date symlink: /home/ats/rv2/install/auto_aim_interfaces/include/auto_aim_interfaces/auto_aim_interfaces/msg/detail/time_info__struct.h
[0.975s] -- Up-to-date symlink: /home/ats/rv2/install/auto_aim_interfaces/include/auto_aim_interfaces/auto_aim_interfaces/msg/detail/time_info__type_support.h
[0.975s] -- Up-to-date symlink: /home/ats/rv2/install/auto_aim_interfaces/include/auto_aim_interfaces/auto_aim_interfaces/msg/detail/tracker_info__functions.h
[0.976s] -- Up-to-date symlink: /home/ats/rv2/install/auto_aim_interfaces/include/auto_aim_interfaces/auto_aim_interfaces/msg/detail/tracker_info__struct.h
[0.976s] -- Up-to-date symlink: /home/ats/rv2/install/auto_aim_interfaces/include/auto_aim_interfaces/auto_aim_interfaces/msg/detail/tracker_info__type_support.h
[0.976s] -- Up-to-date symlink: /home/ats/rv2/install/auto_aim_interfaces/include/auto_aim_interfaces/auto_aim_interfaces/msg/rosidl_generator_c__visibility_control.h
[0.976s] -- Up-to-date symlink: /home/ats/rv2/install/auto_aim_interfaces/include/auto_aim_interfaces/auto_aim_interfaces/msg/target.h
[0.976s] -- Up-to-date symlink: /home/ats/rv2/install/auto_aim_interfaces/include/auto_aim_interfaces/auto_aim_interfaces/msg/time_info.h
[0.976s] -- Up-to-date symlink: /home/ats/rv2/install/auto_aim_interfaces/include/auto_aim_interfaces/auto_aim_interfaces/msg/tracker_info.h
[0.977s] -- Up-to-date symlink: /home/ats/rv2/install/auto_aim_interfaces/share/auto_aim_interfaces/environment/library_path.sh
[0.977s] -- Up-to-date symlink: /home/ats/rv2/install/auto_aim_interfaces/share/auto_aim_interfaces/environment/library_path.dsv
[0.978s] -- Up-to-date symlink: /home/ats/rv2/install/auto_aim_interfaces/include/auto_aim_interfaces/auto_aim_interfaces/msg/detail/armor__rosidl_typesupport_fastrtps_c.h
[0.978s] -- Up-to-date symlink: /home/ats/rv2/install/auto_aim_interfaces/include/auto_aim_interfaces/auto_aim_interfaces/msg/detail/armors__rosidl_typesupport_fastrtps_c.h
[0.978s] -- Up-to-date symlink: /home/ats/rv2/install/auto_aim_interfaces/include/auto_aim_interfaces/auto_aim_interfaces/msg/detail/debug_armor__rosidl_typesupport_fastrtps_c.h
[0.979s] -- Up-to-date symlink: /home/ats/rv2/install/auto_aim_interfaces/include/auto_aim_interfaces/auto_aim_interfaces/msg/detail/debug_armors__rosidl_typesupport_fastrtps_c.h
[0.979s] -- Up-to-date symlink: /home/ats/rv2/install/auto_aim_interfaces/include/auto_aim_interfaces/auto_aim_interfaces/msg/detail/debug_light__rosidl_typesupport_fastrtps_c.h
[0.979s] -- Up-to-date symlink: /home/ats/rv2/install/auto_aim_interfaces/include/auto_aim_interfaces/auto_aim_interfaces/msg/detail/debug_lights__rosidl_typesupport_fastrtps_c.h
[0.979s] -- Up-to-date symlink: /home/ats/rv2/install/auto_aim_interfaces/include/auto_aim_interfaces/auto_aim_interfaces/msg/detail/target__rosidl_typesupport_fastrtps_c.h
[0.980s] -- Up-to-date symlink: /home/ats/rv2/install/auto_aim_interfaces/include/auto_aim_interfaces/auto_aim_interfaces/msg/detail/time_info__rosidl_typesupport_fastrtps_c.h
[0.980s] -- Up-to-date symlink: /home/ats/rv2/install/auto_aim_interfaces/include/auto_aim_interfaces/auto_aim_interfaces/msg/detail/tracker_info__rosidl_typesupport_fastrtps_c.h
[0.980s] -- Up-to-date symlink: /home/ats/rv2/install/auto_aim_interfaces/include/auto_aim_interfaces/auto_aim_interfaces/msg/rosidl_typesupport_fastrtps_c__visibility_control.h
[0.981s] -- Up-to-date symlink: /home/ats/rv2/install/auto_aim_interfaces/include/auto_aim_interfaces/auto_aim_interfaces/msg/detail/armor__rosidl_typesupport_introspection_c.h
[0.981s] -- Up-to-date symlink: /home/ats/rv2/install/auto_aim_interfaces/include/auto_aim_interfaces/auto_aim_interfaces/msg/detail/armors__rosidl_typesupport_introspection_c.h
[0.981s] -- Up-to-date symlink: /home/ats/rv2/install/auto_aim_interfaces/include/auto_aim_interfaces/auto_aim_interfaces/msg/detail/debug_armor__rosidl_typesupport_introspection_c.h
[0.981s] -- Up-to-date symlink: /home/ats/rv2/install/auto_aim_interfaces/include/auto_aim_interfaces/auto_aim_interfaces/msg/detail/debug_armors__rosidl_typesupport_introspection_c.h
[0.981s] -- Up-to-date symlink: /home/ats/rv2/install/auto_aim_interfaces/include/auto_aim_interfaces/auto_aim_interfaces/msg/detail/debug_light__rosidl_typesupport_introspection_c.h
[0.982s] -- Up-to-date symlink: /home/ats/rv2/install/auto_aim_interfaces/include/auto_aim_interfaces/auto_aim_interfaces/msg/detail/debug_lights__rosidl_typesupport_introspection_c.h
[0.982s] -- Up-to-date symlink: /home/ats/rv2/install/auto_aim_interfaces/include/auto_aim_interfaces/auto_aim_interfaces/msg/detail/target__rosidl_typesupport_introspection_c.h
[0.982s] -- Up-to-date symlink: /home/ats/rv2/install/auto_aim_interfaces/include/auto_aim_interfaces/auto_aim_interfaces/msg/detail/time_info__rosidl_typesupport_introspection_c.h
[0.982s] -- Up-to-date symlink: /home/ats/rv2/install/auto_aim_interfaces/include/auto_aim_interfaces/auto_aim_interfaces/msg/detail/tracker_info__rosidl_typesupport_introspection_c.h
[0.982s] -- Up-to-date symlink: /home/ats/rv2/install/auto_aim_interfaces/include/auto_aim_interfaces/auto_aim_interfaces/msg/rosidl_typesupport_introspection_c__visibility_control.h
[0.983s] -- Up-to-date symlink: /home/ats/rv2/install/auto_aim_interfaces/include/auto_aim_interfaces/auto_aim_interfaces/msg/armor.hpp
[0.983s] -- Up-to-date symlink: /home/ats/rv2/install/auto_aim_interfaces/include/auto_aim_interfaces/auto_aim_interfaces/msg/armors.hpp
[0.983s] -- Up-to-date symlink: /home/ats/rv2/install/auto_aim_interfaces/include/auto_aim_interfaces/auto_aim_interfaces/msg/debug_armor.hpp
[0.984s] -- Up-to-date symlink: /home/ats/rv2/install/auto_aim_interfaces/include/auto_aim_interfaces/auto_aim_interfaces/msg/debug_armors.hpp
[0.984s] -- Up-to-date symlink: /home/ats/rv2/install/auto_aim_interfaces/include/auto_aim_interfaces/auto_aim_interfaces/msg/debug_light.hpp
[0.984s] -- Up-to-date symlink: /home/ats/rv2/install/auto_aim_interfaces/include/auto_aim_interfaces/auto_aim_interfaces/msg/debug_lights.hpp
[0.984s] -- Up-to-date symlink: /home/ats/rv2/install/auto_aim_interfaces/include/auto_aim_interfaces/auto_aim_interfaces/msg/detail/armor__builder.hpp
[0.984s] -- Up-to-date symlink: /home/ats/rv2/install/auto_aim_interfaces/include/auto_aim_interfaces/auto_aim_interfaces/msg/detail/armor__struct.hpp
[0.984s] -- Up-to-date symlink: /home/ats/rv2/install/auto_aim_interfaces/include/auto_aim_interfaces/auto_aim_interfaces/msg/detail/armor__traits.hpp
[0.984s] -- Up-to-date symlink: /home/ats/rv2/install/auto_aim_interfaces/include/auto_aim_interfaces/auto_aim_interfaces/msg/detail/armors__builder.hpp
[0.984s] -- Up-to-date symlink: /home/ats/rv2/install/auto_aim_interfaces/include/auto_aim_interfaces/auto_aim_interfaces/msg/detail/armors__struct.hpp
[0.984s] -- Up-to-date symlink: /home/ats/rv2/install/auto_aim_interfaces/include/auto_aim_interfaces/auto_aim_interfaces/msg/detail/armors__traits.hpp
[0.985s] -- Up-to-date symlink: /home/ats/rv2/install/auto_aim_interfaces/include/auto_aim_interfaces/auto_aim_interfaces/msg/detail/debug_armor__builder.hpp
[0.985s] -- Up-to-date symlink: /home/ats/rv2/install/auto_aim_interfaces/include/auto_aim_interfaces/auto_aim_interfaces/msg/detail/debug_armor__struct.hpp
[0.985s] -- Up-to-date symlink: /home/ats/rv2/install/auto_aim_interfaces/include/auto_aim_interfaces/auto_aim_interfaces/msg/detail/debug_armor__traits.hpp
[0.985s] -- Up-to-date symlink: /home/ats/rv2/install/auto_aim_interfaces/include/auto_aim_interfaces/auto_aim_interfaces/msg/detail/debug_armors__builder.hpp
[0.985s] -- Up-to-date symlink: /home/ats/rv2/install/auto_aim_interfaces/include/auto_aim_interfaces/auto_aim_interfaces/msg/detail/debug_armors__struct.hpp
[0.985s] -- Up-to-date symlink: /home/ats/rv2/install/auto_aim_interfaces/include/auto_aim_interfaces/auto_aim_interfaces/msg/detail/debug_armors__traits.hpp
[0.985s] -- Up-to-date symlink: /home/ats/rv2/install/auto_aim_interfaces/include/auto_aim_interfaces/auto_aim_interfaces/msg/detail/debug_light__builder.hpp
[0.986s] -- Up-to-date symlink: /home/ats/rv2/install/auto_aim_interfaces/include/auto_aim_interfaces/auto_aim_interfaces/msg/detail/debug_light__struct.hpp
[0.986s] -- Up-to-date symlink: /home/ats/rv2/install/auto_aim_interfaces/include/auto_aim_interfaces/auto_aim_interfaces/msg/detail/debug_light__traits.hpp
[0.986s] -- Up-to-date symlink: /home/ats/rv2/install/auto_aim_interfaces/include/auto_aim_interfaces/auto_aim_interfaces/msg/detail/debug_lights__builder.hpp
[0.986s] -- Up-to-date symlink: /home/ats/rv2/install/auto_aim_interfaces/include/auto_aim_interfaces/auto_aim_interfaces/msg/detail/debug_lights__struct.hpp
[0.986s] -- Up-to-date symlink: /home/ats/rv2/install/auto_aim_interfaces/include/auto_aim_interfaces/auto_aim_interfaces/msg/detail/debug_lights__traits.hpp
[0.986s] -- Up-to-date symlink: /home/ats/rv2/install/auto_aim_interfaces/include/auto_aim_interfaces/auto_aim_interfaces/msg/detail/target__builder.hpp
[0.986s] -- Up-to-date symlink: /home/ats/rv2/install/auto_aim_interfaces/include/auto_aim_interfaces/auto_aim_interfaces/msg/detail/target__struct.hpp
[0.986s] -- Up-to-date symlink: /home/ats/rv2/install/auto_aim_interfaces/include/auto_aim_interfaces/auto_aim_interfaces/msg/detail/target__traits.hpp
[0.987s] -- Up-to-date symlink: /home/ats/rv2/install/auto_aim_interfaces/include/auto_aim_interfaces/auto_aim_interfaces/msg/detail/time_info__builder.hpp
[0.987s] -- Up-to-date symlink: /home/ats/rv2/install/auto_aim_interfaces/include/auto_aim_interfaces/auto_aim_interfaces/msg/detail/time_info__struct.hpp
[0.987s] -- Up-to-date symlink: /home/ats/rv2/install/auto_aim_interfaces/include/auto_aim_interfaces/auto_aim_interfaces/msg/detail/time_info__traits.hpp
[0.987s] -- Up-to-date symlink: /home/ats/rv2/install/auto_aim_interfaces/include/auto_aim_interfaces/auto_aim_interfaces/msg/detail/tracker_info__builder.hpp
[0.987s] -- Up-to-date symlink: /home/ats/rv2/install/auto_aim_interfaces/include/auto_aim_interfaces/auto_aim_interfaces/msg/detail/tracker_info__struct.hpp
[0.987s] -- Up-to-date symlink: /home/ats/rv2/install/auto_aim_interfaces/include/auto_aim_interfaces/auto_aim_interfaces/msg/detail/tracker_info__traits.hpp
[0.987s] -- Up-to-date symlink: /home/ats/rv2/install/auto_aim_interfaces/include/auto_aim_interfaces/auto_aim_interfaces/msg/target.hpp
[0.988s] -- Up-to-date symlink: /home/ats/rv2/install/auto_aim_interfaces/include/auto_aim_interfaces/auto_aim_interfaces/msg/time_info.hpp
[0.988s] -- Up-to-date symlink: /home/ats/rv2/install/auto_aim_interfaces/include/auto_aim_interfaces/auto_aim_interfaces/msg/tracker_info.hpp
[0.988s] -- Up-to-date symlink: /home/ats/rv2/install/auto_aim_interfaces/include/auto_aim_interfaces/auto_aim_interfaces/msg/detail/armor__rosidl_typesupport_fastrtps_cpp.hpp
[0.989s] -- Up-to-date symlink: /home/ats/rv2/install/auto_aim_interfaces/include/auto_aim_interfaces/auto_aim_interfaces/msg/detail/armors__rosidl_typesupport_fastrtps_cpp.hpp
[0.989s] -- Up-to-date symlink: /home/ats/rv2/install/auto_aim_interfaces/include/auto_aim_interfaces/auto_aim_interfaces/msg/detail/debug_armor__rosidl_typesupport_fastrtps_cpp.hpp
[0.989s] -- Up-to-date symlink: /home/ats/rv2/install/auto_aim_interfaces/include/auto_aim_interfaces/auto_aim_interfaces/msg/detail/debug_armors__rosidl_typesupport_fastrtps_cpp.hpp
[0.989s] -- Up-to-date symlink: /home/ats/rv2/install/auto_aim_interfaces/include/auto_aim_interfaces/auto_aim_interfaces/msg/detail/debug_light__rosidl_typesupport_fastrtps_cpp.hpp
[0.989s] -- Up-to-date symlink: /home/ats/rv2/install/auto_aim_interfaces/include/auto_aim_interfaces/auto_aim_interfaces/msg/detail/debug_lights__rosidl_typesupport_fastrtps_cpp.hpp
[0.989s] -- Up-to-date symlink: /home/ats/rv2/install/auto_aim_interfaces/include/auto_aim_interfaces/auto_aim_interfaces/msg/detail/target__rosidl_typesupport_fastrtps_cpp.hpp
[0.989s] -- Up-to-date symlink: /home/ats/rv2/install/auto_aim_interfaces/include/auto_aim_interfaces/auto_aim_interfaces/msg/detail/time_info__rosidl_typesupport_fastrtps_cpp.hpp
[0.990s] -- Up-to-date symlink: /home/ats/rv2/install/auto_aim_interfaces/include/auto_aim_interfaces/auto_aim_interfaces/msg/detail/tracker_info__rosidl_typesupport_fastrtps_cpp.hpp
[0.990s] -- Up-to-date symlink: /home/ats/rv2/install/auto_aim_interfaces/include/auto_aim_interfaces/auto_aim_interfaces/msg/rosidl_typesupport_fastrtps_cpp__visibility_control.h
[0.990s] -- Up-to-date symlink: /home/ats/rv2/install/auto_aim_interfaces/include/auto_aim_interfaces/auto_aim_interfaces/msg/detail/armor__rosidl_typesupport_introspection_cpp.hpp
[0.990s] -- Up-to-date symlink: /home/ats/rv2/install/auto_aim_interfaces/include/auto_aim_interfaces/auto_aim_interfaces/msg/detail/armors__rosidl_typesupport_introspection_cpp.hpp
[0.991s] -- Up-to-date symlink: /home/ats/rv2/install/auto_aim_interfaces/include/auto_aim_interfaces/auto_aim_interfaces/msg/detail/debug_armor__rosidl_typesupport_introspection_cpp.hpp
[0.991s] -- Up-to-date symlink: /home/ats/rv2/install/auto_aim_interfaces/include/auto_aim_interfaces/auto_aim_interfaces/msg/detail/debug_armors__rosidl_typesupport_introspection_cpp.hpp
[0.991s] -- Up-to-date symlink: /home/ats/rv2/install/auto_aim_interfaces/include/auto_aim_interfaces/auto_aim_interfaces/msg/detail/debug_light__rosidl_typesupport_introspection_cpp.hpp
[0.991s] -- Up-to-date symlink: /home/ats/rv2/install/auto_aim_interfaces/include/auto_aim_interfaces/auto_aim_interfaces/msg/detail/debug_lights__rosidl_typesupport_introspection_cpp.hpp
[0.991s] -- Up-to-date symlink: /home/ats/rv2/install/auto_aim_interfaces/include/auto_aim_interfaces/auto_aim_interfaces/msg/detail/target__rosidl_typesupport_introspection_cpp.hpp
[0.991s] -- Up-to-date symlink: /home/ats/rv2/install/auto_aim_interfaces/include/auto_aim_interfaces/auto_aim_interfaces/msg/detail/time_info__rosidl_typesupport_introspection_cpp.hpp
[0.991s] -- Up-to-date symlink: /home/ats/rv2/install/auto_aim_interfaces/include/auto_aim_interfaces/auto_aim_interfaces/msg/detail/tracker_info__rosidl_typesupport_introspection_cpp.hpp
[0.992s] -- Up-to-date symlink: /home/ats/rv2/install/auto_aim_interfaces/share/auto_aim_interfaces/environment/pythonpath.sh
[0.992s] -- Up-to-date symlink: /home/ats/rv2/install/auto_aim_interfaces/share/auto_aim_interfaces/environment/pythonpath.dsv
[0.992s] -- Up-to-date symlink: /home/ats/rv2/install/auto_aim_interfaces/local/lib/python3.10/dist-packages/auto_aim_interfaces-2.0.0-py3.10.egg-info/PKG-INFO
[0.992s] -- Up-to-date symlink: /home/ats/rv2/install/auto_aim_interfaces/local/lib/python3.10/dist-packages/auto_aim_interfaces-2.0.0-py3.10.egg-info/SOURCES.txt
[0.993s] -- Up-to-date symlink: /home/ats/rv2/install/auto_aim_interfaces/local/lib/python3.10/dist-packages/auto_aim_interfaces-2.0.0-py3.10.egg-info/dependency_links.txt
[0.993s] -- Up-to-date symlink: /home/ats/rv2/install/auto_aim_interfaces/local/lib/python3.10/dist-packages/auto_aim_interfaces-2.0.0-py3.10.egg-info/top_level.txt
[0.994s] -- Up-to-date symlink: /home/ats/rv2/install/auto_aim_interfaces/local/lib/python3.10/dist-packages/auto_aim_interfaces/__init__.py
[0.994s] -- Up-to-date symlink: /home/ats/rv2/install/auto_aim_interfaces/local/lib/python3.10/dist-packages/auto_aim_interfaces/_auto_aim_interfaces_s.ep.rosidl_typesupport_c.c
[0.994s] -- Up-to-date symlink: /home/ats/rv2/install/auto_aim_interfaces/local/lib/python3.10/dist-packages/auto_aim_interfaces/_auto_aim_interfaces_s.ep.rosidl_typesupport_fastrtps_c.c
[0.994s] -- Up-to-date symlink: /home/ats/rv2/install/auto_aim_interfaces/local/lib/python3.10/dist-packages/auto_aim_interfaces/_auto_aim_interfaces_s.ep.rosidl_typesupport_introspection_c.c
[0.994s] -- Up-to-date symlink: /home/ats/rv2/install/auto_aim_interfaces/local/lib/python3.10/dist-packages/auto_aim_interfaces/auto_aim_interfaces_s__rosidl_typesupport_c.cpython-310-x86_64-linux-gnu.so
[0.994s] -- Up-to-date symlink: /home/ats/rv2/install/auto_aim_interfaces/local/lib/python3.10/dist-packages/auto_aim_interfaces/auto_aim_interfaces_s__rosidl_typesupport_fastrtps_c.cpython-310-x86_64-linux-gnu.so
[0.995s] -- Up-to-date symlink: /home/ats/rv2/install/auto_aim_interfaces/local/lib/python3.10/dist-packages/auto_aim_interfaces/auto_aim_interfaces_s__rosidl_typesupport_introspection_c.cpython-310-x86_64-linux-gnu.so
[0.995s] -- Up-to-date symlink: /home/ats/rv2/install/auto_aim_interfaces/local/lib/python3.10/dist-packages/auto_aim_interfaces/libauto_aim_interfaces__rosidl_generator_py.so
[0.995s] -- Up-to-date symlink: /home/ats/rv2/install/auto_aim_interfaces/local/lib/python3.10/dist-packages/auto_aim_interfaces/msg/__init__.py
[0.995s] -- Up-to-date symlink: /home/ats/rv2/install/auto_aim_interfaces/local/lib/python3.10/dist-packages/auto_aim_interfaces/msg/_armor.py
[0.995s] -- Up-to-date symlink: /home/ats/rv2/install/auto_aim_interfaces/local/lib/python3.10/dist-packages/auto_aim_interfaces/msg/_armor_s.c
[0.995s] -- Up-to-date symlink: /home/ats/rv2/install/auto_aim_interfaces/local/lib/python3.10/dist-packages/auto_aim_interfaces/msg/_armors.py
[0.995s] -- Up-to-date symlink: /home/ats/rv2/install/auto_aim_interfaces/local/lib/python3.10/dist-packages/auto_aim_interfaces/msg/_armors_s.c
[0.996s] -- Up-to-date symlink: /home/ats/rv2/install/auto_aim_interfaces/local/lib/python3.10/dist-packages/auto_aim_interfaces/msg/_debug_armor.py
[0.996s] -- Up-to-date symlink: /home/ats/rv2/install/auto_aim_interfaces/local/lib/python3.10/dist-packages/auto_aim_interfaces/msg/_debug_armor_s.c
[0.996s] -- Up-to-date symlink: /home/ats/rv2/install/auto_aim_interfaces/local/lib/python3.10/dist-packages/auto_aim_interfaces/msg/_debug_armors.py
[0.996s] -- Up-to-date symlink: /home/ats/rv2/install/auto_aim_interfaces/local/lib/python3.10/dist-packages/auto_aim_interfaces/msg/_debug_armors_s.c
[0.996s] -- Up-to-date symlink: /home/ats/rv2/install/auto_aim_interfaces/local/lib/python3.10/dist-packages/auto_aim_interfaces/msg/_debug_light.py
[0.996s] -- Up-to-date symlink: /home/ats/rv2/install/auto_aim_interfaces/local/lib/python3.10/dist-packages/auto_aim_interfaces/msg/_debug_light_s.c
[0.996s] -- Up-to-date symlink: /home/ats/rv2/install/auto_aim_interfaces/local/lib/python3.10/dist-packages/auto_aim_interfaces/msg/_debug_lights.py
[0.997s] -- Up-to-date symlink: /home/ats/rv2/install/auto_aim_interfaces/local/lib/python3.10/dist-packages/auto_aim_interfaces/msg/_debug_lights_s.c
[0.997s] -- Up-to-date symlink: /home/ats/rv2/install/auto_aim_interfaces/local/lib/python3.10/dist-packages/auto_aim_interfaces/msg/_target.py
[0.997s] -- Up-to-date symlink: /home/ats/rv2/install/auto_aim_interfaces/local/lib/python3.10/dist-packages/auto_aim_interfaces/msg/_target_s.c
[0.997s] -- Up-to-date symlink: /home/ats/rv2/install/auto_aim_interfaces/local/lib/python3.10/dist-packages/auto_aim_interfaces/msg/_time_info.py
[0.997s] -- Up-to-date symlink: /home/ats/rv2/install/auto_aim_interfaces/local/lib/python3.10/dist-packages/auto_aim_interfaces/msg/_time_info_s.c
[0.997s] -- Up-to-date symlink: /home/ats/rv2/install/auto_aim_interfaces/local/lib/python3.10/dist-packages/auto_aim_interfaces/msg/_tracker_info.py
[0.997s] -- Up-to-date symlink: /home/ats/rv2/install/auto_aim_interfaces/local/lib/python3.10/dist-packages/auto_aim_interfaces/msg/_tracker_info_s.c
[0.998s] -- Up-to-date symlink: /home/ats/rv2/install/auto_aim_interfaces/local/lib/python3.10/dist-packages/auto_aim_interfaces/auto_aim_interfaces_s__rosidl_typesupport_fastrtps_c.cpython-310-x86_64-linux-gnu.so
[0.998s] -- Up-to-date symlink: /home/ats/rv2/install/auto_aim_interfaces/local/lib/python3.10/dist-packages/auto_aim_interfaces/auto_aim_interfaces_s__rosidl_typesupport_introspection_c.cpython-310-x86_64-linux-gnu.so
[0.998s] -- Up-to-date symlink: /home/ats/rv2/install/auto_aim_interfaces/local/lib/python3.10/dist-packages/auto_aim_interfaces/auto_aim_interfaces_s__rosidl_typesupport_c.cpython-310-x86_64-linux-gnu.so
[0.999s] -- Up-to-date symlink: /home/ats/rv2/install/auto_aim_interfaces/share/auto_aim_interfaces/msg/Armor.idl
[0.999s] -- Up-to-date symlink: /home/ats/rv2/install/auto_aim_interfaces/share/auto_aim_interfaces/msg/Armors.idl
[0.999s] -- Up-to-date symlink: /home/ats/rv2/install/auto_aim_interfaces/share/auto_aim_interfaces/msg/Target.idl
[0.999s] -- Up-to-date symlink: /home/ats/rv2/install/auto_aim_interfaces/share/auto_aim_interfaces/msg/DebugLight.idl
[0.999s] -- Up-to-date symlink: /home/ats/rv2/install/auto_aim_interfaces/share/auto_aim_interfaces/msg/DebugLights.idl
[0.999s] -- Up-to-date symlink: /home/ats/rv2/install/auto_aim_interfaces/share/auto_aim_interfaces/msg/DebugArmor.idl
[1.000s] -- Up-to-date symlink: /home/ats/rv2/install/auto_aim_interfaces/share/auto_aim_interfaces/msg/DebugArmors.idl
[1.000s] -- Up-to-date symlink: /home/ats/rv2/install/auto_aim_interfaces/share/auto_aim_interfaces/msg/TrackerInfo.idl
[1.000s] -- Up-to-date symlink: /home/ats/rv2/install/auto_aim_interfaces/share/auto_aim_interfaces/msg/TimeInfo.idl
[1.000s] -- Up-to-date symlink: /home/ats/rv2/install/auto_aim_interfaces/share/auto_aim_interfaces/msg/Armor.msg
[1.000s] -- Up-to-date symlink: /home/ats/rv2/install/auto_aim_interfaces/share/auto_aim_interfaces/msg/Armors.msg
[1.000s] -- Up-to-date symlink: /home/ats/rv2/install/auto_aim_interfaces/share/auto_aim_interfaces/msg/Target.msg
[1.001s] -- Up-to-date symlink: /home/ats/rv2/install/auto_aim_interfaces/share/auto_aim_interfaces/msg/DebugLight.msg
[1.001s] -- Up-to-date symlink: /home/ats/rv2/install/auto_aim_interfaces/share/auto_aim_interfaces/msg/DebugLights.msg
[1.001s] -- Up-to-date symlink: /home/ats/rv2/install/auto_aim_interfaces/share/auto_aim_interfaces/msg/DebugArmor.msg
[1.001s] -- Up-to-date symlink: /home/ats/rv2/install/auto_aim_interfaces/share/auto_aim_interfaces/msg/DebugArmors.msg
[1.001s] -- Up-to-date symlink: /home/ats/rv2/install/auto_aim_interfaces/share/auto_aim_interfaces/msg/TrackerInfo.msg
[1.001s] -- Up-to-date symlink: /home/ats/rv2/install/auto_aim_interfaces/share/auto_aim_interfaces/msg/TimeInfo.msg
[1.002s] -- Up-to-date symlink: /home/ats/rv2/install/auto_aim_interfaces/share/ament_index/resource_index/package_run_dependencies/auto_aim_interfaces
[1.002s] -- Up-to-date symlink: /home/ats/rv2/install/auto_aim_interfaces/share/ament_index/resource_index/parent_prefix_path/auto_aim_interfaces
[1.002s] -- Up-to-date symlink: /home/ats/rv2/install/auto_aim_interfaces/share/auto_aim_interfaces/environment/ament_prefix_path.sh
[1.002s] -- Up-to-date symlink: /home/ats/rv2/install/auto_aim_interfaces/share/auto_aim_interfaces/environment/ament_prefix_path.dsv
[1.002s] -- Up-to-date symlink: /home/ats/rv2/install/auto_aim_interfaces/share/auto_aim_interfaces/environment/path.sh
[1.003s] -- Up-to-date symlink: /home/ats/rv2/install/auto_aim_interfaces/share/auto_aim_interfaces/environment/path.dsv
[1.003s] -- Up-to-date symlink: /home/ats/rv2/install/auto_aim_interfaces/share/auto_aim_interfaces/local_setup.bash
[1.003s] -- Up-to-date symlink: /home/ats/rv2/install/auto_aim_interfaces/share/auto_aim_interfaces/local_setup.sh
[1.003s] -- Up-to-date symlink: /home/ats/rv2/install/auto_aim_interfaces/share/auto_aim_interfaces/local_setup.zsh
[1.003s] -- Up-to-date symlink: /home/ats/rv2/install/auto_aim_interfaces/share/auto_aim_interfaces/local_setup.dsv
[1.003s] -- Symlinking: /home/ats/rv2/install/auto_aim_interfaces/share/auto_aim_interfaces/package.dsv
[1.016s] -- Up-to-date symlink: /home/ats/rv2/install/auto_aim_interfaces/share/ament_index/resource_index/packages/auto_aim_interfaces
[1.016s] -- Up-to-date symlink: /home/ats/rv2/install/auto_aim_interfaces/share/auto_aim_interfaces/cmake/rosidl_cmake-extras.cmake
[1.016s] -- Up-to-date symlink: /home/ats/rv2/install/auto_aim_interfaces/share/auto_aim_interfaces/cmake/ament_cmake_export_dependencies-extras.cmake
[1.016s] -- Up-to-date symlink: /home/ats/rv2/install/auto_aim_interfaces/share/auto_aim_interfaces/cmake/ament_cmake_export_include_directories-extras.cmake
[1.016s] -- Up-to-date symlink: /home/ats/rv2/install/auto_aim_interfaces/share/auto_aim_interfaces/cmake/ament_cmake_export_libraries-extras.cmake
[1.017s] -- Up-to-date symlink: /home/ats/rv2/install/auto_aim_interfaces/share/auto_aim_interfaces/cmake/ament_cmake_export_targets-extras.cmake
[1.017s] -- Up-to-date symlink: /home/ats/rv2/install/auto_aim_interfaces/share/auto_aim_interfaces/cmake/rosidl_cmake_export_typesupport_targets-extras.cmake
[1.017s] -- Up-to-date symlink: /home/ats/rv2/install/auto_aim_interfaces/share/auto_aim_interfaces/cmake/rosidl_cmake_export_typesupport_libraries-extras.cmake
[1.017s] -- Up-to-date symlink: /home/ats/rv2/install/auto_aim_interfaces/share/auto_aim_interfaces/cmake/auto_aim_interfacesConfig.cmake
[1.017s] -- Up-to-date symlink: /home/ats/rv2/install/auto_aim_interfaces/share/auto_aim_interfaces/cmake/auto_aim_interfacesConfig-version.cmake
[1.017s] -- Up-to-date symlink: /home/ats/rv2/install/auto_aim_interfaces/share/auto_aim_interfaces/package.xml
[1.017s] -- Up-to-date: /home/ats/rv2/install/auto_aim_interfaces/lib/libauto_aim_interfaces__rosidl_generator_c.so
[1.018s] -- Up-to-date: /home/ats/rv2/install/auto_aim_interfaces/lib/libauto_aim_interfaces__rosidl_typesupport_fastrtps_c.so
[1.019s] -- Up-to-date: /home/ats/rv2/install/auto_aim_interfaces/lib/libauto_aim_interfaces__rosidl_typesupport_introspection_c.so
[1.019s] -- Up-to-date: /home/ats/rv2/install/auto_aim_interfaces/lib/libauto_aim_interfaces__rosidl_typesupport_c.so
[1.020s] -- Up-to-date: /home/ats/rv2/install/auto_aim_interfaces/lib/libauto_aim_interfaces__rosidl_typesupport_fastrtps_cpp.so
[1.020s] -- Up-to-date: /home/ats/rv2/install/auto_aim_interfaces/lib/libauto_aim_interfaces__rosidl_typesupport_introspection_cpp.so
[1.021s] -- Up-to-date: /home/ats/rv2/install/auto_aim_interfaces/lib/libauto_aim_interfaces__rosidl_typesupport_cpp.so
[1.065s] Listing '/home/ats/rv2/install/auto_aim_interfaces/local/lib/python3.10/dist-packages/auto_aim_interfaces'...
[1.065s] Listing '/home/ats/rv2/install/auto_aim_interfaces/local/lib/python3.10/dist-packages/auto_aim_interfaces/msg'...
[1.072s] -- Up-to-date: /home/ats/rv2/install/auto_aim_interfaces/lib/libauto_aim_interfaces__rosidl_generator_py.so
[1.073s] -- Up-to-date: /home/ats/rv2/install/auto_aim_interfaces/share/auto_aim_interfaces/cmake/export_auto_aim_interfaces__rosidl_generator_cExport.cmake
[1.073s] -- Up-to-date: /home/ats/rv2/install/auto_aim_interfaces/share/auto_aim_interfaces/cmake/export_auto_aim_interfaces__rosidl_generator_cExport-noconfig.cmake
[1.073s] -- Up-to-date: /home/ats/rv2/install/auto_aim_interfaces/share/auto_aim_interfaces/cmake/export_auto_aim_interfaces__rosidl_typesupport_fastrtps_cExport.cmake
[1.073s] -- Up-to-date: /home/ats/rv2/install/auto_aim_interfaces/share/auto_aim_interfaces/cmake/export_auto_aim_interfaces__rosidl_typesupport_fastrtps_cExport-noconfig.cmake
[1.073s] -- Up-to-date: /home/ats/rv2/install/auto_aim_interfaces/share/auto_aim_interfaces/cmake/auto_aim_interfaces__rosidl_typesupport_introspection_cExport.cmake
[1.073s] -- Up-to-date: /home/ats/rv2/install/auto_aim_interfaces/share/auto_aim_interfaces/cmake/auto_aim_interfaces__rosidl_typesupport_introspection_cExport-noconfig.cmake
[1.074s] -- Up-to-date: /home/ats/rv2/install/auto_aim_interfaces/share/auto_aim_interfaces/cmake/auto_aim_interfaces__rosidl_typesupport_cExport.cmake
[1.074s] -- Up-to-date: /home/ats/rv2/install/auto_aim_interfaces/share/auto_aim_interfaces/cmake/auto_aim_interfaces__rosidl_typesupport_cExport-noconfig.cmake
[1.074s] -- Up-to-date: /home/ats/rv2/install/auto_aim_interfaces/share/auto_aim_interfaces/cmake/export_auto_aim_interfaces__rosidl_generator_cppExport.cmake
[1.074s] -- Up-to-date: /home/ats/rv2/install/auto_aim_interfaces/share/auto_aim_interfaces/cmake/export_auto_aim_interfaces__rosidl_typesupport_fastrtps_cppExport.cmake
[1.074s] -- Up-to-date: /home/ats/rv2/install/auto_aim_interfaces/share/auto_aim_interfaces/cmake/export_auto_aim_interfaces__rosidl_typesupport_fastrtps_cppExport-noconfig.cmake
[1.075s] -- Up-to-date: /home/ats/rv2/install/auto_aim_interfaces/share/auto_aim_interfaces/cmake/auto_aim_interfaces__rosidl_typesupport_introspection_cppExport.cmake
[1.075s] -- Up-to-date: /home/ats/rv2/install/auto_aim_interfaces/share/auto_aim_interfaces/cmake/auto_aim_interfaces__rosidl_typesupport_introspection_cppExport-noconfig.cmake
[1.075s] -- Up-to-date: /home/ats/rv2/install/auto_aim_interfaces/share/auto_aim_interfaces/cmake/auto_aim_interfaces__rosidl_typesupport_cppExport.cmake
[1.075s] -- Up-to-date: /home/ats/rv2/install/auto_aim_interfaces/share/auto_aim_interfaces/cmake/auto_aim_interfaces__rosidl_typesupport_cppExport-noconfig.cmake
[1.075s] -- Up-to-date: /home/ats/rv2/install/auto_aim_interfaces/share/auto_aim_interfaces/cmake/export_auto_aim_interfaces__rosidl_generator_pyExport.cmake
[1.075s] -- Up-to-date: /home/ats/rv2/install/auto_aim_interfaces/share/auto_aim_interfaces/cmake/export_auto_aim_interfaces__rosidl_generator_pyExport-noconfig.cmake
[1.079s] Invoked command in '/home/ats/rv2/build/auto_aim_interfaces' returned '0': CMAKE_PREFIX_PATH=${CMAKE_PREFIX_PATH}:/opt/ros/humble /usr/bin/cmake --install /home/ats/rv2/build/auto_aim_interfaces
