[0.011s] Invoking command in '/home/ats/rv2/build/buff_tracker': AMENT_PREFIX_PATH=/home/ats/rv2/install/buff_interfaces:${AMENT_PREFIX_PATH} CMAKE_PREFIX_PATH=/home/ats/rv2/install/buff_interfaces:/home/ats/ws_livox/install/livox_ros_driver2:/opt/ros/humble LD_LIBRARY_PATH=/home/ats/rv2/install/buff_interfaces/lib:/home/ats/ws_livox/install/livox_ros_driver2/lib:/opt/ros/humble/opt/rviz_ogre_vendor/lib:/opt/ros/humble/lib/x86_64-linux-gnu:/opt/ros/humble/opt/openvdb_vendor/lib:/opt/ros/humble/lib:/opt/MVS/lib/64:/opt/MVS/lib/32:/opt/MVS/lib/64:/opt/MVS/lib/32:/opt/MVS/lib/64:/opt/MVS/lib/32 PYTHONPATH=/home/ats/rv2/install/buff_interfaces/local/lib/python3.10/dist-packages:${PYTHONPATH} /usr/bin/cmake --build /home/ats/rv2/build/buff_tracker -- -j32 -l32
[0.073s] [ 14%] [32mBuilding CXX object CMakeFiles/buff_tracker_node.dir/rclcpp_components/node_main_buff_tracker_node.cpp.o[0m
[0.073s] [ 28%] [32mBuilding CXX object CMakeFiles/buff_tracker.dir/src/extended_kalman_filter.cpp.o[0m
[0.075s] [ 42%] [32mBuilding CXX object CMakeFiles/buff_tracker.dir/src/gauss_newton_solver.cpp.o[0m
[0.075s] [ 57%] [32mBuilding CXX object CMakeFiles/buff_tracker.dir/src/tracker.cpp.o[0m
[0.081s] [ 71%] [32mBuilding CXX object CMakeFiles/buff_tracker.dir/src/tracker_node.cpp.o[0m
[4.580s] [ 85%] [32m[1mLinking CXX executable buff_tracker_node[0m
[4.699s] [ 85%] Built target buff_tracker_node
[13.171s] [100%] [32m[1mLinking CXX shared library libbuff_tracker.so[0m
[13.991s] [100%] Built target buff_tracker
[13.999s] Invoked command in '/home/ats/rv2/build/buff_tracker' returned '0': AMENT_PREFIX_PATH=/home/ats/rv2/install/buff_interfaces:${AMENT_PREFIX_PATH} CMAKE_PREFIX_PATH=/home/ats/rv2/install/buff_interfaces:/home/ats/ws_livox/install/livox_ros_driver2:/opt/ros/humble LD_LIBRARY_PATH=/home/ats/rv2/install/buff_interfaces/lib:/home/ats/ws_livox/install/livox_ros_driver2/lib:/opt/ros/humble/opt/rviz_ogre_vendor/lib:/opt/ros/humble/lib/x86_64-linux-gnu:/opt/ros/humble/opt/openvdb_vendor/lib:/opt/ros/humble/lib:/opt/MVS/lib/64:/opt/MVS/lib/32:/opt/MVS/lib/64:/opt/MVS/lib/32:/opt/MVS/lib/64:/opt/MVS/lib/32 PYTHONPATH=/home/ats/rv2/install/buff_interfaces/local/lib/python3.10/dist-packages:${PYTHONPATH} /usr/bin/cmake --build /home/ats/rv2/build/buff_tracker -- -j32 -l32
[14.035s] Invoking command in '/home/ats/rv2/build/buff_tracker': AMENT_PREFIX_PATH=/home/ats/rv2/install/buff_interfaces:${AMENT_PREFIX_PATH} CMAKE_PREFIX_PATH=/home/ats/rv2/install/buff_interfaces:/home/ats/ws_livox/install/livox_ros_driver2:/opt/ros/humble LD_LIBRARY_PATH=/home/ats/rv2/install/buff_interfaces/lib:/home/ats/ws_livox/install/livox_ros_driver2/lib:/opt/ros/humble/opt/rviz_ogre_vendor/lib:/opt/ros/humble/lib/x86_64-linux-gnu:/opt/ros/humble/opt/openvdb_vendor/lib:/opt/ros/humble/lib:/opt/MVS/lib/64:/opt/MVS/lib/32:/opt/MVS/lib/64:/opt/MVS/lib/32:/opt/MVS/lib/64:/opt/MVS/lib/32 PYTHONPATH=/home/ats/rv2/install/buff_interfaces/local/lib/python3.10/dist-packages:${PYTHONPATH} /usr/bin/cmake --install /home/ats/rv2/build/buff_tracker
[14.040s] -- Install configuration: ""
[14.040s] -- Execute custom install script
[14.040s] -- Up-to-date symlink: /home/ats/rv2/install/buff_tracker/lib/buff_tracker/buff_tracker_node
[14.041s] -- Up-to-date symlink: /home/ats/rv2/install/buff_tracker/include/buff_tracker/extended_kalman_filter.hpp
[14.041s] -- Up-to-date symlink: /home/ats/rv2/install/buff_tracker/include/buff_tracker/gauss_newton_solver.hpp
[14.041s] -- Up-to-date symlink: /home/ats/rv2/install/buff_tracker/include/buff_tracker/tracker.hpp
[14.041s] -- Up-to-date symlink: /home/ats/rv2/install/buff_tracker/include/buff_tracker/tracker_node.hpp
[14.042s] -- Up-to-date symlink: /home/ats/rv2/install/buff_tracker/share/buff_tracker/environment/library_path.sh
[14.042s] -- Up-to-date symlink: /home/ats/rv2/install/buff_tracker/share/buff_tracker/environment/library_path.dsv
[14.042s] -- Up-to-date symlink: /home/ats/rv2/install/buff_tracker/lib/libbuff_tracker.so
[14.042s] -- Up-to-date symlink: /home/ats/rv2/install/buff_tracker/share/ament_index/resource_index/package_run_dependencies/buff_tracker
[14.043s] -- Up-to-date symlink: /home/ats/rv2/install/buff_tracker/share/ament_index/resource_index/parent_prefix_path/buff_tracker
[14.043s] -- Up-to-date symlink: /home/ats/rv2/install/buff_tracker/share/buff_tracker/environment/ament_prefix_path.sh
[14.043s] -- Up-to-date symlink: /home/ats/rv2/install/buff_tracker/share/buff_tracker/environment/ament_prefix_path.dsv
[14.043s] -- Up-to-date symlink: /home/ats/rv2/install/buff_tracker/share/buff_tracker/environment/path.sh
[14.043s] -- Up-to-date symlink: /home/ats/rv2/install/buff_tracker/share/buff_tracker/environment/path.dsv
[14.043s] -- Up-to-date symlink: /home/ats/rv2/install/buff_tracker/share/buff_tracker/local_setup.bash
[14.043s] -- Up-to-date symlink: /home/ats/rv2/install/buff_tracker/share/buff_tracker/local_setup.sh
[14.043s] -- Up-to-date symlink: /home/ats/rv2/install/buff_tracker/share/buff_tracker/local_setup.zsh
[14.044s] -- Up-to-date symlink: /home/ats/rv2/install/buff_tracker/share/buff_tracker/local_setup.dsv
[14.044s] -- Symlinking: /home/ats/rv2/install/buff_tracker/share/buff_tracker/package.dsv
[14.051s] -- Up-to-date symlink: /home/ats/rv2/install/buff_tracker/share/ament_index/resource_index/packages/buff_tracker
[14.052s] -- Up-to-date symlink: /home/ats/rv2/install/buff_tracker/share/ament_index/resource_index/rclcpp_components/buff_tracker
[14.052s] -- Up-to-date symlink: /home/ats/rv2/install/buff_tracker/share/buff_tracker/cmake/ament_cmake_export_dependencies-extras.cmake
[14.052s] -- Up-to-date symlink: /home/ats/rv2/install/buff_tracker/share/buff_tracker/cmake/ament_cmake_export_include_directories-extras.cmake
[14.052s] -- Up-to-date symlink: /home/ats/rv2/install/buff_tracker/share/buff_tracker/cmake/ament_cmake_export_libraries-extras.cmake
[14.053s] -- Up-to-date symlink: /home/ats/rv2/install/buff_tracker/share/buff_tracker/cmake/buff_trackerConfig.cmake
[14.053s] -- Up-to-date symlink: /home/ats/rv2/install/buff_tracker/share/buff_tracker/cmake/buff_trackerConfig-version.cmake
[14.053s] -- Up-to-date symlink: /home/ats/rv2/install/buff_tracker/share/buff_tracker/package.xml
[14.054s] Invoked command in '/home/ats/rv2/build/buff_tracker' returned '0': AMENT_PREFIX_PATH=/home/ats/rv2/install/buff_interfaces:${AMENT_PREFIX_PATH} CMAKE_PREFIX_PATH=/home/ats/rv2/install/buff_interfaces:/home/ats/ws_livox/install/livox_ros_driver2:/opt/ros/humble LD_LIBRARY_PATH=/home/ats/rv2/install/buff_interfaces/lib:/home/ats/ws_livox/install/livox_ros_driver2/lib:/opt/ros/humble/opt/rviz_ogre_vendor/lib:/opt/ros/humble/lib/x86_64-linux-gnu:/opt/ros/humble/opt/openvdb_vendor/lib:/opt/ros/humble/lib:/opt/MVS/lib/64:/opt/MVS/lib/32:/opt/MVS/lib/64:/opt/MVS/lib/32:/opt/MVS/lib/64:/opt/MVS/lib/32 PYTHONPATH=/home/ats/rv2/install/buff_interfaces/local/lib/python3.10/dist-packages:${PYTHONPATH} /usr/bin/cmake --install /home/ats/rv2/build/buff_tracker
