[0.010s] Invoking command in '/home/ats/rv2/build/hik_camera': CMAKE_PREFIX_PATH=/opt/ros/humble /usr/bin/cmake /home/ats/rv2/src/ros2_hik_camera -DAMENT_CMAKE_SYMLINK_INSTALL=1 -DCMAKE_INSTALL_PREFIX=/home/ats/rv2/install/hik_camera
[0.062s] -- The C compiler identification is GNU 11.4.0
[0.097s] -- The CXX compiler identification is GNU 11.4.0
[0.103s] -- Detecting C compiler ABI info
[0.145s] -- Detecting C compiler ABI info - done
[0.150s] -- Check for working C compiler: /usr/bin/cc - skipped
[0.151s] -- Detecting C compile features
[0.153s] -- Detecting C compile features - done
[0.153s] -- Detecting CXX compiler ABI info
[0.203s] -- Detecting CXX compiler ABI info - done
[0.207s] -- Check for working CXX compiler: /usr/bin/c++ - skipped
[0.210s] -- Detecting CXX compile features
[0.210s] -- Detecting CXX compile features - done
[0.210s] -- Found ament_cmake_auto: 1.3.10 (/opt/ros/humble/share/ament_cmake_auto/cmake)
[0.304s] -- Found Python3: /usr/bin/python3 (found version "3.10.12") found components: Interpreter 
[0.343s] -- Override CMake install command with custom implementation using symlinks instead of copying resources
[0.428s] -- Found rosidl_generator_c: 3.1.5 (/opt/ros/humble/share/rosidl_generator_c/cmake)
[0.430s] -- Found rosidl_adapter: 3.1.5 (/opt/ros/humble/share/rosidl_adapter/cmake)
[0.435s] -- Found rosidl_generator_cpp: 3.1.5 (/opt/ros/humble/share/rosidl_generator_cpp/cmake)
[0.442s] -- Using all available rosidl_typesupport_c: rosidl_typesupport_fastrtps_c;rosidl_typesupport_introspection_c
[0.451s] -- Using all available rosidl_typesupport_cpp: rosidl_typesupport_fastrtps_cpp;rosidl_typesupport_introspection_cpp
[0.477s] -- Found rmw_implementation_cmake: 6.1.2 (/opt/ros/humble/share/rmw_implementation_cmake/cmake)
[0.479s] -- Found rmw_fastrtps_cpp: 6.2.7 (/opt/ros/humble/share/rmw_fastrtps_cpp/cmake)
[0.531s] -- Found OpenSSL: /usr/lib/x86_64-linux-gnu/libcrypto.so (found version "3.0.2")  
[0.547s] -- Found FastRTPS: /opt/ros/humble/include  
[0.572s] -- Using RMW implementation 'rmw_fastrtps_cpp' as default
[0.577s] -- Looking for pthread.h
[0.622s] -- Looking for pthread.h - found
[0.622s] -- Performing Test CMAKE_HAVE_LIBC_PTHREAD
[0.666s] -- Performing Test CMAKE_HAVE_LIBC_PTHREAD - Success
[0.667s] -- Found Threads: TRUE  
[0.757s] -- Found ament_lint_auto: 0.12.11 (/opt/ros/humble/share/ament_lint_auto/cmake)
[0.769s] -- Added test 'cppcheck' to perform static code analysis on C / C++ code
[0.769s] -- Configured cppcheck include dirs: /home/ats/rv2/src/ros2_hik_camera/hikSDK/include
[0.769s] -- Configured cppcheck exclude dirs and/or files: 
[0.770s] -- Added test 'flake8' to check Python code syntax and style conventions
[0.771s] -- Added test 'lint_cmake' to check CMake code style
[0.771s] -- Added test 'pep257' to check Python code against some of the docstring style conventions in PEP 257
[0.771s] -- Added test 'xmllint' to check XML markup files
[0.773s] -- Configuring done
[0.780s] -- Generating done
[0.781s] -- Build files have been written to: /home/ats/rv2/build/hik_camera
[0.789s] Invoked command in '/home/ats/rv2/build/hik_camera' returned '0': CMAKE_PREFIX_PATH=/opt/ros/humble /usr/bin/cmake /home/ats/rv2/src/ros2_hik_camera -DAMENT_CMAKE_SYMLINK_INSTALL=1 -DCMAKE_INSTALL_PREFIX=/home/ats/rv2/install/hik_camera
[0.789s] Invoking command in '/home/ats/rv2/build/hik_camera': CMAKE_PREFIX_PATH=/opt/ros/humble /usr/bin/cmake --build /home/ats/rv2/build/hik_camera -- -j32 -l32
[0.819s] [ 25%] [32mBuilding CXX object CMakeFiles/hik_camera.dir/src/hik_camera_node.cpp.o[0m
[0.819s] [ 50%] [32mBuilding CXX object CMakeFiles/hik_camera_node.dir/rclcpp_components/node_main_hik_camera_node.cpp.o[0m
[3.663s] [ 75%] [32m[1mLinking CXX executable hik_camera_node[0m
[3.740s] [ 75%] Built target hik_camera_node
[3.856s] [100%] [32m[1mLinking CXX shared library libhik_camera.so[0m
[3.958s] [100%] Built target hik_camera
[3.968s] Invoked command in '/home/ats/rv2/build/hik_camera' returned '0': CMAKE_PREFIX_PATH=/opt/ros/humble /usr/bin/cmake --build /home/ats/rv2/build/hik_camera -- -j32 -l32
[3.991s] Invoking command in '/home/ats/rv2/build/hik_camera': CMAKE_PREFIX_PATH=/opt/ros/humble /usr/bin/cmake --install /home/ats/rv2/build/hik_camera
[3.997s] -- Install configuration: ""
[3.998s] -- Execute custom install script
[3.998s] -- Symlinking: /home/ats/rv2/install/hik_camera/lib/libFormatConversion.so
[4.006s] -- Symlinking: /home/ats/rv2/install/hik_camera/lib/libMVRender.so
[4.012s] -- Symlinking: /home/ats/rv2/install/hik_camera/lib/libMediaProcess.so
[4.020s] -- Symlinking: /home/ats/rv2/install/hik_camera/lib/libMvCameraControl.so
[4.026s] -- Symlinking: /home/ats/rv2/install/hik_camera/lib/libMvUsb3vTL.so
[4.034s] -- Symlinking: /home/ats/rv2/install/hik_camera/lib/hik_camera/hik_camera_node
[4.041s] -- Symlinking: /home/ats/rv2/install/hik_camera/share/hik_camera/environment/library_path.sh
[4.048s] -- Symlinking: /home/ats/rv2/install/hik_camera/share/hik_camera/environment/library_path.dsv
[4.055s] -- Symlinking: /home/ats/rv2/install/hik_camera/lib/libhik_camera.so
[4.061s] -- Symlinking: /home/ats/rv2/install/hik_camera/share/hik_camera/config/camera_info.yaml
[4.067s] -- Symlinking: /home/ats/rv2/install/hik_camera/share/hik_camera/config/camera_params.yaml
[4.073s] -- Symlinking: /home/ats/rv2/install/hik_camera/share/hik_camera/launch/hik_camera.launch.py
[4.079s] -- Symlinking: /home/ats/rv2/install/hik_camera/share/ament_index/resource_index/package_run_dependencies/hik_camera
[4.084s] -- Symlinking: /home/ats/rv2/install/hik_camera/share/ament_index/resource_index/parent_prefix_path/hik_camera
[4.089s] -- Symlinking: /home/ats/rv2/install/hik_camera/share/hik_camera/environment/ament_prefix_path.sh
[4.095s] -- Symlinking: /home/ats/rv2/install/hik_camera/share/hik_camera/environment/ament_prefix_path.dsv
[4.100s] -- Symlinking: /home/ats/rv2/install/hik_camera/share/hik_camera/environment/path.sh
[4.105s] -- Symlinking: /home/ats/rv2/install/hik_camera/share/hik_camera/environment/path.dsv
[4.110s] -- Symlinking: /home/ats/rv2/install/hik_camera/share/hik_camera/local_setup.bash
[4.115s] -- Symlinking: /home/ats/rv2/install/hik_camera/share/hik_camera/local_setup.sh
[4.120s] -- Symlinking: /home/ats/rv2/install/hik_camera/share/hik_camera/local_setup.zsh
[4.125s] -- Symlinking: /home/ats/rv2/install/hik_camera/share/hik_camera/local_setup.dsv
[4.131s] -- Symlinking: /home/ats/rv2/install/hik_camera/share/hik_camera/package.dsv
[4.137s] -- Symlinking: /home/ats/rv2/install/hik_camera/share/ament_index/resource_index/packages/hik_camera
[4.142s] -- Symlinking: /home/ats/rv2/install/hik_camera/share/ament_index/resource_index/rclcpp_components/hik_camera
[4.148s] -- Symlinking: /home/ats/rv2/install/hik_camera/share/hik_camera/cmake/ament_cmake_export_dependencies-extras.cmake
[4.153s] -- Symlinking: /home/ats/rv2/install/hik_camera/share/hik_camera/cmake/ament_cmake_export_libraries-extras.cmake
[4.158s] -- Symlinking: /home/ats/rv2/install/hik_camera/share/hik_camera/cmake/hik_cameraConfig.cmake
[4.164s] -- Symlinking: /home/ats/rv2/install/hik_camera/share/hik_camera/cmake/hik_cameraConfig-version.cmake
[4.169s] -- Symlinking: /home/ats/rv2/install/hik_camera/share/hik_camera/package.xml
[4.176s] Invoked command in '/home/ats/rv2/build/hik_camera' returned '0': CMAKE_PREFIX_PATH=/opt/ros/humble /usr/bin/cmake --install /home/ats/rv2/build/hik_camera
