[0.015s] Invoking command in '/home/ats/rv2/build/armor_tracker': AMENT_PREFIX_PATH=/home/ats/rv2/install/auto_aim_interfaces:${AMENT_PREFIX_PATH} CMAKE_PREFIX_PATH=/home/ats/rv2/install/auto_aim_interfaces:/opt/ros/humble LD_LIBRARY_PATH=/home/ats/rv2/install/auto_aim_interfaces/lib:/opt/ros/humble/opt/rviz_ogre_vendor/lib:/opt/ros/humble/lib/x86_64-linux-gnu:/opt/ros/humble/opt/openvdb_vendor/lib:/opt/ros/humble/lib:/opt/MVS/lib/64:/opt/MVS/lib/32:/opt/MVS/lib/64:/opt/MVS/lib/32:/opt/MVS/lib/64:/opt/MVS/lib/32 PYTHONPATH=/home/ats/rv2/install/auto_aim_interfaces/local/lib/python3.10/dist-packages:${PYTHONPATH} /usr/bin/cmake --build /home/ats/rv2/build/armor_tracker -- -j32 -l32
[0.065s] [ 33%] Built target armor_tracker_node
[0.074s] [100%] Built target armor_tracker
[0.085s] Invoked command in '/home/ats/rv2/build/armor_tracker' returned '0': AMENT_PREFIX_PATH=/home/ats/rv2/install/auto_aim_interfaces:${AMENT_PREFIX_PATH} CMAKE_PREFIX_PATH=/home/ats/rv2/install/auto_aim_interfaces:/opt/ros/humble LD_LIBRARY_PATH=/home/ats/rv2/install/auto_aim_interfaces/lib:/opt/ros/humble/opt/rviz_ogre_vendor/lib:/opt/ros/humble/lib/x86_64-linux-gnu:/opt/ros/humble/opt/openvdb_vendor/lib:/opt/ros/humble/lib:/opt/MVS/lib/64:/opt/MVS/lib/32:/opt/MVS/lib/64:/opt/MVS/lib/32:/opt/MVS/lib/64:/opt/MVS/lib/32 PYTHONPATH=/home/ats/rv2/install/auto_aim_interfaces/local/lib/python3.10/dist-packages:${PYTHONPATH} /usr/bin/cmake --build /home/ats/rv2/build/armor_tracker -- -j32 -l32
[0.119s] Invoking command in '/home/ats/rv2/build/armor_tracker': AMENT_PREFIX_PATH=/home/ats/rv2/install/auto_aim_interfaces:${AMENT_PREFIX_PATH} CMAKE_PREFIX_PATH=/home/ats/rv2/install/auto_aim_interfaces:/opt/ros/humble LD_LIBRARY_PATH=/home/ats/rv2/install/auto_aim_interfaces/lib:/opt/ros/humble/opt/rviz_ogre_vendor/lib:/opt/ros/humble/lib/x86_64-linux-gnu:/opt/ros/humble/opt/openvdb_vendor/lib:/opt/ros/humble/lib:/opt/MVS/lib/64:/opt/MVS/lib/32:/opt/MVS/lib/64:/opt/MVS/lib/32:/opt/MVS/lib/64:/opt/MVS/lib/32 PYTHONPATH=/home/ats/rv2/install/auto_aim_interfaces/local/lib/python3.10/dist-packages:${PYTHONPATH} /usr/bin/cmake --install /home/ats/rv2/build/armor_tracker
[0.125s] -- Install configuration: ""
[0.125s] -- Execute custom install script
[0.126s] -- Up-to-date symlink: /home/ats/rv2/install/armor_tracker/lib/armor_tracker/armor_tracker_node
[0.126s] -- Up-to-date symlink: /home/ats/rv2/install/armor_tracker/include/armor_tracker/extended_kalman_filter.hpp
[0.126s] -- Up-to-date symlink: /home/ats/rv2/install/armor_tracker/include/armor_tracker/tracker.hpp
[0.126s] -- Up-to-date symlink: /home/ats/rv2/install/armor_tracker/include/armor_tracker/tracker_node.hpp
[0.127s] -- Up-to-date symlink: /home/ats/rv2/install/armor_tracker/share/armor_tracker/environment/library_path.sh
[0.127s] -- Up-to-date symlink: /home/ats/rv2/install/armor_tracker/share/armor_tracker/environment/library_path.dsv
[0.128s] -- Up-to-date symlink: /home/ats/rv2/install/armor_tracker/lib/libarmor_tracker.so
[0.128s] -- Up-to-date symlink: /home/ats/rv2/install/armor_tracker/share/ament_index/resource_index/package_run_dependencies/armor_tracker
[0.128s] -- Up-to-date symlink: /home/ats/rv2/install/armor_tracker/share/ament_index/resource_index/parent_prefix_path/armor_tracker
[0.128s] -- Up-to-date symlink: /home/ats/rv2/install/armor_tracker/share/armor_tracker/environment/ament_prefix_path.sh
[0.128s] -- Up-to-date symlink: /home/ats/rv2/install/armor_tracker/share/armor_tracker/environment/ament_prefix_path.dsv
[0.129s] -- Up-to-date symlink: /home/ats/rv2/install/armor_tracker/share/armor_tracker/environment/path.sh
[0.129s] -- Up-to-date symlink: /home/ats/rv2/install/armor_tracker/share/armor_tracker/environment/path.dsv
[0.129s] -- Up-to-date symlink: /home/ats/rv2/install/armor_tracker/share/armor_tracker/local_setup.bash
[0.129s] -- Up-to-date symlink: /home/ats/rv2/install/armor_tracker/share/armor_tracker/local_setup.sh
[0.129s] -- Up-to-date symlink: /home/ats/rv2/install/armor_tracker/share/armor_tracker/local_setup.zsh
[0.129s] -- Up-to-date symlink: /home/ats/rv2/install/armor_tracker/share/armor_tracker/local_setup.dsv
[0.129s] -- Symlinking: /home/ats/rv2/install/armor_tracker/share/armor_tracker/package.dsv
[0.134s] -- Up-to-date symlink: /home/ats/rv2/install/armor_tracker/share/ament_index/resource_index/packages/armor_tracker
[0.134s] -- Up-to-date symlink: /home/ats/rv2/install/armor_tracker/share/ament_index/resource_index/rclcpp_components/armor_tracker
[0.134s] -- Up-to-date symlink: /home/ats/rv2/install/armor_tracker/share/armor_tracker/cmake/ament_cmake_export_dependencies-extras.cmake
[0.134s] -- Up-to-date symlink: /home/ats/rv2/install/armor_tracker/share/armor_tracker/cmake/ament_cmake_export_include_directories-extras.cmake
[0.134s] -- Up-to-date symlink: /home/ats/rv2/install/armor_tracker/share/armor_tracker/cmake/ament_cmake_export_libraries-extras.cmake
[0.134s] -- Up-to-date symlink: /home/ats/rv2/install/armor_tracker/share/armor_tracker/cmake/armor_trackerConfig.cmake
[0.134s] -- Up-to-date symlink: /home/ats/rv2/install/armor_tracker/share/armor_tracker/cmake/armor_trackerConfig-version.cmake
[0.134s] -- Up-to-date symlink: /home/ats/rv2/install/armor_tracker/share/armor_tracker/package.xml
[0.137s] Invoked command in '/home/ats/rv2/build/armor_tracker' returned '0': AMENT_PREFIX_PATH=/home/ats/rv2/install/auto_aim_interfaces:${AMENT_PREFIX_PATH} CMAKE_PREFIX_PATH=/home/ats/rv2/install/auto_aim_interfaces:/opt/ros/humble LD_LIBRARY_PATH=/home/ats/rv2/install/auto_aim_interfaces/lib:/opt/ros/humble/opt/rviz_ogre_vendor/lib:/opt/ros/humble/lib/x86_64-linux-gnu:/opt/ros/humble/opt/openvdb_vendor/lib:/opt/ros/humble/lib:/opt/MVS/lib/64:/opt/MVS/lib/32:/opt/MVS/lib/64:/opt/MVS/lib/32:/opt/MVS/lib/64:/opt/MVS/lib/32 PYTHONPATH=/home/ats/rv2/install/auto_aim_interfaces/local/lib/python3.10/dist-packages:${PYTHONPATH} /usr/bin/cmake --install /home/ats/rv2/build/armor_tracker
