[0.013s] Invoking command in '/home/ats/rv2/build/hik_camera': CMAKE_PREFIX_PATH=${CMAKE_PREFIX_PATH}:/opt/ros/humble /usr/bin/cmake --build /home/ats/rv2/build/hik_camera -- -j32 -l32
[0.067s] [ 25%] [32mBuilding CXX object CMakeFiles/hik_camera_node.dir/rclcpp_components/node_main_hik_camera_node.cpp.o[0m
[0.070s] [ 50%] [32mBuilding CXX object CMakeFiles/hik_camera.dir/src/hik_camera_node.cpp.o[0m
[3.731s] [ 75%] [32m[1mLinking CXX executable hik_camera_node[0m
[3.914s] [ 75%] Built target hik_camera_node
[4.352s] [100%] [32m[1mLinking CXX shared library libhik_camera.so[0m
[4.494s] [100%] Built target hik_camera
[4.512s] Invoked command in '/home/ats/rv2/build/hik_camera' returned '0': CMAKE_PREFIX_PATH=${CMAKE_PREFIX_PATH}:/opt/ros/humble /usr/bin/cmake --build /home/ats/rv2/build/hik_camera -- -j32 -l32
[4.554s] Invoking command in '/home/ats/rv2/build/hik_camera': CMAKE_PREFIX_PATH=${CMAKE_PREFIX_PATH}:/opt/ros/humble /usr/bin/cmake --install /home/ats/rv2/build/hik_camera
[4.575s] -- Install configuration: ""
[4.575s] -- Execute custom install script
[4.576s] -- Up-to-date symlink: /home/ats/rv2/install/hik_camera/lib/libFormatConversion.so
[4.576s] -- Up-to-date symlink: /home/ats/rv2/install/hik_camera/lib/libMVRender.so
[4.576s] -- Up-to-date symlink: /home/ats/rv2/install/hik_camera/lib/libMediaProcess.so
[4.577s] -- Up-to-date symlink: /home/ats/rv2/install/hik_camera/lib/libMvCameraControl.so
[4.577s] -- Up-to-date symlink: /home/ats/rv2/install/hik_camera/lib/libMvUsb3vTL.so
[4.577s] -- Up-to-date symlink: /home/ats/rv2/install/hik_camera/lib/hik_camera/hik_camera_node
[4.577s] -- Up-to-date symlink: /home/ats/rv2/install/hik_camera/share/hik_camera/environment/library_path.sh
[4.578s] -- Up-to-date symlink: /home/ats/rv2/install/hik_camera/share/hik_camera/environment/library_path.dsv
[4.578s] -- Up-to-date symlink: /home/ats/rv2/install/hik_camera/lib/libhik_camera.so
[4.579s] -- Up-to-date symlink: /home/ats/rv2/install/hik_camera/share/hik_camera/config/camera_info.yaml
[4.579s] -- Up-to-date symlink: /home/ats/rv2/install/hik_camera/share/hik_camera/config/camera_params.yaml
[4.579s] -- Up-to-date symlink: /home/ats/rv2/install/hik_camera/share/hik_camera/launch/hik_camera.launch.py
[4.580s] -- Up-to-date symlink: /home/ats/rv2/install/hik_camera/share/ament_index/resource_index/package_run_dependencies/hik_camera
[4.580s] -- Up-to-date symlink: /home/ats/rv2/install/hik_camera/share/ament_index/resource_index/parent_prefix_path/hik_camera
[4.580s] -- Up-to-date symlink: /home/ats/rv2/install/hik_camera/share/hik_camera/environment/ament_prefix_path.sh
[4.581s] -- Up-to-date symlink: /home/ats/rv2/install/hik_camera/share/hik_camera/environment/ament_prefix_path.dsv
[4.581s] -- Up-to-date symlink: /home/ats/rv2/install/hik_camera/share/hik_camera/environment/path.sh
[4.581s] -- Up-to-date symlink: /home/ats/rv2/install/hik_camera/share/hik_camera/environment/path.dsv
[4.581s] -- Up-to-date symlink: /home/ats/rv2/install/hik_camera/share/hik_camera/local_setup.bash
[4.581s] -- Up-to-date symlink: /home/ats/rv2/install/hik_camera/share/hik_camera/local_setup.sh
[4.581s] -- Up-to-date symlink: /home/ats/rv2/install/hik_camera/share/hik_camera/local_setup.zsh
[4.582s] -- Up-to-date symlink: /home/ats/rv2/install/hik_camera/share/hik_camera/local_setup.dsv
[4.582s] -- Symlinking: /home/ats/rv2/install/hik_camera/share/hik_camera/package.dsv
[4.597s] -- Up-to-date symlink: /home/ats/rv2/install/hik_camera/share/ament_index/resource_index/packages/hik_camera
[4.598s] -- Up-to-date symlink: /home/ats/rv2/install/hik_camera/share/ament_index/resource_index/rclcpp_components/hik_camera
[4.598s] -- Up-to-date symlink: /home/ats/rv2/install/hik_camera/share/hik_camera/cmake/ament_cmake_export_dependencies-extras.cmake
[4.598s] -- Up-to-date symlink: /home/ats/rv2/install/hik_camera/share/hik_camera/cmake/ament_cmake_export_libraries-extras.cmake
[4.599s] -- Up-to-date symlink: /home/ats/rv2/install/hik_camera/share/hik_camera/cmake/hik_cameraConfig.cmake
[4.599s] -- Up-to-date symlink: /home/ats/rv2/install/hik_camera/share/hik_camera/cmake/hik_cameraConfig-version.cmake
[4.599s] -- Up-to-date symlink: /home/ats/rv2/install/hik_camera/share/hik_camera/package.xml
[4.603s] Invoked command in '/home/ats/rv2/build/hik_camera' returned '0': CMAKE_PREFIX_PATH=${CMAKE_PREFIX_PATH}:/opt/ros/humble /usr/bin/cmake --install /home/ats/rv2/build/hik_camera
