[0.026s] Invoking command in '/home/ats/rv2/build/rm_gimbal_description': CMAKE_PREFIX_PATH=${CMAKE_PREFIX_PATH}:/opt/ros/humble /usr/bin/cmake --build /home/ats/rv2/build/rm_gimbal_description -- -j32 -l32
[0.082s] Invoked command in '/home/ats/rv2/build/rm_gimbal_description' returned '0': CMAKE_PREFIX_PATH=${CMAKE_PREFIX_PATH}:/opt/ros/humble /usr/bin/cmake --build /home/ats/rv2/build/rm_gimbal_description -- -j32 -l32
[0.151s] Invoking command in '/home/ats/rv2/build/rm_gimbal_description': CMAKE_PREFIX_PATH=${CMAKE_PREFIX_PATH}:/opt/ros/humble /usr/bin/cmake --install /home/ats/rv2/build/rm_gimbal_description
[0.168s] -- Install configuration: ""
[0.169s] -- Execute custom install script
[0.172s] -- Up-to-date symlink: /home/ats/rv2/install/rm_gimbal_description/share/rm_gimbal_description/urdf/rm_gimbal.urdf.xacro
[0.173s] -- Up-to-date symlink: /home/ats/rv2/install/rm_gimbal_description/share/ament_index/resource_index/package_run_dependencies/rm_gimbal_description
[0.174s] -- Up-to-date symlink: /home/ats/rv2/install/rm_gimbal_description/share/ament_index/resource_index/parent_prefix_path/rm_gimbal_description
[0.174s] -- Up-to-date symlink: /home/ats/rv2/install/rm_gimbal_description/share/rm_gimbal_description/environment/ament_prefix_path.sh
[0.175s] -- Up-to-date symlink: /home/ats/rv2/install/rm_gimbal_description/share/rm_gimbal_description/environment/ament_prefix_path.dsv
[0.175s] -- Up-to-date symlink: /home/ats/rv2/install/rm_gimbal_description/share/rm_gimbal_description/environment/path.sh
[0.176s] -- Up-to-date symlink: /home/ats/rv2/install/rm_gimbal_description/share/rm_gimbal_description/environment/path.dsv
[0.176s] -- Up-to-date symlink: /home/ats/rv2/install/rm_gimbal_description/share/rm_gimbal_description/local_setup.bash
[0.177s] -- Up-to-date symlink: /home/ats/rv2/install/rm_gimbal_description/share/rm_gimbal_description/local_setup.sh
[0.177s] -- Up-to-date symlink: /home/ats/rv2/install/rm_gimbal_description/share/rm_gimbal_description/local_setup.zsh
[0.177s] -- Up-to-date symlink: /home/ats/rv2/install/rm_gimbal_description/share/rm_gimbal_description/local_setup.dsv
[0.177s] -- Symlinking: /home/ats/rv2/install/rm_gimbal_description/share/rm_gimbal_description/package.dsv
[0.197s] -- Up-to-date symlink: /home/ats/rv2/install/rm_gimbal_description/share/ament_index/resource_index/packages/rm_gimbal_description
[0.198s] -- Up-to-date symlink: /home/ats/rv2/install/rm_gimbal_description/share/rm_gimbal_description/cmake/rm_gimbal_descriptionConfig.cmake
[0.198s] -- Up-to-date symlink: /home/ats/rv2/install/rm_gimbal_description/share/rm_gimbal_description/cmake/rm_gimbal_descriptionConfig-version.cmake
[0.198s] -- Up-to-date symlink: /home/ats/rv2/install/rm_gimbal_description/share/rm_gimbal_description/package.xml
[0.202s] Invoked command in '/home/ats/rv2/build/rm_gimbal_description' returned '0': CMAKE_PREFIX_PATH=${CMAKE_PREFIX_PATH}:/opt/ros/humble /usr/bin/cmake --install /home/ats/rv2/build/rm_gimbal_description
