[35m[1mConsolidate compiler generated dependencies of target buff_tracker_node[0m
[35m[1mConsolidate compiler generated dependencies of target buff_tracker[0m
[ 28%] Built target buff_tracker_node
[100%] Built target buff_tracker
-- Install configuration: ""
-- Execute custom install script
-- Symlinking: /home/ats/rv2/install/buff_tracker/lib/buff_tracker/buff_tracker_node
-- Symlinking: /home/ats/rv2/install/buff_tracker/include/buff_tracker/extended_kalman_filter.hpp
-- Symlinking: /home/ats/rv2/install/buff_tracker/include/buff_tracker/gauss_newton_solver.hpp
-- Symlinking: /home/ats/rv2/install/buff_tracker/include/buff_tracker/tracker.hpp
-- Symlinking: /home/ats/rv2/install/buff_tracker/include/buff_tracker/tracker_node.hpp
-- Symlinking: /home/ats/rv2/install/buff_tracker/share/buff_tracker/environment/library_path.sh
-- Symlinking: /home/ats/rv2/install/buff_tracker/share/buff_tracker/environment/library_path.dsv
-- Symlinking: /home/ats/rv2/install/buff_tracker/lib/libbuff_tracker.so
-- Symlinking: /home/ats/rv2/install/buff_tracker/share/ament_index/resource_index/package_run_dependencies/buff_tracker
-- Symlinking: /home/ats/rv2/install/buff_tracker/share/ament_index/resource_index/parent_prefix_path/buff_tracker
-- Symlinking: /home/ats/rv2/install/buff_tracker/share/buff_tracker/environment/ament_prefix_path.sh
-- Symlinking: /home/ats/rv2/install/buff_tracker/share/buff_tracker/environment/ament_prefix_path.dsv
-- Symlinking: /home/ats/rv2/install/buff_tracker/share/buff_tracker/environment/path.sh
-- Symlinking: /home/ats/rv2/install/buff_tracker/share/buff_tracker/environment/path.dsv
-- Symlinking: /home/ats/rv2/install/buff_tracker/share/buff_tracker/local_setup.bash
-- Symlinking: /home/ats/rv2/install/buff_tracker/share/buff_tracker/local_setup.sh
-- Symlinking: /home/ats/rv2/install/buff_tracker/share/buff_tracker/local_setup.zsh
-- Symlinking: /home/ats/rv2/install/buff_tracker/share/buff_tracker/local_setup.dsv
-- Symlinking: /home/ats/rv2/install/buff_tracker/share/buff_tracker/package.dsv
-- Symlinking: /home/ats/rv2/install/buff_tracker/share/ament_index/resource_index/packages/buff_tracker
-- Symlinking: /home/ats/rv2/install/buff_tracker/share/ament_index/resource_index/rclcpp_components/buff_tracker
-- Symlinking: /home/ats/rv2/install/buff_tracker/share/buff_tracker/cmake/ament_cmake_export_dependencies-extras.cmake
-- Symlinking: /home/ats/rv2/install/buff_tracker/share/buff_tracker/cmake/ament_cmake_export_include_directories-extras.cmake
-- Symlinking: /home/ats/rv2/install/buff_tracker/share/buff_tracker/cmake/ament_cmake_export_libraries-extras.cmake
-- Symlinking: /home/ats/rv2/install/buff_tracker/share/buff_tracker/cmake/buff_trackerConfig.cmake
-- Symlinking: /home/ats/rv2/install/buff_tracker/share/buff_tracker/cmake/buff_trackerConfig-version.cmake
-- Symlinking: /home/ats/rv2/install/buff_tracker/share/buff_tracker/package.xml
