[0.016s] Invoking command in '/home/ats/rv2/build/rm_vision_bringup': AMENT_PREFIX_PATH=/home/ats/rv2/install/rm_auto_aim:/home/ats/rv2/install/rm_serial_driver:/home/ats/rv2/install/armor_tracker:/home/ats/rv2/install/armor_detector:/home/ats/rv2/install/buff_interfaces:/home/ats/rv2/install/auto_aim_interfaces:${AMENT_PREFIX_PATH} CMAKE_PREFIX_PATH=/home/ats/rv2/install/rm_auto_aim:/home/ats/rv2/install/rm_serial_driver:/home/ats/rv2/install/armor_tracker:/home/ats/rv2/install/armor_detector:/home/ats/rv2/install/buff_interfaces:/home/ats/rv2/install/auto_aim_interfaces:/opt/ros/humble LD_LIBRARY_PATH=/home/ats/rv2/install/rm_serial_driver/lib:/home/ats/rv2/install/armor_tracker/lib:/home/ats/rv2/install/armor_detector/lib:/home/ats/rv2/install/buff_interfaces/lib:/home/ats/rv2/install/auto_aim_interfaces/lib:${LD_LIBRARY_PATH} PYTHONPATH=/home/ats/rv2/install/buff_interfaces/local/lib/python3.10/dist-packages:/home/ats/rv2/install/auto_aim_interfaces/local/lib/python3.10/dist-packages:${PYTHONPATH} /usr/bin/cmake /home/ats/rv2/src/rm_vision/rm_vision_bringup -DAMENT_CMAKE_SYMLINK_INSTALL=1 -DCMAKE_INSTALL_PREFIX=/home/ats/rv2/install/rm_vision_bringup
[0.053s] -- The C compiler identification is GNU 11.4.0
[0.089s] -- The CXX compiler identification is GNU 11.4.0
[0.093s] -- Detecting C compiler ABI info
[0.136s] -- Detecting C compiler ABI info - done
[0.142s] -- Check for working C compiler: /usr/bin/cc - skipped
[0.142s] -- Detecting C compile features
[0.142s] -- Detecting C compile features - done
[0.144s] -- Detecting CXX compiler ABI info
[0.194s] -- Detecting CXX compiler ABI info - done
[0.199s] -- Check for working CXX compiler: /usr/bin/c++ - skipped
[0.199s] -- Detecting CXX compile features
[0.199s] -- Detecting CXX compile features - done
[0.200s] -- Found ament_cmake_auto: 1.3.10 (/opt/ros/humble/share/ament_cmake_auto/cmake)
[0.300s] -- Found Python3: /usr/bin/python3 (found version "3.10.12") found components: Interpreter 
[0.339s] -- Override CMake install command with custom implementation using symlinks instead of copying resources
[0.357s] -- Found ament_lint_auto: 0.12.11 (/opt/ros/humble/share/ament_lint_auto/cmake)
[0.399s] -- Configuring done
[0.401s] -- Generating done
[0.401s] -- Build files have been written to: /home/ats/rv2/build/rm_vision_bringup
[0.405s] Invoked command in '/home/ats/rv2/build/rm_vision_bringup' returned '0': AMENT_PREFIX_PATH=/home/ats/rv2/install/rm_auto_aim:/home/ats/rv2/install/rm_serial_driver:/home/ats/rv2/install/armor_tracker:/home/ats/rv2/install/armor_detector:/home/ats/rv2/install/buff_interfaces:/home/ats/rv2/install/auto_aim_interfaces:${AMENT_PREFIX_PATH} CMAKE_PREFIX_PATH=/home/ats/rv2/install/rm_auto_aim:/home/ats/rv2/install/rm_serial_driver:/home/ats/rv2/install/armor_tracker:/home/ats/rv2/install/armor_detector:/home/ats/rv2/install/buff_interfaces:/home/ats/rv2/install/auto_aim_interfaces:/opt/ros/humble LD_LIBRARY_PATH=/home/ats/rv2/install/rm_serial_driver/lib:/home/ats/rv2/install/armor_tracker/lib:/home/ats/rv2/install/armor_detector/lib:/home/ats/rv2/install/buff_interfaces/lib:/home/ats/rv2/install/auto_aim_interfaces/lib:${LD_LIBRARY_PATH} PYTHONPATH=/home/ats/rv2/install/buff_interfaces/local/lib/python3.10/dist-packages:/home/ats/rv2/install/auto_aim_interfaces/local/lib/python3.10/dist-packages:${PYTHONPATH} /usr/bin/cmake /home/ats/rv2/src/rm_vision/rm_vision_bringup -DAMENT_CMAKE_SYMLINK_INSTALL=1 -DCMAKE_INSTALL_PREFIX=/home/ats/rv2/install/rm_vision_bringup
[0.405s] Invoking command in '/home/ats/rv2/build/rm_vision_bringup': AMENT_PREFIX_PATH=/home/ats/rv2/install/rm_auto_aim:/home/ats/rv2/install/rm_serial_driver:/home/ats/rv2/install/armor_tracker:/home/ats/rv2/install/armor_detector:/home/ats/rv2/install/buff_interfaces:/home/ats/rv2/install/auto_aim_interfaces:${AMENT_PREFIX_PATH} CMAKE_PREFIX_PATH=/home/ats/rv2/install/rm_auto_aim:/home/ats/rv2/install/rm_serial_driver:/home/ats/rv2/install/armor_tracker:/home/ats/rv2/install/armor_detector:/home/ats/rv2/install/buff_interfaces:/home/ats/rv2/install/auto_aim_interfaces:/opt/ros/humble LD_LIBRARY_PATH=/home/ats/rv2/install/rm_serial_driver/lib:/home/ats/rv2/install/armor_tracker/lib:/home/ats/rv2/install/armor_detector/lib:/home/ats/rv2/install/buff_interfaces/lib:/home/ats/rv2/install/auto_aim_interfaces/lib:${LD_LIBRARY_PATH} PYTHONPATH=/home/ats/rv2/install/buff_interfaces/local/lib/python3.10/dist-packages:/home/ats/rv2/install/auto_aim_interfaces/local/lib/python3.10/dist-packages:${PYTHONPATH} /usr/bin/cmake --build /home/ats/rv2/build/rm_vision_bringup -- -j32 -l32
[0.429s] Invoked command in '/home/ats/rv2/build/rm_vision_bringup' returned '0': AMENT_PREFIX_PATH=/home/ats/rv2/install/rm_auto_aim:/home/ats/rv2/install/rm_serial_driver:/home/ats/rv2/install/armor_tracker:/home/ats/rv2/install/armor_detector:/home/ats/rv2/install/buff_interfaces:/home/ats/rv2/install/auto_aim_interfaces:${AMENT_PREFIX_PATH} CMAKE_PREFIX_PATH=/home/ats/rv2/install/rm_auto_aim:/home/ats/rv2/install/rm_serial_driver:/home/ats/rv2/install/armor_tracker:/home/ats/rv2/install/armor_detector:/home/ats/rv2/install/buff_interfaces:/home/ats/rv2/install/auto_aim_interfaces:/opt/ros/humble LD_LIBRARY_PATH=/home/ats/rv2/install/rm_serial_driver/lib:/home/ats/rv2/install/armor_tracker/lib:/home/ats/rv2/install/armor_detector/lib:/home/ats/rv2/install/buff_interfaces/lib:/home/ats/rv2/install/auto_aim_interfaces/lib:${LD_LIBRARY_PATH} PYTHONPATH=/home/ats/rv2/install/buff_interfaces/local/lib/python3.10/dist-packages:/home/ats/rv2/install/auto_aim_interfaces/local/lib/python3.10/dist-packages:${PYTHONPATH} /usr/bin/cmake --build /home/ats/rv2/build/rm_vision_bringup -- -j32 -l32
[0.448s] Invoking command in '/home/ats/rv2/build/rm_vision_bringup': AMENT_PREFIX_PATH=/home/ats/rv2/install/rm_auto_aim:/home/ats/rv2/install/rm_serial_driver:/home/ats/rv2/install/armor_tracker:/home/ats/rv2/install/armor_detector:/home/ats/rv2/install/buff_interfaces:/home/ats/rv2/install/auto_aim_interfaces:${AMENT_PREFIX_PATH} CMAKE_PREFIX_PATH=/home/ats/rv2/install/rm_auto_aim:/home/ats/rv2/install/rm_serial_driver:/home/ats/rv2/install/armor_tracker:/home/ats/rv2/install/armor_detector:/home/ats/rv2/install/buff_interfaces:/home/ats/rv2/install/auto_aim_interfaces:/opt/ros/humble LD_LIBRARY_PATH=/home/ats/rv2/install/rm_serial_driver/lib:/home/ats/rv2/install/armor_tracker/lib:/home/ats/rv2/install/armor_detector/lib:/home/ats/rv2/install/buff_interfaces/lib:/home/ats/rv2/install/auto_aim_interfaces/lib:${LD_LIBRARY_PATH} PYTHONPATH=/home/ats/rv2/install/buff_interfaces/local/lib/python3.10/dist-packages:/home/ats/rv2/install/auto_aim_interfaces/local/lib/python3.10/dist-packages:${PYTHONPATH} /usr/bin/cmake --install /home/ats/rv2/build/rm_vision_bringup
[0.455s] -- Install configuration: ""
[0.455s] -- Execute custom install script
[0.456s] -- Symlinking: /home/ats/rv2/install/rm_vision_bringup/share/rm_vision_bringup/launch/common.py
[0.464s] -- Symlinking: /home/ats/rv2/install/rm_vision_bringup/share/rm_vision_bringup/launch/no_hardware.launch.py
[0.471s] -- Symlinking: /home/ats/rv2/install/rm_vision_bringup/share/rm_vision_bringup/launch/vision_bringup.launch.py
[0.477s] -- Symlinking: /home/ats/rv2/install/rm_vision_bringup/share/rm_vision_bringup/config/camera_info.yaml
[0.486s] -- Symlinking: /home/ats/rv2/install/rm_vision_bringup/share/rm_vision_bringup/config/launch_params.yaml
[0.494s] -- Symlinking: /home/ats/rv2/install/rm_vision_bringup/share/rm_vision_bringup/config/node_params.yaml
[0.502s] -- Symlinking: /home/ats/rv2/install/rm_vision_bringup/share/ament_index/resource_index/package_run_dependencies/rm_vision_bringup
[0.510s] -- Symlinking: /home/ats/rv2/install/rm_vision_bringup/share/ament_index/resource_index/parent_prefix_path/rm_vision_bringup
[0.517s] -- Symlinking: /home/ats/rv2/install/rm_vision_bringup/share/rm_vision_bringup/environment/ament_prefix_path.sh
[0.525s] -- Symlinking: /home/ats/rv2/install/rm_vision_bringup/share/rm_vision_bringup/environment/ament_prefix_path.dsv
[0.532s] -- Symlinking: /home/ats/rv2/install/rm_vision_bringup/share/rm_vision_bringup/environment/path.sh
[0.540s] -- Symlinking: /home/ats/rv2/install/rm_vision_bringup/share/rm_vision_bringup/environment/path.dsv
[0.548s] -- Symlinking: /home/ats/rv2/install/rm_vision_bringup/share/rm_vision_bringup/local_setup.bash
[0.555s] -- Symlinking: /home/ats/rv2/install/rm_vision_bringup/share/rm_vision_bringup/local_setup.sh
[0.563s] -- Symlinking: /home/ats/rv2/install/rm_vision_bringup/share/rm_vision_bringup/local_setup.zsh
[0.571s] -- Symlinking: /home/ats/rv2/install/rm_vision_bringup/share/rm_vision_bringup/local_setup.dsv
[0.578s] -- Symlinking: /home/ats/rv2/install/rm_vision_bringup/share/rm_vision_bringup/package.dsv
[0.586s] -- Symlinking: /home/ats/rv2/install/rm_vision_bringup/share/ament_index/resource_index/packages/rm_vision_bringup
[0.593s] -- Symlinking: /home/ats/rv2/install/rm_vision_bringup/share/rm_vision_bringup/cmake/rm_vision_bringupConfig.cmake
[0.601s] -- Symlinking: /home/ats/rv2/install/rm_vision_bringup/share/rm_vision_bringup/cmake/rm_vision_bringupConfig-version.cmake
[0.609s] -- Symlinking: /home/ats/rv2/install/rm_vision_bringup/share/rm_vision_bringup/package.xml
[0.618s] Invoked command in '/home/ats/rv2/build/rm_vision_bringup' returned '0': AMENT_PREFIX_PATH=/home/ats/rv2/install/rm_auto_aim:/home/ats/rv2/install/rm_serial_driver:/home/ats/rv2/install/armor_tracker:/home/ats/rv2/install/armor_detector:/home/ats/rv2/install/buff_interfaces:/home/ats/rv2/install/auto_aim_interfaces:${AMENT_PREFIX_PATH} CMAKE_PREFIX_PATH=/home/ats/rv2/install/rm_auto_aim:/home/ats/rv2/install/rm_serial_driver:/home/ats/rv2/install/armor_tracker:/home/ats/rv2/install/armor_detector:/home/ats/rv2/install/buff_interfaces:/home/ats/rv2/install/auto_aim_interfaces:/opt/ros/humble LD_LIBRARY_PATH=/home/ats/rv2/install/rm_serial_driver/lib:/home/ats/rv2/install/armor_tracker/lib:/home/ats/rv2/install/armor_detector/lib:/home/ats/rv2/install/buff_interfaces/lib:/home/ats/rv2/install/auto_aim_interfaces/lib:${LD_LIBRARY_PATH} PYTHONPATH=/home/ats/rv2/install/buff_interfaces/local/lib/python3.10/dist-packages:/home/ats/rv2/install/auto_aim_interfaces/local/lib/python3.10/dist-packages:${PYTHONPATH} /usr/bin/cmake --install /home/ats/rv2/build/rm_vision_bringup
