[0.014s] Invoking command in '/home/ats/rv2/build/armor_detector': AMENT_PREFIX_PATH=/home/ats/rv2/install/auto_aim_interfaces:${AMENT_PREFIX_PATH} CMAKE_PREFIX_PATH=/home/ats/rv2/install/auto_aim_interfaces:/opt/ros/humble LD_LIBRARY_PATH=/home/ats/rv2/install/auto_aim_interfaces/lib:/opt/ros/humble/opt/rviz_ogre_vendor/lib:/opt/ros/humble/lib/x86_64-linux-gnu:/opt/ros/humble/lib:/opt/MVS/lib/64:/opt/MVS/lib/32:/opt/MVS/lib/64:/opt/MVS/lib/32:/opt/MVS/lib/64:/opt/MVS/lib/32 PYTHONPATH=/home/ats/rv2/install/auto_aim_interfaces/local/lib/python3.10/dist-packages:${PYTHONPATH} /usr/bin/cmake --build /home/ats/rv2/build/armor_detector -- -j32 -l32
[0.055s] [35m[1mConsolidate compiler generated dependencies of target armor_detector_node[0m
[0.056s] [35m[1mConsolidate compiler generated dependencies of target gtest_main[0m
[0.058s] [35m[1mConsolidate compiler generated dependencies of target gtest[0m
[0.060s] [35m[1mConsolidate compiler generated dependencies of target armor_detector[0m
[0.067s] [ 13%] Built target gtest_main
[0.072s] [ 26%] Built target gtest
[0.073s] [ 40%] Built target armor_detector_node
[0.079s] [ 73%] Built target armor_detector
[0.089s] [35m[1mConsolidate compiler generated dependencies of target test_number_cls[0m
[0.091s] [35m[1mConsolidate compiler generated dependencies of target test_node_startup[0m
[0.102s] [ 86%] Built target test_number_cls
[0.109s] [100%] Built target test_node_startup
[0.131s] Invoked command in '/home/ats/rv2/build/armor_detector' returned '0': AMENT_PREFIX_PATH=/home/ats/rv2/install/auto_aim_interfaces:${AMENT_PREFIX_PATH} CMAKE_PREFIX_PATH=/home/ats/rv2/install/auto_aim_interfaces:/opt/ros/humble LD_LIBRARY_PATH=/home/ats/rv2/install/auto_aim_interfaces/lib:/opt/ros/humble/opt/rviz_ogre_vendor/lib:/opt/ros/humble/lib/x86_64-linux-gnu:/opt/ros/humble/lib:/opt/MVS/lib/64:/opt/MVS/lib/32:/opt/MVS/lib/64:/opt/MVS/lib/32:/opt/MVS/lib/64:/opt/MVS/lib/32 PYTHONPATH=/home/ats/rv2/install/auto_aim_interfaces/local/lib/python3.10/dist-packages:${PYTHONPATH} /usr/bin/cmake --build /home/ats/rv2/build/armor_detector -- -j32 -l32
[0.175s] Invoking command in '/home/ats/rv2/build/armor_detector': AMENT_PREFIX_PATH=/home/ats/rv2/install/auto_aim_interfaces:${AMENT_PREFIX_PATH} CMAKE_PREFIX_PATH=/home/ats/rv2/install/auto_aim_interfaces:/opt/ros/humble LD_LIBRARY_PATH=/home/ats/rv2/install/auto_aim_interfaces/lib:/opt/ros/humble/opt/rviz_ogre_vendor/lib:/opt/ros/humble/lib/x86_64-linux-gnu:/opt/ros/humble/lib:/opt/MVS/lib/64:/opt/MVS/lib/32:/opt/MVS/lib/64:/opt/MVS/lib/32:/opt/MVS/lib/64:/opt/MVS/lib/32 PYTHONPATH=/home/ats/rv2/install/auto_aim_interfaces/local/lib/python3.10/dist-packages:${PYTHONPATH} /usr/bin/cmake --install /home/ats/rv2/build/armor_detector
[0.182s] -- Install configuration: ""
[0.182s] -- Execute custom install script
[0.183s] -- Up-to-date symlink: /home/ats/rv2/install/armor_detector/lib/armor_detector/armor_detector_node
[0.183s] -- Up-to-date symlink: /home/ats/rv2/install/armor_detector/include/armor_detector/armor.hpp
[0.183s] -- Up-to-date symlink: /home/ats/rv2/install/armor_detector/include/armor_detector/detector.hpp
[0.183s] -- Up-to-date symlink: /home/ats/rv2/install/armor_detector/include/armor_detector/detector_node.hpp
[0.183s] -- Up-to-date symlink: /home/ats/rv2/install/armor_detector/include/armor_detector/number_classifier.hpp
[0.183s] -- Up-to-date symlink: /home/ats/rv2/install/armor_detector/include/armor_detector/pnp_solver.hpp
[0.184s] -- Up-to-date symlink: /home/ats/rv2/install/armor_detector/share/armor_detector/environment/library_path.sh
[0.184s] -- Up-to-date symlink: /home/ats/rv2/install/armor_detector/share/armor_detector/environment/library_path.dsv
[0.184s] -- Up-to-date symlink: /home/ats/rv2/install/armor_detector/lib/libarmor_detector.so
[0.184s] -- Up-to-date symlink: /home/ats/rv2/install/armor_detector/share/armor_detector/model/label.txt
[0.184s] -- Up-to-date symlink: /home/ats/rv2/install/armor_detector/share/armor_detector/model/mlp.onnx
[0.185s] -- Up-to-date symlink: /home/ats/rv2/install/armor_detector/share/ament_index/resource_index/package_run_dependencies/armor_detector
[0.185s] -- Up-to-date symlink: /home/ats/rv2/install/armor_detector/share/ament_index/resource_index/parent_prefix_path/armor_detector
[0.187s] -- Up-to-date symlink: /home/ats/rv2/install/armor_detector/share/armor_detector/environment/ament_prefix_path.sh
[0.187s] -- Up-to-date symlink: /home/ats/rv2/install/armor_detector/share/armor_detector/environment/ament_prefix_path.dsv
[0.187s] -- Up-to-date symlink: /home/ats/rv2/install/armor_detector/share/armor_detector/environment/path.sh
[0.187s] -- Up-to-date symlink: /home/ats/rv2/install/armor_detector/share/armor_detector/environment/path.dsv
[0.187s] -- Up-to-date symlink: /home/ats/rv2/install/armor_detector/share/armor_detector/local_setup.bash
[0.187s] -- Up-to-date symlink: /home/ats/rv2/install/armor_detector/share/armor_detector/local_setup.sh
[0.188s] -- Up-to-date symlink: /home/ats/rv2/install/armor_detector/share/armor_detector/local_setup.zsh
[0.188s] -- Up-to-date symlink: /home/ats/rv2/install/armor_detector/share/armor_detector/local_setup.dsv
[0.188s] -- Symlinking: /home/ats/rv2/install/armor_detector/share/armor_detector/package.dsv
[0.192s] -- Up-to-date symlink: /home/ats/rv2/install/armor_detector/share/ament_index/resource_index/packages/armor_detector
[0.192s] -- Up-to-date symlink: /home/ats/rv2/install/armor_detector/share/ament_index/resource_index/rclcpp_components/armor_detector
[0.193s] -- Up-to-date symlink: /home/ats/rv2/install/armor_detector/share/armor_detector/cmake/ament_cmake_export_dependencies-extras.cmake
[0.193s] -- Up-to-date symlink: /home/ats/rv2/install/armor_detector/share/armor_detector/cmake/ament_cmake_export_include_directories-extras.cmake
[0.193s] -- Up-to-date symlink: /home/ats/rv2/install/armor_detector/share/armor_detector/cmake/ament_cmake_export_libraries-extras.cmake
[0.194s] -- Up-to-date symlink: /home/ats/rv2/install/armor_detector/share/armor_detector/cmake/armor_detectorConfig.cmake
[0.194s] -- Up-to-date symlink: /home/ats/rv2/install/armor_detector/share/armor_detector/cmake/armor_detectorConfig-version.cmake
[0.194s] -- Up-to-date symlink: /home/ats/rv2/install/armor_detector/share/armor_detector/package.xml
[0.204s] Invoked command in '/home/ats/rv2/build/armor_detector' returned '0': AMENT_PREFIX_PATH=/home/ats/rv2/install/auto_aim_interfaces:${AMENT_PREFIX_PATH} CMAKE_PREFIX_PATH=/home/ats/rv2/install/auto_aim_interfaces:/opt/ros/humble LD_LIBRARY_PATH=/home/ats/rv2/install/auto_aim_interfaces/lib:/opt/ros/humble/opt/rviz_ogre_vendor/lib:/opt/ros/humble/lib/x86_64-linux-gnu:/opt/ros/humble/lib:/opt/MVS/lib/64:/opt/MVS/lib/32:/opt/MVS/lib/64:/opt/MVS/lib/32:/opt/MVS/lib/64:/opt/MVS/lib/32 PYTHONPATH=/home/ats/rv2/install/auto_aim_interfaces/local/lib/python3.10/dist-packages:${PYTHONPATH} /usr/bin/cmake --install /home/ats/rv2/build/armor_detector
