[0.009s] Invoking command in '/home/ats/rv2/build/rm_auto_aim': AMENT_PREFIX_PATH=/home/ats/rv2/install/armor_tracker:/home/ats/rv2/install/armor_detector:/home/ats/rv2/install/auto_aim_interfaces:${AMENT_PREFIX_PATH} CMAKE_PREFIX_PATH=/home/ats/rv2/install/armor_tracker:/home/ats/rv2/install/armor_detector:/home/ats/rv2/install/auto_aim_interfaces:/opt/ros/humble LD_LIBRARY_PATH=/home/ats/rv2/install/armor_tracker/lib:/home/ats/rv2/install/armor_detector/lib:/home/ats/rv2/install/auto_aim_interfaces/lib:${LD_LIBRARY_PATH} PYTHONPATH=/home/ats/rv2/install/auto_aim_interfaces/local/lib/python3.10/dist-packages:${PYTHONPATH} /usr/bin/cmake /home/ats/rv2/src/rm_auto_aim/rm_auto_aim -DAMENT_CMAKE_SYMLINK_INSTALL=1 -DCMAKE_INSTALL_PREFIX=/home/ats/rv2/install/rm_auto_aim
[0.042s] -- The C compiler identification is GNU 11.4.0
[0.077s] -- The CXX compiler identification is GNU 11.4.0
[0.082s] -- Detecting C compiler ABI info
[0.128s] -- Detecting C compiler ABI info - done
[0.133s] -- Check for working C compiler: /usr/bin/cc - skipped
[0.133s] -- Detecting C compile features
[0.133s] -- Detecting C compile features - done
[0.135s] -- Detecting CXX compiler ABI info
[0.186s] -- Detecting CXX compiler ABI info - done
[0.191s] -- Check for working CXX compiler: /usr/bin/c++ - skipped
[0.191s] -- Detecting CXX compile features
[0.192s] -- Detecting CXX compile features - done
[0.193s] -- Found ament_cmake_auto: 1.3.10 (/opt/ros/humble/share/ament_cmake_auto/cmake)
[0.295s] -- Found Python3: /usr/bin/python3 (found version "3.10.12") found components: Interpreter 
[0.334s] -- Override CMake install command with custom implementation using symlinks instead of copying resources
[0.350s] -- Found ament_lint_auto: 0.12.11 (/opt/ros/humble/share/ament_lint_auto/cmake)
[0.400s] -- Added test 'lint_cmake' to check CMake code style
[0.400s] -- Added test 'xmllint' to check XML markup files
[0.401s] -- Configuring done
[0.402s] -- Generating done
[0.403s] -- Build files have been written to: /home/ats/rv2/build/rm_auto_aim
[0.406s] Invoked command in '/home/ats/rv2/build/rm_auto_aim' returned '0': AMENT_PREFIX_PATH=/home/ats/rv2/install/armor_tracker:/home/ats/rv2/install/armor_detector:/home/ats/rv2/install/auto_aim_interfaces:${AMENT_PREFIX_PATH} CMAKE_PREFIX_PATH=/home/ats/rv2/install/armor_tracker:/home/ats/rv2/install/armor_detector:/home/ats/rv2/install/auto_aim_interfaces:/opt/ros/humble LD_LIBRARY_PATH=/home/ats/rv2/install/armor_tracker/lib:/home/ats/rv2/install/armor_detector/lib:/home/ats/rv2/install/auto_aim_interfaces/lib:${LD_LIBRARY_PATH} PYTHONPATH=/home/ats/rv2/install/auto_aim_interfaces/local/lib/python3.10/dist-packages:${PYTHONPATH} /usr/bin/cmake /home/ats/rv2/src/rm_auto_aim/rm_auto_aim -DAMENT_CMAKE_SYMLINK_INSTALL=1 -DCMAKE_INSTALL_PREFIX=/home/ats/rv2/install/rm_auto_aim
[0.407s] Invoking command in '/home/ats/rv2/build/rm_auto_aim': AMENT_PREFIX_PATH=/home/ats/rv2/install/armor_tracker:/home/ats/rv2/install/armor_detector:/home/ats/rv2/install/auto_aim_interfaces:${AMENT_PREFIX_PATH} CMAKE_PREFIX_PATH=/home/ats/rv2/install/armor_tracker:/home/ats/rv2/install/armor_detector:/home/ats/rv2/install/auto_aim_interfaces:/opt/ros/humble LD_LIBRARY_PATH=/home/ats/rv2/install/armor_tracker/lib:/home/ats/rv2/install/armor_detector/lib:/home/ats/rv2/install/auto_aim_interfaces/lib:${LD_LIBRARY_PATH} PYTHONPATH=/home/ats/rv2/install/auto_aim_interfaces/local/lib/python3.10/dist-packages:${PYTHONPATH} /usr/bin/cmake --build /home/ats/rv2/build/rm_auto_aim -- -j32 -l32
[0.434s] Invoked command in '/home/ats/rv2/build/rm_auto_aim' returned '0': AMENT_PREFIX_PATH=/home/ats/rv2/install/armor_tracker:/home/ats/rv2/install/armor_detector:/home/ats/rv2/install/auto_aim_interfaces:${AMENT_PREFIX_PATH} CMAKE_PREFIX_PATH=/home/ats/rv2/install/armor_tracker:/home/ats/rv2/install/armor_detector:/home/ats/rv2/install/auto_aim_interfaces:/opt/ros/humble LD_LIBRARY_PATH=/home/ats/rv2/install/armor_tracker/lib:/home/ats/rv2/install/armor_detector/lib:/home/ats/rv2/install/auto_aim_interfaces/lib:${LD_LIBRARY_PATH} PYTHONPATH=/home/ats/rv2/install/auto_aim_interfaces/local/lib/python3.10/dist-packages:${PYTHONPATH} /usr/bin/cmake --build /home/ats/rv2/build/rm_auto_aim -- -j32 -l32
[0.454s] Invoking command in '/home/ats/rv2/build/rm_auto_aim': AMENT_PREFIX_PATH=/home/ats/rv2/install/armor_tracker:/home/ats/rv2/install/armor_detector:/home/ats/rv2/install/auto_aim_interfaces:${AMENT_PREFIX_PATH} CMAKE_PREFIX_PATH=/home/ats/rv2/install/armor_tracker:/home/ats/rv2/install/armor_detector:/home/ats/rv2/install/auto_aim_interfaces:/opt/ros/humble LD_LIBRARY_PATH=/home/ats/rv2/install/armor_tracker/lib:/home/ats/rv2/install/armor_detector/lib:/home/ats/rv2/install/auto_aim_interfaces/lib:${LD_LIBRARY_PATH} PYTHONPATH=/home/ats/rv2/install/auto_aim_interfaces/local/lib/python3.10/dist-packages:${PYTHONPATH} /usr/bin/cmake --install /home/ats/rv2/build/rm_auto_aim
[0.461s] -- Install configuration: ""
[0.462s] -- Execute custom install script
[0.462s] -- Symlinking: /home/ats/rv2/install/rm_auto_aim/share/ament_index/resource_index/package_run_dependencies/rm_auto_aim
[0.466s] -- Symlinking: /home/ats/rv2/install/rm_auto_aim/share/ament_index/resource_index/parent_prefix_path/rm_auto_aim
[0.472s] -- Symlinking: /home/ats/rv2/install/rm_auto_aim/share/rm_auto_aim/environment/ament_prefix_path.sh
[0.477s] -- Symlinking: /home/ats/rv2/install/rm_auto_aim/share/rm_auto_aim/environment/ament_prefix_path.dsv
[0.482s] -- Symlinking: /home/ats/rv2/install/rm_auto_aim/share/rm_auto_aim/environment/path.sh
[0.487s] -- Symlinking: /home/ats/rv2/install/rm_auto_aim/share/rm_auto_aim/environment/path.dsv
[0.492s] -- Symlinking: /home/ats/rv2/install/rm_auto_aim/share/rm_auto_aim/local_setup.bash
[0.497s] -- Symlinking: /home/ats/rv2/install/rm_auto_aim/share/rm_auto_aim/local_setup.sh
[0.502s] -- Symlinking: /home/ats/rv2/install/rm_auto_aim/share/rm_auto_aim/local_setup.zsh
[0.507s] -- Symlinking: /home/ats/rv2/install/rm_auto_aim/share/rm_auto_aim/local_setup.dsv
[0.512s] -- Symlinking: /home/ats/rv2/install/rm_auto_aim/share/rm_auto_aim/package.dsv
[0.517s] -- Symlinking: /home/ats/rv2/install/rm_auto_aim/share/ament_index/resource_index/packages/rm_auto_aim
[0.523s] -- Symlinking: /home/ats/rv2/install/rm_auto_aim/share/rm_auto_aim/cmake/rm_auto_aimConfig.cmake
[0.528s] -- Symlinking: /home/ats/rv2/install/rm_auto_aim/share/rm_auto_aim/cmake/rm_auto_aimConfig-version.cmake
[0.532s] -- Symlinking: /home/ats/rv2/install/rm_auto_aim/share/rm_auto_aim/package.xml
[0.539s] Invoked command in '/home/ats/rv2/build/rm_auto_aim' returned '0': AMENT_PREFIX_PATH=/home/ats/rv2/install/armor_tracker:/home/ats/rv2/install/armor_detector:/home/ats/rv2/install/auto_aim_interfaces:${AMENT_PREFIX_PATH} CMAKE_PREFIX_PATH=/home/ats/rv2/install/armor_tracker:/home/ats/rv2/install/armor_detector:/home/ats/rv2/install/auto_aim_interfaces:/opt/ros/humble LD_LIBRARY_PATH=/home/ats/rv2/install/armor_tracker/lib:/home/ats/rv2/install/armor_detector/lib:/home/ats/rv2/install/auto_aim_interfaces/lib:${LD_LIBRARY_PATH} PYTHONPATH=/home/ats/rv2/install/auto_aim_interfaces/local/lib/python3.10/dist-packages:${PYTHONPATH} /usr/bin/cmake --install /home/ats/rv2/build/rm_auto_aim
