[0.015s] Invoking command in '/home/ats/rv2/build/rm_auto_record': CMAKE_PREFIX_PATH=${CMAKE_PREFIX_PATH}:/opt/ros/humble /usr/bin/cmake --build /home/ats/rv2/build/rm_auto_record -- -j32 -l32
[0.072s] [ 25%] [32mBuilding CXX object CMakeFiles/rm_auto_record_node.dir/rclcpp_components/node_main_rm_auto_record_node.cpp.o[0m
[0.073s] [ 50%] [32mBuilding CXX object CMakeFiles/rm_auto_record.dir/src/record_node.cpp.o[0m
[3.350s] [ 75%] [32m[1mLinking CXX executable rm_auto_record_node[0m
[3.463s] [ 75%] Built target rm_auto_record_node
[11.672s] [100%] [32m[1mLinking CXX shared library librm_auto_record.so[0m
[12.203s] [100%] Built target rm_auto_record
[12.216s] Invoked command in '/home/ats/rv2/build/rm_auto_record' returned '0': CMAKE_PREFIX_PATH=${CMAKE_PREFIX_PATH}:/opt/ros/humble /usr/bin/cmake --build /home/ats/rv2/build/rm_auto_record -- -j32 -l32
[12.246s] Invoking command in '/home/ats/rv2/build/rm_auto_record': CMAKE_PREFIX_PATH=${CMAKE_PREFIX_PATH}:/opt/ros/humble /usr/bin/cmake --install /home/ats/rv2/build/rm_auto_record
[12.261s] -- Install configuration: ""
[12.262s] -- Execute custom install script
[12.263s] -- Up-to-date symlink: /home/ats/rv2/install/rm_auto_record/lib/rm_auto_record/rm_auto_record_node
[12.263s] -- Up-to-date symlink: /home/ats/rv2/install/rm_auto_record/include/rm_auto_record/record_node.hpp
[12.264s] -- Up-to-date symlink: /home/ats/rv2/install/rm_auto_record/share/rm_auto_record/environment/library_path.sh
[12.264s] -- Up-to-date symlink: /home/ats/rv2/install/rm_auto_record/share/rm_auto_record/environment/library_path.dsv
[12.264s] -- Up-to-date symlink: /home/ats/rv2/install/rm_auto_record/lib/librm_auto_record.so
[12.265s] -- Up-to-date symlink: /home/ats/rv2/install/rm_auto_record/share/rm_auto_record/config/node_params.yaml
[12.265s] -- Up-to-date symlink: /home/ats/rv2/install/rm_auto_record/share/rm_auto_record/launch/auto_record.launch.py
[12.265s] -- Up-to-date symlink: /home/ats/rv2/install/rm_auto_record/share/ament_index/resource_index/package_run_dependencies/rm_auto_record
[12.266s] -- Up-to-date symlink: /home/ats/rv2/install/rm_auto_record/share/ament_index/resource_index/parent_prefix_path/rm_auto_record
[12.266s] -- Up-to-date symlink: /home/ats/rv2/install/rm_auto_record/share/rm_auto_record/environment/ament_prefix_path.sh
[12.266s] -- Up-to-date symlink: /home/ats/rv2/install/rm_auto_record/share/rm_auto_record/environment/ament_prefix_path.dsv
[12.266s] -- Up-to-date symlink: /home/ats/rv2/install/rm_auto_record/share/rm_auto_record/environment/path.sh
[12.266s] -- Up-to-date symlink: /home/ats/rv2/install/rm_auto_record/share/rm_auto_record/environment/path.dsv
[12.267s] -- Up-to-date symlink: /home/ats/rv2/install/rm_auto_record/share/rm_auto_record/local_setup.bash
[12.267s] -- Up-to-date symlink: /home/ats/rv2/install/rm_auto_record/share/rm_auto_record/local_setup.sh
[12.267s] -- Up-to-date symlink: /home/ats/rv2/install/rm_auto_record/share/rm_auto_record/local_setup.zsh
[12.267s] -- Up-to-date symlink: /home/ats/rv2/install/rm_auto_record/share/rm_auto_record/local_setup.dsv
[12.267s] -- Symlinking: /home/ats/rv2/install/rm_auto_record/share/rm_auto_record/package.dsv
[12.277s] -- Up-to-date symlink: /home/ats/rv2/install/rm_auto_record/share/ament_index/resource_index/packages/rm_auto_record
[12.278s] -- Up-to-date symlink: /home/ats/rv2/install/rm_auto_record/share/ament_index/resource_index/rclcpp_components/rm_auto_record
[12.278s] -- Up-to-date symlink: /home/ats/rv2/install/rm_auto_record/share/rm_auto_record/cmake/ament_cmake_export_dependencies-extras.cmake
[12.278s] -- Up-to-date symlink: /home/ats/rv2/install/rm_auto_record/share/rm_auto_record/cmake/ament_cmake_export_include_directories-extras.cmake
[12.278s] -- Up-to-date symlink: /home/ats/rv2/install/rm_auto_record/share/rm_auto_record/cmake/ament_cmake_export_libraries-extras.cmake
[12.279s] -- Up-to-date symlink: /home/ats/rv2/install/rm_auto_record/share/rm_auto_record/cmake/rm_auto_recordConfig.cmake
[12.279s] -- Up-to-date symlink: /home/ats/rv2/install/rm_auto_record/share/rm_auto_record/cmake/rm_auto_recordConfig-version.cmake
[12.279s] -- Up-to-date symlink: /home/ats/rv2/install/rm_auto_record/share/rm_auto_record/package.xml
[12.280s] Invoked command in '/home/ats/rv2/build/rm_auto_record' returned '0': CMAKE_PREFIX_PATH=${CMAKE_PREFIX_PATH}:/opt/ros/humble /usr/bin/cmake --install /home/ats/rv2/build/rm_auto_record
