[0.023s] Invoking command in '/home/ats/rv2/build/armor_detector': AMENT_PREFIX_PATH=/home/ats/rv2/install/auto_aim_interfaces:${AMENT_PREFIX_PATH} CMAKE_PREFIX_PATH=/home/ats/rv2/install/auto_aim_interfaces:/home/ats/ws_livox/install/livox_ros_driver2:/opt/ros/humble LD_LIBRARY_PATH=/home/ats/rv2/install/auto_aim_interfaces/lib:/home/ats/ws_livox/install/livox_ros_driver2/lib:/opt/ros/humble/opt/rviz_ogre_vendor/lib:/opt/ros/humble/lib/x86_64-linux-gnu:/opt/ros/humble/opt/openvdb_vendor/lib:/opt/ros/humble/lib:/opt/MVS/lib/64:/opt/MVS/lib/32:/opt/MVS/lib/64:/opt/MVS/lib/32:/opt/MVS/lib/64:/opt/MVS/lib/32 PYTHONPATH=/home/ats/rv2/install/auto_aim_interfaces/local/lib/python3.10/dist-packages:${PYTHONPATH} /usr/bin/cmake --build /home/ats/rv2/build/armor_detector -- -j32 -l32
[0.095s] [  6%] [32mBuilding CXX object gtest/CMakeFiles/gtest_main.dir/src/gtest_main.cc.o[0m
[0.098s] [ 13%] [32mBuilding CXX object CMakeFiles/armor_detector_node.dir/rclcpp_components/node_main_armor_detector_node.cpp.o[0m
[0.099s] [ 20%] [32mBuilding CXX object gtest/CMakeFiles/gtest.dir/src/gtest-all.cc.o[0m
[0.106s] [ 26%] [32mBuilding CXX object CMakeFiles/armor_detector.dir/src/detector.cpp.o[0m
[0.110s] [ 40%] [32mBuilding CXX object CMakeFiles/armor_detector.dir/src/number_classifier.cpp.o[0m
[0.110s] [ 40%] [32mBuilding CXX object CMakeFiles/armor_detector.dir/src/detector_node.cpp.o[0m
[0.111s] [ 46%] [32mBuilding CXX object CMakeFiles/armor_detector.dir/src/pnp_solver.cpp.o[0m
[0.723s] [ 53%] [32m[1mLinking CXX static library libgtest_main.a[0m
[0.762s] [ 53%] Built target gtest_main
[3.576s] [ 60%] [32m[1mLinking CXX executable armor_detector_node[0m
[3.708s] [ 60%] Built target armor_detector_node
[4.279s] [ 66%] [32m[1mLinking CXX static library libgtest.a[0m
[4.346s] [ 66%] Built target gtest
[14.467s] [ 73%] [32m[1mLinking CXX shared library libarmor_detector.so[0m
[15.135s] [ 73%] Built target armor_detector
[15.163s] [ 80%] [32mBuilding CXX object CMakeFiles/test_node_startup.dir/test/test_node_startup.cpp.o[0m
[15.163s] [ 86%] [32mBuilding CXX object CMakeFiles/test_number_cls.dir/test/test_number_cls.cpp.o[0m
[16.356s] [ 93%] [32m[1mLinking CXX executable test_number_cls[0m
[16.906s] [ 93%] Built target test_number_cls
[17.962s] [100%] [32m[1mLinking CXX executable test_node_startup[0m
[18.458s] [100%] Built target test_node_startup
[18.470s] Invoked command in '/home/ats/rv2/build/armor_detector' returned '0': AMENT_PREFIX_PATH=/home/ats/rv2/install/auto_aim_interfaces:${AMENT_PREFIX_PATH} CMAKE_PREFIX_PATH=/home/ats/rv2/install/auto_aim_interfaces:/home/ats/ws_livox/install/livox_ros_driver2:/opt/ros/humble LD_LIBRARY_PATH=/home/ats/rv2/install/auto_aim_interfaces/lib:/home/ats/ws_livox/install/livox_ros_driver2/lib:/opt/ros/humble/opt/rviz_ogre_vendor/lib:/opt/ros/humble/lib/x86_64-linux-gnu:/opt/ros/humble/opt/openvdb_vendor/lib:/opt/ros/humble/lib:/opt/MVS/lib/64:/opt/MVS/lib/32:/opt/MVS/lib/64:/opt/MVS/lib/32:/opt/MVS/lib/64:/opt/MVS/lib/32 PYTHONPATH=/home/ats/rv2/install/auto_aim_interfaces/local/lib/python3.10/dist-packages:${PYTHONPATH} /usr/bin/cmake --build /home/ats/rv2/build/armor_detector -- -j32 -l32
[18.512s] Invoking command in '/home/ats/rv2/build/armor_detector': AMENT_PREFIX_PATH=/home/ats/rv2/install/auto_aim_interfaces:${AMENT_PREFIX_PATH} CMAKE_PREFIX_PATH=/home/ats/rv2/install/auto_aim_interfaces:/home/ats/ws_livox/install/livox_ros_driver2:/opt/ros/humble LD_LIBRARY_PATH=/home/ats/rv2/install/auto_aim_interfaces/lib:/home/ats/ws_livox/install/livox_ros_driver2/lib:/opt/ros/humble/opt/rviz_ogre_vendor/lib:/opt/ros/humble/lib/x86_64-linux-gnu:/opt/ros/humble/opt/openvdb_vendor/lib:/opt/ros/humble/lib:/opt/MVS/lib/64:/opt/MVS/lib/32:/opt/MVS/lib/64:/opt/MVS/lib/32:/opt/MVS/lib/64:/opt/MVS/lib/32 PYTHONPATH=/home/ats/rv2/install/auto_aim_interfaces/local/lib/python3.10/dist-packages:${PYTHONPATH} /usr/bin/cmake --install /home/ats/rv2/build/armor_detector
[18.518s] -- Install configuration: ""
[18.518s] -- Execute custom install script
[18.519s] -- Up-to-date symlink: /home/ats/rv2/install/armor_detector/lib/armor_detector/armor_detector_node
[18.519s] -- Up-to-date symlink: /home/ats/rv2/install/armor_detector/include/armor_detector/armor.hpp
[18.519s] -- Up-to-date symlink: /home/ats/rv2/install/armor_detector/include/armor_detector/detector.hpp
[18.519s] -- Up-to-date symlink: /home/ats/rv2/install/armor_detector/include/armor_detector/detector_node.hpp
[18.520s] -- Up-to-date symlink: /home/ats/rv2/install/armor_detector/include/armor_detector/number_classifier.hpp
[18.520s] -- Up-to-date symlink: /home/ats/rv2/install/armor_detector/include/armor_detector/pnp_solver.hpp
[18.520s] -- Up-to-date symlink: /home/ats/rv2/install/armor_detector/share/armor_detector/environment/library_path.sh
[18.520s] -- Up-to-date symlink: /home/ats/rv2/install/armor_detector/share/armor_detector/environment/library_path.dsv
[18.520s] -- Up-to-date symlink: /home/ats/rv2/install/armor_detector/lib/libarmor_detector.so
[18.521s] -- Up-to-date symlink: /home/ats/rv2/install/armor_detector/share/armor_detector/model/label.txt
[18.521s] -- Up-to-date symlink: /home/ats/rv2/install/armor_detector/share/armor_detector/model/mlp.onnx
[18.521s] -- Up-to-date symlink: /home/ats/rv2/install/armor_detector/share/ament_index/resource_index/package_run_dependencies/armor_detector
[18.521s] -- Up-to-date symlink: /home/ats/rv2/install/armor_detector/share/ament_index/resource_index/parent_prefix_path/armor_detector
[18.521s] -- Up-to-date symlink: /home/ats/rv2/install/armor_detector/share/armor_detector/environment/ament_prefix_path.sh
[18.521s] -- Up-to-date symlink: /home/ats/rv2/install/armor_detector/share/armor_detector/environment/ament_prefix_path.dsv
[18.522s] -- Up-to-date symlink: /home/ats/rv2/install/armor_detector/share/armor_detector/environment/path.sh
[18.522s] -- Up-to-date symlink: /home/ats/rv2/install/armor_detector/share/armor_detector/environment/path.dsv
[18.522s] -- Up-to-date symlink: /home/ats/rv2/install/armor_detector/share/armor_detector/local_setup.bash
[18.522s] -- Up-to-date symlink: /home/ats/rv2/install/armor_detector/share/armor_detector/local_setup.sh
[18.522s] -- Up-to-date symlink: /home/ats/rv2/install/armor_detector/share/armor_detector/local_setup.zsh
[18.522s] -- Up-to-date symlink: /home/ats/rv2/install/armor_detector/share/armor_detector/local_setup.dsv
[18.523s] -- Symlinking: /home/ats/rv2/install/armor_detector/share/armor_detector/package.dsv
[18.529s] -- Up-to-date symlink: /home/ats/rv2/install/armor_detector/share/ament_index/resource_index/packages/armor_detector
[18.529s] -- Up-to-date symlink: /home/ats/rv2/install/armor_detector/share/ament_index/resource_index/rclcpp_components/armor_detector
[18.530s] -- Up-to-date symlink: /home/ats/rv2/install/armor_detector/share/armor_detector/cmake/ament_cmake_export_dependencies-extras.cmake
[18.530s] -- Up-to-date symlink: /home/ats/rv2/install/armor_detector/share/armor_detector/cmake/ament_cmake_export_include_directories-extras.cmake
[18.530s] -- Up-to-date symlink: /home/ats/rv2/install/armor_detector/share/armor_detector/cmake/ament_cmake_export_libraries-extras.cmake
[18.530s] -- Up-to-date symlink: /home/ats/rv2/install/armor_detector/share/armor_detector/cmake/armor_detectorConfig.cmake
[18.530s] -- Up-to-date symlink: /home/ats/rv2/install/armor_detector/share/armor_detector/cmake/armor_detectorConfig-version.cmake
[18.530s] -- Up-to-date symlink: /home/ats/rv2/install/armor_detector/share/armor_detector/package.xml
[18.532s] Invoked command in '/home/ats/rv2/build/armor_detector' returned '0': AMENT_PREFIX_PATH=/home/ats/rv2/install/auto_aim_interfaces:${AMENT_PREFIX_PATH} CMAKE_PREFIX_PATH=/home/ats/rv2/install/auto_aim_interfaces:/home/ats/ws_livox/install/livox_ros_driver2:/opt/ros/humble LD_LIBRARY_PATH=/home/ats/rv2/install/auto_aim_interfaces/lib:/home/ats/ws_livox/install/livox_ros_driver2/lib:/opt/ros/humble/opt/rviz_ogre_vendor/lib:/opt/ros/humble/lib/x86_64-linux-gnu:/opt/ros/humble/opt/openvdb_vendor/lib:/opt/ros/humble/lib:/opt/MVS/lib/64:/opt/MVS/lib/32:/opt/MVS/lib/64:/opt/MVS/lib/32:/opt/MVS/lib/64:/opt/MVS/lib/32 PYTHONPATH=/home/ats/rv2/install/auto_aim_interfaces/local/lib/python3.10/dist-packages:${PYTHONPATH} /usr/bin/cmake --install /home/ats/rv2/build/armor_detector
