[0.094s] DEBUG:colcon:Command line arguments: ['/usr/bin/colcon', 'list', '-p', '--base-paths', '/home/ats/rv2']
[0.094s] DEBUG:colcon:Parsed command line arguments: Namespace(log_base=None, log_level=None, verb_name='list', build_base='build', ignore_user_meta=False, metas=['./colcon.meta'], base_paths=['/home/ats/rv2'], packages_ignore=None, packages_ignore_regex=None, paths=None, packages_up_to=None, packages_up_to_regex=None, packages_above=None, packages_above_and_dependencies=None, packages_above_depth=None, packages_select_by_dep=None, packages_skip_by_dep=None, packages_skip_up_to=None, packages_select_build_failed=False, packages_skip_build_finished=False, packages_select_test_failures=False, packages_skip_test_passed=False, packages_select=None, packages_skip=None, packages_select_regex=None, packages_skip_regex=None, packages_start=None, packages_end=None, allow_overriding=[], topological_order=False, names_only=False, paths_only=True, topological_graph=False, topological_graph_dot=False, topological_graph_density=False, topological_graph_legend=False, topological_graph_dot_cluster=False, topological_graph_dot_include_skipped=False, verb_parser=<colcon_defaults.argument_parser.defaults.DefaultArgumentsDecorator object at 0x7fb8f4704dc0>, verb_extension=<colcon_package_information.verb.list.ListVerb object at 0x7fb8f48518a0>, main=<bound method ListVerb.main of <colcon_package_information.verb.list.ListVerb object at 0x7fb8f48518a0>>)
[0.213s] Level 1:colcon.colcon_core.package_discovery:discover_packages(colcon_meta) check parameters
[0.214s] Level 1:colcon.colcon_core.package_discovery:discover_packages(recursive) check parameters
[0.214s] Level 1:colcon.colcon_core.package_discovery:discover_packages(ignore) check parameters
[0.214s] Level 1:colcon.colcon_core.package_discovery:discover_packages(path) check parameters
[0.214s] Level 1:colcon.colcon_core.package_discovery:discover_packages(recursive) discover
[0.214s] INFO:colcon.colcon_core.package_discovery:Crawling recursively for packages in '/home/ats/rv2'
[0.214s] Level 1:colcon.colcon_core.package_identification:_identify(/home/ats/rv2) by extensions ['ignore', 'ignore_ament_install']
[0.214s] Level 1:colcon.colcon_core.package_identification:_identify(/home/ats/rv2) by extension 'ignore'
[0.214s] Level 1:colcon.colcon_core.package_identification:_identify(/home/ats/rv2) by extension 'ignore_ament_install'
[0.214s] Level 1:colcon.colcon_core.package_identification:_identify(/home/ats/rv2) by extensions ['colcon_pkg']
[0.214s] Level 1:colcon.colcon_core.package_identification:_identify(/home/ats/rv2) by extension 'colcon_pkg'
[0.214s] Level 1:colcon.colcon_core.package_identification:_identify(/home/ats/rv2) by extensions ['colcon_meta']
[0.214s] Level 1:colcon.colcon_core.package_identification:_identify(/home/ats/rv2) by extension 'colcon_meta'
[0.214s] Level 1:colcon.colcon_core.package_identification:_identify(/home/ats/rv2) by extensions ['ros']
[0.214s] Level 1:colcon.colcon_core.package_identification:_identify(/home/ats/rv2) by extension 'ros'
[0.224s] Level 1:colcon.colcon_core.package_identification:_identify(/home/ats/rv2) by extensions ['cmake', 'python']
[0.224s] Level 1:colcon.colcon_core.package_identification:_identify(/home/ats/rv2) by extension 'cmake'
[0.224s] Level 1:colcon.colcon_core.package_identification:_identify(/home/ats/rv2) by extension 'python'
[0.224s] Level 1:colcon.colcon_core.package_identification:_identify(/home/ats/rv2) by extensions ['python_setup_py']
[0.224s] Level 1:colcon.colcon_core.package_identification:_identify(/home/ats/rv2) by extension 'python_setup_py'
[0.224s] Level 1:colcon.colcon_core.package_identification:_identify(/home/ats/rv2/build) by extensions ['ignore', 'ignore_ament_install']
[0.224s] Level 1:colcon.colcon_core.package_identification:_identify(/home/ats/rv2/build) by extension 'ignore'
[0.224s] Level 1:colcon.colcon_core.package_identification:_identify(/home/ats/rv2/build) ignored
[0.224s] Level 1:colcon.colcon_core.package_identification:_identify(/home/ats/rv2/install) by extensions ['ignore', 'ignore_ament_install']
[0.224s] Level 1:colcon.colcon_core.package_identification:_identify(/home/ats/rv2/install) by extension 'ignore'
[0.224s] Level 1:colcon.colcon_core.package_identification:_identify(/home/ats/rv2/install) ignored
[0.225s] Level 1:colcon.colcon_core.package_identification:_identify(/home/ats/rv2/log) by extensions ['ignore', 'ignore_ament_install']
[0.225s] Level 1:colcon.colcon_core.package_identification:_identify(/home/ats/rv2/log) by extension 'ignore'
[0.225s] Level 1:colcon.colcon_core.package_identification:_identify(/home/ats/rv2/log) ignored
[0.225s] Level 1:colcon.colcon_core.package_identification:_identify(/home/ats/rv2/src) by extensions ['ignore', 'ignore_ament_install']
[0.225s] Level 1:colcon.colcon_core.package_identification:_identify(/home/ats/rv2/src) by extension 'ignore'
[0.225s] Level 1:colcon.colcon_core.package_identification:_identify(/home/ats/rv2/src) by extension 'ignore_ament_install'
[0.225s] Level 1:colcon.colcon_core.package_identification:_identify(/home/ats/rv2/src) by extensions ['colcon_pkg']
[0.225s] Level 1:colcon.colcon_core.package_identification:_identify(/home/ats/rv2/src) by extension 'colcon_pkg'
[0.225s] Level 1:colcon.colcon_core.package_identification:_identify(/home/ats/rv2/src) by extensions ['colcon_meta']
[0.225s] Level 1:colcon.colcon_core.package_identification:_identify(/home/ats/rv2/src) by extension 'colcon_meta'
[0.225s] Level 1:colcon.colcon_core.package_identification:_identify(/home/ats/rv2/src) by extensions ['ros']
[0.225s] Level 1:colcon.colcon_core.package_identification:_identify(/home/ats/rv2/src) by extension 'ros'
[0.225s] Level 1:colcon.colcon_core.package_identification:_identify(/home/ats/rv2/src) by extensions ['cmake', 'python']
[0.225s] Level 1:colcon.colcon_core.package_identification:_identify(/home/ats/rv2/src) by extension 'cmake'
[0.225s] Level 1:colcon.colcon_core.package_identification:_identify(/home/ats/rv2/src) by extension 'python'
[0.225s] Level 1:colcon.colcon_core.package_identification:_identify(/home/ats/rv2/src) by extensions ['python_setup_py']
[0.225s] Level 1:colcon.colcon_core.package_identification:_identify(/home/ats/rv2/src) by extension 'python_setup_py'
[0.225s] Level 1:colcon.colcon_core.package_identification:_identify(/home/ats/rv2/src/rm_auto_aim) by extensions ['ignore', 'ignore_ament_install']
[0.225s] Level 1:colcon.colcon_core.package_identification:_identify(/home/ats/rv2/src/rm_auto_aim) by extension 'ignore'
[0.225s] Level 1:colcon.colcon_core.package_identification:_identify(/home/ats/rv2/src/rm_auto_aim) by extension 'ignore_ament_install'
[0.226s] Level 1:colcon.colcon_core.package_identification:_identify(/home/ats/rv2/src/rm_auto_aim) by extensions ['colcon_pkg']
[0.226s] Level 1:colcon.colcon_core.package_identification:_identify(/home/ats/rv2/src/rm_auto_aim) by extension 'colcon_pkg'
[0.226s] Level 1:colcon.colcon_core.package_identification:_identify(/home/ats/rv2/src/rm_auto_aim) by extensions ['colcon_meta']
[0.226s] Level 1:colcon.colcon_core.package_identification:_identify(/home/ats/rv2/src/rm_auto_aim) by extension 'colcon_meta'
[0.226s] Level 1:colcon.colcon_core.package_identification:_identify(/home/ats/rv2/src/rm_auto_aim) by extensions ['ros']
[0.226s] Level 1:colcon.colcon_core.package_identification:_identify(/home/ats/rv2/src/rm_auto_aim) by extension 'ros'
[0.226s] Level 1:colcon.colcon_core.package_identification:_identify(/home/ats/rv2/src/rm_auto_aim) by extensions ['cmake', 'python']
[0.226s] Level 1:colcon.colcon_core.package_identification:_identify(/home/ats/rv2/src/rm_auto_aim) by extension 'cmake'
[0.226s] Level 1:colcon.colcon_core.package_identification:_identify(/home/ats/rv2/src/rm_auto_aim) by extension 'python'
[0.226s] Level 1:colcon.colcon_core.package_identification:_identify(/home/ats/rv2/src/rm_auto_aim) by extensions ['python_setup_py']
[0.226s] Level 1:colcon.colcon_core.package_identification:_identify(/home/ats/rv2/src/rm_auto_aim) by extension 'python_setup_py'
[0.226s] Level 1:colcon.colcon_core.package_identification:_identify(/home/ats/rv2/src/rm_auto_aim/armor_detector) by extensions ['ignore', 'ignore_ament_install']
[0.226s] Level 1:colcon.colcon_core.package_identification:_identify(/home/ats/rv2/src/rm_auto_aim/armor_detector) by extension 'ignore'
[0.226s] Level 1:colcon.colcon_core.package_identification:_identify(/home/ats/rv2/src/rm_auto_aim/armor_detector) by extension 'ignore_ament_install'
[0.226s] Level 1:colcon.colcon_core.package_identification:_identify(/home/ats/rv2/src/rm_auto_aim/armor_detector) by extensions ['colcon_pkg']
[0.226s] Level 1:colcon.colcon_core.package_identification:_identify(/home/ats/rv2/src/rm_auto_aim/armor_detector) by extension 'colcon_pkg'
[0.226s] Level 1:colcon.colcon_core.package_identification:_identify(/home/ats/rv2/src/rm_auto_aim/armor_detector) by extensions ['colcon_meta']
[0.226s] Level 1:colcon.colcon_core.package_identification:_identify(/home/ats/rv2/src/rm_auto_aim/armor_detector) by extension 'colcon_meta'
[0.226s] Level 1:colcon.colcon_core.package_identification:_identify(/home/ats/rv2/src/rm_auto_aim/armor_detector) by extensions ['ros']
[0.226s] Level 1:colcon.colcon_core.package_identification:_identify(/home/ats/rv2/src/rm_auto_aim/armor_detector) by extension 'ros'
[0.229s] DEBUG:colcon.colcon_core.package_identification:Package '/home/ats/rv2/src/rm_auto_aim/armor_detector' with type 'ros.ament_cmake' and name 'armor_detector'
[0.229s] Level 1:colcon.colcon_core.package_identification:_identify(/home/ats/rv2/src/rm_auto_aim/armor_tracker) by extensions ['ignore', 'ignore_ament_install']
[0.230s] Level 1:colcon.colcon_core.package_identification:_identify(/home/ats/rv2/src/rm_auto_aim/armor_tracker) by extension 'ignore'
[0.230s] Level 1:colcon.colcon_core.package_identification:_identify(/home/ats/rv2/src/rm_auto_aim/armor_tracker) by extension 'ignore_ament_install'
[0.230s] Level 1:colcon.colcon_core.package_identification:_identify(/home/ats/rv2/src/rm_auto_aim/armor_tracker) by extensions ['colcon_pkg']
[0.230s] Level 1:colcon.colcon_core.package_identification:_identify(/home/ats/rv2/src/rm_auto_aim/armor_tracker) by extension 'colcon_pkg'
[0.230s] Level 1:colcon.colcon_core.package_identification:_identify(/home/ats/rv2/src/rm_auto_aim/armor_tracker) by extensions ['colcon_meta']
[0.230s] Level 1:colcon.colcon_core.package_identification:_identify(/home/ats/rv2/src/rm_auto_aim/armor_tracker) by extension 'colcon_meta'
[0.230s] Level 1:colcon.colcon_core.package_identification:_identify(/home/ats/rv2/src/rm_auto_aim/armor_tracker) by extensions ['ros']
[0.230s] Level 1:colcon.colcon_core.package_identification:_identify(/home/ats/rv2/src/rm_auto_aim/armor_tracker) by extension 'ros'
[0.231s] DEBUG:colcon.colcon_core.package_identification:Package '/home/ats/rv2/src/rm_auto_aim/armor_tracker' with type 'ros.ament_cmake' and name 'armor_tracker'
[0.231s] Level 1:colcon.colcon_core.package_identification:_identify(/home/ats/rv2/src/rm_auto_aim/auto_aim_interfaces) by extensions ['ignore', 'ignore_ament_install']
[0.231s] Level 1:colcon.colcon_core.package_identification:_identify(/home/ats/rv2/src/rm_auto_aim/auto_aim_interfaces) by extension 'ignore'
[0.231s] Level 1:colcon.colcon_core.package_identification:_identify(/home/ats/rv2/src/rm_auto_aim/auto_aim_interfaces) by extension 'ignore_ament_install'
[0.231s] Level 1:colcon.colcon_core.package_identification:_identify(/home/ats/rv2/src/rm_auto_aim/auto_aim_interfaces) by extensions ['colcon_pkg']
[0.231s] Level 1:colcon.colcon_core.package_identification:_identify(/home/ats/rv2/src/rm_auto_aim/auto_aim_interfaces) by extension 'colcon_pkg'
[0.231s] Level 1:colcon.colcon_core.package_identification:_identify(/home/ats/rv2/src/rm_auto_aim/auto_aim_interfaces) by extensions ['colcon_meta']
[0.231s] Level 1:colcon.colcon_core.package_identification:_identify(/home/ats/rv2/src/rm_auto_aim/auto_aim_interfaces) by extension 'colcon_meta'
[0.231s] Level 1:colcon.colcon_core.package_identification:_identify(/home/ats/rv2/src/rm_auto_aim/auto_aim_interfaces) by extensions ['ros']
[0.231s] Level 1:colcon.colcon_core.package_identification:_identify(/home/ats/rv2/src/rm_auto_aim/auto_aim_interfaces) by extension 'ros'
[0.233s] DEBUG:colcon.colcon_core.package_identification:Package '/home/ats/rv2/src/rm_auto_aim/auto_aim_interfaces' with type 'ros.ament_cmake' and name 'auto_aim_interfaces'
[0.233s] Level 1:colcon.colcon_core.package_identification:_identify(/home/ats/rv2/src/rm_auto_aim/docs) by extensions ['ignore', 'ignore_ament_install']
[0.233s] Level 1:colcon.colcon_core.package_identification:_identify(/home/ats/rv2/src/rm_auto_aim/docs) by extension 'ignore'
[0.233s] Level 1:colcon.colcon_core.package_identification:_identify(/home/ats/rv2/src/rm_auto_aim/docs) by extension 'ignore_ament_install'
[0.234s] Level 1:colcon.colcon_core.package_identification:_identify(/home/ats/rv2/src/rm_auto_aim/docs) by extensions ['colcon_pkg']
[0.234s] Level 1:colcon.colcon_core.package_identification:_identify(/home/ats/rv2/src/rm_auto_aim/docs) by extension 'colcon_pkg'
[0.234s] Level 1:colcon.colcon_core.package_identification:_identify(/home/ats/rv2/src/rm_auto_aim/docs) by extensions ['colcon_meta']
[0.234s] Level 1:colcon.colcon_core.package_identification:_identify(/home/ats/rv2/src/rm_auto_aim/docs) by extension 'colcon_meta'
[0.234s] Level 1:colcon.colcon_core.package_identification:_identify(/home/ats/rv2/src/rm_auto_aim/docs) by extensions ['ros']
[0.234s] Level 1:colcon.colcon_core.package_identification:_identify(/home/ats/rv2/src/rm_auto_aim/docs) by extension 'ros'
[0.234s] Level 1:colcon.colcon_core.package_identification:_identify(/home/ats/rv2/src/rm_auto_aim/docs) by extensions ['cmake', 'python']
[0.234s] Level 1:colcon.colcon_core.package_identification:_identify(/home/ats/rv2/src/rm_auto_aim/docs) by extension 'cmake'
[0.234s] Level 1:colcon.colcon_core.package_identification:_identify(/home/ats/rv2/src/rm_auto_aim/docs) by extension 'python'
[0.234s] Level 1:colcon.colcon_core.package_identification:_identify(/home/ats/rv2/src/rm_auto_aim/docs) by extensions ['python_setup_py']
[0.234s] Level 1:colcon.colcon_core.package_identification:_identify(/home/ats/rv2/src/rm_auto_aim/docs) by extension 'python_setup_py'
[0.234s] Level 1:colcon.colcon_core.package_identification:_identify(/home/ats/rv2/src/rm_auto_aim/rm_auto_aim) by extensions ['ignore', 'ignore_ament_install']
[0.234s] Level 1:colcon.colcon_core.package_identification:_identify(/home/ats/rv2/src/rm_auto_aim/rm_auto_aim) by extension 'ignore'
[0.234s] Level 1:colcon.colcon_core.package_identification:_identify(/home/ats/rv2/src/rm_auto_aim/rm_auto_aim) by extension 'ignore_ament_install'
[0.234s] Level 1:colcon.colcon_core.package_identification:_identify(/home/ats/rv2/src/rm_auto_aim/rm_auto_aim) by extensions ['colcon_pkg']
[0.234s] Level 1:colcon.colcon_core.package_identification:_identify(/home/ats/rv2/src/rm_auto_aim/rm_auto_aim) by extension 'colcon_pkg'
[0.234s] Level 1:colcon.colcon_core.package_identification:_identify(/home/ats/rv2/src/rm_auto_aim/rm_auto_aim) by extensions ['colcon_meta']
[0.234s] Level 1:colcon.colcon_core.package_identification:_identify(/home/ats/rv2/src/rm_auto_aim/rm_auto_aim) by extension 'colcon_meta'
[0.234s] Level 1:colcon.colcon_core.package_identification:_identify(/home/ats/rv2/src/rm_auto_aim/rm_auto_aim) by extensions ['ros']
[0.234s] Level 1:colcon.colcon_core.package_identification:_identify(/home/ats/rv2/src/rm_auto_aim/rm_auto_aim) by extension 'ros'
[0.235s] DEBUG:colcon.colcon_core.package_identification:Package '/home/ats/rv2/src/rm_auto_aim/rm_auto_aim' with type 'ros.ament_cmake' and name 'rm_auto_aim'
[0.235s] Level 1:colcon.colcon_core.package_identification:_identify(/home/ats/rv2/src/rm_auto_record) by extensions ['ignore', 'ignore_ament_install']
[0.235s] Level 1:colcon.colcon_core.package_identification:_identify(/home/ats/rv2/src/rm_auto_record) by extension 'ignore'
[0.235s] Level 1:colcon.colcon_core.package_identification:_identify(/home/ats/rv2/src/rm_auto_record) by extension 'ignore_ament_install'
[0.235s] Level 1:colcon.colcon_core.package_identification:_identify(/home/ats/rv2/src/rm_auto_record) by extensions ['colcon_pkg']
[0.235s] Level 1:colcon.colcon_core.package_identification:_identify(/home/ats/rv2/src/rm_auto_record) by extension 'colcon_pkg'
[0.235s] Level 1:colcon.colcon_core.package_identification:_identify(/home/ats/rv2/src/rm_auto_record) by extensions ['colcon_meta']
[0.235s] Level 1:colcon.colcon_core.package_identification:_identify(/home/ats/rv2/src/rm_auto_record) by extension 'colcon_meta'
[0.235s] Level 1:colcon.colcon_core.package_identification:_identify(/home/ats/rv2/src/rm_auto_record) by extensions ['ros']
[0.235s] Level 1:colcon.colcon_core.package_identification:_identify(/home/ats/rv2/src/rm_auto_record) by extension 'ros'
[0.236s] DEBUG:colcon.colcon_core.package_identification:Package '/home/ats/rv2/src/rm_auto_record' with type 'ros.ament_cmake' and name 'rm_auto_record'
[0.236s] Level 1:colcon.colcon_core.package_identification:_identify(/home/ats/rv2/src/rm_buff) by extensions ['ignore', 'ignore_ament_install']
[0.236s] Level 1:colcon.colcon_core.package_identification:_identify(/home/ats/rv2/src/rm_buff) by extension 'ignore'
[0.236s] Level 1:colcon.colcon_core.package_identification:_identify(/home/ats/rv2/src/rm_buff) by extension 'ignore_ament_install'
[0.236s] Level 1:colcon.colcon_core.package_identification:_identify(/home/ats/rv2/src/rm_buff) by extensions ['colcon_pkg']
[0.236s] Level 1:colcon.colcon_core.package_identification:_identify(/home/ats/rv2/src/rm_buff) by extension 'colcon_pkg'
[0.236s] Level 1:colcon.colcon_core.package_identification:_identify(/home/ats/rv2/src/rm_buff) by extensions ['colcon_meta']
[0.236s] Level 1:colcon.colcon_core.package_identification:_identify(/home/ats/rv2/src/rm_buff) by extension 'colcon_meta'
[0.236s] Level 1:colcon.colcon_core.package_identification:_identify(/home/ats/rv2/src/rm_buff) by extensions ['ros']
[0.236s] Level 1:colcon.colcon_core.package_identification:_identify(/home/ats/rv2/src/rm_buff) by extension 'ros'
[0.236s] Level 1:colcon.colcon_core.package_identification:_identify(/home/ats/rv2/src/rm_buff) by extensions ['cmake', 'python']
[0.236s] Level 1:colcon.colcon_core.package_identification:_identify(/home/ats/rv2/src/rm_buff) by extension 'cmake'
[0.236s] Level 1:colcon.colcon_core.package_identification:_identify(/home/ats/rv2/src/rm_buff) by extension 'python'
[0.236s] Level 1:colcon.colcon_core.package_identification:_identify(/home/ats/rv2/src/rm_buff) by extensions ['python_setup_py']
[0.236s] Level 1:colcon.colcon_core.package_identification:_identify(/home/ats/rv2/src/rm_buff) by extension 'python_setup_py'
[0.237s] Level 1:colcon.colcon_core.package_identification:_identify(/home/ats/rv2/src/rm_buff/buff_detector) by extensions ['ignore', 'ignore_ament_install']
[0.237s] Level 1:colcon.colcon_core.package_identification:_identify(/home/ats/rv2/src/rm_buff/buff_detector) by extension 'ignore'
[0.237s] Level 1:colcon.colcon_core.package_identification:_identify(/home/ats/rv2/src/rm_buff/buff_detector) by extension 'ignore_ament_install'
[0.237s] Level 1:colcon.colcon_core.package_identification:_identify(/home/ats/rv2/src/rm_buff/buff_detector) by extensions ['colcon_pkg']
[0.237s] Level 1:colcon.colcon_core.package_identification:_identify(/home/ats/rv2/src/rm_buff/buff_detector) by extension 'colcon_pkg'
[0.237s] Level 1:colcon.colcon_core.package_identification:_identify(/home/ats/rv2/src/rm_buff/buff_detector) by extensions ['colcon_meta']
[0.237s] Level 1:colcon.colcon_core.package_identification:_identify(/home/ats/rv2/src/rm_buff/buff_detector) by extension 'colcon_meta'
[0.237s] Level 1:colcon.colcon_core.package_identification:_identify(/home/ats/rv2/src/rm_buff/buff_detector) by extensions ['ros']
[0.237s] Level 1:colcon.colcon_core.package_identification:_identify(/home/ats/rv2/src/rm_buff/buff_detector) by extension 'ros'
[0.238s] DEBUG:colcon.colcon_core.package_identification:Package '/home/ats/rv2/src/rm_buff/buff_detector' with type 'ros.ament_cmake' and name 'buff_detector'
[0.238s] Level 1:colcon.colcon_core.package_identification:_identify(/home/ats/rv2/src/rm_buff/buff_interfaces) by extensions ['ignore', 'ignore_ament_install']
[0.238s] Level 1:colcon.colcon_core.package_identification:_identify(/home/ats/rv2/src/rm_buff/buff_interfaces) by extension 'ignore'
[0.238s] Level 1:colcon.colcon_core.package_identification:_identify(/home/ats/rv2/src/rm_buff/buff_interfaces) by extension 'ignore_ament_install'
[0.238s] Level 1:colcon.colcon_core.package_identification:_identify(/home/ats/rv2/src/rm_buff/buff_interfaces) by extensions ['colcon_pkg']
[0.238s] Level 1:colcon.colcon_core.package_identification:_identify(/home/ats/rv2/src/rm_buff/buff_interfaces) by extension 'colcon_pkg'
[0.238s] Level 1:colcon.colcon_core.package_identification:_identify(/home/ats/rv2/src/rm_buff/buff_interfaces) by extensions ['colcon_meta']
[0.238s] Level 1:colcon.colcon_core.package_identification:_identify(/home/ats/rv2/src/rm_buff/buff_interfaces) by extension 'colcon_meta'
[0.238s] Level 1:colcon.colcon_core.package_identification:_identify(/home/ats/rv2/src/rm_buff/buff_interfaces) by extensions ['ros']
[0.238s] Level 1:colcon.colcon_core.package_identification:_identify(/home/ats/rv2/src/rm_buff/buff_interfaces) by extension 'ros'
[0.239s] DEBUG:colcon.colcon_core.package_identification:Package '/home/ats/rv2/src/rm_buff/buff_interfaces' with type 'ros.ament_cmake' and name 'buff_interfaces'
[0.239s] Level 1:colcon.colcon_core.package_identification:_identify(/home/ats/rv2/src/rm_buff/buff_tracker) by extensions ['ignore', 'ignore_ament_install']
[0.239s] Level 1:colcon.colcon_core.package_identification:_identify(/home/ats/rv2/src/rm_buff/buff_tracker) by extension 'ignore'
[0.239s] Level 1:colcon.colcon_core.package_identification:_identify(/home/ats/rv2/src/rm_buff/buff_tracker) by extension 'ignore_ament_install'
[0.239s] Level 1:colcon.colcon_core.package_identification:_identify(/home/ats/rv2/src/rm_buff/buff_tracker) by extensions ['colcon_pkg']
[0.239s] Level 1:colcon.colcon_core.package_identification:_identify(/home/ats/rv2/src/rm_buff/buff_tracker) by extension 'colcon_pkg'
[0.239s] Level 1:colcon.colcon_core.package_identification:_identify(/home/ats/rv2/src/rm_buff/buff_tracker) by extensions ['colcon_meta']
[0.239s] Level 1:colcon.colcon_core.package_identification:_identify(/home/ats/rv2/src/rm_buff/buff_tracker) by extension 'colcon_meta'
[0.239s] Level 1:colcon.colcon_core.package_identification:_identify(/home/ats/rv2/src/rm_buff/buff_tracker) by extensions ['ros']
[0.239s] Level 1:colcon.colcon_core.package_identification:_identify(/home/ats/rv2/src/rm_buff/buff_tracker) by extension 'ros'
[0.241s] DEBUG:colcon.colcon_core.package_identification:Package '/home/ats/rv2/src/rm_buff/buff_tracker' with type 'ros.ament_cmake' and name 'buff_tracker'
[0.241s] Level 1:colcon.colcon_core.package_identification:_identify(/home/ats/rv2/src/rm_buff/docs) by extensions ['ignore', 'ignore_ament_install']
[0.241s] Level 1:colcon.colcon_core.package_identification:_identify(/home/ats/rv2/src/rm_buff/docs) by extension 'ignore'
[0.241s] Level 1:colcon.colcon_core.package_identification:_identify(/home/ats/rv2/src/rm_buff/docs) by extension 'ignore_ament_install'
[0.241s] Level 1:colcon.colcon_core.package_identification:_identify(/home/ats/rv2/src/rm_buff/docs) by extensions ['colcon_pkg']
[0.241s] Level 1:colcon.colcon_core.package_identification:_identify(/home/ats/rv2/src/rm_buff/docs) by extension 'colcon_pkg'
[0.241s] Level 1:colcon.colcon_core.package_identification:_identify(/home/ats/rv2/src/rm_buff/docs) by extensions ['colcon_meta']
[0.241s] Level 1:colcon.colcon_core.package_identification:_identify(/home/ats/rv2/src/rm_buff/docs) by extension 'colcon_meta'
[0.241s] Level 1:colcon.colcon_core.package_identification:_identify(/home/ats/rv2/src/rm_buff/docs) by extensions ['ros']
[0.241s] Level 1:colcon.colcon_core.package_identification:_identify(/home/ats/rv2/src/rm_buff/docs) by extension 'ros'
[0.241s] Level 1:colcon.colcon_core.package_identification:_identify(/home/ats/rv2/src/rm_buff/docs) by extensions ['cmake', 'python']
[0.241s] Level 1:colcon.colcon_core.package_identification:_identify(/home/ats/rv2/src/rm_buff/docs) by extension 'cmake'
[0.241s] Level 1:colcon.colcon_core.package_identification:_identify(/home/ats/rv2/src/rm_buff/docs) by extension 'python'
[0.241s] Level 1:colcon.colcon_core.package_identification:_identify(/home/ats/rv2/src/rm_buff/docs) by extensions ['python_setup_py']
[0.241s] Level 1:colcon.colcon_core.package_identification:_identify(/home/ats/rv2/src/rm_buff/docs) by extension 'python_setup_py'
[0.242s] Level 1:colcon.colcon_core.package_identification:_identify(/home/ats/rv2/src/rm_buff/docs/picture) by extensions ['ignore', 'ignore_ament_install']
[0.242s] Level 1:colcon.colcon_core.package_identification:_identify(/home/ats/rv2/src/rm_buff/docs/picture) by extension 'ignore'
[0.242s] Level 1:colcon.colcon_core.package_identification:_identify(/home/ats/rv2/src/rm_buff/docs/picture) by extension 'ignore_ament_install'
[0.242s] Level 1:colcon.colcon_core.package_identification:_identify(/home/ats/rv2/src/rm_buff/docs/picture) by extensions ['colcon_pkg']
[0.242s] Level 1:colcon.colcon_core.package_identification:_identify(/home/ats/rv2/src/rm_buff/docs/picture) by extension 'colcon_pkg'
[0.242s] Level 1:colcon.colcon_core.package_identification:_identify(/home/ats/rv2/src/rm_buff/docs/picture) by extensions ['colcon_meta']
[0.242s] Level 1:colcon.colcon_core.package_identification:_identify(/home/ats/rv2/src/rm_buff/docs/picture) by extension 'colcon_meta'
[0.242s] Level 1:colcon.colcon_core.package_identification:_identify(/home/ats/rv2/src/rm_buff/docs/picture) by extensions ['ros']
[0.242s] Level 1:colcon.colcon_core.package_identification:_identify(/home/ats/rv2/src/rm_buff/docs/picture) by extension 'ros'
[0.242s] Level 1:colcon.colcon_core.package_identification:_identify(/home/ats/rv2/src/rm_buff/docs/picture) by extensions ['cmake', 'python']
[0.242s] Level 1:colcon.colcon_core.package_identification:_identify(/home/ats/rv2/src/rm_buff/docs/picture) by extension 'cmake'
[0.242s] Level 1:colcon.colcon_core.package_identification:_identify(/home/ats/rv2/src/rm_buff/docs/picture) by extension 'python'
[0.242s] Level 1:colcon.colcon_core.package_identification:_identify(/home/ats/rv2/src/rm_buff/docs/picture) by extensions ['python_setup_py']
[0.242s] Level 1:colcon.colcon_core.package_identification:_identify(/home/ats/rv2/src/rm_buff/docs/picture) by extension 'python_setup_py'
[0.242s] Level 1:colcon.colcon_core.package_identification:_identify(/home/ats/rv2/src/rm_buff/example) by extensions ['ignore', 'ignore_ament_install']
[0.242s] Level 1:colcon.colcon_core.package_identification:_identify(/home/ats/rv2/src/rm_buff/example) by extension 'ignore'
[0.242s] Level 1:colcon.colcon_core.package_identification:_identify(/home/ats/rv2/src/rm_buff/example) by extension 'ignore_ament_install'
[0.242s] Level 1:colcon.colcon_core.package_identification:_identify(/home/ats/rv2/src/rm_buff/example) by extensions ['colcon_pkg']
[0.242s] Level 1:colcon.colcon_core.package_identification:_identify(/home/ats/rv2/src/rm_buff/example) by extension 'colcon_pkg'
[0.243s] Level 1:colcon.colcon_core.package_identification:_identify(/home/ats/rv2/src/rm_buff/example) by extensions ['colcon_meta']
[0.243s] Level 1:colcon.colcon_core.package_identification:_identify(/home/ats/rv2/src/rm_buff/example) by extension 'colcon_meta'
[0.243s] Level 1:colcon.colcon_core.package_identification:_identify(/home/ats/rv2/src/rm_buff/example) by extensions ['ros']
[0.243s] Level 1:colcon.colcon_core.package_identification:_identify(/home/ats/rv2/src/rm_buff/example) by extension 'ros'
[0.243s] Level 1:colcon.colcon_core.package_identification:_identify(/home/ats/rv2/src/rm_buff/example) by extensions ['cmake', 'python']
[0.243s] Level 1:colcon.colcon_core.package_identification:_identify(/home/ats/rv2/src/rm_buff/example) by extension 'cmake'
[0.243s] Level 1:colcon.colcon_core.package_identification:_identify(/home/ats/rv2/src/rm_buff/example) by extension 'python'
[0.243s] Level 1:colcon.colcon_core.package_identification:_identify(/home/ats/rv2/src/rm_buff/example) by extensions ['python_setup_py']
[0.243s] Level 1:colcon.colcon_core.package_identification:_identify(/home/ats/rv2/src/rm_buff/example) by extension 'python_setup_py'
[0.243s] Level 1:colcon.colcon_core.package_identification:_identify(/home/ats/rv2/src/rm_buff/rm_buff) by extensions ['ignore', 'ignore_ament_install']
[0.243s] Level 1:colcon.colcon_core.package_identification:_identify(/home/ats/rv2/src/rm_buff/rm_buff) by extension 'ignore'
[0.243s] Level 1:colcon.colcon_core.package_identification:_identify(/home/ats/rv2/src/rm_buff/rm_buff) by extension 'ignore_ament_install'
[0.243s] Level 1:colcon.colcon_core.package_identification:_identify(/home/ats/rv2/src/rm_buff/rm_buff) by extensions ['colcon_pkg']
[0.243s] Level 1:colcon.colcon_core.package_identification:_identify(/home/ats/rv2/src/rm_buff/rm_buff) by extension 'colcon_pkg'
[0.243s] Level 1:colcon.colcon_core.package_identification:_identify(/home/ats/rv2/src/rm_buff/rm_buff) by extensions ['colcon_meta']
[0.243s] Level 1:colcon.colcon_core.package_identification:_identify(/home/ats/rv2/src/rm_buff/rm_buff) by extension 'colcon_meta'
[0.243s] Level 1:colcon.colcon_core.package_identification:_identify(/home/ats/rv2/src/rm_buff/rm_buff) by extensions ['ros']
[0.243s] Level 1:colcon.colcon_core.package_identification:_identify(/home/ats/rv2/src/rm_buff/rm_buff) by extension 'ros'
[0.244s] DEBUG:colcon.colcon_core.package_identification:Package '/home/ats/rv2/src/rm_buff/rm_buff' with type 'ros.ament_cmake' and name 'rm_buff'
[0.244s] Level 1:colcon.colcon_core.package_identification:_identify(/home/ats/rv2/src/rm_buff/rm_buff_bringup) by extensions ['ignore', 'ignore_ament_install']
[0.244s] Level 1:colcon.colcon_core.package_identification:_identify(/home/ats/rv2/src/rm_buff/rm_buff_bringup) by extension 'ignore'
[0.244s] Level 1:colcon.colcon_core.package_identification:_identify(/home/ats/rv2/src/rm_buff/rm_buff_bringup) by extension 'ignore_ament_install'
[0.244s] Level 1:colcon.colcon_core.package_identification:_identify(/home/ats/rv2/src/rm_buff/rm_buff_bringup) by extensions ['colcon_pkg']
[0.244s] Level 1:colcon.colcon_core.package_identification:_identify(/home/ats/rv2/src/rm_buff/rm_buff_bringup) by extension 'colcon_pkg'
[0.244s] Level 1:colcon.colcon_core.package_identification:_identify(/home/ats/rv2/src/rm_buff/rm_buff_bringup) by extensions ['colcon_meta']
[0.244s] Level 1:colcon.colcon_core.package_identification:_identify(/home/ats/rv2/src/rm_buff/rm_buff_bringup) by extension 'colcon_meta'
[0.244s] Level 1:colcon.colcon_core.package_identification:_identify(/home/ats/rv2/src/rm_buff/rm_buff_bringup) by extensions ['ros']
[0.244s] Level 1:colcon.colcon_core.package_identification:_identify(/home/ats/rv2/src/rm_buff/rm_buff_bringup) by extension 'ros'
[0.245s] DEBUG:colcon.colcon_core.package_identification:Package '/home/ats/rv2/src/rm_buff/rm_buff_bringup' with type 'ros.ament_cmake' and name 'rm_buff_bringup'
[0.245s] Level 1:colcon.colcon_core.package_identification:_identify(/home/ats/rv2/src/rm_gimbal_description) by extensions ['ignore', 'ignore_ament_install']
[0.245s] Level 1:colcon.colcon_core.package_identification:_identify(/home/ats/rv2/src/rm_gimbal_description) by extension 'ignore'
[0.245s] Level 1:colcon.colcon_core.package_identification:_identify(/home/ats/rv2/src/rm_gimbal_description) by extension 'ignore_ament_install'
[0.245s] Level 1:colcon.colcon_core.package_identification:_identify(/home/ats/rv2/src/rm_gimbal_description) by extensions ['colcon_pkg']
[0.245s] Level 1:colcon.colcon_core.package_identification:_identify(/home/ats/rv2/src/rm_gimbal_description) by extension 'colcon_pkg'
[0.245s] Level 1:colcon.colcon_core.package_identification:_identify(/home/ats/rv2/src/rm_gimbal_description) by extensions ['colcon_meta']
[0.245s] Level 1:colcon.colcon_core.package_identification:_identify(/home/ats/rv2/src/rm_gimbal_description) by extension 'colcon_meta'
[0.245s] Level 1:colcon.colcon_core.package_identification:_identify(/home/ats/rv2/src/rm_gimbal_description) by extensions ['ros']
[0.245s] Level 1:colcon.colcon_core.package_identification:_identify(/home/ats/rv2/src/rm_gimbal_description) by extension 'ros'
[0.246s] DEBUG:colcon.colcon_core.package_identification:Package '/home/ats/rv2/src/rm_gimbal_description' with type 'ros.ament_cmake' and name 'rm_gimbal_description'
[0.246s] Level 1:colcon.colcon_core.package_identification:_identify(/home/ats/rv2/src/rm_serial_driver) by extensions ['ignore', 'ignore_ament_install']
[0.246s] Level 1:colcon.colcon_core.package_identification:_identify(/home/ats/rv2/src/rm_serial_driver) by extension 'ignore'
[0.246s] Level 1:colcon.colcon_core.package_identification:_identify(/home/ats/rv2/src/rm_serial_driver) by extension 'ignore_ament_install'
[0.246s] Level 1:colcon.colcon_core.package_identification:_identify(/home/ats/rv2/src/rm_serial_driver) by extensions ['colcon_pkg']
[0.246s] Level 1:colcon.colcon_core.package_identification:_identify(/home/ats/rv2/src/rm_serial_driver) by extension 'colcon_pkg'
[0.246s] Level 1:colcon.colcon_core.package_identification:_identify(/home/ats/rv2/src/rm_serial_driver) by extensions ['colcon_meta']
[0.246s] Level 1:colcon.colcon_core.package_identification:_identify(/home/ats/rv2/src/rm_serial_driver) by extension 'colcon_meta'
[0.246s] Level 1:colcon.colcon_core.package_identification:_identify(/home/ats/rv2/src/rm_serial_driver) by extensions ['ros']
[0.246s] Level 1:colcon.colcon_core.package_identification:_identify(/home/ats/rv2/src/rm_serial_driver) by extension 'ros'
[0.248s] DEBUG:colcon.colcon_core.package_identification:Package '/home/ats/rv2/src/rm_serial_driver' with type 'ros.ament_cmake' and name 'rm_serial_driver'
[0.248s] Level 1:colcon.colcon_core.package_identification:_identify(/home/ats/rv2/src/rm_vision) by extensions ['ignore', 'ignore_ament_install']
[0.248s] Level 1:colcon.colcon_core.package_identification:_identify(/home/ats/rv2/src/rm_vision) by extension 'ignore'
[0.248s] Level 1:colcon.colcon_core.package_identification:_identify(/home/ats/rv2/src/rm_vision) by extension 'ignore_ament_install'
[0.248s] Level 1:colcon.colcon_core.package_identification:_identify(/home/ats/rv2/src/rm_vision) by extensions ['colcon_pkg']
[0.248s] Level 1:colcon.colcon_core.package_identification:_identify(/home/ats/rv2/src/rm_vision) by extension 'colcon_pkg'
[0.248s] Level 1:colcon.colcon_core.package_identification:_identify(/home/ats/rv2/src/rm_vision) by extensions ['colcon_meta']
[0.248s] Level 1:colcon.colcon_core.package_identification:_identify(/home/ats/rv2/src/rm_vision) by extension 'colcon_meta'
[0.248s] Level 1:colcon.colcon_core.package_identification:_identify(/home/ats/rv2/src/rm_vision) by extensions ['ros']
[0.248s] Level 1:colcon.colcon_core.package_identification:_identify(/home/ats/rv2/src/rm_vision) by extension 'ros'
[0.248s] Level 1:colcon.colcon_core.package_identification:_identify(/home/ats/rv2/src/rm_vision) by extensions ['cmake', 'python']
[0.248s] Level 1:colcon.colcon_core.package_identification:_identify(/home/ats/rv2/src/rm_vision) by extension 'cmake'
[0.248s] Level 1:colcon.colcon_core.package_identification:_identify(/home/ats/rv2/src/rm_vision) by extension 'python'
[0.248s] Level 1:colcon.colcon_core.package_identification:_identify(/home/ats/rv2/src/rm_vision) by extensions ['python_setup_py']
[0.248s] Level 1:colcon.colcon_core.package_identification:_identify(/home/ats/rv2/src/rm_vision) by extension 'python_setup_py'
[0.248s] Level 1:colcon.colcon_core.package_identification:_identify(/home/ats/rv2/src/rm_vision/docs) by extensions ['ignore', 'ignore_ament_install']
[0.248s] Level 1:colcon.colcon_core.package_identification:_identify(/home/ats/rv2/src/rm_vision/docs) by extension 'ignore'
[0.248s] Level 1:colcon.colcon_core.package_identification:_identify(/home/ats/rv2/src/rm_vision/docs) by extension 'ignore_ament_install'
[0.248s] Level 1:colcon.colcon_core.package_identification:_identify(/home/ats/rv2/src/rm_vision/docs) by extensions ['colcon_pkg']
[0.248s] Level 1:colcon.colcon_core.package_identification:_identify(/home/ats/rv2/src/rm_vision/docs) by extension 'colcon_pkg'
[0.248s] Level 1:colcon.colcon_core.package_identification:_identify(/home/ats/rv2/src/rm_vision/docs) by extensions ['colcon_meta']
[0.248s] Level 1:colcon.colcon_core.package_identification:_identify(/home/ats/rv2/src/rm_vision/docs) by extension 'colcon_meta'
[0.249s] Level 1:colcon.colcon_core.package_identification:_identify(/home/ats/rv2/src/rm_vision/docs) by extensions ['ros']
[0.249s] Level 1:colcon.colcon_core.package_identification:_identify(/home/ats/rv2/src/rm_vision/docs) by extension 'ros'
[0.249s] Level 1:colcon.colcon_core.package_identification:_identify(/home/ats/rv2/src/rm_vision/docs) by extensions ['cmake', 'python']
[0.249s] Level 1:colcon.colcon_core.package_identification:_identify(/home/ats/rv2/src/rm_vision/docs) by extension 'cmake'
[0.249s] Level 1:colcon.colcon_core.package_identification:_identify(/home/ats/rv2/src/rm_vision/docs) by extension 'python'
[0.249s] Level 1:colcon.colcon_core.package_identification:_identify(/home/ats/rv2/src/rm_vision/docs) by extensions ['python_setup_py']
[0.249s] Level 1:colcon.colcon_core.package_identification:_identify(/home/ats/rv2/src/rm_vision/docs) by extension 'python_setup_py'
[0.249s] Level 1:colcon.colcon_core.package_identification:_identify(/home/ats/rv2/src/rm_vision/rm_vision_bringup) by extensions ['ignore', 'ignore_ament_install']
[0.249s] Level 1:colcon.colcon_core.package_identification:_identify(/home/ats/rv2/src/rm_vision/rm_vision_bringup) by extension 'ignore'
[0.249s] Level 1:colcon.colcon_core.package_identification:_identify(/home/ats/rv2/src/rm_vision/rm_vision_bringup) by extension 'ignore_ament_install'
[0.249s] Level 1:colcon.colcon_core.package_identification:_identify(/home/ats/rv2/src/rm_vision/rm_vision_bringup) by extensions ['colcon_pkg']
[0.249s] Level 1:colcon.colcon_core.package_identification:_identify(/home/ats/rv2/src/rm_vision/rm_vision_bringup) by extension 'colcon_pkg'
[0.249s] Level 1:colcon.colcon_core.package_identification:_identify(/home/ats/rv2/src/rm_vision/rm_vision_bringup) by extensions ['colcon_meta']
[0.249s] Level 1:colcon.colcon_core.package_identification:_identify(/home/ats/rv2/src/rm_vision/rm_vision_bringup) by extension 'colcon_meta'
[0.249s] Level 1:colcon.colcon_core.package_identification:_identify(/home/ats/rv2/src/rm_vision/rm_vision_bringup) by extensions ['ros']
[0.249s] Level 1:colcon.colcon_core.package_identification:_identify(/home/ats/rv2/src/rm_vision/rm_vision_bringup) by extension 'ros'
[0.250s] DEBUG:colcon.colcon_core.package_identification:Package '/home/ats/rv2/src/rm_vision/rm_vision_bringup' with type 'ros.ament_cmake' and name 'rm_vision_bringup'
[0.250s] Level 1:colcon.colcon_core.package_identification:_identify(/home/ats/rv2/src/ros2_hik_camera) by extensions ['ignore', 'ignore_ament_install']
[0.250s] Level 1:colcon.colcon_core.package_identification:_identify(/home/ats/rv2/src/ros2_hik_camera) by extension 'ignore'
[0.250s] Level 1:colcon.colcon_core.package_identification:_identify(/home/ats/rv2/src/ros2_hik_camera) by extension 'ignore_ament_install'
[0.250s] Level 1:colcon.colcon_core.package_identification:_identify(/home/ats/rv2/src/ros2_hik_camera) by extensions ['colcon_pkg']
[0.250s] Level 1:colcon.colcon_core.package_identification:_identify(/home/ats/rv2/src/ros2_hik_camera) by extension 'colcon_pkg'
[0.250s] Level 1:colcon.colcon_core.package_identification:_identify(/home/ats/rv2/src/ros2_hik_camera) by extensions ['colcon_meta']
[0.250s] Level 1:colcon.colcon_core.package_identification:_identify(/home/ats/rv2/src/ros2_hik_camera) by extension 'colcon_meta'
[0.250s] Level 1:colcon.colcon_core.package_identification:_identify(/home/ats/rv2/src/ros2_hik_camera) by extensions ['ros']
[0.250s] Level 1:colcon.colcon_core.package_identification:_identify(/home/ats/rv2/src/ros2_hik_camera) by extension 'ros'
[0.251s] DEBUG:colcon.colcon_core.package_identification:Package '/home/ats/rv2/src/ros2_hik_camera' with type 'ros.ament_cmake' and name 'hik_camera'
[0.251s] Level 1:colcon.colcon_core.package_discovery:discover_packages(recursive) using defaults
