[0.014s] Invoking command in '/home/ats/rv2/build/hik_camera': CMAKE_PREFIX_PATH=/opt/ros/humble /usr/bin/cmake --build /home/ats/rv2/build/hik_camera -- -j32 -l32
[0.060s] [ 50%] Built target hik_camera_node
[0.071s] [100%] Built target hik_camera
[0.087s] Invoked command in '/home/ats/rv2/build/hik_camera' returned '0': CMAKE_PREFIX_PATH=/opt/ros/humble /usr/bin/cmake --build /home/ats/rv2/build/hik_camera -- -j32 -l32
[0.120s] Invoking command in '/home/ats/rv2/build/hik_camera': CMAKE_PREFIX_PATH=/opt/ros/humble /usr/bin/cmake --install /home/ats/rv2/build/hik_camera
[0.126s] -- Install configuration: ""
[0.126s] -- Execute custom install script
[0.128s] -- Up-to-date symlink: /home/ats/rv2/install/hik_camera/lib/libFormatConversion.so
[0.128s] -- Up-to-date symlink: /home/ats/rv2/install/hik_camera/lib/libMVRender.so
[0.129s] -- Up-to-date symlink: /home/ats/rv2/install/hik_camera/lib/libMediaProcess.so
[0.129s] -- Up-to-date symlink: /home/ats/rv2/install/hik_camera/lib/libMvCameraControl.so
[0.129s] -- Up-to-date symlink: /home/ats/rv2/install/hik_camera/lib/libMvUsb3vTL.so
[0.130s] -- Up-to-date symlink: /home/ats/rv2/install/hik_camera/lib/hik_camera/hik_camera_node
[0.131s] -- Up-to-date symlink: /home/ats/rv2/install/hik_camera/share/hik_camera/environment/library_path.sh
[0.131s] -- Up-to-date symlink: /home/ats/rv2/install/hik_camera/share/hik_camera/environment/library_path.dsv
[0.131s] -- Up-to-date symlink: /home/ats/rv2/install/hik_camera/lib/libhik_camera.so
[0.132s] -- Up-to-date symlink: /home/ats/rv2/install/hik_camera/share/hik_camera/config/camera_info.yaml
[0.133s] -- Up-to-date symlink: /home/ats/rv2/install/hik_camera/share/hik_camera/config/camera_params.yaml
[0.133s] -- Up-to-date symlink: /home/ats/rv2/install/hik_camera/share/hik_camera/launch/hik_camera.launch.py
[0.133s] -- Up-to-date symlink: /home/ats/rv2/install/hik_camera/share/ament_index/resource_index/package_run_dependencies/hik_camera
[0.133s] -- Up-to-date symlink: /home/ats/rv2/install/hik_camera/share/ament_index/resource_index/parent_prefix_path/hik_camera
[0.133s] -- Up-to-date symlink: /home/ats/rv2/install/hik_camera/share/hik_camera/environment/ament_prefix_path.sh
[0.133s] -- Up-to-date symlink: /home/ats/rv2/install/hik_camera/share/hik_camera/environment/ament_prefix_path.dsv
[0.134s] -- Up-to-date symlink: /home/ats/rv2/install/hik_camera/share/hik_camera/environment/path.sh
[0.135s] -- Up-to-date symlink: /home/ats/rv2/install/hik_camera/share/hik_camera/environment/path.dsv
[0.135s] -- Up-to-date symlink: /home/ats/rv2/install/hik_camera/share/hik_camera/local_setup.bash
[0.135s] -- Up-to-date symlink: /home/ats/rv2/install/hik_camera/share/hik_camera/local_setup.sh
[0.136s] -- Up-to-date symlink: /home/ats/rv2/install/hik_camera/share/hik_camera/local_setup.zsh
[0.136s] -- Up-to-date symlink: /home/ats/rv2/install/hik_camera/share/hik_camera/local_setup.dsv
[0.136s] -- Symlinking: /home/ats/rv2/install/hik_camera/share/hik_camera/package.dsv
[0.144s] -- Up-to-date symlink: /home/ats/rv2/install/hik_camera/share/ament_index/resource_index/packages/hik_camera
[0.144s] -- Up-to-date symlink: /home/ats/rv2/install/hik_camera/share/ament_index/resource_index/rclcpp_components/hik_camera
[0.145s] -- Up-to-date symlink: /home/ats/rv2/install/hik_camera/share/hik_camera/cmake/ament_cmake_export_dependencies-extras.cmake
[0.145s] -- Up-to-date symlink: /home/ats/rv2/install/hik_camera/share/hik_camera/cmake/ament_cmake_export_libraries-extras.cmake
[0.145s] -- Up-to-date symlink: /home/ats/rv2/install/hik_camera/share/hik_camera/cmake/hik_cameraConfig.cmake
[0.145s] -- Up-to-date symlink: /home/ats/rv2/install/hik_camera/share/hik_camera/cmake/hik_cameraConfig-version.cmake
[0.145s] -- Up-to-date symlink: /home/ats/rv2/install/hik_camera/share/hik_camera/package.xml
[0.150s] Invoked command in '/home/ats/rv2/build/hik_camera' returned '0': CMAKE_PREFIX_PATH=/opt/ros/humble /usr/bin/cmake --install /home/ats/rv2/build/hik_camera
