[0.010s] Invoking command in '/home/ats/rv2/build/buff_interfaces': CMAKE_PREFIX_PATH=/opt/ros/humble /usr/bin/cmake /home/ats/rv2/src/rm_buff/buff_interfaces -DAMENT_CMAKE_SYMLINK_INSTALL=1 -DCMAKE_INSTALL_PREFIX=/home/ats/rv2/install/buff_interfaces
[0.064s] -- The C compiler identification is GNU 11.4.0
[0.100s] -- The CXX compiler identification is GNU 11.4.0
[0.107s] -- Detecting C compiler ABI info
[0.149s] -- Detecting C compiler ABI info - done
[0.155s] -- Check for working C compiler: /usr/bin/cc - skipped
[0.156s] -- Detecting C compile features
[0.156s] -- Detecting C compile features - done
[0.156s] -- Detecting CXX compiler ABI info
[0.206s] -- Detecting CXX compiler ABI info - done
[0.210s] -- Check for working CXX compiler: /usr/bin/c++ - skipped
[0.211s] -- Detecting CXX compile features
[0.212s] -- Detecting CXX compile features - done
[0.213s] -- Found ament_cmake: 1.3.10 (/opt/ros/humble/share/ament_cmake/cmake)
[0.307s] -- Found Python3: /usr/bin/python3 (found version "3.10.12") found components: Interpreter 
[0.347s] -- Override CMake install command with custom implementation using symlinks instead of copying resources
[0.369s] -- Found rosidl_default_generators: 1.2.0 (/opt/ros/humble/share/rosidl_default_generators/cmake)
[0.371s] -- Using all available rosidl_typesupport_c: rosidl_typesupport_fastrtps_c;rosidl_typesupport_introspection_c
[0.376s] -- Found rosidl_adapter: 3.1.5 (/opt/ros/humble/share/rosidl_adapter/cmake)
[0.401s] -- Using all available rosidl_typesupport_cpp: rosidl_typesupport_fastrtps_cpp;rosidl_typesupport_introspection_cpp
[0.421s] -- Found geometry_msgs: 4.2.4 (/opt/ros/humble/share/geometry_msgs/cmake)
[0.648s] -- Found ament_cmake_ros: 0.10.0 (/opt/ros/humble/share/ament_cmake_ros/cmake)
[0.806s] -- Using all available rosidl_typesupport_c: rosidl_typesupport_fastrtps_c;rosidl_typesupport_introspection_c
[1.017s] -- Using all available rosidl_typesupport_cpp: rosidl_typesupport_fastrtps_cpp;rosidl_typesupport_introspection_cpp
[1.033s] -- Found PythonInterp: /usr/bin/python3 (found suitable version "3.10.12", minimum required is "3.6") 
[1.033s] -- Found python_cmake_module: 0.10.0 (/opt/ros/humble/share/python_cmake_module/cmake)
[1.051s] -- Found PythonLibs: /usr/lib/x86_64-linux-gnu/libpython3.10.so (found suitable version "3.10.12", minimum required is "3.5") 
[1.051s] -- Using PYTHON_EXECUTABLE: /usr/bin/python3
[1.051s] -- Using PYTHON_INCLUDE_DIRS: /usr/include/python3.10
[1.051s] -- Using PYTHON_LIBRARIES: /usr/lib/x86_64-linux-gnu/libpython3.10.so
[1.065s] -- Found PythonExtra: .so  
[1.109s] -- Configuring done
[1.143s] -- Generating done
[1.145s] -- Build files have been written to: /home/ats/rv2/build/buff_interfaces
[1.151s] Invoked command in '/home/ats/rv2/build/buff_interfaces' returned '0': CMAKE_PREFIX_PATH=/opt/ros/humble /usr/bin/cmake /home/ats/rv2/src/rm_buff/buff_interfaces -DAMENT_CMAKE_SYMLINK_INSTALL=1 -DCMAKE_INSTALL_PREFIX=/home/ats/rv2/install/buff_interfaces
[1.153s] Invoking command in '/home/ats/rv2/build/buff_interfaces': CMAKE_PREFIX_PATH=/opt/ros/humble /usr/bin/cmake --build /home/ats/rv2/build/buff_interfaces -- -j32 -l32
[1.179s] [  1%] [34m[1mGenerating C code for ROS interfaces[0m
[1.186s] [  2%] [34m[1mGenerating C++ code for ROS interfaces[0m
[1.191s] [  2%] Built target ament_cmake_python_symlink_buff_interfaces
[1.387s] running egg_info
[1.388s] creating buff_interfaces.egg-info
[1.388s] writing buff_interfaces.egg-info/PKG-INFO
[1.388s] writing dependency_links to buff_interfaces.egg-info/dependency_links.txt
[1.388s] writing top-level names to buff_interfaces.egg-info/top_level.txt
[1.388s] writing manifest file 'buff_interfaces.egg-info/SOURCES.txt'
[1.389s] reading manifest file 'buff_interfaces.egg-info/SOURCES.txt'
[1.390s] writing manifest file 'buff_interfaces.egg-info/SOURCES.txt'
[1.408s] [  2%] Built target ament_cmake_python_build_buff_interfaces_egg
[1.552s] [  2%] Built target buff_interfaces__cpp
[1.562s] [  3%] [34m[1mGenerating C++ type support dispatch for ROS interfaces[0m
[1.562s] [  5%] [34m[1mGenerating C++ type support for eProsima Fast-RTPS[0m
[1.566s] [  6%] [34m[1mGenerating C++ introspection for ROS interfaces[0m
[1.584s] [  7%] [32mBuilding C object CMakeFiles/buff_interfaces__rosidl_generator_c.dir/rosidl_generator_c/buff_interfaces/msg/detail/blade__functions.c.o[0m
[1.585s] [  8%] [32mBuilding C object CMakeFiles/buff_interfaces__rosidl_generator_c.dir/rosidl_generator_c/buff_interfaces/msg/detail/blade_array__functions.c.o[0m
[1.585s] [ 11%] [32mBuilding C object CMakeFiles/buff_interfaces__rosidl_generator_c.dir/rosidl_generator_c/buff_interfaces/msg/detail/debug_blade__functions.c.o[0m
[1.585s] [ 11%] [32mBuilding C object CMakeFiles/buff_interfaces__rosidl_generator_c.dir/rosidl_generator_c/buff_interfaces/msg/detail/debug_blade_array__functions.c.o[0m
[1.585s] [ 12%] [32mBuilding C object CMakeFiles/buff_interfaces__rosidl_generator_c.dir/rosidl_generator_c/buff_interfaces/msg/detail/rune__functions.c.o[0m
[1.586s] [ 15%] [32mBuilding C object CMakeFiles/buff_interfaces__rosidl_generator_c.dir/rosidl_generator_c/buff_interfaces/msg/detail/rune_info__functions.c.o[0m
[1.586s] [ 15%] [32mBuilding C object CMakeFiles/buff_interfaces__rosidl_generator_c.dir/rosidl_generator_c/buff_interfaces/msg/detail/time_info__functions.c.o[0m
[1.649s] [ 16%] [32m[1mLinking C shared library libbuff_interfaces__rosidl_generator_c.so[0m
[1.689s] [ 16%] Built target buff_interfaces__rosidl_generator_c
[1.702s] [ 17%] [34m[1mGenerating C type support for eProsima Fast-RTPS[0m
[1.706s] [ 18%] [34m[1mGenerating C introspection for ROS interfaces[0m
[1.715s] [ 20%] [34m[1mGenerating C type support dispatch for ROS interfaces[0m
[1.873s] [ 21%] [32mBuilding CXX object CMakeFiles/buff_interfaces__rosidl_typesupport_cpp.dir/rosidl_typesupport_cpp/buff_interfaces/msg/blade__type_support.cpp.o[0m
[1.877s] [ 25%] [32mBuilding CXX object CMakeFiles/buff_interfaces__rosidl_typesupport_cpp.dir/rosidl_typesupport_cpp/buff_interfaces/msg/blade_array__type_support.cpp.o[0m
[1.877s] [ 25%] [32mBuilding CXX object CMakeFiles/buff_interfaces__rosidl_typesupport_cpp.dir/rosidl_typesupport_cpp/buff_interfaces/msg/debug_blade_array__type_support.cpp.o[0m
[1.877s] [ 25%] [32mBuilding CXX object CMakeFiles/buff_interfaces__rosidl_typesupport_cpp.dir/rosidl_typesupport_cpp/buff_interfaces/msg/debug_blade__type_support.cpp.o[0m
[1.878s] [ 26%] [32mBuilding CXX object CMakeFiles/buff_interfaces__rosidl_typesupport_cpp.dir/rosidl_typesupport_cpp/buff_interfaces/msg/rune__type_support.cpp.o[0m
[1.878s] [ 27%] [32mBuilding CXX object CMakeFiles/buff_interfaces__rosidl_typesupport_cpp.dir/rosidl_typesupport_cpp/buff_interfaces/msg/rune_info__type_support.cpp.o[0m
[1.879s] [ 29%] [32mBuilding CXX object CMakeFiles/buff_interfaces__rosidl_typesupport_cpp.dir/rosidl_typesupport_cpp/buff_interfaces/msg/time_info__type_support.cpp.o[0m
[2.001s] [ 30%] [32mBuilding CXX object CMakeFiles/buff_interfaces__rosidl_typesupport_fastrtps_cpp.dir/rosidl_typesupport_fastrtps_cpp/buff_interfaces/msg/detail/dds_fastrtps/blade__type_support.cpp.o[0m
[2.001s] [ 31%] [32mBuilding CXX object CMakeFiles/buff_interfaces__rosidl_typesupport_fastrtps_cpp.dir/rosidl_typesupport_fastrtps_cpp/buff_interfaces/msg/detail/dds_fastrtps/blade_array__type_support.cpp.o[0m
[2.001s] [ 34%] [32mBuilding CXX object CMakeFiles/buff_interfaces__rosidl_typesupport_fastrtps_cpp.dir/rosidl_typesupport_fastrtps_cpp/buff_interfaces/msg/detail/dds_fastrtps/debug_blade__type_support.cpp.o[0m
[2.002s] [ 34%] [32mBuilding CXX object CMakeFiles/buff_interfaces__rosidl_typesupport_fastrtps_cpp.dir/rosidl_typesupport_fastrtps_cpp/buff_interfaces/msg/detail/dds_fastrtps/debug_blade_array__type_support.cpp.o[0m
[2.002s] [ 35%] [32mBuilding CXX object CMakeFiles/buff_interfaces__rosidl_typesupport_fastrtps_cpp.dir/rosidl_typesupport_fastrtps_cpp/buff_interfaces/msg/detail/dds_fastrtps/rune__type_support.cpp.o[0m
[2.002s] [ 36%] [32mBuilding CXX object CMakeFiles/buff_interfaces__rosidl_typesupport_fastrtps_cpp.dir/rosidl_typesupport_fastrtps_cpp/buff_interfaces/msg/detail/dds_fastrtps/rune_info__type_support.cpp.o[0m
[2.002s] [ 37%] [32mBuilding CXX object CMakeFiles/buff_interfaces__rosidl_typesupport_fastrtps_cpp.dir/rosidl_typesupport_fastrtps_cpp/buff_interfaces/msg/detail/dds_fastrtps/time_info__type_support.cpp.o[0m
[2.013s] [ 39%] [32mBuilding CXX object CMakeFiles/buff_interfaces__rosidl_typesupport_introspection_cpp.dir/rosidl_typesupport_introspection_cpp/buff_interfaces/msg/detail/blade__type_support.cpp.o[0m
[2.013s] [ 43%] [32mBuilding CXX object CMakeFiles/buff_interfaces__rosidl_typesupport_introspection_cpp.dir/rosidl_typesupport_introspection_cpp/buff_interfaces/msg/detail/debug_blade__type_support.cpp.o[0m
[2.013s] [ 43%] [32mBuilding CXX object CMakeFiles/buff_interfaces__rosidl_typesupport_introspection_cpp.dir/rosidl_typesupport_introspection_cpp/buff_interfaces/msg/detail/blade_array__type_support.cpp.o[0m
[2.013s] [ 43%] [32mBuilding CXX object CMakeFiles/buff_interfaces__rosidl_typesupport_introspection_cpp.dir/rosidl_typesupport_introspection_cpp/buff_interfaces/msg/detail/debug_blade_array__type_support.cpp.o[0m
[2.014s] [ 44%] [32mBuilding CXX object CMakeFiles/buff_interfaces__rosidl_typesupport_introspection_cpp.dir/rosidl_typesupport_introspection_cpp/buff_interfaces/msg/detail/rune_info__type_support.cpp.o[0m
[2.044s] [ 45%] [32mBuilding CXX object CMakeFiles/buff_interfaces__rosidl_typesupport_introspection_cpp.dir/rosidl_typesupport_introspection_cpp/buff_interfaces/msg/detail/rune__type_support.cpp.o[0m
[2.044s] [ 46%] [32mBuilding CXX object CMakeFiles/buff_interfaces__rosidl_typesupport_introspection_cpp.dir/rosidl_typesupport_introspection_cpp/buff_interfaces/msg/detail/time_info__type_support.cpp.o[0m
[2.259s] [ 48%] [32mBuilding CXX object CMakeFiles/buff_interfaces__rosidl_typesupport_c.dir/rosidl_typesupport_c/buff_interfaces/msg/blade__type_support.cpp.o[0m
[2.266s] [ 49%] [32m[1mLinking CXX shared library libbuff_interfaces__rosidl_typesupport_cpp.so[0m
[2.274s] [ 51%] [32mBuilding CXX object CMakeFiles/buff_interfaces__rosidl_typesupport_c.dir/rosidl_typesupport_c/buff_interfaces/msg/blade_array__type_support.cpp.o[0m
[2.274s] [ 51%] [32mBuilding CXX object CMakeFiles/buff_interfaces__rosidl_typesupport_c.dir/rosidl_typesupport_c/buff_interfaces/msg/debug_blade__type_support.cpp.o[0m
[2.274s] [ 54%] [32mBuilding CXX object CMakeFiles/buff_interfaces__rosidl_typesupport_c.dir/rosidl_typesupport_c/buff_interfaces/msg/rune__type_support.cpp.o[0m
[2.274s] [ 54%] [32mBuilding CXX object CMakeFiles/buff_interfaces__rosidl_typesupport_c.dir/rosidl_typesupport_c/buff_interfaces/msg/debug_blade_array__type_support.cpp.o[0m
[2.288s] [ 55%] [32mBuilding CXX object CMakeFiles/buff_interfaces__rosidl_typesupport_c.dir/rosidl_typesupport_c/buff_interfaces/msg/rune_info__type_support.cpp.o[0m
[2.300s] [ 56%] [32mBuilding CXX object CMakeFiles/buff_interfaces__rosidl_typesupport_c.dir/rosidl_typesupport_c/buff_interfaces/msg/time_info__type_support.cpp.o[0m
[2.345s] [ 58%] [32m[1mLinking CXX shared library libbuff_interfaces__rosidl_typesupport_c.so[0m
[2.370s] [ 58%] Built target buff_interfaces__rosidl_typesupport_cpp
[2.400s] [ 59%] [32mBuilding C object CMakeFiles/buff_interfaces__rosidl_typesupport_introspection_c.dir/rosidl_typesupport_introspection_c/buff_interfaces/msg/detail/blade__type_support.c.o[0m
[2.400s] [ 60%] [32mBuilding C object CMakeFiles/buff_interfaces__rosidl_typesupport_introspection_c.dir/rosidl_typesupport_introspection_c/buff_interfaces/msg/detail/blade_array__type_support.c.o[0m
[2.405s] [ 60%] Built target buff_interfaces__rosidl_typesupport_c
[2.416s] [ 65%] [32mBuilding C object CMakeFiles/buff_interfaces__rosidl_typesupport_introspection_c.dir/rosidl_typesupport_introspection_c/buff_interfaces/msg/detail/debug_blade_array__type_support.c.o[0m
[2.416s] [ 65%] [32mBuilding C object CMakeFiles/buff_interfaces__rosidl_typesupport_introspection_c.dir/rosidl_typesupport_introspection_c/buff_interfaces/msg/detail/rune__type_support.c.o[0m
[2.417s] [ 65%] [32mBuilding C object CMakeFiles/buff_interfaces__rosidl_typesupport_introspection_c.dir/rosidl_typesupport_introspection_c/buff_interfaces/msg/detail/debug_blade__type_support.c.o[0m
[2.417s] [ 65%] [32mBuilding C object CMakeFiles/buff_interfaces__rosidl_typesupport_introspection_c.dir/rosidl_typesupport_introspection_c/buff_interfaces/msg/detail/rune_info__type_support.c.o[0m
[2.430s] [ 67%] [32mBuilding C object CMakeFiles/buff_interfaces__rosidl_typesupport_introspection_c.dir/rosidl_typesupport_introspection_c/buff_interfaces/msg/detail/time_info__type_support.c.o[0m
[2.505s] [ 68%] [32m[1mLinking C shared library libbuff_interfaces__rosidl_typesupport_introspection_c.so[0m
[2.534s] [ 69%] [32mBuilding CXX object CMakeFiles/buff_interfaces__rosidl_typesupport_fastrtps_c.dir/rosidl_typesupport_fastrtps_c/buff_interfaces/msg/detail/blade__type_support_c.cpp.o[0m
[2.547s] [ 70%] [32mBuilding CXX object CMakeFiles/buff_interfaces__rosidl_typesupport_fastrtps_c.dir/rosidl_typesupport_fastrtps_c/buff_interfaces/msg/detail/rune__type_support_c.cpp.o[0m
[2.552s] [ 72%] [32mBuilding CXX object CMakeFiles/buff_interfaces__rosidl_typesupport_fastrtps_c.dir/rosidl_typesupport_fastrtps_c/buff_interfaces/msg/detail/debug_blade__type_support_c.cpp.o[0m
[2.561s] [ 73%] [32mBuilding CXX object CMakeFiles/buff_interfaces__rosidl_typesupport_fastrtps_c.dir/rosidl_typesupport_fastrtps_c/buff_interfaces/msg/detail/blade_array__type_support_c.cpp.o[0m
[2.571s] [ 74%] [32mBuilding CXX object CMakeFiles/buff_interfaces__rosidl_typesupport_fastrtps_c.dir/rosidl_typesupport_fastrtps_c/buff_interfaces/msg/detail/rune_info__type_support_c.cpp.o[0m
[2.574s] [ 75%] [32mBuilding CXX object CMakeFiles/buff_interfaces__rosidl_typesupport_fastrtps_c.dir/rosidl_typesupport_fastrtps_c/buff_interfaces/msg/detail/debug_blade_array__type_support_c.cpp.o[0m
[2.583s] [ 75%] Built target buff_interfaces__rosidl_typesupport_introspection_c
[2.595s] [ 77%] [32mBuilding CXX object CMakeFiles/buff_interfaces__rosidl_typesupport_fastrtps_c.dir/rosidl_typesupport_fastrtps_c/buff_interfaces/msg/detail/time_info__type_support_c.cpp.o[0m
[2.732s] [ 78%] [32m[1mLinking CXX shared library libbuff_interfaces__rosidl_typesupport_fastrtps_cpp.so[0m
[2.797s] [ 79%] [32m[1mLinking CXX shared library libbuff_interfaces__rosidl_typesupport_introspection_cpp.so[0m
[2.914s] [ 79%] Built target buff_interfaces__rosidl_typesupport_fastrtps_cpp
[3.115s] [ 79%] Built target buff_interfaces__rosidl_typesupport_introspection_cpp
[3.188s] [ 81%] [32m[1mLinking CXX shared library libbuff_interfaces__rosidl_typesupport_fastrtps_c.so[0m
[3.300s] [ 81%] Built target buff_interfaces__rosidl_typesupport_fastrtps_c
[3.327s] [ 81%] Built target buff_interfaces
[3.351s] [ 82%] [34m[1mGenerating Python code for ROS interfaces[0m
[3.968s] [ 82%] Built target buff_interfaces__py
[3.982s] [ 83%] [32mBuilding C object CMakeFiles/buff_interfaces__rosidl_generator_py.dir/rosidl_generator_py/buff_interfaces/msg/_blade_s.c.o[0m
[3.982s] [ 84%] [32mBuilding C object CMakeFiles/buff_interfaces__rosidl_generator_py.dir/rosidl_generator_py/buff_interfaces/msg/_blade_array_s.c.o[0m
[3.983s] [ 87%] [32mBuilding C object CMakeFiles/buff_interfaces__rosidl_generator_py.dir/rosidl_generator_py/buff_interfaces/msg/_debug_blade_s.c.o[0m
[3.983s] [ 87%] [32mBuilding C object CMakeFiles/buff_interfaces__rosidl_generator_py.dir/rosidl_generator_py/buff_interfaces/msg/_debug_blade_array_s.c.o[0m
[3.987s] [ 88%] [32mBuilding C object CMakeFiles/buff_interfaces__rosidl_generator_py.dir/rosidl_generator_py/buff_interfaces/msg/_rune_s.c.o[0m
[3.987s] [ 89%] [32mBuilding C object CMakeFiles/buff_interfaces__rosidl_generator_py.dir/rosidl_generator_py/buff_interfaces/msg/_rune_info_s.c.o[0m
[3.988s] [ 91%] [32mBuilding C object CMakeFiles/buff_interfaces__rosidl_generator_py.dir/rosidl_generator_py/buff_interfaces/msg/_time_info_s.c.o[0m
[4.088s] [ 92%] [32m[1mLinking C shared library rosidl_generator_py/buff_interfaces/libbuff_interfaces__rosidl_generator_py.so[0m
[4.116s] [ 92%] Built target buff_interfaces__rosidl_generator_py
[4.129s] [ 93%] [32mBuilding C object CMakeFiles/buff_interfaces__rosidl_typesupport_introspection_c__pyext.dir/rosidl_generator_py/buff_interfaces/_buff_interfaces_s.ep.rosidl_typesupport_introspection_c.c.o[0m
[4.130s] [ 96%] [32mBuilding C object CMakeFiles/buff_interfaces__rosidl_typesupport_fastrtps_c__pyext.dir/rosidl_generator_py/buff_interfaces/_buff_interfaces_s.ep.rosidl_typesupport_fastrtps_c.c.o[0m
[4.130s] [ 96%] [32mBuilding C object CMakeFiles/buff_interfaces__rosidl_typesupport_c__pyext.dir/rosidl_generator_py/buff_interfaces/_buff_interfaces_s.ep.rosidl_typesupport_c.c.o[0m
[4.203s] [ 98%] [32m[1mLinking C shared library rosidl_generator_py/buff_interfaces/buff_interfaces_s__rosidl_typesupport_c.cpython-310-x86_64-linux-gnu.so[0m
[4.203s] [ 98%] [32m[1mLinking C shared library rosidl_generator_py/buff_interfaces/buff_interfaces_s__rosidl_typesupport_introspection_c.cpython-310-x86_64-linux-gnu.so[0m
[4.203s] [100%] [32m[1mLinking C shared library rosidl_generator_py/buff_interfaces/buff_interfaces_s__rosidl_typesupport_fastrtps_c.cpython-310-x86_64-linux-gnu.so[0m
[4.228s] [100%] Built target buff_interfaces__rosidl_typesupport_introspection_c__pyext
[4.228s] [100%] Built target buff_interfaces__rosidl_typesupport_fastrtps_c__pyext
[4.229s] [100%] Built target buff_interfaces__rosidl_typesupport_c__pyext
[4.236s] Invoked command in '/home/ats/rv2/build/buff_interfaces' returned '0': CMAKE_PREFIX_PATH=/opt/ros/humble /usr/bin/cmake --build /home/ats/rv2/build/buff_interfaces -- -j32 -l32
[4.370s] Invoking command in '/home/ats/rv2/build/buff_interfaces': CMAKE_PREFIX_PATH=/opt/ros/humble /usr/bin/cmake --install /home/ats/rv2/build/buff_interfaces
[4.377s] -- Install configuration: ""
[4.378s] -- Execute custom install script
[4.378s] -- Symlinking: /home/ats/rv2/install/buff_interfaces/share/ament_index/resource_index/rosidl_interfaces/buff_interfaces
[4.384s] -- Symlinking: /home/ats/rv2/install/buff_interfaces/include/buff_interfaces/buff_interfaces/msg/blade.h
[4.389s] -- Symlinking: /home/ats/rv2/install/buff_interfaces/include/buff_interfaces/buff_interfaces/msg/blade_array.h
[4.395s] -- Symlinking: /home/ats/rv2/install/buff_interfaces/include/buff_interfaces/buff_interfaces/msg/debug_blade.h
[4.400s] -- Symlinking: /home/ats/rv2/install/buff_interfaces/include/buff_interfaces/buff_interfaces/msg/debug_blade_array.h
[4.405s] -- Symlinking: /home/ats/rv2/install/buff_interfaces/include/buff_interfaces/buff_interfaces/msg/detail/blade__functions.h
[4.411s] -- Symlinking: /home/ats/rv2/install/buff_interfaces/include/buff_interfaces/buff_interfaces/msg/detail/blade__struct.h
[4.416s] -- Symlinking: /home/ats/rv2/install/buff_interfaces/include/buff_interfaces/buff_interfaces/msg/detail/blade__type_support.h
[4.421s] -- Symlinking: /home/ats/rv2/install/buff_interfaces/include/buff_interfaces/buff_interfaces/msg/detail/blade_array__functions.h
[4.426s] -- Symlinking: /home/ats/rv2/install/buff_interfaces/include/buff_interfaces/buff_interfaces/msg/detail/blade_array__struct.h
[4.431s] -- Symlinking: /home/ats/rv2/install/buff_interfaces/include/buff_interfaces/buff_interfaces/msg/detail/blade_array__type_support.h
[4.436s] -- Symlinking: /home/ats/rv2/install/buff_interfaces/include/buff_interfaces/buff_interfaces/msg/detail/debug_blade__functions.h
[4.441s] -- Symlinking: /home/ats/rv2/install/buff_interfaces/include/buff_interfaces/buff_interfaces/msg/detail/debug_blade__struct.h
[4.446s] -- Symlinking: /home/ats/rv2/install/buff_interfaces/include/buff_interfaces/buff_interfaces/msg/detail/debug_blade__type_support.h
[4.451s] -- Symlinking: /home/ats/rv2/install/buff_interfaces/include/buff_interfaces/buff_interfaces/msg/detail/debug_blade_array__functions.h
[4.456s] -- Symlinking: /home/ats/rv2/install/buff_interfaces/include/buff_interfaces/buff_interfaces/msg/detail/debug_blade_array__struct.h
[4.461s] -- Symlinking: /home/ats/rv2/install/buff_interfaces/include/buff_interfaces/buff_interfaces/msg/detail/debug_blade_array__type_support.h
[4.466s] -- Symlinking: /home/ats/rv2/install/buff_interfaces/include/buff_interfaces/buff_interfaces/msg/detail/rune__functions.h
[4.471s] -- Symlinking: /home/ats/rv2/install/buff_interfaces/include/buff_interfaces/buff_interfaces/msg/detail/rune__struct.h
[4.476s] -- Symlinking: /home/ats/rv2/install/buff_interfaces/include/buff_interfaces/buff_interfaces/msg/detail/rune__type_support.h
[4.481s] -- Symlinking: /home/ats/rv2/install/buff_interfaces/include/buff_interfaces/buff_interfaces/msg/detail/rune_info__functions.h
[4.486s] -- Symlinking: /home/ats/rv2/install/buff_interfaces/include/buff_interfaces/buff_interfaces/msg/detail/rune_info__struct.h
[4.491s] -- Symlinking: /home/ats/rv2/install/buff_interfaces/include/buff_interfaces/buff_interfaces/msg/detail/rune_info__type_support.h
[4.496s] -- Symlinking: /home/ats/rv2/install/buff_interfaces/include/buff_interfaces/buff_interfaces/msg/detail/time_info__functions.h
[4.502s] -- Symlinking: /home/ats/rv2/install/buff_interfaces/include/buff_interfaces/buff_interfaces/msg/detail/time_info__struct.h
[4.506s] -- Symlinking: /home/ats/rv2/install/buff_interfaces/include/buff_interfaces/buff_interfaces/msg/detail/time_info__type_support.h
[4.512s] -- Symlinking: /home/ats/rv2/install/buff_interfaces/include/buff_interfaces/buff_interfaces/msg/rosidl_generator_c__visibility_control.h
[4.517s] -- Symlinking: /home/ats/rv2/install/buff_interfaces/include/buff_interfaces/buff_interfaces/msg/rune.h
[4.522s] -- Symlinking: /home/ats/rv2/install/buff_interfaces/include/buff_interfaces/buff_interfaces/msg/rune_info.h
[4.527s] -- Symlinking: /home/ats/rv2/install/buff_interfaces/include/buff_interfaces/buff_interfaces/msg/time_info.h
[4.532s] -- Symlinking: /home/ats/rv2/install/buff_interfaces/share/buff_interfaces/environment/library_path.sh
[4.537s] -- Symlinking: /home/ats/rv2/install/buff_interfaces/share/buff_interfaces/environment/library_path.dsv
[4.543s] -- Symlinking: /home/ats/rv2/install/buff_interfaces/include/buff_interfaces/buff_interfaces/msg/detail/blade__rosidl_typesupport_fastrtps_c.h
[4.548s] -- Symlinking: /home/ats/rv2/install/buff_interfaces/include/buff_interfaces/buff_interfaces/msg/detail/blade_array__rosidl_typesupport_fastrtps_c.h
[4.553s] -- Symlinking: /home/ats/rv2/install/buff_interfaces/include/buff_interfaces/buff_interfaces/msg/detail/debug_blade__rosidl_typesupport_fastrtps_c.h
[4.559s] -- Symlinking: /home/ats/rv2/install/buff_interfaces/include/buff_interfaces/buff_interfaces/msg/detail/debug_blade_array__rosidl_typesupport_fastrtps_c.h
[4.563s] -- Symlinking: /home/ats/rv2/install/buff_interfaces/include/buff_interfaces/buff_interfaces/msg/detail/rune__rosidl_typesupport_fastrtps_c.h
[4.568s] -- Symlinking: /home/ats/rv2/install/buff_interfaces/include/buff_interfaces/buff_interfaces/msg/detail/rune_info__rosidl_typesupport_fastrtps_c.h
[4.573s] -- Symlinking: /home/ats/rv2/install/buff_interfaces/include/buff_interfaces/buff_interfaces/msg/detail/time_info__rosidl_typesupport_fastrtps_c.h
[4.577s] -- Symlinking: /home/ats/rv2/install/buff_interfaces/include/buff_interfaces/buff_interfaces/msg/rosidl_typesupport_fastrtps_c__visibility_control.h
[4.582s] -- Symlinking: /home/ats/rv2/install/buff_interfaces/include/buff_interfaces/buff_interfaces/msg/detail/blade__rosidl_typesupport_introspection_c.h
[4.587s] -- Symlinking: /home/ats/rv2/install/buff_interfaces/include/buff_interfaces/buff_interfaces/msg/detail/blade_array__rosidl_typesupport_introspection_c.h
[4.592s] -- Symlinking: /home/ats/rv2/install/buff_interfaces/include/buff_interfaces/buff_interfaces/msg/detail/debug_blade__rosidl_typesupport_introspection_c.h
[4.597s] -- Symlinking: /home/ats/rv2/install/buff_interfaces/include/buff_interfaces/buff_interfaces/msg/detail/debug_blade_array__rosidl_typesupport_introspection_c.h
[4.602s] -- Symlinking: /home/ats/rv2/install/buff_interfaces/include/buff_interfaces/buff_interfaces/msg/detail/rune__rosidl_typesupport_introspection_c.h
[4.607s] -- Symlinking: /home/ats/rv2/install/buff_interfaces/include/buff_interfaces/buff_interfaces/msg/detail/rune_info__rosidl_typesupport_introspection_c.h
[4.612s] -- Symlinking: /home/ats/rv2/install/buff_interfaces/include/buff_interfaces/buff_interfaces/msg/detail/time_info__rosidl_typesupport_introspection_c.h
[4.616s] -- Symlinking: /home/ats/rv2/install/buff_interfaces/include/buff_interfaces/buff_interfaces/msg/rosidl_typesupport_introspection_c__visibility_control.h
[4.621s] -- Symlinking: /home/ats/rv2/install/buff_interfaces/include/buff_interfaces/buff_interfaces/msg/blade.hpp
[4.626s] -- Symlinking: /home/ats/rv2/install/buff_interfaces/include/buff_interfaces/buff_interfaces/msg/blade_array.hpp
[4.632s] -- Symlinking: /home/ats/rv2/install/buff_interfaces/include/buff_interfaces/buff_interfaces/msg/debug_blade.hpp
[4.637s] -- Symlinking: /home/ats/rv2/install/buff_interfaces/include/buff_interfaces/buff_interfaces/msg/debug_blade_array.hpp
[4.642s] -- Symlinking: /home/ats/rv2/install/buff_interfaces/include/buff_interfaces/buff_interfaces/msg/detail/blade__builder.hpp
[4.647s] -- Symlinking: /home/ats/rv2/install/buff_interfaces/include/buff_interfaces/buff_interfaces/msg/detail/blade__struct.hpp
[4.652s] -- Symlinking: /home/ats/rv2/install/buff_interfaces/include/buff_interfaces/buff_interfaces/msg/detail/blade__traits.hpp
[4.657s] -- Symlinking: /home/ats/rv2/install/buff_interfaces/include/buff_interfaces/buff_interfaces/msg/detail/blade_array__builder.hpp
[4.662s] -- Symlinking: /home/ats/rv2/install/buff_interfaces/include/buff_interfaces/buff_interfaces/msg/detail/blade_array__struct.hpp
[4.667s] -- Symlinking: /home/ats/rv2/install/buff_interfaces/include/buff_interfaces/buff_interfaces/msg/detail/blade_array__traits.hpp
[4.672s] -- Symlinking: /home/ats/rv2/install/buff_interfaces/include/buff_interfaces/buff_interfaces/msg/detail/debug_blade__builder.hpp
[4.677s] -- Symlinking: /home/ats/rv2/install/buff_interfaces/include/buff_interfaces/buff_interfaces/msg/detail/debug_blade__struct.hpp
[4.682s] -- Symlinking: /home/ats/rv2/install/buff_interfaces/include/buff_interfaces/buff_interfaces/msg/detail/debug_blade__traits.hpp
[4.687s] -- Symlinking: /home/ats/rv2/install/buff_interfaces/include/buff_interfaces/buff_interfaces/msg/detail/debug_blade_array__builder.hpp
[4.692s] -- Symlinking: /home/ats/rv2/install/buff_interfaces/include/buff_interfaces/buff_interfaces/msg/detail/debug_blade_array__struct.hpp
[4.697s] -- Symlinking: /home/ats/rv2/install/buff_interfaces/include/buff_interfaces/buff_interfaces/msg/detail/debug_blade_array__traits.hpp
[4.702s] -- Symlinking: /home/ats/rv2/install/buff_interfaces/include/buff_interfaces/buff_interfaces/msg/detail/rune__builder.hpp
[4.707s] -- Symlinking: /home/ats/rv2/install/buff_interfaces/include/buff_interfaces/buff_interfaces/msg/detail/rune__struct.hpp
[4.712s] -- Symlinking: /home/ats/rv2/install/buff_interfaces/include/buff_interfaces/buff_interfaces/msg/detail/rune__traits.hpp
[4.716s] -- Symlinking: /home/ats/rv2/install/buff_interfaces/include/buff_interfaces/buff_interfaces/msg/detail/rune_info__builder.hpp
[4.721s] -- Symlinking: /home/ats/rv2/install/buff_interfaces/include/buff_interfaces/buff_interfaces/msg/detail/rune_info__struct.hpp
[4.727s] -- Symlinking: /home/ats/rv2/install/buff_interfaces/include/buff_interfaces/buff_interfaces/msg/detail/rune_info__traits.hpp
[4.731s] -- Symlinking: /home/ats/rv2/install/buff_interfaces/include/buff_interfaces/buff_interfaces/msg/detail/time_info__builder.hpp
[4.736s] -- Symlinking: /home/ats/rv2/install/buff_interfaces/include/buff_interfaces/buff_interfaces/msg/detail/time_info__struct.hpp
[4.741s] -- Symlinking: /home/ats/rv2/install/buff_interfaces/include/buff_interfaces/buff_interfaces/msg/detail/time_info__traits.hpp
[4.746s] -- Symlinking: /home/ats/rv2/install/buff_interfaces/include/buff_interfaces/buff_interfaces/msg/rune.hpp
[4.751s] -- Symlinking: /home/ats/rv2/install/buff_interfaces/include/buff_interfaces/buff_interfaces/msg/rune_info.hpp
[4.756s] -- Symlinking: /home/ats/rv2/install/buff_interfaces/include/buff_interfaces/buff_interfaces/msg/time_info.hpp
[4.761s] -- Symlinking: /home/ats/rv2/install/buff_interfaces/include/buff_interfaces/buff_interfaces/msg/detail/blade__rosidl_typesupport_fastrtps_cpp.hpp
[4.766s] -- Symlinking: /home/ats/rv2/install/buff_interfaces/include/buff_interfaces/buff_interfaces/msg/detail/blade_array__rosidl_typesupport_fastrtps_cpp.hpp
[4.771s] -- Symlinking: /home/ats/rv2/install/buff_interfaces/include/buff_interfaces/buff_interfaces/msg/detail/debug_blade__rosidl_typesupport_fastrtps_cpp.hpp
[4.776s] -- Symlinking: /home/ats/rv2/install/buff_interfaces/include/buff_interfaces/buff_interfaces/msg/detail/debug_blade_array__rosidl_typesupport_fastrtps_cpp.hpp
[4.781s] -- Symlinking: /home/ats/rv2/install/buff_interfaces/include/buff_interfaces/buff_interfaces/msg/detail/rune__rosidl_typesupport_fastrtps_cpp.hpp
[4.786s] -- Symlinking: /home/ats/rv2/install/buff_interfaces/include/buff_interfaces/buff_interfaces/msg/detail/rune_info__rosidl_typesupport_fastrtps_cpp.hpp
[4.791s] -- Symlinking: /home/ats/rv2/install/buff_interfaces/include/buff_interfaces/buff_interfaces/msg/detail/time_info__rosidl_typesupport_fastrtps_cpp.hpp
[4.796s] -- Symlinking: /home/ats/rv2/install/buff_interfaces/include/buff_interfaces/buff_interfaces/msg/rosidl_typesupport_fastrtps_cpp__visibility_control.h
[4.801s] -- Symlinking: /home/ats/rv2/install/buff_interfaces/include/buff_interfaces/buff_interfaces/msg/detail/blade__rosidl_typesupport_introspection_cpp.hpp
[4.806s] -- Symlinking: /home/ats/rv2/install/buff_interfaces/include/buff_interfaces/buff_interfaces/msg/detail/blade_array__rosidl_typesupport_introspection_cpp.hpp
[4.811s] -- Symlinking: /home/ats/rv2/install/buff_interfaces/include/buff_interfaces/buff_interfaces/msg/detail/debug_blade__rosidl_typesupport_introspection_cpp.hpp
[4.815s] -- Symlinking: /home/ats/rv2/install/buff_interfaces/include/buff_interfaces/buff_interfaces/msg/detail/debug_blade_array__rosidl_typesupport_introspection_cpp.hpp
[4.820s] -- Symlinking: /home/ats/rv2/install/buff_interfaces/include/buff_interfaces/buff_interfaces/msg/detail/rune__rosidl_typesupport_introspection_cpp.hpp
[4.825s] -- Symlinking: /home/ats/rv2/install/buff_interfaces/include/buff_interfaces/buff_interfaces/msg/detail/rune_info__rosidl_typesupport_introspection_cpp.hpp
[4.830s] -- Symlinking: /home/ats/rv2/install/buff_interfaces/include/buff_interfaces/buff_interfaces/msg/detail/time_info__rosidl_typesupport_introspection_cpp.hpp
[4.835s] -- Symlinking: /home/ats/rv2/install/buff_interfaces/share/buff_interfaces/environment/pythonpath.sh
[4.840s] -- Symlinking: /home/ats/rv2/install/buff_interfaces/share/buff_interfaces/environment/pythonpath.dsv
[4.845s] -- Symlinking: /home/ats/rv2/install/buff_interfaces/local/lib/python3.10/dist-packages/buff_interfaces-1.0.0-py3.10.egg-info/PKG-INFO
[4.850s] -- Symlinking: /home/ats/rv2/install/buff_interfaces/local/lib/python3.10/dist-packages/buff_interfaces-1.0.0-py3.10.egg-info/SOURCES.txt
[4.855s] -- Symlinking: /home/ats/rv2/install/buff_interfaces/local/lib/python3.10/dist-packages/buff_interfaces-1.0.0-py3.10.egg-info/dependency_links.txt
[4.860s] -- Symlinking: /home/ats/rv2/install/buff_interfaces/local/lib/python3.10/dist-packages/buff_interfaces-1.0.0-py3.10.egg-info/top_level.txt
[4.865s] -- Symlinking: /home/ats/rv2/install/buff_interfaces/local/lib/python3.10/dist-packages/buff_interfaces/__init__.py
[4.870s] -- Symlinking: /home/ats/rv2/install/buff_interfaces/local/lib/python3.10/dist-packages/buff_interfaces/_buff_interfaces_s.ep.rosidl_typesupport_c.c
[4.875s] -- Symlinking: /home/ats/rv2/install/buff_interfaces/local/lib/python3.10/dist-packages/buff_interfaces/_buff_interfaces_s.ep.rosidl_typesupport_fastrtps_c.c
[4.879s] -- Symlinking: /home/ats/rv2/install/buff_interfaces/local/lib/python3.10/dist-packages/buff_interfaces/_buff_interfaces_s.ep.rosidl_typesupport_introspection_c.c
[4.884s] -- Symlinking: /home/ats/rv2/install/buff_interfaces/local/lib/python3.10/dist-packages/buff_interfaces/buff_interfaces_s__rosidl_typesupport_c.cpython-310-x86_64-linux-gnu.so
[4.889s] -- Symlinking: /home/ats/rv2/install/buff_interfaces/local/lib/python3.10/dist-packages/buff_interfaces/buff_interfaces_s__rosidl_typesupport_fastrtps_c.cpython-310-x86_64-linux-gnu.so
[4.894s] -- Symlinking: /home/ats/rv2/install/buff_interfaces/local/lib/python3.10/dist-packages/buff_interfaces/buff_interfaces_s__rosidl_typesupport_introspection_c.cpython-310-x86_64-linux-gnu.so
[4.899s] -- Symlinking: /home/ats/rv2/install/buff_interfaces/local/lib/python3.10/dist-packages/buff_interfaces/libbuff_interfaces__rosidl_generator_py.so
[4.904s] -- Symlinking: /home/ats/rv2/install/buff_interfaces/local/lib/python3.10/dist-packages/buff_interfaces/msg/__init__.py
[4.909s] -- Symlinking: /home/ats/rv2/install/buff_interfaces/local/lib/python3.10/dist-packages/buff_interfaces/msg/_blade.py
[4.914s] -- Symlinking: /home/ats/rv2/install/buff_interfaces/local/lib/python3.10/dist-packages/buff_interfaces/msg/_blade_array.py
[4.919s] -- Symlinking: /home/ats/rv2/install/buff_interfaces/local/lib/python3.10/dist-packages/buff_interfaces/msg/_blade_array_s.c
[4.923s] -- Symlinking: /home/ats/rv2/install/buff_interfaces/local/lib/python3.10/dist-packages/buff_interfaces/msg/_blade_s.c
[4.928s] -- Symlinking: /home/ats/rv2/install/buff_interfaces/local/lib/python3.10/dist-packages/buff_interfaces/msg/_debug_blade.py
[4.933s] -- Symlinking: /home/ats/rv2/install/buff_interfaces/local/lib/python3.10/dist-packages/buff_interfaces/msg/_debug_blade_array.py
[4.938s] -- Symlinking: /home/ats/rv2/install/buff_interfaces/local/lib/python3.10/dist-packages/buff_interfaces/msg/_debug_blade_array_s.c
[4.943s] -- Symlinking: /home/ats/rv2/install/buff_interfaces/local/lib/python3.10/dist-packages/buff_interfaces/msg/_debug_blade_s.c
[4.948s] -- Symlinking: /home/ats/rv2/install/buff_interfaces/local/lib/python3.10/dist-packages/buff_interfaces/msg/_rune.py
[4.953s] -- Symlinking: /home/ats/rv2/install/buff_interfaces/local/lib/python3.10/dist-packages/buff_interfaces/msg/_rune_info.py
[4.958s] -- Symlinking: /home/ats/rv2/install/buff_interfaces/local/lib/python3.10/dist-packages/buff_interfaces/msg/_rune_info_s.c
[4.963s] -- Symlinking: /home/ats/rv2/install/buff_interfaces/local/lib/python3.10/dist-packages/buff_interfaces/msg/_rune_s.c
[4.968s] -- Symlinking: /home/ats/rv2/install/buff_interfaces/local/lib/python3.10/dist-packages/buff_interfaces/msg/_time_info.py
[4.973s] -- Symlinking: /home/ats/rv2/install/buff_interfaces/local/lib/python3.10/dist-packages/buff_interfaces/msg/_time_info_s.c
[4.978s] -- Up-to-date symlink: /home/ats/rv2/install/buff_interfaces/local/lib/python3.10/dist-packages/buff_interfaces/buff_interfaces_s__rosidl_typesupport_fastrtps_c.cpython-310-x86_64-linux-gnu.so
[4.978s] -- Up-to-date symlink: /home/ats/rv2/install/buff_interfaces/local/lib/python3.10/dist-packages/buff_interfaces/buff_interfaces_s__rosidl_typesupport_introspection_c.cpython-310-x86_64-linux-gnu.so
[4.978s] -- Up-to-date symlink: /home/ats/rv2/install/buff_interfaces/local/lib/python3.10/dist-packages/buff_interfaces/buff_interfaces_s__rosidl_typesupport_c.cpython-310-x86_64-linux-gnu.so
[4.979s] -- Symlinking: /home/ats/rv2/install/buff_interfaces/share/buff_interfaces/msg/Blade.idl
[4.983s] -- Symlinking: /home/ats/rv2/install/buff_interfaces/share/buff_interfaces/msg/BladeArray.idl
[4.988s] -- Symlinking: /home/ats/rv2/install/buff_interfaces/share/buff_interfaces/msg/DebugBlade.idl
[4.993s] -- Symlinking: /home/ats/rv2/install/buff_interfaces/share/buff_interfaces/msg/DebugBladeArray.idl
[4.998s] -- Symlinking: /home/ats/rv2/install/buff_interfaces/share/buff_interfaces/msg/Rune.idl
[5.003s] -- Symlinking: /home/ats/rv2/install/buff_interfaces/share/buff_interfaces/msg/RuneInfo.idl
[5.008s] -- Symlinking: /home/ats/rv2/install/buff_interfaces/share/buff_interfaces/msg/TimeInfo.idl
[5.013s] -- Symlinking: /home/ats/rv2/install/buff_interfaces/share/buff_interfaces/msg/Blade.msg
[5.018s] -- Symlinking: /home/ats/rv2/install/buff_interfaces/share/buff_interfaces/msg/BladeArray.msg
[5.023s] -- Symlinking: /home/ats/rv2/install/buff_interfaces/share/buff_interfaces/msg/DebugBlade.msg
[5.028s] -- Symlinking: /home/ats/rv2/install/buff_interfaces/share/buff_interfaces/msg/DebugBladeArray.msg
[5.033s] -- Symlinking: /home/ats/rv2/install/buff_interfaces/share/buff_interfaces/msg/Rune.msg
[5.038s] -- Symlinking: /home/ats/rv2/install/buff_interfaces/share/buff_interfaces/msg/RuneInfo.msg
[5.043s] -- Symlinking: /home/ats/rv2/install/buff_interfaces/share/buff_interfaces/msg/TimeInfo.msg
[5.048s] -- Symlinking: /home/ats/rv2/install/buff_interfaces/share/ament_index/resource_index/package_run_dependencies/buff_interfaces
[5.053s] -- Symlinking: /home/ats/rv2/install/buff_interfaces/share/ament_index/resource_index/parent_prefix_path/buff_interfaces
[5.058s] -- Symlinking: /home/ats/rv2/install/buff_interfaces/share/buff_interfaces/environment/ament_prefix_path.sh
[5.063s] -- Symlinking: /home/ats/rv2/install/buff_interfaces/share/buff_interfaces/environment/ament_prefix_path.dsv
[5.068s] -- Symlinking: /home/ats/rv2/install/buff_interfaces/share/buff_interfaces/environment/path.sh
[5.073s] -- Symlinking: /home/ats/rv2/install/buff_interfaces/share/buff_interfaces/environment/path.dsv
[5.078s] -- Symlinking: /home/ats/rv2/install/buff_interfaces/share/buff_interfaces/local_setup.bash
[5.083s] -- Symlinking: /home/ats/rv2/install/buff_interfaces/share/buff_interfaces/local_setup.sh
[5.089s] -- Symlinking: /home/ats/rv2/install/buff_interfaces/share/buff_interfaces/local_setup.zsh
[5.094s] -- Symlinking: /home/ats/rv2/install/buff_interfaces/share/buff_interfaces/local_setup.dsv
[5.099s] -- Symlinking: /home/ats/rv2/install/buff_interfaces/share/buff_interfaces/package.dsv
[5.103s] -- Symlinking: /home/ats/rv2/install/buff_interfaces/share/ament_index/resource_index/packages/buff_interfaces
[5.108s] -- Symlinking: /home/ats/rv2/install/buff_interfaces/share/buff_interfaces/cmake/rosidl_cmake-extras.cmake
[5.114s] -- Symlinking: /home/ats/rv2/install/buff_interfaces/share/buff_interfaces/cmake/ament_cmake_export_dependencies-extras.cmake
[5.118s] -- Symlinking: /home/ats/rv2/install/buff_interfaces/share/buff_interfaces/cmake/ament_cmake_export_include_directories-extras.cmake
[5.123s] -- Symlinking: /home/ats/rv2/install/buff_interfaces/share/buff_interfaces/cmake/ament_cmake_export_libraries-extras.cmake
[5.128s] -- Symlinking: /home/ats/rv2/install/buff_interfaces/share/buff_interfaces/cmake/ament_cmake_export_targets-extras.cmake
[5.133s] -- Symlinking: /home/ats/rv2/install/buff_interfaces/share/buff_interfaces/cmake/rosidl_cmake_export_typesupport_targets-extras.cmake
[5.138s] -- Symlinking: /home/ats/rv2/install/buff_interfaces/share/buff_interfaces/cmake/rosidl_cmake_export_typesupport_libraries-extras.cmake
[5.143s] -- Symlinking: /home/ats/rv2/install/buff_interfaces/share/buff_interfaces/cmake/buff_interfacesConfig.cmake
[5.147s] -- Symlinking: /home/ats/rv2/install/buff_interfaces/share/buff_interfaces/cmake/buff_interfacesConfig-version.cmake
[5.152s] -- Symlinking: /home/ats/rv2/install/buff_interfaces/share/buff_interfaces/package.xml
[5.157s] -- Installing: /home/ats/rv2/install/buff_interfaces/lib/libbuff_interfaces__rosidl_generator_c.so
[5.157s] -- Set runtime path of "/home/ats/rv2/install/buff_interfaces/lib/libbuff_interfaces__rosidl_generator_c.so" to ""
[5.157s] -- Installing: /home/ats/rv2/install/buff_interfaces/lib/libbuff_interfaces__rosidl_typesupport_fastrtps_c.so
[5.157s] -- Set runtime path of "/home/ats/rv2/install/buff_interfaces/lib/libbuff_interfaces__rosidl_typesupport_fastrtps_c.so" to ""
[5.157s] -- Installing: /home/ats/rv2/install/buff_interfaces/lib/libbuff_interfaces__rosidl_typesupport_introspection_c.so
[5.158s] -- Set runtime path of "/home/ats/rv2/install/buff_interfaces/lib/libbuff_interfaces__rosidl_typesupport_introspection_c.so" to ""
[5.158s] -- Installing: /home/ats/rv2/install/buff_interfaces/lib/libbuff_interfaces__rosidl_typesupport_c.so
[5.158s] -- Set runtime path of "/home/ats/rv2/install/buff_interfaces/lib/libbuff_interfaces__rosidl_typesupport_c.so" to ""
[5.158s] -- Installing: /home/ats/rv2/install/buff_interfaces/lib/libbuff_interfaces__rosidl_typesupport_fastrtps_cpp.so
[5.158s] -- Set runtime path of "/home/ats/rv2/install/buff_interfaces/lib/libbuff_interfaces__rosidl_typesupport_fastrtps_cpp.so" to ""
[5.158s] -- Installing: /home/ats/rv2/install/buff_interfaces/lib/libbuff_interfaces__rosidl_typesupport_introspection_cpp.so
[5.158s] -- Set runtime path of "/home/ats/rv2/install/buff_interfaces/lib/libbuff_interfaces__rosidl_typesupport_introspection_cpp.so" to ""
[5.158s] -- Installing: /home/ats/rv2/install/buff_interfaces/lib/libbuff_interfaces__rosidl_typesupport_cpp.so
[5.158s] -- Set runtime path of "/home/ats/rv2/install/buff_interfaces/lib/libbuff_interfaces__rosidl_typesupport_cpp.so" to ""
[5.184s] Listing '/home/ats/rv2/install/buff_interfaces/local/lib/python3.10/dist-packages/buff_interfaces'...
[5.184s] Compiling '/home/ats/rv2/install/buff_interfaces/local/lib/python3.10/dist-packages/buff_interfaces/__init__.py'...
[5.184s] Listing '/home/ats/rv2/install/buff_interfaces/local/lib/python3.10/dist-packages/buff_interfaces/msg'...
[5.184s] Compiling '/home/ats/rv2/install/buff_interfaces/local/lib/python3.10/dist-packages/buff_interfaces/msg/__init__.py'...
[5.184s] Compiling '/home/ats/rv2/install/buff_interfaces/local/lib/python3.10/dist-packages/buff_interfaces/msg/_blade.py'...
[5.184s] Compiling '/home/ats/rv2/install/buff_interfaces/local/lib/python3.10/dist-packages/buff_interfaces/msg/_blade_array.py'...
[5.184s] Compiling '/home/ats/rv2/install/buff_interfaces/local/lib/python3.10/dist-packages/buff_interfaces/msg/_debug_blade.py'...
[5.184s] Compiling '/home/ats/rv2/install/buff_interfaces/local/lib/python3.10/dist-packages/buff_interfaces/msg/_debug_blade_array.py'...
[5.184s] Compiling '/home/ats/rv2/install/buff_interfaces/local/lib/python3.10/dist-packages/buff_interfaces/msg/_rune.py'...
[5.184s] Compiling '/home/ats/rv2/install/buff_interfaces/local/lib/python3.10/dist-packages/buff_interfaces/msg/_rune_info.py'...
[5.184s] Compiling '/home/ats/rv2/install/buff_interfaces/local/lib/python3.10/dist-packages/buff_interfaces/msg/_time_info.py'...
[5.186s] -- Installing: /home/ats/rv2/install/buff_interfaces/lib/libbuff_interfaces__rosidl_generator_py.so
[5.187s] -- Set runtime path of "/home/ats/rv2/install/buff_interfaces/lib/libbuff_interfaces__rosidl_generator_py.so" to ""
[5.187s] -- Installing: /home/ats/rv2/install/buff_interfaces/share/buff_interfaces/cmake/export_buff_interfaces__rosidl_generator_cExport.cmake
[5.187s] -- Installing: /home/ats/rv2/install/buff_interfaces/share/buff_interfaces/cmake/export_buff_interfaces__rosidl_generator_cExport-noconfig.cmake
[5.187s] -- Installing: /home/ats/rv2/install/buff_interfaces/share/buff_interfaces/cmake/export_buff_interfaces__rosidl_typesupport_fastrtps_cExport.cmake
[5.187s] -- Installing: /home/ats/rv2/install/buff_interfaces/share/buff_interfaces/cmake/export_buff_interfaces__rosidl_typesupport_fastrtps_cExport-noconfig.cmake
[5.187s] -- Installing: /home/ats/rv2/install/buff_interfaces/share/buff_interfaces/cmake/buff_interfaces__rosidl_typesupport_introspection_cExport.cmake
[5.187s] -- Installing: /home/ats/rv2/install/buff_interfaces/share/buff_interfaces/cmake/buff_interfaces__rosidl_typesupport_introspection_cExport-noconfig.cmake
[5.187s] -- Installing: /home/ats/rv2/install/buff_interfaces/share/buff_interfaces/cmake/buff_interfaces__rosidl_typesupport_cExport.cmake
[5.187s] -- Installing: /home/ats/rv2/install/buff_interfaces/share/buff_interfaces/cmake/buff_interfaces__rosidl_typesupport_cExport-noconfig.cmake
[5.187s] -- Installing: /home/ats/rv2/install/buff_interfaces/share/buff_interfaces/cmake/export_buff_interfaces__rosidl_generator_cppExport.cmake
[5.187s] -- Installing: /home/ats/rv2/install/buff_interfaces/share/buff_interfaces/cmake/export_buff_interfaces__rosidl_typesupport_fastrtps_cppExport.cmake
[5.187s] -- Installing: /home/ats/rv2/install/buff_interfaces/share/buff_interfaces/cmake/export_buff_interfaces__rosidl_typesupport_fastrtps_cppExport-noconfig.cmake
[5.188s] -- Installing: /home/ats/rv2/install/buff_interfaces/share/buff_interfaces/cmake/buff_interfaces__rosidl_typesupport_introspection_cppExport.cmake
[5.188s] -- Installing: /home/ats/rv2/install/buff_interfaces/share/buff_interfaces/cmake/buff_interfaces__rosidl_typesupport_introspection_cppExport-noconfig.cmake
[5.188s] -- Installing: /home/ats/rv2/install/buff_interfaces/share/buff_interfaces/cmake/buff_interfaces__rosidl_typesupport_cppExport.cmake
[5.188s] -- Installing: /home/ats/rv2/install/buff_interfaces/share/buff_interfaces/cmake/buff_interfaces__rosidl_typesupport_cppExport-noconfig.cmake
[5.188s] -- Installing: /home/ats/rv2/install/buff_interfaces/share/buff_interfaces/cmake/export_buff_interfaces__rosidl_generator_pyExport.cmake
[5.188s] -- Installing: /home/ats/rv2/install/buff_interfaces/share/buff_interfaces/cmake/export_buff_interfaces__rosidl_generator_pyExport-noconfig.cmake
[5.189s] Invoked command in '/home/ats/rv2/build/buff_interfaces' returned '0': CMAKE_PREFIX_PATH=/opt/ros/humble /usr/bin/cmake --install /home/ats/rv2/build/buff_interfaces
