[0.022s] Invoking command in '/home/ats/rv2/build/rm_serial_driver': AMENT_PREFIX_PATH=/home/ats/rv2/install/buff_interfaces:/home/ats/rv2/install/auto_aim_interfaces:${AMENT_PREFIX_PATH} CMAKE_PREFIX_PATH=/home/ats/rv2/install/buff_interfaces:/home/ats/rv2/install/auto_aim_interfaces:/home/ats/ws_livox/install/livox_ros_driver2:/opt/ros/humble LD_LIBRARY_PATH=/home/ats/rv2/install/buff_interfaces/lib:/home/ats/rv2/install/auto_aim_interfaces/lib:/home/ats/ws_livox/install/livox_ros_driver2/lib:/opt/ros/humble/opt/rviz_ogre_vendor/lib:/opt/ros/humble/lib/x86_64-linux-gnu:/opt/ros/humble/opt/openvdb_vendor/lib:/opt/ros/humble/lib:/opt/MVS/lib/64:/opt/MVS/lib/32:/opt/MVS/lib/64:/opt/MVS/lib/32:/opt/MVS/lib/64:/opt/MVS/lib/32 PYTHONPATH=/home/ats/rv2/install/buff_interfaces/local/lib/python3.10/dist-packages:/home/ats/rv2/install/auto_aim_interfaces/local/lib/python3.10/dist-packages:${PYTHONPATH} /usr/bin/cmake --build /home/ats/rv2/build/rm_serial_driver -- -j32 -l32
[0.104s] [ 20%] [32mBuilding CXX object CMakeFiles/rm_serial_driver_node.dir/rclcpp_components/node_main_rm_serial_driver_node.cpp.o[0m
[0.118s] [ 40%] [32mBuilding CXX object CMakeFiles/rm_serial_driver.dir/src/rm_serial_driver.cpp.o[0m
[4.729s] [ 60%] [32m[1mLinking CXX executable rm_serial_driver_node[0m
[4.874s] [ 60%] Built target rm_serial_driver_node
[17.813s] [ 80%] [32m[1mLinking CXX shared library librm_serial_driver.so[0m
[18.731s] [100%] Built target rm_serial_driver
[18.739s] Invoked command in '/home/ats/rv2/build/rm_serial_driver' returned '0': AMENT_PREFIX_PATH=/home/ats/rv2/install/buff_interfaces:/home/ats/rv2/install/auto_aim_interfaces:${AMENT_PREFIX_PATH} CMAKE_PREFIX_PATH=/home/ats/rv2/install/buff_interfaces:/home/ats/rv2/install/auto_aim_interfaces:/home/ats/ws_livox/install/livox_ros_driver2:/opt/ros/humble LD_LIBRARY_PATH=/home/ats/rv2/install/buff_interfaces/lib:/home/ats/rv2/install/auto_aim_interfaces/lib:/home/ats/ws_livox/install/livox_ros_driver2/lib:/opt/ros/humble/opt/rviz_ogre_vendor/lib:/opt/ros/humble/lib/x86_64-linux-gnu:/opt/ros/humble/opt/openvdb_vendor/lib:/opt/ros/humble/lib:/opt/MVS/lib/64:/opt/MVS/lib/32:/opt/MVS/lib/64:/opt/MVS/lib/32:/opt/MVS/lib/64:/opt/MVS/lib/32 PYTHONPATH=/home/ats/rv2/install/buff_interfaces/local/lib/python3.10/dist-packages:/home/ats/rv2/install/auto_aim_interfaces/local/lib/python3.10/dist-packages:${PYTHONPATH} /usr/bin/cmake --build /home/ats/rv2/build/rm_serial_driver -- -j32 -l32
[18.765s] Invoking command in '/home/ats/rv2/build/rm_serial_driver': AMENT_PREFIX_PATH=/home/ats/rv2/install/buff_interfaces:/home/ats/rv2/install/auto_aim_interfaces:${AMENT_PREFIX_PATH} CMAKE_PREFIX_PATH=/home/ats/rv2/install/buff_interfaces:/home/ats/rv2/install/auto_aim_interfaces:/home/ats/ws_livox/install/livox_ros_driver2:/opt/ros/humble LD_LIBRARY_PATH=/home/ats/rv2/install/buff_interfaces/lib:/home/ats/rv2/install/auto_aim_interfaces/lib:/home/ats/ws_livox/install/livox_ros_driver2/lib:/opt/ros/humble/opt/rviz_ogre_vendor/lib:/opt/ros/humble/lib/x86_64-linux-gnu:/opt/ros/humble/opt/openvdb_vendor/lib:/opt/ros/humble/lib:/opt/MVS/lib/64:/opt/MVS/lib/32:/opt/MVS/lib/64:/opt/MVS/lib/32:/opt/MVS/lib/64:/opt/MVS/lib/32 PYTHONPATH=/home/ats/rv2/install/buff_interfaces/local/lib/python3.10/dist-packages:/home/ats/rv2/install/auto_aim_interfaces/local/lib/python3.10/dist-packages:${PYTHONPATH} /usr/bin/cmake --install /home/ats/rv2/build/rm_serial_driver
[18.769s] -- Install configuration: ""
[18.770s] -- Execute custom install script
[18.770s] -- Up-to-date symlink: /home/ats/rv2/install/rm_serial_driver/lib/rm_serial_driver/rm_serial_driver_node
[18.771s] -- Up-to-date symlink: /home/ats/rv2/install/rm_serial_driver/include/rm_serial_driver/crc.hpp
[18.771s] -- Up-to-date symlink: /home/ats/rv2/install/rm_serial_driver/include/rm_serial_driver/packet.hpp
[18.771s] -- Up-to-date symlink: /home/ats/rv2/install/rm_serial_driver/include/rm_serial_driver/rm_serial_driver.hpp
[18.771s] -- Up-to-date symlink: /home/ats/rv2/install/rm_serial_driver/share/rm_serial_driver/environment/library_path.sh
[18.772s] -- Up-to-date symlink: /home/ats/rv2/install/rm_serial_driver/share/rm_serial_driver/environment/library_path.dsv
[18.772s] -- Up-to-date symlink: /home/ats/rv2/install/rm_serial_driver/lib/librm_serial_driver.so
[18.772s] -- Up-to-date symlink: /home/ats/rv2/install/rm_serial_driver/share/rm_serial_driver/config/serial_driver.yaml
[18.773s] -- Up-to-date symlink: /home/ats/rv2/install/rm_serial_driver/share/rm_serial_driver/launch/serial_driver.launch.py
[18.773s] -- Up-to-date symlink: /home/ats/rv2/install/rm_serial_driver/share/ament_index/resource_index/package_run_dependencies/rm_serial_driver
[18.773s] -- Up-to-date symlink: /home/ats/rv2/install/rm_serial_driver/share/ament_index/resource_index/parent_prefix_path/rm_serial_driver
[18.773s] -- Up-to-date symlink: /home/ats/rv2/install/rm_serial_driver/share/rm_serial_driver/environment/ament_prefix_path.sh
[18.773s] -- Up-to-date symlink: /home/ats/rv2/install/rm_serial_driver/share/rm_serial_driver/environment/ament_prefix_path.dsv
[18.774s] -- Up-to-date symlink: /home/ats/rv2/install/rm_serial_driver/share/rm_serial_driver/environment/path.sh
[18.774s] -- Up-to-date symlink: /home/ats/rv2/install/rm_serial_driver/share/rm_serial_driver/environment/path.dsv
[18.774s] -- Up-to-date symlink: /home/ats/rv2/install/rm_serial_driver/share/rm_serial_driver/local_setup.bash
[18.774s] -- Up-to-date symlink: /home/ats/rv2/install/rm_serial_driver/share/rm_serial_driver/local_setup.sh
[18.774s] -- Up-to-date symlink: /home/ats/rv2/install/rm_serial_driver/share/rm_serial_driver/local_setup.zsh
[18.774s] -- Up-to-date symlink: /home/ats/rv2/install/rm_serial_driver/share/rm_serial_driver/local_setup.dsv
[18.774s] -- Symlinking: /home/ats/rv2/install/rm_serial_driver/share/rm_serial_driver/package.dsv
[18.780s] -- Up-to-date symlink: /home/ats/rv2/install/rm_serial_driver/share/ament_index/resource_index/packages/rm_serial_driver
[18.781s] -- Up-to-date symlink: /home/ats/rv2/install/rm_serial_driver/share/ament_index/resource_index/rclcpp_components/rm_serial_driver
[18.781s] -- Up-to-date symlink: /home/ats/rv2/install/rm_serial_driver/share/rm_serial_driver/cmake/ament_cmake_export_dependencies-extras.cmake
[18.781s] -- Up-to-date symlink: /home/ats/rv2/install/rm_serial_driver/share/rm_serial_driver/cmake/ament_cmake_export_include_directories-extras.cmake
[18.781s] -- Up-to-date symlink: /home/ats/rv2/install/rm_serial_driver/share/rm_serial_driver/cmake/ament_cmake_export_libraries-extras.cmake
[18.781s] -- Up-to-date symlink: /home/ats/rv2/install/rm_serial_driver/share/rm_serial_driver/cmake/rm_serial_driverConfig.cmake
[18.782s] -- Up-to-date symlink: /home/ats/rv2/install/rm_serial_driver/share/rm_serial_driver/cmake/rm_serial_driverConfig-version.cmake
[18.782s] -- Up-to-date symlink: /home/ats/rv2/install/rm_serial_driver/share/rm_serial_driver/package.xml
[18.783s] Invoked command in '/home/ats/rv2/build/rm_serial_driver' returned '0': AMENT_PREFIX_PATH=/home/ats/rv2/install/buff_interfaces:/home/ats/rv2/install/auto_aim_interfaces:${AMENT_PREFIX_PATH} CMAKE_PREFIX_PATH=/home/ats/rv2/install/buff_interfaces:/home/ats/rv2/install/auto_aim_interfaces:/home/ats/ws_livox/install/livox_ros_driver2:/opt/ros/humble LD_LIBRARY_PATH=/home/ats/rv2/install/buff_interfaces/lib:/home/ats/rv2/install/auto_aim_interfaces/lib:/home/ats/ws_livox/install/livox_ros_driver2/lib:/opt/ros/humble/opt/rviz_ogre_vendor/lib:/opt/ros/humble/lib/x86_64-linux-gnu:/opt/ros/humble/opt/openvdb_vendor/lib:/opt/ros/humble/lib:/opt/MVS/lib/64:/opt/MVS/lib/32:/opt/MVS/lib/64:/opt/MVS/lib/32:/opt/MVS/lib/64:/opt/MVS/lib/32 PYTHONPATH=/home/ats/rv2/install/buff_interfaces/local/lib/python3.10/dist-packages:/home/ats/rv2/install/auto_aim_interfaces/local/lib/python3.10/dist-packages:${PYTHONPATH} /usr/bin/cmake --install /home/ats/rv2/build/rm_serial_driver
