[0.012s] Invoking command in '/home/ats/rv2/build/rm_buff': AMENT_PREFIX_PATH=/home/ats/rv2/install/buff_tracker:/home/ats/rv2/install/buff_detector:/home/ats/rv2/install/buff_interfaces:${AMENT_PREFIX_PATH} CMAKE_PREFIX_PATH=/home/ats/rv2/install/buff_tracker:/home/ats/rv2/install/buff_detector:/home/ats/rv2/install/buff_interfaces:/opt/ros/humble LD_LIBRARY_PATH=/home/ats/rv2/install/buff_tracker/lib:/home/ats/rv2/install/buff_detector/lib:/home/ats/rv2/install/buff_interfaces/lib:${LD_LIBRARY_PATH} PYTHONPATH=/home/ats/rv2/install/buff_interfaces/local/lib/python3.10/dist-packages:${PYTHONPATH} /usr/bin/cmake /home/ats/rv2/src/rm_buff/rm_buff -DAMENT_CMAKE_SYMLINK_INSTALL=1 -DCMAKE_INSTALL_PREFIX=/home/ats/rv2/install/rm_buff
[0.069s] -- The C compiler identification is GNU 11.4.0
[0.130s] -- The CXX compiler identification is GNU 11.4.0
[0.138s] -- Detecting C compiler ABI info
[0.201s] -- Detecting C compiler ABI info - done
[0.207s] -- Check for working C compiler: /usr/bin/cc - skipped
[0.207s] -- Detecting C compile features
[0.208s] -- Detecting C compile features - done
[0.210s] -- Detecting CXX compiler ABI info
[0.270s] -- Detecting CXX compiler ABI info - done
[0.276s] -- Check for working CXX compiler: /usr/bin/c++ - skipped
[0.276s] -- Detecting CXX compile features
[0.276s] -- Detecting CXX compile features - done
[0.278s] -- Found ament_cmake_auto: 1.3.10 (/opt/ros/humble/share/ament_cmake_auto/cmake)
[0.398s] -- Found Python3: /usr/bin/python3 (found version "3.10.12") found components: Interpreter 
[0.448s] -- Override CMake install command with custom implementation using symlinks instead of copying resources
[0.467s] -- Found ament_lint_auto: 0.12.11 (/opt/ros/humble/share/ament_lint_auto/cmake)
[0.545s] -- Added test 'lint_cmake' to check CMake code style
[0.546s] -- Added test 'xmllint' to check XML markup files
[0.547s] -- Configuring done
[0.548s] -- Generating done
[0.549s] -- Build files have been written to: /home/ats/rv2/build/rm_buff
[0.553s] Invoked command in '/home/ats/rv2/build/rm_buff' returned '0': AMENT_PREFIX_PATH=/home/ats/rv2/install/buff_tracker:/home/ats/rv2/install/buff_detector:/home/ats/rv2/install/buff_interfaces:${AMENT_PREFIX_PATH} CMAKE_PREFIX_PATH=/home/ats/rv2/install/buff_tracker:/home/ats/rv2/install/buff_detector:/home/ats/rv2/install/buff_interfaces:/opt/ros/humble LD_LIBRARY_PATH=/home/ats/rv2/install/buff_tracker/lib:/home/ats/rv2/install/buff_detector/lib:/home/ats/rv2/install/buff_interfaces/lib:${LD_LIBRARY_PATH} PYTHONPATH=/home/ats/rv2/install/buff_interfaces/local/lib/python3.10/dist-packages:${PYTHONPATH} /usr/bin/cmake /home/ats/rv2/src/rm_buff/rm_buff -DAMENT_CMAKE_SYMLINK_INSTALL=1 -DCMAKE_INSTALL_PREFIX=/home/ats/rv2/install/rm_buff
[0.555s] Invoking command in '/home/ats/rv2/build/rm_buff': AMENT_PREFIX_PATH=/home/ats/rv2/install/buff_tracker:/home/ats/rv2/install/buff_detector:/home/ats/rv2/install/buff_interfaces:${AMENT_PREFIX_PATH} CMAKE_PREFIX_PATH=/home/ats/rv2/install/buff_tracker:/home/ats/rv2/install/buff_detector:/home/ats/rv2/install/buff_interfaces:/opt/ros/humble LD_LIBRARY_PATH=/home/ats/rv2/install/buff_tracker/lib:/home/ats/rv2/install/buff_detector/lib:/home/ats/rv2/install/buff_interfaces/lib:${LD_LIBRARY_PATH} PYTHONPATH=/home/ats/rv2/install/buff_interfaces/local/lib/python3.10/dist-packages:${PYTHONPATH} /usr/bin/cmake --build /home/ats/rv2/build/rm_buff -- -j32 -l32
[0.584s] Invoked command in '/home/ats/rv2/build/rm_buff' returned '0': AMENT_PREFIX_PATH=/home/ats/rv2/install/buff_tracker:/home/ats/rv2/install/buff_detector:/home/ats/rv2/install/buff_interfaces:${AMENT_PREFIX_PATH} CMAKE_PREFIX_PATH=/home/ats/rv2/install/buff_tracker:/home/ats/rv2/install/buff_detector:/home/ats/rv2/install/buff_interfaces:/opt/ros/humble LD_LIBRARY_PATH=/home/ats/rv2/install/buff_tracker/lib:/home/ats/rv2/install/buff_detector/lib:/home/ats/rv2/install/buff_interfaces/lib:${LD_LIBRARY_PATH} PYTHONPATH=/home/ats/rv2/install/buff_interfaces/local/lib/python3.10/dist-packages:${PYTHONPATH} /usr/bin/cmake --build /home/ats/rv2/build/rm_buff -- -j32 -l32
[0.612s] Invoking command in '/home/ats/rv2/build/rm_buff': AMENT_PREFIX_PATH=/home/ats/rv2/install/buff_tracker:/home/ats/rv2/install/buff_detector:/home/ats/rv2/install/buff_interfaces:${AMENT_PREFIX_PATH} CMAKE_PREFIX_PATH=/home/ats/rv2/install/buff_tracker:/home/ats/rv2/install/buff_detector:/home/ats/rv2/install/buff_interfaces:/opt/ros/humble LD_LIBRARY_PATH=/home/ats/rv2/install/buff_tracker/lib:/home/ats/rv2/install/buff_detector/lib:/home/ats/rv2/install/buff_interfaces/lib:${LD_LIBRARY_PATH} PYTHONPATH=/home/ats/rv2/install/buff_interfaces/local/lib/python3.10/dist-packages:${PYTHONPATH} /usr/bin/cmake --install /home/ats/rv2/build/rm_buff
[0.621s] -- Install configuration: ""
[0.621s] -- Execute custom install script
[0.622s] -- Symlinking: /home/ats/rv2/install/rm_buff/share/ament_index/resource_index/package_run_dependencies/rm_buff
[0.633s] -- Symlinking: /home/ats/rv2/install/rm_buff/share/ament_index/resource_index/parent_prefix_path/rm_buff
[0.643s] -- Symlinking: /home/ats/rv2/install/rm_buff/share/rm_buff/environment/ament_prefix_path.sh
[0.654s] -- Symlinking: /home/ats/rv2/install/rm_buff/share/rm_buff/environment/ament_prefix_path.dsv
[0.665s] -- Symlinking: /home/ats/rv2/install/rm_buff/share/rm_buff/environment/path.sh
[0.676s] -- Symlinking: /home/ats/rv2/install/rm_buff/share/rm_buff/environment/path.dsv
[0.687s] -- Symlinking: /home/ats/rv2/install/rm_buff/share/rm_buff/local_setup.bash
[0.697s] -- Symlinking: /home/ats/rv2/install/rm_buff/share/rm_buff/local_setup.sh
[0.708s] -- Symlinking: /home/ats/rv2/install/rm_buff/share/rm_buff/local_setup.zsh
[0.718s] -- Symlinking: /home/ats/rv2/install/rm_buff/share/rm_buff/local_setup.dsv
[0.729s] -- Symlinking: /home/ats/rv2/install/rm_buff/share/rm_buff/package.dsv
[0.740s] -- Symlinking: /home/ats/rv2/install/rm_buff/share/ament_index/resource_index/packages/rm_buff
[0.751s] -- Symlinking: /home/ats/rv2/install/rm_buff/share/rm_buff/cmake/rm_buffConfig.cmake
[0.761s] -- Symlinking: /home/ats/rv2/install/rm_buff/share/rm_buff/cmake/rm_buffConfig-version.cmake
[0.772s] -- Symlinking: /home/ats/rv2/install/rm_buff/share/rm_buff/package.xml
[0.784s] Invoked command in '/home/ats/rv2/build/rm_buff' returned '0': AMENT_PREFIX_PATH=/home/ats/rv2/install/buff_tracker:/home/ats/rv2/install/buff_detector:/home/ats/rv2/install/buff_interfaces:${AMENT_PREFIX_PATH} CMAKE_PREFIX_PATH=/home/ats/rv2/install/buff_tracker:/home/ats/rv2/install/buff_detector:/home/ats/rv2/install/buff_interfaces:/opt/ros/humble LD_LIBRARY_PATH=/home/ats/rv2/install/buff_tracker/lib:/home/ats/rv2/install/buff_detector/lib:/home/ats/rv2/install/buff_interfaces/lib:${LD_LIBRARY_PATH} PYTHONPATH=/home/ats/rv2/install/buff_interfaces/local/lib/python3.10/dist-packages:${PYTHONPATH} /usr/bin/cmake --install /home/ats/rv2/build/rm_buff
