[0.009s] Invoking command in '/home/ats/rv2/build/buff_detector': AMENT_PREFIX_PATH=/home/ats/rv2/install/buff_interfaces:${AMENT_PREFIX_PATH} CMAKE_PREFIX_PATH=/home/ats/rv2/install/buff_interfaces:/opt/ros/humble LD_LIBRARY_PATH=/home/ats/rv2/install/buff_interfaces/lib:/opt/ros/humble/opt/rviz_ogre_vendor/lib:/opt/ros/humble/lib/x86_64-linux-gnu:/opt/ros/humble/lib:/opt/MVS/lib/64:/opt/MVS/lib/32:/opt/MVS/lib/64:/opt/MVS/lib/32:/opt/MVS/lib/64:/opt/MVS/lib/32 PYTHONPATH=/home/ats/rv2/install/buff_interfaces/local/lib/python3.10/dist-packages:${PYTHONPATH} /usr/bin/cmake --build /home/ats/rv2/build/buff_detector -- -j32 -l32
[0.057s] [ 33%] Built target buff_detector_node
[0.066s] [100%] Built target buff_detector
[0.083s] Invoked command in '/home/ats/rv2/build/buff_detector' returned '0': AMENT_PREFIX_PATH=/home/ats/rv2/install/buff_interfaces:${AMENT_PREFIX_PATH} CMAKE_PREFIX_PATH=/home/ats/rv2/install/buff_interfaces:/opt/ros/humble LD_LIBRARY_PATH=/home/ats/rv2/install/buff_interfaces/lib:/opt/ros/humble/opt/rviz_ogre_vendor/lib:/opt/ros/humble/lib/x86_64-linux-gnu:/opt/ros/humble/lib:/opt/MVS/lib/64:/opt/MVS/lib/32:/opt/MVS/lib/64:/opt/MVS/lib/32:/opt/MVS/lib/64:/opt/MVS/lib/32 PYTHONPATH=/home/ats/rv2/install/buff_interfaces/local/lib/python3.10/dist-packages:${PYTHONPATH} /usr/bin/cmake --build /home/ats/rv2/build/buff_detector -- -j32 -l32
[0.117s] Invoking command in '/home/ats/rv2/build/buff_detector': AMENT_PREFIX_PATH=/home/ats/rv2/install/buff_interfaces:${AMENT_PREFIX_PATH} CMAKE_PREFIX_PATH=/home/ats/rv2/install/buff_interfaces:/opt/ros/humble LD_LIBRARY_PATH=/home/ats/rv2/install/buff_interfaces/lib:/opt/ros/humble/opt/rviz_ogre_vendor/lib:/opt/ros/humble/lib/x86_64-linux-gnu:/opt/ros/humble/lib:/opt/MVS/lib/64:/opt/MVS/lib/32:/opt/MVS/lib/64:/opt/MVS/lib/32:/opt/MVS/lib/64:/opt/MVS/lib/32 PYTHONPATH=/home/ats/rv2/install/buff_interfaces/local/lib/python3.10/dist-packages:${PYTHONPATH} /usr/bin/cmake --install /home/ats/rv2/build/buff_detector
[0.124s] -- Install configuration: ""
[0.124s] -- Execute custom install script
[0.124s] -- Up-to-date symlink: /home/ats/rv2/install/buff_detector/lib/buff_detector/buff_detector_node
[0.125s] -- Up-to-date symlink: /home/ats/rv2/install/buff_detector/include/buff_detector/blade.hpp
[0.125s] -- Up-to-date symlink: /home/ats/rv2/install/buff_detector/include/buff_detector/detector.hpp
[0.125s] -- Up-to-date symlink: /home/ats/rv2/install/buff_detector/include/buff_detector/detector_node.hpp
[0.125s] -- Up-to-date symlink: /home/ats/rv2/install/buff_detector/include/buff_detector/pnp_solver.hpp
[0.125s] -- Up-to-date symlink: /home/ats/rv2/install/buff_detector/share/buff_detector/environment/library_path.sh
[0.125s] -- Up-to-date symlink: /home/ats/rv2/install/buff_detector/share/buff_detector/environment/library_path.dsv
[0.125s] -- Up-to-date symlink: /home/ats/rv2/install/buff_detector/lib/libbuff_detector.so
[0.125s] -- Up-to-date symlink: /home/ats/rv2/install/buff_detector/share/buff_detector/models/buff_quantized.bin
[0.125s] -- Up-to-date symlink: /home/ats/rv2/install/buff_detector/share/buff_detector/models/buff_quantized.xml
[0.126s] -- Up-to-date symlink: /home/ats/rv2/install/buff_detector/share/buff_detector/launch/buff_detector.launch.py
[0.126s] -- Up-to-date symlink: /home/ats/rv2/install/buff_detector/share/ament_index/resource_index/package_run_dependencies/buff_detector
[0.126s] -- Up-to-date symlink: /home/ats/rv2/install/buff_detector/share/ament_index/resource_index/parent_prefix_path/buff_detector
[0.126s] -- Up-to-date symlink: /home/ats/rv2/install/buff_detector/share/buff_detector/environment/ament_prefix_path.sh
[0.126s] -- Up-to-date symlink: /home/ats/rv2/install/buff_detector/share/buff_detector/environment/ament_prefix_path.dsv
[0.126s] -- Up-to-date symlink: /home/ats/rv2/install/buff_detector/share/buff_detector/environment/path.sh
[0.126s] -- Up-to-date symlink: /home/ats/rv2/install/buff_detector/share/buff_detector/environment/path.dsv
[0.126s] -- Up-to-date symlink: /home/ats/rv2/install/buff_detector/share/buff_detector/local_setup.bash
[0.126s] -- Up-to-date symlink: /home/ats/rv2/install/buff_detector/share/buff_detector/local_setup.sh
[0.126s] -- Up-to-date symlink: /home/ats/rv2/install/buff_detector/share/buff_detector/local_setup.zsh
[0.126s] -- Up-to-date symlink: /home/ats/rv2/install/buff_detector/share/buff_detector/local_setup.dsv
[0.127s] -- Symlinking: /home/ats/rv2/install/buff_detector/share/buff_detector/package.dsv
[0.133s] -- Up-to-date symlink: /home/ats/rv2/install/buff_detector/share/ament_index/resource_index/packages/buff_detector
[0.133s] -- Up-to-date symlink: /home/ats/rv2/install/buff_detector/share/ament_index/resource_index/rclcpp_components/buff_detector
[0.133s] -- Up-to-date symlink: /home/ats/rv2/install/buff_detector/share/buff_detector/cmake/ament_cmake_export_dependencies-extras.cmake
[0.133s] -- Up-to-date symlink: /home/ats/rv2/install/buff_detector/share/buff_detector/cmake/ament_cmake_export_include_directories-extras.cmake
[0.133s] -- Up-to-date symlink: /home/ats/rv2/install/buff_detector/share/buff_detector/cmake/ament_cmake_export_libraries-extras.cmake
[0.134s] -- Up-to-date symlink: /home/ats/rv2/install/buff_detector/share/buff_detector/cmake/buff_detectorConfig.cmake
[0.134s] -- Up-to-date symlink: /home/ats/rv2/install/buff_detector/share/buff_detector/cmake/buff_detectorConfig-version.cmake
[0.134s] -- Up-to-date symlink: /home/ats/rv2/install/buff_detector/share/buff_detector/package.xml
[0.137s] Invoked command in '/home/ats/rv2/build/buff_detector' returned '0': AMENT_PREFIX_PATH=/home/ats/rv2/install/buff_interfaces:${AMENT_PREFIX_PATH} CMAKE_PREFIX_PATH=/home/ats/rv2/install/buff_interfaces:/opt/ros/humble LD_LIBRARY_PATH=/home/ats/rv2/install/buff_interfaces/lib:/opt/ros/humble/opt/rviz_ogre_vendor/lib:/opt/ros/humble/lib/x86_64-linux-gnu:/opt/ros/humble/lib:/opt/MVS/lib/64:/opt/MVS/lib/32:/opt/MVS/lib/64:/opt/MVS/lib/32:/opt/MVS/lib/64:/opt/MVS/lib/32 PYTHONPATH=/home/ats/rv2/install/buff_interfaces/local/lib/python3.10/dist-packages:${PYTHONPATH} /usr/bin/cmake --install /home/ats/rv2/build/buff_detector
