[0.022s] Invoking command in '/home/ats/rv2/build/rm_serial_driver': AMENT_PREFIX_PATH=/home/ats/rv2/install/buff_interfaces:/home/ats/rv2/install/auto_aim_interfaces:${AMENT_PREFIX_PATH} CMAKE_PREFIX_PATH=/home/ats/rv2/install/buff_interfaces:/home/ats/rv2/install/auto_aim_interfaces:/opt/ros/humble LD_LIBRARY_PATH=/home/ats/rv2/install/buff_interfaces/lib:/home/ats/rv2/install/auto_aim_interfaces/lib:/opt/ros/humble/opt/rviz_ogre_vendor/lib:/opt/ros/humble/lib/x86_64-linux-gnu:/opt/ros/humble/lib:/opt/MVS/lib/64:/opt/MVS/lib/32:/opt/MVS/lib/64:/opt/MVS/lib/32:/opt/MVS/lib/64:/opt/MVS/lib/32 PYTHONPATH=/home/ats/rv2/install/buff_interfaces/local/lib/python3.10/dist-packages:/home/ats/rv2/install/auto_aim_interfaces/local/lib/python3.10/dist-packages:${PYTHONPATH} /usr/bin/cmake --build /home/ats/rv2/build/rm_serial_driver -- -j32 -l32
[0.046s] -- Found ament_cmake_auto: 1.3.10 (/opt/ros/humble/share/ament_cmake_auto/cmake)
[0.166s] -- Override CMake install command with custom implementation using symlinks instead of copying resources
[0.267s] -- Found rosidl_generator_c: 3.1.5 (/opt/ros/humble/share/rosidl_generator_c/cmake)
[0.268s] -- Found rosidl_adapter: 3.1.5 (/opt/ros/humble/share/rosidl_adapter/cmake)
[0.274s] -- Found rosidl_generator_cpp: 3.1.5 (/opt/ros/humble/share/rosidl_generator_cpp/cmake)
[0.283s] -- Using all available rosidl_typesupport_c: rosidl_typesupport_fastrtps_c;rosidl_typesupport_introspection_c
[0.294s] -- Using all available rosidl_typesupport_cpp: rosidl_typesupport_fastrtps_cpp;rosidl_typesupport_introspection_cpp
[0.322s] -- Found rmw_implementation_cmake: 6.1.2 (/opt/ros/humble/share/rmw_implementation_cmake/cmake)
[0.323s] -- Found rmw_fastrtps_cpp: 6.2.7 (/opt/ros/humble/share/rmw_fastrtps_cpp/cmake)
[0.425s] -- Using RMW implementation 'rmw_fastrtps_cpp' as default
[0.491s] -- Configuring incomplete, errors occurred!
[0.491s] See also "/home/ats/rv2/build/rm_serial_driver/CMakeFiles/CMakeOutput.log".
[0.491s] [31mCMake Error at /opt/ros/humble/share/io_context/cmake/io_context-extras.cmake:17 (find_package):
[0.491s]   By not providing "Findasio_cmake_module.cmake" in CMAKE_MODULE_PATH this
[0.491s]   project has asked CMake to find a package configuration file provided by
[0.491s]   "asio_cmake_module", but CMake did not find one.
[0.491s] 
[0.491s]   Could not find a package configuration file provided by "asio_cmake_module"
[0.492s]   with any of the following names:
[0.492s] 
[0.492s]     asio_cmake_moduleConfig.cmake
[0.492s]     asio_cmake_module-config.cmake
[0.492s] 
[0.492s]   Add the installation prefix of "asio_cmake_module" to CMAKE_PREFIX_PATH or
[0.492s]   set "asio_cmake_module_DIR" to a directory containing one of the above
[0.492s]   files.  If "asio_cmake_module" provides a separate development package or
[0.492s]   SDK, be sure it has been installed.
[0.492s] Call Stack (most recent call first):
[0.492s]   /opt/ros/humble/share/io_context/cmake/io_contextConfig.cmake:41 (include)
[0.492s]   /opt/ros/humble/share/serial_driver/cmake/ament_cmake_export_dependencies-extras.cmake:21 (find_package)
[0.492s]   /opt/ros/humble/share/serial_driver/cmake/serial_driverConfig.cmake:41 (include)
[0.492s]   /opt/ros/humble/share/ament_cmake_auto/cmake/ament_auto_find_build_dependencies.cmake:67 (find_package)
[0.492s]   CMakeLists.txt:20 (ament_auto_find_build_dependencies)
[0.492s] 
[0.492s] [0m
[0.497s] gmake: *** [Makefile:335：cmake_check_build_system] 错误 1
[0.499s] Invoked command in '/home/ats/rv2/build/rm_serial_driver' returned '2': AMENT_PREFIX_PATH=/home/ats/rv2/install/buff_interfaces:/home/ats/rv2/install/auto_aim_interfaces:${AMENT_PREFIX_PATH} CMAKE_PREFIX_PATH=/home/ats/rv2/install/buff_interfaces:/home/ats/rv2/install/auto_aim_interfaces:/opt/ros/humble LD_LIBRARY_PATH=/home/ats/rv2/install/buff_interfaces/lib:/home/ats/rv2/install/auto_aim_interfaces/lib:/opt/ros/humble/opt/rviz_ogre_vendor/lib:/opt/ros/humble/lib/x86_64-linux-gnu:/opt/ros/humble/lib:/opt/MVS/lib/64:/opt/MVS/lib/32:/opt/MVS/lib/64:/opt/MVS/lib/32:/opt/MVS/lib/64:/opt/MVS/lib/32 PYTHONPATH=/home/ats/rv2/install/buff_interfaces/local/lib/python3.10/dist-packages:/home/ats/rv2/install/auto_aim_interfaces/local/lib/python3.10/dist-packages:${PYTHONPATH} /usr/bin/cmake --build /home/ats/rv2/build/rm_serial_driver -- -j32 -l32
