[0.015s] Invoking command in '/home/ats/rv2/build/buff_interfaces': CMAKE_PREFIX_PATH=${CMAKE_PREFIX_PATH}:/opt/ros/humble /usr/bin/cmake --build /home/ats/rv2/build/buff_interfaces -- -j32 -l32
[0.072s] [  1%] Built target buff_interfaces__cpp
[0.076s] [ 12%] Built target buff_interfaces__rosidl_generator_c
[0.078s] [ 12%] Built target ament_cmake_python_symlink_buff_interfaces
[0.092s] [35m[1mConsolidate compiler generated dependencies of target buff_interfaces__rosidl_typesupport_cpp[0m
[0.094s] [35m[1mConsolidate compiler generated dependencies of target buff_interfaces__rosidl_typesupport_fastrtps_cpp[0m
[0.097s] [35m[1mConsolidate compiler generated dependencies of target buff_interfaces__rosidl_typesupport_introspection_cpp[0m
[0.098s] [35m[1mConsolidate compiler generated dependencies of target buff_interfaces__rosidl_typesupport_fastrtps_c[0m
[0.110s] [ 24%] Built target buff_interfaces__rosidl_typesupport_introspection_c
[0.110s] [ 35%] Built target buff_interfaces__rosidl_typesupport_c
[0.117s] [ 46%] Built target buff_interfaces__rosidl_typesupport_fastrtps_cpp
[0.117s] [ 58%] Built target buff_interfaces__rosidl_typesupport_cpp
[0.120s] [ 70%] Built target buff_interfaces__rosidl_typesupport_introspection_cpp
[0.121s] [ 81%] Built target buff_interfaces__rosidl_typesupport_fastrtps_c
[0.146s] [ 81%] Built target buff_interfaces
[0.173s] [ 82%] Built target buff_interfaces__py
[0.189s] [35m[1mConsolidate compiler generated dependencies of target buff_interfaces__rosidl_generator_py[0m
[0.207s] [ 92%] Built target buff_interfaces__rosidl_generator_py
[0.221s] [35m[1mConsolidate compiler generated dependencies of target buff_interfaces__rosidl_typesupport_c__pyext[0m
[0.224s] [35m[1mConsolidate compiler generated dependencies of target buff_interfaces__rosidl_typesupport_fastrtps_c__pyext[0m
[0.224s] [35m[1mConsolidate compiler generated dependencies of target buff_interfaces__rosidl_typesupport_introspection_c__pyext[0m
[0.234s] [ 94%] Built target buff_interfaces__rosidl_typesupport_c__pyext
[0.240s] [100%] Built target buff_interfaces__rosidl_typesupport_introspection_c__pyext
[0.240s] [100%] Built target buff_interfaces__rosidl_typesupport_fastrtps_c__pyext
[0.273s] running egg_info
[0.274s] writing buff_interfaces.egg-info/PKG-INFO
[0.274s] writing dependency_links to buff_interfaces.egg-info/dependency_links.txt
[0.274s] writing top-level names to buff_interfaces.egg-info/top_level.txt
[0.275s] reading manifest file 'buff_interfaces.egg-info/SOURCES.txt'
[0.276s] writing manifest file 'buff_interfaces.egg-info/SOURCES.txt'
[0.293s] [100%] Built target ament_cmake_python_build_buff_interfaces_egg
[0.303s] Invoked command in '/home/ats/rv2/build/buff_interfaces' returned '0': CMAKE_PREFIX_PATH=${CMAKE_PREFIX_PATH}:/opt/ros/humble /usr/bin/cmake --build /home/ats/rv2/build/buff_interfaces -- -j32 -l32
[0.467s] Invoking command in '/home/ats/rv2/build/buff_interfaces': CMAKE_PREFIX_PATH=${CMAKE_PREFIX_PATH}:/opt/ros/humble /usr/bin/cmake --install /home/ats/rv2/build/buff_interfaces
[0.473s] -- Install configuration: ""
[0.474s] -- Execute custom install script
[0.475s] -- Up-to-date symlink: /home/ats/rv2/install/buff_interfaces/share/ament_index/resource_index/rosidl_interfaces/buff_interfaces
[0.475s] -- Up-to-date symlink: /home/ats/rv2/install/buff_interfaces/include/buff_interfaces/buff_interfaces/msg/blade.h
[0.476s] -- Up-to-date symlink: /home/ats/rv2/install/buff_interfaces/include/buff_interfaces/buff_interfaces/msg/blade_array.h
[0.476s] -- Up-to-date symlink: /home/ats/rv2/install/buff_interfaces/include/buff_interfaces/buff_interfaces/msg/debug_blade.h
[0.476s] -- Up-to-date symlink: /home/ats/rv2/install/buff_interfaces/include/buff_interfaces/buff_interfaces/msg/debug_blade_array.h
[0.476s] -- Up-to-date symlink: /home/ats/rv2/install/buff_interfaces/include/buff_interfaces/buff_interfaces/msg/detail/blade__functions.h
[0.476s] -- Up-to-date symlink: /home/ats/rv2/install/buff_interfaces/include/buff_interfaces/buff_interfaces/msg/detail/blade__struct.h
[0.476s] -- Up-to-date symlink: /home/ats/rv2/install/buff_interfaces/include/buff_interfaces/buff_interfaces/msg/detail/blade__type_support.h
[0.476s] -- Up-to-date symlink: /home/ats/rv2/install/buff_interfaces/include/buff_interfaces/buff_interfaces/msg/detail/blade_array__functions.h
[0.476s] -- Up-to-date symlink: /home/ats/rv2/install/buff_interfaces/include/buff_interfaces/buff_interfaces/msg/detail/blade_array__struct.h
[0.477s] -- Up-to-date symlink: /home/ats/rv2/install/buff_interfaces/include/buff_interfaces/buff_interfaces/msg/detail/blade_array__type_support.h
[0.477s] -- Up-to-date symlink: /home/ats/rv2/install/buff_interfaces/include/buff_interfaces/buff_interfaces/msg/detail/debug_blade__functions.h
[0.477s] -- Up-to-date symlink: /home/ats/rv2/install/buff_interfaces/include/buff_interfaces/buff_interfaces/msg/detail/debug_blade__struct.h
[0.477s] -- Up-to-date symlink: /home/ats/rv2/install/buff_interfaces/include/buff_interfaces/buff_interfaces/msg/detail/debug_blade__type_support.h
[0.477s] -- Up-to-date symlink: /home/ats/rv2/install/buff_interfaces/include/buff_interfaces/buff_interfaces/msg/detail/debug_blade_array__functions.h
[0.477s] -- Up-to-date symlink: /home/ats/rv2/install/buff_interfaces/include/buff_interfaces/buff_interfaces/msg/detail/debug_blade_array__struct.h
[0.477s] -- Up-to-date symlink: /home/ats/rv2/install/buff_interfaces/include/buff_interfaces/buff_interfaces/msg/detail/debug_blade_array__type_support.h
[0.478s] -- Up-to-date symlink: /home/ats/rv2/install/buff_interfaces/include/buff_interfaces/buff_interfaces/msg/detail/rune__functions.h
[0.478s] -- Up-to-date symlink: /home/ats/rv2/install/buff_interfaces/include/buff_interfaces/buff_interfaces/msg/detail/rune__struct.h
[0.478s] -- Up-to-date symlink: /home/ats/rv2/install/buff_interfaces/include/buff_interfaces/buff_interfaces/msg/detail/rune__type_support.h
[0.478s] -- Up-to-date symlink: /home/ats/rv2/install/buff_interfaces/include/buff_interfaces/buff_interfaces/msg/detail/rune_info__functions.h
[0.478s] -- Up-to-date symlink: /home/ats/rv2/install/buff_interfaces/include/buff_interfaces/buff_interfaces/msg/detail/rune_info__struct.h
[0.478s] -- Up-to-date symlink: /home/ats/rv2/install/buff_interfaces/include/buff_interfaces/buff_interfaces/msg/detail/rune_info__type_support.h
[0.479s] -- Up-to-date symlink: /home/ats/rv2/install/buff_interfaces/include/buff_interfaces/buff_interfaces/msg/detail/time_info__functions.h
[0.479s] -- Up-to-date symlink: /home/ats/rv2/install/buff_interfaces/include/buff_interfaces/buff_interfaces/msg/detail/time_info__struct.h
[0.479s] -- Up-to-date symlink: /home/ats/rv2/install/buff_interfaces/include/buff_interfaces/buff_interfaces/msg/detail/time_info__type_support.h
[0.479s] -- Up-to-date symlink: /home/ats/rv2/install/buff_interfaces/include/buff_interfaces/buff_interfaces/msg/rosidl_generator_c__visibility_control.h
[0.479s] -- Up-to-date symlink: /home/ats/rv2/install/buff_interfaces/include/buff_interfaces/buff_interfaces/msg/rune.h
[0.480s] -- Up-to-date symlink: /home/ats/rv2/install/buff_interfaces/include/buff_interfaces/buff_interfaces/msg/rune_info.h
[0.480s] -- Up-to-date symlink: /home/ats/rv2/install/buff_interfaces/include/buff_interfaces/buff_interfaces/msg/time_info.h
[0.480s] -- Up-to-date symlink: /home/ats/rv2/install/buff_interfaces/share/buff_interfaces/environment/library_path.sh
[0.480s] -- Up-to-date symlink: /home/ats/rv2/install/buff_interfaces/share/buff_interfaces/environment/library_path.dsv
[0.481s] -- Up-to-date symlink: /home/ats/rv2/install/buff_interfaces/include/buff_interfaces/buff_interfaces/msg/detail/blade__rosidl_typesupport_fastrtps_c.h
[0.481s] -- Up-to-date symlink: /home/ats/rv2/install/buff_interfaces/include/buff_interfaces/buff_interfaces/msg/detail/blade_array__rosidl_typesupport_fastrtps_c.h
[0.481s] -- Up-to-date symlink: /home/ats/rv2/install/buff_interfaces/include/buff_interfaces/buff_interfaces/msg/detail/debug_blade__rosidl_typesupport_fastrtps_c.h
[0.481s] -- Up-to-date symlink: /home/ats/rv2/install/buff_interfaces/include/buff_interfaces/buff_interfaces/msg/detail/debug_blade_array__rosidl_typesupport_fastrtps_c.h
[0.481s] -- Up-to-date symlink: /home/ats/rv2/install/buff_interfaces/include/buff_interfaces/buff_interfaces/msg/detail/rune__rosidl_typesupport_fastrtps_c.h
[0.481s] -- Up-to-date symlink: /home/ats/rv2/install/buff_interfaces/include/buff_interfaces/buff_interfaces/msg/detail/rune_info__rosidl_typesupport_fastrtps_c.h
[0.481s] -- Up-to-date symlink: /home/ats/rv2/install/buff_interfaces/include/buff_interfaces/buff_interfaces/msg/detail/time_info__rosidl_typesupport_fastrtps_c.h
[0.482s] -- Up-to-date symlink: /home/ats/rv2/install/buff_interfaces/include/buff_interfaces/buff_interfaces/msg/rosidl_typesupport_fastrtps_c__visibility_control.h
[0.482s] -- Up-to-date symlink: /home/ats/rv2/install/buff_interfaces/include/buff_interfaces/buff_interfaces/msg/detail/blade__rosidl_typesupport_introspection_c.h
[0.482s] -- Up-to-date symlink: /home/ats/rv2/install/buff_interfaces/include/buff_interfaces/buff_interfaces/msg/detail/blade_array__rosidl_typesupport_introspection_c.h
[0.482s] -- Up-to-date symlink: /home/ats/rv2/install/buff_interfaces/include/buff_interfaces/buff_interfaces/msg/detail/debug_blade__rosidl_typesupport_introspection_c.h
[0.482s] -- Up-to-date symlink: /home/ats/rv2/install/buff_interfaces/include/buff_interfaces/buff_interfaces/msg/detail/debug_blade_array__rosidl_typesupport_introspection_c.h
[0.483s] -- Up-to-date symlink: /home/ats/rv2/install/buff_interfaces/include/buff_interfaces/buff_interfaces/msg/detail/rune__rosidl_typesupport_introspection_c.h
[0.483s] -- Up-to-date symlink: /home/ats/rv2/install/buff_interfaces/include/buff_interfaces/buff_interfaces/msg/detail/rune_info__rosidl_typesupport_introspection_c.h
[0.483s] -- Up-to-date symlink: /home/ats/rv2/install/buff_interfaces/include/buff_interfaces/buff_interfaces/msg/detail/time_info__rosidl_typesupport_introspection_c.h
[0.483s] -- Up-to-date symlink: /home/ats/rv2/install/buff_interfaces/include/buff_interfaces/buff_interfaces/msg/rosidl_typesupport_introspection_c__visibility_control.h
[0.484s] -- Up-to-date symlink: /home/ats/rv2/install/buff_interfaces/include/buff_interfaces/buff_interfaces/msg/blade.hpp
[0.484s] -- Up-to-date symlink: /home/ats/rv2/install/buff_interfaces/include/buff_interfaces/buff_interfaces/msg/blade_array.hpp
[0.484s] -- Up-to-date symlink: /home/ats/rv2/install/buff_interfaces/include/buff_interfaces/buff_interfaces/msg/debug_blade.hpp
[0.484s] -- Up-to-date symlink: /home/ats/rv2/install/buff_interfaces/include/buff_interfaces/buff_interfaces/msg/debug_blade_array.hpp
[0.484s] -- Up-to-date symlink: /home/ats/rv2/install/buff_interfaces/include/buff_interfaces/buff_interfaces/msg/detail/blade__builder.hpp
[0.484s] -- Up-to-date symlink: /home/ats/rv2/install/buff_interfaces/include/buff_interfaces/buff_interfaces/msg/detail/blade__struct.hpp
[0.485s] -- Up-to-date symlink: /home/ats/rv2/install/buff_interfaces/include/buff_interfaces/buff_interfaces/msg/detail/blade__traits.hpp
[0.485s] -- Up-to-date symlink: /home/ats/rv2/install/buff_interfaces/include/buff_interfaces/buff_interfaces/msg/detail/blade_array__builder.hpp
[0.485s] -- Up-to-date symlink: /home/ats/rv2/install/buff_interfaces/include/buff_interfaces/buff_interfaces/msg/detail/blade_array__struct.hpp
[0.485s] -- Up-to-date symlink: /home/ats/rv2/install/buff_interfaces/include/buff_interfaces/buff_interfaces/msg/detail/blade_array__traits.hpp
[0.485s] -- Up-to-date symlink: /home/ats/rv2/install/buff_interfaces/include/buff_interfaces/buff_interfaces/msg/detail/debug_blade__builder.hpp
[0.485s] -- Up-to-date symlink: /home/ats/rv2/install/buff_interfaces/include/buff_interfaces/buff_interfaces/msg/detail/debug_blade__struct.hpp
[0.486s] -- Up-to-date symlink: /home/ats/rv2/install/buff_interfaces/include/buff_interfaces/buff_interfaces/msg/detail/debug_blade__traits.hpp
[0.486s] -- Up-to-date symlink: /home/ats/rv2/install/buff_interfaces/include/buff_interfaces/buff_interfaces/msg/detail/debug_blade_array__builder.hpp
[0.486s] -- Up-to-date symlink: /home/ats/rv2/install/buff_interfaces/include/buff_interfaces/buff_interfaces/msg/detail/debug_blade_array__struct.hpp
[0.486s] -- Up-to-date symlink: /home/ats/rv2/install/buff_interfaces/include/buff_interfaces/buff_interfaces/msg/detail/debug_blade_array__traits.hpp
[0.486s] -- Up-to-date symlink: /home/ats/rv2/install/buff_interfaces/include/buff_interfaces/buff_interfaces/msg/detail/rune__builder.hpp
[0.486s] -- Up-to-date symlink: /home/ats/rv2/install/buff_interfaces/include/buff_interfaces/buff_interfaces/msg/detail/rune__struct.hpp
[0.486s] -- Up-to-date symlink: /home/ats/rv2/install/buff_interfaces/include/buff_interfaces/buff_interfaces/msg/detail/rune__traits.hpp
[0.486s] -- Up-to-date symlink: /home/ats/rv2/install/buff_interfaces/include/buff_interfaces/buff_interfaces/msg/detail/rune_info__builder.hpp
[0.486s] -- Up-to-date symlink: /home/ats/rv2/install/buff_interfaces/include/buff_interfaces/buff_interfaces/msg/detail/rune_info__struct.hpp
[0.487s] -- Up-to-date symlink: /home/ats/rv2/install/buff_interfaces/include/buff_interfaces/buff_interfaces/msg/detail/rune_info__traits.hpp
[0.487s] -- Up-to-date symlink: /home/ats/rv2/install/buff_interfaces/include/buff_interfaces/buff_interfaces/msg/detail/time_info__builder.hpp
[0.487s] -- Up-to-date symlink: /home/ats/rv2/install/buff_interfaces/include/buff_interfaces/buff_interfaces/msg/detail/time_info__struct.hpp
[0.487s] -- Up-to-date symlink: /home/ats/rv2/install/buff_interfaces/include/buff_interfaces/buff_interfaces/msg/detail/time_info__traits.hpp
[0.487s] -- Up-to-date symlink: /home/ats/rv2/install/buff_interfaces/include/buff_interfaces/buff_interfaces/msg/rune.hpp
[0.487s] -- Up-to-date symlink: /home/ats/rv2/install/buff_interfaces/include/buff_interfaces/buff_interfaces/msg/rune_info.hpp
[0.487s] -- Up-to-date symlink: /home/ats/rv2/install/buff_interfaces/include/buff_interfaces/buff_interfaces/msg/time_info.hpp
[0.488s] -- Up-to-date symlink: /home/ats/rv2/install/buff_interfaces/include/buff_interfaces/buff_interfaces/msg/detail/blade__rosidl_typesupport_fastrtps_cpp.hpp
[0.488s] -- Up-to-date symlink: /home/ats/rv2/install/buff_interfaces/include/buff_interfaces/buff_interfaces/msg/detail/blade_array__rosidl_typesupport_fastrtps_cpp.hpp
[0.488s] -- Up-to-date symlink: /home/ats/rv2/install/buff_interfaces/include/buff_interfaces/buff_interfaces/msg/detail/debug_blade__rosidl_typesupport_fastrtps_cpp.hpp
[0.488s] -- Up-to-date symlink: /home/ats/rv2/install/buff_interfaces/include/buff_interfaces/buff_interfaces/msg/detail/debug_blade_array__rosidl_typesupport_fastrtps_cpp.hpp
[0.489s] -- Up-to-date symlink: /home/ats/rv2/install/buff_interfaces/include/buff_interfaces/buff_interfaces/msg/detail/rune__rosidl_typesupport_fastrtps_cpp.hpp
[0.489s] -- Up-to-date symlink: /home/ats/rv2/install/buff_interfaces/include/buff_interfaces/buff_interfaces/msg/detail/rune_info__rosidl_typesupport_fastrtps_cpp.hpp
[0.489s] -- Up-to-date symlink: /home/ats/rv2/install/buff_interfaces/include/buff_interfaces/buff_interfaces/msg/detail/time_info__rosidl_typesupport_fastrtps_cpp.hpp
[0.489s] -- Up-to-date symlink: /home/ats/rv2/install/buff_interfaces/include/buff_interfaces/buff_interfaces/msg/rosidl_typesupport_fastrtps_cpp__visibility_control.h
[0.489s] -- Up-to-date symlink: /home/ats/rv2/install/buff_interfaces/include/buff_interfaces/buff_interfaces/msg/detail/blade__rosidl_typesupport_introspection_cpp.hpp
[0.489s] -- Up-to-date symlink: /home/ats/rv2/install/buff_interfaces/include/buff_interfaces/buff_interfaces/msg/detail/blade_array__rosidl_typesupport_introspection_cpp.hpp
[0.490s] -- Up-to-date symlink: /home/ats/rv2/install/buff_interfaces/include/buff_interfaces/buff_interfaces/msg/detail/debug_blade__rosidl_typesupport_introspection_cpp.hpp
[0.490s] -- Up-to-date symlink: /home/ats/rv2/install/buff_interfaces/include/buff_interfaces/buff_interfaces/msg/detail/debug_blade_array__rosidl_typesupport_introspection_cpp.hpp
[0.490s] -- Up-to-date symlink: /home/ats/rv2/install/buff_interfaces/include/buff_interfaces/buff_interfaces/msg/detail/rune__rosidl_typesupport_introspection_cpp.hpp
[0.490s] -- Up-to-date symlink: /home/ats/rv2/install/buff_interfaces/include/buff_interfaces/buff_interfaces/msg/detail/rune_info__rosidl_typesupport_introspection_cpp.hpp
[0.490s] -- Up-to-date symlink: /home/ats/rv2/install/buff_interfaces/include/buff_interfaces/buff_interfaces/msg/detail/time_info__rosidl_typesupport_introspection_cpp.hpp
[0.490s] -- Up-to-date symlink: /home/ats/rv2/install/buff_interfaces/share/buff_interfaces/environment/pythonpath.sh
[0.490s] -- Up-to-date symlink: /home/ats/rv2/install/buff_interfaces/share/buff_interfaces/environment/pythonpath.dsv
[0.491s] -- Up-to-date symlink: /home/ats/rv2/install/buff_interfaces/local/lib/python3.10/dist-packages/buff_interfaces-1.0.0-py3.10.egg-info/PKG-INFO
[0.491s] -- Up-to-date symlink: /home/ats/rv2/install/buff_interfaces/local/lib/python3.10/dist-packages/buff_interfaces-1.0.0-py3.10.egg-info/SOURCES.txt
[0.491s] -- Up-to-date symlink: /home/ats/rv2/install/buff_interfaces/local/lib/python3.10/dist-packages/buff_interfaces-1.0.0-py3.10.egg-info/dependency_links.txt
[0.491s] -- Up-to-date symlink: /home/ats/rv2/install/buff_interfaces/local/lib/python3.10/dist-packages/buff_interfaces-1.0.0-py3.10.egg-info/top_level.txt
[0.492s] -- Up-to-date symlink: /home/ats/rv2/install/buff_interfaces/local/lib/python3.10/dist-packages/buff_interfaces/__init__.py
[0.492s] -- Up-to-date symlink: /home/ats/rv2/install/buff_interfaces/local/lib/python3.10/dist-packages/buff_interfaces/_buff_interfaces_s.ep.rosidl_typesupport_c.c
[0.492s] -- Up-to-date symlink: /home/ats/rv2/install/buff_interfaces/local/lib/python3.10/dist-packages/buff_interfaces/_buff_interfaces_s.ep.rosidl_typesupport_fastrtps_c.c
[0.492s] -- Up-to-date symlink: /home/ats/rv2/install/buff_interfaces/local/lib/python3.10/dist-packages/buff_interfaces/_buff_interfaces_s.ep.rosidl_typesupport_introspection_c.c
[0.492s] -- Up-to-date symlink: /home/ats/rv2/install/buff_interfaces/local/lib/python3.10/dist-packages/buff_interfaces/buff_interfaces_s__rosidl_typesupport_c.cpython-310-x86_64-linux-gnu.so
[0.492s] -- Up-to-date symlink: /home/ats/rv2/install/buff_interfaces/local/lib/python3.10/dist-packages/buff_interfaces/buff_interfaces_s__rosidl_typesupport_fastrtps_c.cpython-310-x86_64-linux-gnu.so
[0.493s] -- Up-to-date symlink: /home/ats/rv2/install/buff_interfaces/local/lib/python3.10/dist-packages/buff_interfaces/buff_interfaces_s__rosidl_typesupport_introspection_c.cpython-310-x86_64-linux-gnu.so
[0.493s] -- Up-to-date symlink: /home/ats/rv2/install/buff_interfaces/local/lib/python3.10/dist-packages/buff_interfaces/libbuff_interfaces__rosidl_generator_py.so
[0.493s] -- Up-to-date symlink: /home/ats/rv2/install/buff_interfaces/local/lib/python3.10/dist-packages/buff_interfaces/msg/__init__.py
[0.493s] -- Up-to-date symlink: /home/ats/rv2/install/buff_interfaces/local/lib/python3.10/dist-packages/buff_interfaces/msg/_blade.py
[0.493s] -- Up-to-date symlink: /home/ats/rv2/install/buff_interfaces/local/lib/python3.10/dist-packages/buff_interfaces/msg/_blade_array.py
[0.493s] -- Up-to-date symlink: /home/ats/rv2/install/buff_interfaces/local/lib/python3.10/dist-packages/buff_interfaces/msg/_blade_array_s.c
[0.493s] -- Up-to-date symlink: /home/ats/rv2/install/buff_interfaces/local/lib/python3.10/dist-packages/buff_interfaces/msg/_blade_s.c
[0.493s] -- Up-to-date symlink: /home/ats/rv2/install/buff_interfaces/local/lib/python3.10/dist-packages/buff_interfaces/msg/_debug_blade.py
[0.493s] -- Up-to-date symlink: /home/ats/rv2/install/buff_interfaces/local/lib/python3.10/dist-packages/buff_interfaces/msg/_debug_blade_array.py
[0.493s] -- Up-to-date symlink: /home/ats/rv2/install/buff_interfaces/local/lib/python3.10/dist-packages/buff_interfaces/msg/_debug_blade_array_s.c
[0.493s] -- Up-to-date symlink: /home/ats/rv2/install/buff_interfaces/local/lib/python3.10/dist-packages/buff_interfaces/msg/_debug_blade_s.c
[0.493s] -- Up-to-date symlink: /home/ats/rv2/install/buff_interfaces/local/lib/python3.10/dist-packages/buff_interfaces/msg/_rune.py
[0.493s] -- Up-to-date symlink: /home/ats/rv2/install/buff_interfaces/local/lib/python3.10/dist-packages/buff_interfaces/msg/_rune_info.py
[0.493s] -- Up-to-date symlink: /home/ats/rv2/install/buff_interfaces/local/lib/python3.10/dist-packages/buff_interfaces/msg/_rune_info_s.c
[0.493s] -- Up-to-date symlink: /home/ats/rv2/install/buff_interfaces/local/lib/python3.10/dist-packages/buff_interfaces/msg/_rune_s.c
[0.493s] -- Up-to-date symlink: /home/ats/rv2/install/buff_interfaces/local/lib/python3.10/dist-packages/buff_interfaces/msg/_time_info.py
[0.493s] -- Up-to-date symlink: /home/ats/rv2/install/buff_interfaces/local/lib/python3.10/dist-packages/buff_interfaces/msg/_time_info_s.c
[0.494s] -- Up-to-date symlink: /home/ats/rv2/install/buff_interfaces/local/lib/python3.10/dist-packages/buff_interfaces/buff_interfaces_s__rosidl_typesupport_fastrtps_c.cpython-310-x86_64-linux-gnu.so
[0.494s] -- Up-to-date symlink: /home/ats/rv2/install/buff_interfaces/local/lib/python3.10/dist-packages/buff_interfaces/buff_interfaces_s__rosidl_typesupport_introspection_c.cpython-310-x86_64-linux-gnu.so
[0.494s] -- Up-to-date symlink: /home/ats/rv2/install/buff_interfaces/local/lib/python3.10/dist-packages/buff_interfaces/buff_interfaces_s__rosidl_typesupport_c.cpython-310-x86_64-linux-gnu.so
[0.494s] -- Up-to-date symlink: /home/ats/rv2/install/buff_interfaces/share/buff_interfaces/msg/Blade.idl
[0.494s] -- Up-to-date symlink: /home/ats/rv2/install/buff_interfaces/share/buff_interfaces/msg/BladeArray.idl
[0.495s] -- Up-to-date symlink: /home/ats/rv2/install/buff_interfaces/share/buff_interfaces/msg/DebugBlade.idl
[0.495s] -- Up-to-date symlink: /home/ats/rv2/install/buff_interfaces/share/buff_interfaces/msg/DebugBladeArray.idl
[0.495s] -- Up-to-date symlink: /home/ats/rv2/install/buff_interfaces/share/buff_interfaces/msg/Rune.idl
[0.495s] -- Up-to-date symlink: /home/ats/rv2/install/buff_interfaces/share/buff_interfaces/msg/RuneInfo.idl
[0.495s] -- Up-to-date symlink: /home/ats/rv2/install/buff_interfaces/share/buff_interfaces/msg/TimeInfo.idl
[0.495s] -- Up-to-date symlink: /home/ats/rv2/install/buff_interfaces/share/buff_interfaces/msg/Blade.msg
[0.495s] -- Up-to-date symlink: /home/ats/rv2/install/buff_interfaces/share/buff_interfaces/msg/BladeArray.msg
[0.495s] -- Up-to-date symlink: /home/ats/rv2/install/buff_interfaces/share/buff_interfaces/msg/DebugBlade.msg
[0.495s] -- Up-to-date symlink: /home/ats/rv2/install/buff_interfaces/share/buff_interfaces/msg/DebugBladeArray.msg
[0.495s] -- Up-to-date symlink: /home/ats/rv2/install/buff_interfaces/share/buff_interfaces/msg/Rune.msg
[0.496s] -- Up-to-date symlink: /home/ats/rv2/install/buff_interfaces/share/buff_interfaces/msg/RuneInfo.msg
[0.496s] -- Up-to-date symlink: /home/ats/rv2/install/buff_interfaces/share/buff_interfaces/msg/TimeInfo.msg
[0.496s] -- Up-to-date symlink: /home/ats/rv2/install/buff_interfaces/share/ament_index/resource_index/package_run_dependencies/buff_interfaces
[0.496s] -- Up-to-date symlink: /home/ats/rv2/install/buff_interfaces/share/ament_index/resource_index/parent_prefix_path/buff_interfaces
[0.496s] -- Up-to-date symlink: /home/ats/rv2/install/buff_interfaces/share/buff_interfaces/environment/ament_prefix_path.sh
[0.496s] -- Up-to-date symlink: /home/ats/rv2/install/buff_interfaces/share/buff_interfaces/environment/ament_prefix_path.dsv
[0.496s] -- Up-to-date symlink: /home/ats/rv2/install/buff_interfaces/share/buff_interfaces/environment/path.sh
[0.496s] -- Up-to-date symlink: /home/ats/rv2/install/buff_interfaces/share/buff_interfaces/environment/path.dsv
[0.496s] -- Up-to-date symlink: /home/ats/rv2/install/buff_interfaces/share/buff_interfaces/local_setup.bash
[0.497s] -- Up-to-date symlink: /home/ats/rv2/install/buff_interfaces/share/buff_interfaces/local_setup.sh
[0.497s] -- Up-to-date symlink: /home/ats/rv2/install/buff_interfaces/share/buff_interfaces/local_setup.zsh
[0.497s] -- Up-to-date symlink: /home/ats/rv2/install/buff_interfaces/share/buff_interfaces/local_setup.dsv
[0.497s] -- Symlinking: /home/ats/rv2/install/buff_interfaces/share/buff_interfaces/package.dsv
[0.505s] -- Up-to-date symlink: /home/ats/rv2/install/buff_interfaces/share/ament_index/resource_index/packages/buff_interfaces
[0.505s] -- Up-to-date symlink: /home/ats/rv2/install/buff_interfaces/share/buff_interfaces/cmake/rosidl_cmake-extras.cmake
[0.505s] -- Up-to-date symlink: /home/ats/rv2/install/buff_interfaces/share/buff_interfaces/cmake/ament_cmake_export_dependencies-extras.cmake
[0.505s] -- Up-to-date symlink: /home/ats/rv2/install/buff_interfaces/share/buff_interfaces/cmake/ament_cmake_export_include_directories-extras.cmake
[0.505s] -- Up-to-date symlink: /home/ats/rv2/install/buff_interfaces/share/buff_interfaces/cmake/ament_cmake_export_libraries-extras.cmake
[0.505s] -- Up-to-date symlink: /home/ats/rv2/install/buff_interfaces/share/buff_interfaces/cmake/ament_cmake_export_targets-extras.cmake
[0.505s] -- Up-to-date symlink: /home/ats/rv2/install/buff_interfaces/share/buff_interfaces/cmake/rosidl_cmake_export_typesupport_targets-extras.cmake
[0.505s] -- Up-to-date symlink: /home/ats/rv2/install/buff_interfaces/share/buff_interfaces/cmake/rosidl_cmake_export_typesupport_libraries-extras.cmake
[0.505s] -- Up-to-date symlink: /home/ats/rv2/install/buff_interfaces/share/buff_interfaces/cmake/buff_interfacesConfig.cmake
[0.505s] -- Up-to-date symlink: /home/ats/rv2/install/buff_interfaces/share/buff_interfaces/cmake/buff_interfacesConfig-version.cmake
[0.506s] -- Up-to-date symlink: /home/ats/rv2/install/buff_interfaces/share/buff_interfaces/package.xml
[0.506s] -- Up-to-date: /home/ats/rv2/install/buff_interfaces/lib/libbuff_interfaces__rosidl_generator_c.so
[0.506s] -- Up-to-date: /home/ats/rv2/install/buff_interfaces/lib/libbuff_interfaces__rosidl_typesupport_fastrtps_c.so
[0.507s] -- Up-to-date: /home/ats/rv2/install/buff_interfaces/lib/libbuff_interfaces__rosidl_typesupport_introspection_c.so
[0.507s] -- Up-to-date: /home/ats/rv2/install/buff_interfaces/lib/libbuff_interfaces__rosidl_typesupport_c.so
[0.508s] -- Up-to-date: /home/ats/rv2/install/buff_interfaces/lib/libbuff_interfaces__rosidl_typesupport_fastrtps_cpp.so
[0.508s] -- Up-to-date: /home/ats/rv2/install/buff_interfaces/lib/libbuff_interfaces__rosidl_typesupport_introspection_cpp.so
[0.509s] -- Up-to-date: /home/ats/rv2/install/buff_interfaces/lib/libbuff_interfaces__rosidl_typesupport_cpp.so
[0.533s] Listing '/home/ats/rv2/install/buff_interfaces/local/lib/python3.10/dist-packages/buff_interfaces'...
[0.533s] Listing '/home/ats/rv2/install/buff_interfaces/local/lib/python3.10/dist-packages/buff_interfaces/msg'...
[0.536s] -- Up-to-date: /home/ats/rv2/install/buff_interfaces/lib/libbuff_interfaces__rosidl_generator_py.so
[0.537s] -- Up-to-date: /home/ats/rv2/install/buff_interfaces/share/buff_interfaces/cmake/export_buff_interfaces__rosidl_generator_cExport.cmake
[0.538s] -- Up-to-date: /home/ats/rv2/install/buff_interfaces/share/buff_interfaces/cmake/export_buff_interfaces__rosidl_generator_cExport-noconfig.cmake
[0.538s] -- Up-to-date: /home/ats/rv2/install/buff_interfaces/share/buff_interfaces/cmake/export_buff_interfaces__rosidl_typesupport_fastrtps_cExport.cmake
[0.538s] -- Up-to-date: /home/ats/rv2/install/buff_interfaces/share/buff_interfaces/cmake/export_buff_interfaces__rosidl_typesupport_fastrtps_cExport-noconfig.cmake
[0.538s] -- Up-to-date: /home/ats/rv2/install/buff_interfaces/share/buff_interfaces/cmake/buff_interfaces__rosidl_typesupport_introspection_cExport.cmake
[0.538s] -- Up-to-date: /home/ats/rv2/install/buff_interfaces/share/buff_interfaces/cmake/buff_interfaces__rosidl_typesupport_introspection_cExport-noconfig.cmake
[0.538s] -- Up-to-date: /home/ats/rv2/install/buff_interfaces/share/buff_interfaces/cmake/buff_interfaces__rosidl_typesupport_cExport.cmake
[0.538s] -- Up-to-date: /home/ats/rv2/install/buff_interfaces/share/buff_interfaces/cmake/buff_interfaces__rosidl_typesupport_cExport-noconfig.cmake
[0.538s] -- Up-to-date: /home/ats/rv2/install/buff_interfaces/share/buff_interfaces/cmake/export_buff_interfaces__rosidl_generator_cppExport.cmake
[0.538s] -- Up-to-date: /home/ats/rv2/install/buff_interfaces/share/buff_interfaces/cmake/export_buff_interfaces__rosidl_typesupport_fastrtps_cppExport.cmake
[0.538s] -- Up-to-date: /home/ats/rv2/install/buff_interfaces/share/buff_interfaces/cmake/export_buff_interfaces__rosidl_typesupport_fastrtps_cppExport-noconfig.cmake
[0.538s] -- Up-to-date: /home/ats/rv2/install/buff_interfaces/share/buff_interfaces/cmake/buff_interfaces__rosidl_typesupport_introspection_cppExport.cmake
[0.539s] -- Up-to-date: /home/ats/rv2/install/buff_interfaces/share/buff_interfaces/cmake/buff_interfaces__rosidl_typesupport_introspection_cppExport-noconfig.cmake
[0.539s] -- Up-to-date: /home/ats/rv2/install/buff_interfaces/share/buff_interfaces/cmake/buff_interfaces__rosidl_typesupport_cppExport.cmake
[0.539s] -- Up-to-date: /home/ats/rv2/install/buff_interfaces/share/buff_interfaces/cmake/buff_interfaces__rosidl_typesupport_cppExport-noconfig.cmake
[0.539s] -- Up-to-date: /home/ats/rv2/install/buff_interfaces/share/buff_interfaces/cmake/export_buff_interfaces__rosidl_generator_pyExport.cmake
[0.539s] -- Up-to-date: /home/ats/rv2/install/buff_interfaces/share/buff_interfaces/cmake/export_buff_interfaces__rosidl_generator_pyExport-noconfig.cmake
[0.543s] Invoked command in '/home/ats/rv2/build/buff_interfaces' returned '0': CMAKE_PREFIX_PATH=${CMAKE_PREFIX_PATH}:/opt/ros/humble /usr/bin/cmake --install /home/ats/rv2/build/buff_interfaces
