[0.014s] Invoking command in '/home/ats/rv2/build/armor_tracker': AMENT_PREFIX_PATH=/home/ats/rv2/install/auto_aim_interfaces:${AMENT_PREFIX_PATH} CMAKE_PREFIX_PATH=/home/ats/rv2/install/auto_aim_interfaces:/home/ats/ws_livox/install/livox_ros_driver2:/opt/ros/humble LD_LIBRARY_PATH=/home/ats/rv2/install/auto_aim_interfaces/lib:/home/ats/ws_livox/install/livox_ros_driver2/lib:/usr/lib/x86_64-linux-gnu/gazebo-11/plugins:/opt/ros/humble/opt/rviz_ogre_vendor/lib:/opt/ros/humble/lib/x86_64-linux-gnu:/opt/ros/humble/opt/openvdb_vendor/lib:/opt/ros/humble/lib:/usr/lib/x86_64-linux-gnu:/opt/MVS/lib/64:/opt/MVS/lib/32:/opt/MVS/lib/64:/opt/MVS/lib/32 PYTHONPATH=/home/ats/rv2/install/auto_aim_interfaces/local/lib/python3.10/dist-packages:${PYTHONPATH} /usr/bin/cmake --build /home/ats/rv2/build/armor_tracker -- -j32 -l32
[0.063s] [35m[1mConsolidate compiler generated dependencies of target armor_tracker_node[0m
[0.067s] [35m[1mConsolidate compiler generated dependencies of target armor_tracker[0m
[0.079s] [ 33%] Built target armor_tracker_node
[0.093s] [100%] Built target armor_tracker
[0.115s] Invoked command in '/home/ats/rv2/build/armor_tracker' returned '0': AMENT_PREFIX_PATH=/home/ats/rv2/install/auto_aim_interfaces:${AMENT_PREFIX_PATH} CMAKE_PREFIX_PATH=/home/ats/rv2/install/auto_aim_interfaces:/home/ats/ws_livox/install/livox_ros_driver2:/opt/ros/humble LD_LIBRARY_PATH=/home/ats/rv2/install/auto_aim_interfaces/lib:/home/ats/ws_livox/install/livox_ros_driver2/lib:/usr/lib/x86_64-linux-gnu/gazebo-11/plugins:/opt/ros/humble/opt/rviz_ogre_vendor/lib:/opt/ros/humble/lib/x86_64-linux-gnu:/opt/ros/humble/opt/openvdb_vendor/lib:/opt/ros/humble/lib:/usr/lib/x86_64-linux-gnu:/opt/MVS/lib/64:/opt/MVS/lib/32:/opt/MVS/lib/64:/opt/MVS/lib/32 PYTHONPATH=/home/ats/rv2/install/auto_aim_interfaces/local/lib/python3.10/dist-packages:${PYTHONPATH} /usr/bin/cmake --build /home/ats/rv2/build/armor_tracker -- -j32 -l32
[0.151s] Invoking command in '/home/ats/rv2/build/armor_tracker': AMENT_PREFIX_PATH=/home/ats/rv2/install/auto_aim_interfaces:${AMENT_PREFIX_PATH} CMAKE_PREFIX_PATH=/home/ats/rv2/install/auto_aim_interfaces:/home/ats/ws_livox/install/livox_ros_driver2:/opt/ros/humble LD_LIBRARY_PATH=/home/ats/rv2/install/auto_aim_interfaces/lib:/home/ats/ws_livox/install/livox_ros_driver2/lib:/usr/lib/x86_64-linux-gnu/gazebo-11/plugins:/opt/ros/humble/opt/rviz_ogre_vendor/lib:/opt/ros/humble/lib/x86_64-linux-gnu:/opt/ros/humble/opt/openvdb_vendor/lib:/opt/ros/humble/lib:/usr/lib/x86_64-linux-gnu:/opt/MVS/lib/64:/opt/MVS/lib/32:/opt/MVS/lib/64:/opt/MVS/lib/32 PYTHONPATH=/home/ats/rv2/install/auto_aim_interfaces/local/lib/python3.10/dist-packages:${PYTHONPATH} /usr/bin/cmake --install /home/ats/rv2/build/armor_tracker
[0.158s] -- Install configuration: ""
[0.159s] -- Execute custom install script
[0.160s] -- Up-to-date symlink: /home/ats/rv2/install/armor_tracker/lib/armor_tracker/armor_tracker_node
[0.160s] -- Up-to-date symlink: /home/ats/rv2/install/armor_tracker/include/armor_tracker/extended_kalman_filter.hpp
[0.161s] -- Up-to-date symlink: /home/ats/rv2/install/armor_tracker/include/armor_tracker/tracker.hpp
[0.161s] -- Up-to-date symlink: /home/ats/rv2/install/armor_tracker/include/armor_tracker/tracker_node.hpp
[0.161s] -- Up-to-date symlink: /home/ats/rv2/install/armor_tracker/share/armor_tracker/environment/library_path.sh
[0.161s] -- Up-to-date symlink: /home/ats/rv2/install/armor_tracker/share/armor_tracker/environment/library_path.dsv
[0.161s] -- Up-to-date symlink: /home/ats/rv2/install/armor_tracker/lib/libarmor_tracker.so
[0.162s] -- Up-to-date symlink: /home/ats/rv2/install/armor_tracker/share/ament_index/resource_index/package_run_dependencies/armor_tracker
[0.162s] -- Up-to-date symlink: /home/ats/rv2/install/armor_tracker/share/ament_index/resource_index/parent_prefix_path/armor_tracker
[0.162s] -- Up-to-date symlink: /home/ats/rv2/install/armor_tracker/share/armor_tracker/environment/ament_prefix_path.sh
[0.162s] -- Up-to-date symlink: /home/ats/rv2/install/armor_tracker/share/armor_tracker/environment/ament_prefix_path.dsv
[0.163s] -- Up-to-date symlink: /home/ats/rv2/install/armor_tracker/share/armor_tracker/environment/path.sh
[0.163s] -- Up-to-date symlink: /home/ats/rv2/install/armor_tracker/share/armor_tracker/environment/path.dsv
[0.163s] -- Up-to-date symlink: /home/ats/rv2/install/armor_tracker/share/armor_tracker/local_setup.bash
[0.163s] -- Up-to-date symlink: /home/ats/rv2/install/armor_tracker/share/armor_tracker/local_setup.sh
[0.163s] -- Up-to-date symlink: /home/ats/rv2/install/armor_tracker/share/armor_tracker/local_setup.zsh
[0.164s] -- Up-to-date symlink: /home/ats/rv2/install/armor_tracker/share/armor_tracker/local_setup.dsv
[0.164s] -- Symlinking: /home/ats/rv2/install/armor_tracker/share/armor_tracker/package.dsv
[0.172s] -- Up-to-date symlink: /home/ats/rv2/install/armor_tracker/share/ament_index/resource_index/packages/armor_tracker
[0.172s] -- Up-to-date symlink: /home/ats/rv2/install/armor_tracker/share/ament_index/resource_index/rclcpp_components/armor_tracker
[0.172s] -- Up-to-date symlink: /home/ats/rv2/install/armor_tracker/share/armor_tracker/cmake/ament_cmake_export_dependencies-extras.cmake
[0.173s] -- Up-to-date symlink: /home/ats/rv2/install/armor_tracker/share/armor_tracker/cmake/ament_cmake_export_include_directories-extras.cmake
[0.173s] -- Up-to-date symlink: /home/ats/rv2/install/armor_tracker/share/armor_tracker/cmake/ament_cmake_export_libraries-extras.cmake
[0.173s] -- Up-to-date symlink: /home/ats/rv2/install/armor_tracker/share/armor_tracker/cmake/armor_trackerConfig.cmake
[0.173s] -- Up-to-date symlink: /home/ats/rv2/install/armor_tracker/share/armor_tracker/cmake/armor_trackerConfig-version.cmake
[0.173s] -- Up-to-date symlink: /home/ats/rv2/install/armor_tracker/share/armor_tracker/package.xml
[0.176s] Invoked command in '/home/ats/rv2/build/armor_tracker' returned '0': AMENT_PREFIX_PATH=/home/ats/rv2/install/auto_aim_interfaces:${AMENT_PREFIX_PATH} CMAKE_PREFIX_PATH=/home/ats/rv2/install/auto_aim_interfaces:/home/ats/ws_livox/install/livox_ros_driver2:/opt/ros/humble LD_LIBRARY_PATH=/home/ats/rv2/install/auto_aim_interfaces/lib:/home/ats/ws_livox/install/livox_ros_driver2/lib:/usr/lib/x86_64-linux-gnu/gazebo-11/plugins:/opt/ros/humble/opt/rviz_ogre_vendor/lib:/opt/ros/humble/lib/x86_64-linux-gnu:/opt/ros/humble/opt/openvdb_vendor/lib:/opt/ros/humble/lib:/usr/lib/x86_64-linux-gnu:/opt/MVS/lib/64:/opt/MVS/lib/32:/opt/MVS/lib/64:/opt/MVS/lib/32 PYTHONPATH=/home/ats/rv2/install/auto_aim_interfaces/local/lib/python3.10/dist-packages:${PYTHONPATH} /usr/bin/cmake --install /home/ats/rv2/build/armor_tracker
